Log file open, 12/26/20 08:42:17
LogInit: Display: Running engine for game: AIShooter
LogPlatformFile: Not using cached read wrapper
LogTaskGraph: Started task graph with 5 named threads and 35 total threads with 3 sets of task threads.
LogStats: Stats thread started at 0.498836
LogD3D11RHI: Loaded GFSDK_Aftermath_Lib.x64.dll
LogICUInternationalization: ICU TimeZone Detection - Raw Offset: +3:00, Platform Override: ''
LogPluginManager: Mounting plugin Paper2D
LogPluginManager: Mounting plugin AISupport
LogPluginManager: Mounting plugin LightPropagationVolume
LogPluginManager: Mounting plugin CameraShakePreviewer
LogPluginManager: Mounting plugin ActorLayerUtilities
LogPluginManager: Mounting plugin AnimationSharing
LogPluginManager: Mounting plugin CLionSourceCodeAccess
LogPluginManager: Mounting plugin CodeLiteSourceCodeAccess
LogPluginManager: Mounting plugin GitSourceControl
LogPluginManager: Mounting plugin KDevelopSourceCodeAccess
LogPluginManager: Mounting plugin NullSourceCodeAccess
LogPluginManager: Mounting plugin PerforceSourceControl
LogPluginManager: Mounting plugin PlasticSourceControl
LogPluginManager: Mounting plugin RiderSourceCodeAccess
LogPluginManager: Mounting plugin SubversionSourceControl
LogPluginManager: Mounting plugin UObjectPlugin
LogPluginManager: Mounting plugin VisualStudioCodeSourceCodeAccess
LogPluginManager: Mounting plugin VisualStudioSourceCodeAccess
LogPluginManager: Mounting plugin XCodeSourceCodeAccess
LogPluginManager: Mounting plugin AssetManagerEditor
LogPluginManager: Mounting plugin CryptoKeys
LogPluginManager: Mounting plugin CurveEditorTools
LogPluginManager: Mounting plugin DataValidation
LogPluginManager: Mounting plugin EditorScriptingUtilities
LogPluginManager: Mounting plugin FacialAnimation
LogPluginManager: Mounting plugin GameplayTagsEditor
LogPluginManager: Mounting plugin GeometryMode
LogPluginManager: Mounting plugin MacGraphicsSwitching
LogPluginManager: Mounting plugin MaterialAnalyzer
LogPluginManager: Mounting plugin MeshEditor
LogPluginManager: Mounting plugin MobileLauncherProfileWizard
LogPluginManager: Mounting plugin PluginBrowser
LogPluginManager: Mounting plugin SpeedTreeImporter
LogPluginManager: Mounting plugin DataprepEditor
LogPluginManager: Mounting plugin DatasmithC4DImporter
LogPluginManager: Mounting plugin DatasmithContent
LogPluginManager: Mounting plugin DatasmithImporter
LogPluginManager: Mounting plugin StaticMeshEditorExtension
LogPluginManager: Mounting plugin VariantManager
LogPluginManager: Mounting plugin VariantManagerContent
LogPluginManager: Mounting plugin AlembicImporter
LogPluginManager: Mounting plugin AutomationUtils
LogPluginManager: Mounting plugin BackChannel
LogPluginManager: Mounting plugin BlastPlugin
LogPluginManager: Mounting plugin ChaosCloth
LogPluginManager: Mounting plugin ChaosClothEditor
LogPluginManager: Mounting plugin ChaosEditor
LogPluginManager: Mounting plugin ChaosNiagara
LogPluginManager: Mounting plugin ChaosSolverPlugin
LogPluginManager: Mounting plugin CharacterAI
LogPluginManager: Mounting plugin GeometryCache
LogPluginManager: Mounting plugin GeometryCollectionPlugin
LogPluginManager: Mounting plugin GeometryProcessing
LogPluginManager: Mounting plugin PlanarCut
LogPluginManager: Mounting plugin PlatformCrypto
LogPluginManager: Mounting plugin ProxyLODPlugin
LogPluginManager: Mounting plugin SkeletalReduction
LogPluginManager: Mounting plugin Niagara
LogPluginManager: Mounting plugin MagicLeap
LogPluginManager: Mounting plugin MagicLeapLightEstimation
LogPluginManager: Mounting plugin MagicLeapMedia
LogPluginManager: Mounting plugin MagicLeapPassableWorld
LogPluginManager: Mounting plugin MLSDK
LogPluginManager: Mounting plugin AndroidMedia
LogPluginManager: Mounting plugin AvfMedia
LogPluginManager: Mounting plugin ImgMedia
LogPluginManager: Mounting plugin MediaCompositing
LogPluginManager: Mounting plugin MediaPlayerEditor
LogPluginManager: Mounting plugin WebMMedia
LogPluginManager: Mounting plugin WmfMedia
LogPluginManager: Mounting plugin MeshPainting
LogPluginManager: Mounting plugin TcpMessaging
LogPluginManager: Mounting plugin UdpMessaging
LogPluginManager: Mounting plugin ActorSequence
LogPluginManager: Mounting plugin LevelSequenceEditor
LogPluginManager: Mounting plugin MatineeToLevelSequence
LogPluginManager: Mounting plugin MovieRenderPipeline
LogPluginManager: Mounting plugin TemplateSequence
LogPluginManager: Mounting plugin NetcodeUnitTest
LogPluginManager: Mounting plugin NUTUnrealEngine4
LogPluginManager: Mounting plugin OnlineSubsystemGooglePlay
LogPluginManager: Mounting plugin OnlineSubsystemIOS
LogPluginManager: Mounting plugin OnlineSubsystem
LogPluginManager: Mounting plugin OnlineSubsystemNull
LogPluginManager: Mounting plugin OnlineSubsystemUtils
LogPluginManager: Mounting plugin LauncherChunkInstaller
LogPluginManager: Mounting plugin AndroidDeviceProfileSelector
LogPluginManager: Mounting plugin AndroidMoviePlayer
LogPluginManager: Mounting plugin AndroidPermission
LogPluginManager: Mounting plugin AppleImageUtils
LogPluginManager: Mounting plugin AppleMoviePlayer
LogPluginManager: Mounting plugin ArchVisCharacter
LogPluginManager: Mounting plugin AssetTags
LogPluginManager: Mounting plugin AudioCapture
LogPluginManager: Mounting plugin CableComponent
LogPluginManager: Mounting plugin CustomMeshComponent
LogPluginManager: Mounting plugin EditableMesh
LogPluginManager: Mounting plugin ExampleDeviceProfileSelector
LogPluginManager: Mounting plugin GoogleCloudMessaging
LogPluginManager: Mounting plugin GooglePAD
LogPluginManager: Mounting plugin IOSDeviceProfileSelector
LogPluginManager: Mounting plugin LinuxDeviceProfileSelector
LogPluginManager: Mounting plugin LocationServicesBPLibrary
LogPluginManager: Mounting plugin MobilePatchingUtils
LogPluginManager: Mounting plugin OculusVR
LogPluginManager: Mounting plugin PhysXVehicles
LogPluginManager: Mounting plugin PostSplashScreen
LogPluginManager: Mounting plugin ProceduralMeshComponent
LogPluginManager: Mounting plugin RuntimePhysXCooking
LogPluginManager: Mounting plugin SignificanceManager
LogPluginManager: Mounting plugin SoundFields
LogPluginManager: Mounting plugin SteamVR
LogPluginManager: Mounting plugin Synthesis
LogPluginManager: Mounting plugin WebMMoviePlayer
LogPluginManager: Mounting plugin WindowsMoviePlayer
LogPluginManager: Mounting plugin ScreenshotTools
LogInit: Using libcurl 7.55.1-DEV
LogInit:  - built for x86_64-pc-win32
LogInit:  - supports SSL with OpenSSL/1.1.1
LogInit:  - supports HTTP deflate (compression) using libz 1.2.8
LogInit:  - other features:
LogInit:      CURL_VERSION_SSL
LogInit:      CURL_VERSION_LIBZ
LogInit:      CURL_VERSION_IPV6
LogInit:      CURL_VERSION_ASYNCHDNS
LogInit:      CURL_VERSION_LARGEFILE
LogInit:      CURL_VERSION_IDN
LogInit:  CurlRequestOptions (configurable via config and command line):
LogInit:  - bVerifyPeer = true  - Libcurl will verify peer certificate
LogInit:  - bUseHttpProxy = false  - Libcurl will NOT use HTTP proxy
LogInit:  - bDontReuseConnections = false  - Libcurl will reuse connections
LogInit:  - MaxHostConnections = 16  - Libcurl will limit the number of connections to a host
LogInit:  - LocalHostAddr = Default
LogInit:  - BufferSize = 65536
LogOnline: OSS: Creating online subsystem instance for: NULL
LogInit: WinSock: version 1.1 (2.2), MaxSocks=32767, MaxUdp=65467
LogOnline: OSS: TryLoadSubsystemAndSetDefault: Loaded subsystem for module [NULL]
LogInit: Build: ++UE4+Release-4.25-CL-14469661
LogInit: Engine Version: 4.25.4-14469661+++UE4+Release-4.25
LogInit: Compatible Engine Version: 4.25.0-13144385+++UE4+Release-4.25
LogInit: Net CL: 13144385
LogInit: OS: Windows 10 (Release 2004) (), CPU: Intel(R) Core(TM) i7-9750H CPU @ 2.60GHz, GPU: Intel(R) UHD Graphics 630
LogInit: Compiled (64-bit): Oct 11 2020 08:10:49
LogInit: Compiled with Visual C++: 19.24.28315.00
LogInit: Build Configuration: Development
LogInit: Branch Name: ++UE4+Release-4.25
LogInit: Command Line:  /Game/Maps/MenuLevel -game -PIEVIACONSOLE -Multiprocess GameUserSettingsINI=C:/Users/roman/UnrealProjects/Collapse/Saved/Config/Windows/PIEGameUserSettings0.ini -MultiprocessSaveConfig -MultiprocessOSS -messaging -SessionName="Play in Standalone Game" -windowed -ResX=1280 -ResY=720
LogInit: Base Directory: C:/Program Files/Epic Games/UE_4.25/Engine/Binaries/Win64/
LogInit: Allocator: TBB
LogInit: Installed Engine Build: 1
LogDevObjectVersion: Number of dev versions registered: 26
LogDevObjectVersion:   Dev-Blueprints (B0D832E4-1F89-4F0D-ACCF-7EB736FD4AA2): 10
LogDevObjectVersion:   Dev-Build (E1C64328-A22C-4D53-A36C-8E866417BD8C): 0
LogDevObjectVersion:   Dev-Core (375EC13C-06E4-48FB-B500-84F0262A717E): 4
LogDevObjectVersion:   Dev-Editor (E4B068ED-F494-42E9-A231-DA0B2E46BB41): 38
LogDevObjectVersion:   Dev-Framework (CFFC743F-43B0-4480-9391-14DF171D2073): 37
LogDevObjectVersion:   Dev-Mobile (B02B49B5-BB20-44E9-A304-32B752E40360): 2
LogDevObjectVersion:   Dev-Networking (A4E4105C-59A1-49B5-A7C5-40C4547EDFEE): 0
LogDevObjectVersion:   Dev-Online (39C831C9-5AE6-47DC-9A44-9C173E1C8E7C): 0
LogDevObjectVersion:   Dev-Physics (78F01B33-EBEA-4F98-B9B4-84EACCB95AA2): 4
LogDevObjectVersion:   Dev-Platform (6631380F-2D4D-43E0-8009-CF276956A95A): 0
LogDevObjectVersion:   Dev-Rendering (12F88B9F-8875-4AFC-A67C-D90C383ABD29): 43
LogDevObjectVersion:   Dev-Sequencer (7B5AE74C-D270-4C10-A958-57980B212A5A): 12
LogDevObjectVersion:   Dev-VR (D7296918-1DD6-4BDD-9DE2-64A83CC13884): 3
LogDevObjectVersion:   Dev-LoadTimes (C2A15278-BFE7-4AFE-6C17-90FF531DF755): 1
LogDevObjectVersion:   Private-Geometry (6EACA3D4-40EC-4CC1-B786-8BED09428FC5): 3
LogDevObjectVersion:   Dev-AnimPhys (29E575DD-E0A3-4627-9D10-D276232CDCEA): 17
LogDevObjectVersion:   Dev-Anim (AF43A65D-7FD3-4947-9873-3E8ED9C1BB05): 7
LogDevObjectVersion:   Dev-ReflectionCapture (6B266CEC-1EC7-4B8F-A30B-E4D90942FC07): 1
LogDevObjectVersion:   Dev-Automation (0DF73D61-A23F-47EA-B727-89E90C41499A): 1
LogDevObjectVersion:   FortniteMain (601D1886-AC64-4F84-AA16-D3DE0DEAC7D6): 31
LogDevObjectVersion:   Dev-Enterprise (9DFFBCD6-494F-0158-E221-12823C92A888): 10
LogDevObjectVersion:   Dev-Niagara (F2AED0AC-9AFE-416F-8664-AA7FFA26D6FC): 1
LogDevObjectVersion:   Dev-Destruction (174F1F0B-B4C6-45A5-B13F-2EE8D0FB917D): 10
LogDevObjectVersion:   Dev-Physics-Ext (35F94A83-E258-406C-A318-09F59610247C): 37
LogDevObjectVersion:   Dev-PhysicsMaterial-Chaos (B68FC16E-8B1B-42E2-B453-215C058844FE): 1
LogDevObjectVersion:   Dev-CineCamera (B2E18506-4273-CFC2-A54E-F4BB758BBA07): 1
LogInit: Presizing for max 25165824 objects, including 0 objects not considered by GC, pre-allocating 0 bytes for permanent pool.
LogConfig: Applying CVar settings from Section [/Script/Engine.StreamingSettings] File [C:/Users/roman/UnrealProjects/Collapse/Saved/Config/Windows/Engine.ini]
LogConfig: Setting CVar [[s.MinBulkDataSizeForAsyncLoading:131072]]
LogConfig: Setting CVar [[s.AsyncLoadingThreadEnabled:0]]
LogConfig: Setting CVar [[s.EventDrivenLoaderEnabled:1]]
LogConfig: Setting CVar [[s.WarnIfTimeLimitExceeded:0]]
LogConfig: Setting CVar [[s.TimeLimitExceededMultiplier:1.5]]
LogConfig: Setting CVar [[s.TimeLimitExceededMinTime:0.005]]
LogConfig: Setting CVar [[s.UseBackgroundLevelStreaming:1]]
LogConfig: Setting CVar [[s.PriorityAsyncLoadingExtraTime:15.0]]
LogConfig: Setting CVar [[s.LevelStreamingActorsUpdateTimeLimit:5.0]]
LogConfig: Setting CVar [[s.PriorityLevelStreamingActorsUpdateExtraTime:5.0]]
LogConfig: Setting CVar [[s.LevelStreamingComponentsRegistrationGranularity:10]]
LogConfig: Setting CVar [[s.UnregisterComponentsTimeLimit:1.0]]
LogConfig: Setting CVar [[s.LevelStreamingComponentsUnregistrationGranularity:5]]
LogConfig: Setting CVar [[s.FlushStreamingOnExit:1]]
LogInit: Object subsystem initialized
LogConfig: Setting CVar [[con.DebugEarlyDefault:1]]
LogConfig: Setting CVar [[r.setres:1280x720]]
[2020.12.26-05.42.18:470][  0]LogConfig: Setting CVar [[con.DebugEarlyDefault:1]]
[2020.12.26-05.42.18:470][  0]LogConfig: Setting CVar [[r.setres:1280x720]]
[2020.12.26-05.42.18:470][  0]LogConfig: Applying CVar settings from Section [/Script/Engine.RendererSettings] File [C:/Users/roman/UnrealProjects/Collapse/Saved/Config/Windows/Engine.ini]
[2020.12.26-05.42.18:471][  0]LogConfig: Setting CVar [[r.GPUCrashDebugging:0]]
[2020.12.26-05.42.18:471][  0]LogConfig: Applying CVar settings from Section [/Script/Engine.RendererOverrideSettings] File [C:/Users/roman/UnrealProjects/Collapse/Saved/Config/Windows/Engine.ini]
[2020.12.26-05.42.18:471][  0]LogConfig: Applying CVar settings from Section [/Script/Engine.StreamingSettings] File [C:/Users/roman/UnrealProjects/Collapse/Saved/Config/Windows/Engine.ini]
[2020.12.26-05.42.18:471][  0]LogConfig: Setting CVar [[s.MinBulkDataSizeForAsyncLoading:131072]]
[2020.12.26-05.42.18:471][  0]LogConfig: Setting CVar [[s.AsyncLoadingThreadEnabled:0]]
[2020.12.26-05.42.18:471][  0]LogConfig: Setting CVar [[s.EventDrivenLoaderEnabled:1]]
[2020.12.26-05.42.18:471][  0]LogConfig: Setting CVar [[s.WarnIfTimeLimitExceeded:0]]
[2020.12.26-05.42.18:471][  0]LogConfig: Setting CVar [[s.TimeLimitExceededMultiplier:1.5]]
[2020.12.26-05.42.18:471][  0]LogConfig: Setting CVar [[s.TimeLimitExceededMinTime:0.005]]
[2020.12.26-05.42.18:471][  0]LogConfig: Setting CVar [[s.UseBackgroundLevelStreaming:1]]
[2020.12.26-05.42.18:471][  0]LogConfig: Setting CVar [[s.PriorityAsyncLoadingExtraTime:15.0]]
[2020.12.26-05.42.18:471][  0]LogConfig: Setting CVar [[s.LevelStreamingActorsUpdateTimeLimit:5.0]]
[2020.12.26-05.42.18:471][  0]LogConfig: Setting CVar [[s.PriorityLevelStreamingActorsUpdateExtraTime:5.0]]
[2020.12.26-05.42.18:471][  0]LogConfig: Setting CVar [[s.LevelStreamingComponentsRegistrationGranularity:10]]
[2020.12.26-05.42.18:471][  0]LogConfig: Setting CVar [[s.UnregisterComponentsTimeLimit:1.0]]
[2020.12.26-05.42.18:471][  0]LogConfig: Setting CVar [[s.LevelStreamingComponentsUnregistrationGranularity:5]]
[2020.12.26-05.42.18:471][  0]LogConfig: Setting CVar [[s.FlushStreamingOnExit:1]]
[2020.12.26-05.42.18:472][  0]LogConfig: Applying CVar settings from Section [/Script/Engine.GarbageCollectionSettings] File [C:/Users/roman/UnrealProjects/Collapse/Saved/Config/Windows/Engine.ini]
[2020.12.26-05.42.18:472][  0]LogConfig: Setting CVar [[gc.MaxObjectsNotConsideredByGC:1]]
[2020.12.26-05.42.18:472][  0]LogConfig: Setting CVar [[gc.SizeOfPermanentObjectPool:0]]
[2020.12.26-05.42.18:472][  0]LogConfig: Setting CVar [[gc.FlushStreamingOnGC:0]]
[2020.12.26-05.42.18:472][  0]LogConfig: Setting CVar [[gc.NumRetriesBeforeForcingGC:10]]
[2020.12.26-05.42.18:472][  0]LogConfig: Setting CVar [[gc.AllowParallelGC:1]]
[2020.12.26-05.42.18:472][  0]LogConfig: Setting CVar [[gc.TimeBetweenPurgingPendingKillObjects:61.1]]
[2020.12.26-05.42.18:472][  0]LogConfig: Setting CVar [[gc.MaxObjectsInEditor:25165824]]
[2020.12.26-05.42.18:472][  0]LogConfig: Setting CVar [[gc.IncrementalBeginDestroyEnabled:1]]
[2020.12.26-05.42.18:472][  0]LogConfig: Setting CVar [[gc.CreateGCClusters:1]]
[2020.12.26-05.42.18:472][  0]LogConfig: Setting CVar [[gc.MinGCClusterSize:5]]
[2020.12.26-05.42.18:472][  0]LogConfig: Setting CVar [[gc.ActorClusteringEnabled:0]]
[2020.12.26-05.42.18:472][  0]LogConfig: Setting CVar [[gc.BlueprintClusteringEnabled:0]]
[2020.12.26-05.42.18:472][  0]LogConfig: Setting CVar [[gc.UseDisregardForGCOnDedicatedServers:0]]
[2020.12.26-05.42.18:472][  0]LogConfig: Applying CVar settings from Section [/Script/Engine.NetworkSettings] File [C:/Users/roman/UnrealProjects/Collapse/Saved/Config/Windows/Engine.ini]
[2020.12.26-05.42.18:473][  0]LogConfig: Applying CVar settings from Section [/Script/UnrealEd.CookerSettings] File [C:/Users/roman/UnrealProjects/Collapse/Saved/Config/Windows/Engine.ini]
[2020.12.26-05.42.18:481][  0]LogConfig: Applying CVar settings from Section [ViewDistanceQuality@3] File [C:/Users/roman/UnrealProjects/Collapse/Saved/Config/Windows/Scalability.ini]
[2020.12.26-05.42.18:481][  0]LogConfig: Setting CVar [[r.SkeletalMeshLODBias:0]]
[2020.12.26-05.42.18:481][  0]LogConfig: Setting CVar [[r.ViewDistanceScale:1.0]]
[2020.12.26-05.42.18:481][  0]LogConfig: Applying CVar settings from Section [AntiAliasingQuality@3] File [C:/Users/roman/UnrealProjects/Collapse/Saved/Config/Windows/Scalability.ini]
[2020.12.26-05.42.18:481][  0]LogConfig: Setting CVar [[r.PostProcessAAQuality:4]]
[2020.12.26-05.42.18:481][  0]LogConfig: Applying CVar settings from Section [ShadowQuality@3] File [C:/Users/roman/UnrealProjects/Collapse/Saved/Config/Windows/Scalability.ini]
[2020.12.26-05.42.18:481][  0]LogConfig: Setting CVar [[r.LightFunctionQuality:1]]
[2020.12.26-05.42.18:481][  0]LogConfig: Setting CVar [[r.ShadowQuality:5]]
[2020.12.26-05.42.18:481][  0]LogConfig: Setting CVar [[r.Shadow.CSM.MaxCascades:10]]
[2020.12.26-05.42.18:481][  0]LogConfig: Setting CVar [[r.Shadow.MaxResolution:2048]]
[2020.12.26-05.42.18:481][  0]LogConfig: Setting CVar [[r.Shadow.MaxCSMResolution:2048]]
[2020.12.26-05.42.18:481][  0]LogConfig: Setting CVar [[r.Shadow.RadiusThreshold:0.01]]
[2020.12.26-05.42.18:481][  0]LogConfig: Setting CVar [[r.Shadow.DistanceScale:1.0]]
[2020.12.26-05.42.18:481][  0]LogConfig: Setting CVar [[r.Shadow.CSM.TransitionScale:1.0]]
[2020.12.26-05.42.18:481][  0]LogConfig: Setting CVar [[r.Shadow.PreShadowResolutionFactor:1.0]]
[2020.12.26-05.42.18:481][  0]LogConfig: Setting CVar [[r.DistanceFieldShadowing:1]]
[2020.12.26-05.42.18:481][  0]LogConfig: Setting CVar [[r.DistanceFieldAO:1]]
[2020.12.26-05.42.18:481][  0]LogConfig: Setting CVar [[r.AOQuality:2]]
[2020.12.26-05.42.18:481][  0]LogConfig: Setting CVar [[r.VolumetricFog:1]]
[2020.12.26-05.42.18:481][  0]LogConfig: Setting CVar [[r.VolumetricFog.GridPixelSize:8]]
[2020.12.26-05.42.18:481][  0]LogConfig: Setting CVar [[r.VolumetricFog.GridSizeZ:128]]
[2020.12.26-05.42.18:481][  0]LogConfig: Setting CVar [[r.VolumetricFog.HistoryMissSupersampleCount:4]]
[2020.12.26-05.42.18:481][  0]LogConfig: Setting CVar [[r.LightMaxDrawDistanceScale:1]]
[2020.12.26-05.42.18:482][  0]LogConfig: Setting CVar [[r.CapsuleShadows:1]]
[2020.12.26-05.42.18:482][  0]LogConfig: Applying CVar settings from Section [PostProcessQuality@3] File [C:/Users/roman/UnrealProjects/Collapse/Saved/Config/Windows/Scalability.ini]
[2020.12.26-05.42.18:482][  0]LogConfig: Setting CVar [[r.MotionBlurQuality:4]]
[2020.12.26-05.42.18:482][  0]LogConfig: Setting CVar [[r.AmbientOcclusionMipLevelFactor:0.4]]
[2020.12.26-05.42.18:482][  0]LogConfig: Setting CVar [[r.AmbientOcclusionMaxQuality:100]]
[2020.12.26-05.42.18:482][  0]LogConfig: Setting CVar [[r.AmbientOcclusionLevels:-1]]
[2020.12.26-05.42.18:482][  0]LogConfig: Setting CVar [[r.AmbientOcclusionRadiusScale:1.0]]
[2020.12.26-05.42.18:482][  0]LogConfig: Setting CVar [[r.DepthOfFieldQuality:2]]
[2020.12.26-05.42.18:482][  0]LogConfig: Setting CVar [[r.RenderTargetPoolMin:400]]
[2020.12.26-05.42.18:482][  0]LogConfig: Setting CVar [[r.LensFlareQuality:2]]
[2020.12.26-05.42.18:482][  0]LogConfig: Setting CVar [[r.SceneColorFringeQuality:1]]
[2020.12.26-05.42.18:482][  0]LogConfig: Setting CVar [[r.EyeAdaptationQuality:2]]
[2020.12.26-05.42.18:482][  0]LogConfig: Setting CVar [[r.BloomQuality:5]]
[2020.12.26-05.42.18:482][  0]LogConfig: Setting CVar [[r.FastBlurThreshold:100]]
[2020.12.26-05.42.18:482][  0]LogConfig: Setting CVar [[r.Upscale.Quality:3]]
[2020.12.26-05.42.18:482][  0]LogConfig: Setting CVar [[r.Tonemapper.GrainQuantization:1]]
[2020.12.26-05.42.18:482][  0]LogConfig: Setting CVar [[r.LightShaftQuality:1]]
[2020.12.26-05.42.18:482][  0]LogConfig: Setting CVar [[r.Filter.SizeScale:1]]
[2020.12.26-05.42.18:482][  0]LogConfig: Setting CVar [[r.Tonemapper.Quality:5]]
[2020.12.26-05.42.18:482][  0]LogConfig: Setting CVar [[r.DOF.Gather.AccumulatorQuality:1        ; higher gathering accumulator quality]]
[2020.12.26-05.42.18:482][  0]LogConfig: Setting CVar [[r.DOF.Gather.PostfilterMethod:1          ; Median3x3 postfilering method]]
[2020.12.26-05.42.18:482][  0]LogConfig: Setting CVar [[r.DOF.Gather.EnableBokehSettings:0       ; no bokeh simulation when gathering]]
[2020.12.26-05.42.18:482][  0]LogConfig: Setting CVar [[r.DOF.Gather.RingCount:4                 ; medium number of samples when gathering]]
[2020.12.26-05.42.18:482][  0]LogConfig: Setting CVar [[r.DOF.Scatter.ForegroundCompositing:1    ; additive foreground scattering]]
[2020.12.26-05.42.18:482][  0]LogConfig: Setting CVar [[r.DOF.Scatter.BackgroundCompositing:2    ; additive background scattering]]
[2020.12.26-05.42.18:482][  0]LogConfig: Setting CVar [[r.DOF.Scatter.EnableBokehSettings:1      ; bokeh simulation when scattering]]
[2020.12.26-05.42.18:482][  0]LogConfig: Setting CVar [[r.DOF.Scatter.MaxSpriteRatio:0.1         ; only a maximum of 10% of scattered bokeh]]
[2020.12.26-05.42.18:482][  0]LogConfig: Setting CVar [[r.DOF.Recombine.Quality:1                ; cheap slight out of focus]]
[2020.12.26-05.42.18:482][  0]LogConfig: Setting CVar [[r.DOF.Recombine.EnableBokehSettings:0    ; no bokeh simulation on slight out of focus]]
[2020.12.26-05.42.18:482][  0]LogConfig: Setting CVar [[r.DOF.TemporalAAQuality:1                ; more stable temporal accumulation]]
[2020.12.26-05.42.18:482][  0]LogConfig: Setting CVar [[r.DOF.Kernel.MaxForegroundRadius:0.025]]
[2020.12.26-05.42.18:482][  0]LogConfig: Setting CVar [[r.DOF.Kernel.MaxBackgroundRadius:0.025]]
[2020.12.26-05.42.18:482][  0]LogConfig: Applying CVar settings from Section [TextureQuality@3] File [C:/Users/roman/UnrealProjects/Collapse/Saved/Config/Windows/Scalability.ini]
[2020.12.26-05.42.18:482][  0]LogConfig: Setting CVar [[r.Streaming.MipBias:0]]
[2020.12.26-05.42.18:482][  0]LogConfig: Setting CVar [[r.Streaming.AmortizeCPUToGPUCopy:0]]
[2020.12.26-05.42.18:482][  0]LogConfig: Setting CVar [[r.Streaming.MaxNumTexturesToStreamPerFrame:0]]
[2020.12.26-05.42.18:482][  0]LogConfig: Setting CVar [[r.Streaming.Boost:1]]
[2020.12.26-05.42.18:482][  0]LogConfig: Setting CVar [[r.MaxAnisotropy:8]]
[2020.12.26-05.42.18:482][  0]LogConfig: Setting CVar [[r.VT.MaxAnisotropy:8]]
[2020.12.26-05.42.18:482][  0]LogConfig: Setting CVar [[r.Streaming.LimitPoolSizeToVRAM:0]]
[2020.12.26-05.42.18:483][  0]LogConfig: Setting CVar [[r.Streaming.PoolSize:1000]]
[2020.12.26-05.42.18:483][  0]LogConfig: Setting CVar [[r.Streaming.MaxEffectiveScreenSize:0]]
[2020.12.26-05.42.18:483][  0]LogConfig: Applying CVar settings from Section [EffectsQuality@3] File [C:/Users/roman/UnrealProjects/Collapse/Saved/Config/Windows/Scalability.ini]
[2020.12.26-05.42.18:483][  0]LogConfig: Setting CVar [[r.TranslucencyLightingVolumeDim:64]]
[2020.12.26-05.42.18:483][  0]LogConfig: Setting CVar [[r.RefractionQuality:2]]
[2020.12.26-05.42.18:483][  0]LogConfig: Setting CVar [[r.SSR.Quality:3]]
[2020.12.26-05.42.18:483][  0]LogConfig: Setting CVar [[r.SSR.HalfResSceneColor:0]]
[2020.12.26-05.42.18:483][  0]LogConfig: Setting CVar [[r.SceneColorFormat:4]]
[2020.12.26-05.42.18:483][  0]LogConfig: Setting CVar [[r.DetailMode:2]]
[2020.12.26-05.42.18:483][  0]LogConfig: Setting CVar [[r.TranslucencyVolumeBlur:1]]
[2020.12.26-05.42.18:483][  0]LogConfig: Setting CVar [[r.MaterialQualityLevel:1 ; High quality]]
[2020.12.26-05.42.18:483][  0]LogConfig: Setting CVar [[r.SSS.Scale:1]]
[2020.12.26-05.42.18:483][  0]LogConfig: Setting CVar [[r.SSS.SampleSet:2]]
[2020.12.26-05.42.18:483][  0]LogConfig: Setting CVar [[r.SSS.Quality:1]]
[2020.12.26-05.42.18:483][  0]LogConfig: Setting CVar [[r.SSS.HalfRes:0]]
[2020.12.26-05.42.18:483][  0]LogConfig: Setting CVar [[r.SSGI.Quality:3]]
[2020.12.26-05.42.18:483][  0]LogConfig: Setting CVar [[r.EmitterSpawnRateScale:1.0]]
[2020.12.26-05.42.18:483][  0]LogConfig: Setting CVar [[r.ParticleLightQuality:2]]
[2020.12.26-05.42.18:483][  0]LogConfig: Setting CVar [[r.SkyAtmosphere.AerialPerspectiveLUT.FastApplyOnOpaque:1 ; Always have FastSkyLUT 1 in this case to avoid wrong sky]]
[2020.12.26-05.42.18:483][  0]LogConfig: Setting CVar [[r.SkyAtmosphere.AerialPerspectiveLUT.SampleCountPerSlice:1]]
[2020.12.26-05.42.18:483][  0]LogConfig: Setting CVar [[r.SkyAtmosphere.AerialPerspectiveLUT.DepthResolution:16.0]]
[2020.12.26-05.42.18:483][  0]LogConfig: Setting CVar [[r.SkyAtmosphere.FastSkyLUT:1]]
[2020.12.26-05.42.18:483][  0]LogConfig: Setting CVar [[r.SkyAtmosphere.FastSkyLUT.SampleCountMin:4.0]]
[2020.12.26-05.42.18:483][  0]LogConfig: Setting CVar [[r.SkyAtmosphere.FastSkyLUT.SampleCountMax:32.0]]
[2020.12.26-05.42.18:483][  0]LogConfig: Setting CVar [[r.SkyAtmosphere.SampleCountMin:4.0]]
[2020.12.26-05.42.18:483][  0]LogConfig: Setting CVar [[r.SkyAtmosphere.SampleCountMax:32.0]]
[2020.12.26-05.42.18:483][  0]LogConfig: Setting CVar [[r.SkyAtmosphere.TransmittanceLUT.UseSmallFormat:0]]
[2020.12.26-05.42.18:483][  0]LogConfig: Setting CVar [[r.SkyAtmosphere.TransmittanceLUT.SampleCount:10.0]]
[2020.12.26-05.42.18:483][  0]LogConfig: Setting CVar [[r.SkyAtmosphere.MultiScatteringLUT.SampleCount:15.0]]
[2020.12.26-05.42.18:483][  0]LogConfig: Applying CVar settings from Section [FoliageQuality@3] File [C:/Users/roman/UnrealProjects/Collapse/Saved/Config/Windows/Scalability.ini]
[2020.12.26-05.42.18:483][  0]LogConfig: Setting CVar [[foliage.DensityScale:1.0]]
[2020.12.26-05.42.18:483][  0]LogConfig: Setting CVar [[grass.DensityScale:1.0]]
[2020.12.26-05.42.18:483][  0]LogConfig: Applying CVar settings from Section [ShadingQuality@3] File [C:/Users/roman/UnrealProjects/Collapse/Saved/Config/Windows/Scalability.ini]
[2020.12.26-05.42.18:484][  0]LogConfig: Setting CVar [[r.HairStrands.SkyLighting.SampleCount:16]]
[2020.12.26-05.42.18:484][  0]LogConfig: Setting CVar [[r.HairStrands.SkyLighting.JitterIntegration:0]]
[2020.12.26-05.42.18:484][  0]LogConfig: Setting CVar [[r.HairStrands.SkyAO.SampleCount:16]]
[2020.12.26-05.42.18:484][  0]LogConfig: Setting CVar [[r.HairStrands.DeepShadow.SuperSampling:0]]
[2020.12.26-05.42.18:484][  0]LogConfig: Setting CVar [[r.HairStrands.VisibilityPPLL:0]]
[2020.12.26-05.42.18:484][  0]LogConfig: Setting CVar [[r.HairStrands.RasterizationScale:0.5]]
[2020.12.26-05.42.18:484][  0]LogConfig: Setting CVar [[r.HairStrands.VelocityRasterizationScale:1]]
[2020.12.26-05.42.18:484][  0]LogInit: Selected Device Profile: [Windows]
[2020.12.26-05.42.18:484][  0]LogInit: Applying CVar settings loaded from the selected device profile: [Windows]
[2020.12.26-05.42.18:484][  0]LogHAL: Display: Platform has ~ 8 GB [8419069952 / 8589934592 / 8], which maps to Default [LargestMinGB=32, LargerMinGB=12, DefaultMinGB=8, SmallerMinGB=6, SmallestMinGB=0)
[2020.12.26-05.42.18:484][  0]LogInit: Going up to parent DeviceProfile []
[2020.12.26-05.42.18:484][  0]LogConfig: Applying CVar settings from Section [ViewDistanceQuality@3] File [C:/Users/roman/UnrealProjects/Collapse/Saved/Config/Windows/Scalability.ini]
[2020.12.26-05.42.18:484][  0]LogConfig: Setting CVar [[r.SkeletalMeshLODBias:0]]
[2020.12.26-05.42.18:484][  0]LogConfig: Setting CVar [[r.ViewDistanceScale:1.0]]
[2020.12.26-05.42.18:484][  0]LogConfig: Applying CVar settings from Section [AntiAliasingQuality@3] File [C:/Users/roman/UnrealProjects/Collapse/Saved/Config/Windows/Scalability.ini]
[2020.12.26-05.42.18:484][  0]LogConfig: Setting CVar [[r.PostProcessAAQuality:4]]
[2020.12.26-05.42.18:484][  0]LogConfig: Applying CVar settings from Section [ShadowQuality@3] File [C:/Users/roman/UnrealProjects/Collapse/Saved/Config/Windows/Scalability.ini]
[2020.12.26-05.42.18:484][  0]LogConfig: Setting CVar [[r.LightFunctionQuality:1]]
[2020.12.26-05.42.18:484][  0]LogConfig: Setting CVar [[r.ShadowQuality:5]]
[2020.12.26-05.42.18:484][  0]LogConfig: Setting CVar [[r.Shadow.CSM.MaxCascades:10]]
[2020.12.26-05.42.18:485][  0]LogConfig: Setting CVar [[r.Shadow.MaxResolution:2048]]
[2020.12.26-05.42.18:485][  0]LogConfig: Setting CVar [[r.Shadow.MaxCSMResolution:2048]]
[2020.12.26-05.42.18:485][  0]LogConfig: Setting CVar [[r.Shadow.RadiusThreshold:0.01]]
[2020.12.26-05.42.18:485][  0]LogConfig: Setting CVar [[r.Shadow.DistanceScale:1.0]]
[2020.12.26-05.42.18:485][  0]LogConfig: Setting CVar [[r.Shadow.CSM.TransitionScale:1.0]]
[2020.12.26-05.42.18:485][  0]LogConfig: Setting CVar [[r.Shadow.PreShadowResolutionFactor:1.0]]
[2020.12.26-05.42.18:485][  0]LogConfig: Setting CVar [[r.DistanceFieldShadowing:1]]
[2020.12.26-05.42.18:485][  0]LogConfig: Setting CVar [[r.DistanceFieldAO:1]]
[2020.12.26-05.42.18:485][  0]LogConfig: Setting CVar [[r.AOQuality:2]]
[2020.12.26-05.42.18:485][  0]LogConfig: Setting CVar [[r.VolumetricFog:1]]
[2020.12.26-05.42.18:485][  0]LogConfig: Setting CVar [[r.VolumetricFog.GridPixelSize:8]]
[2020.12.26-05.42.18:485][  0]LogConfig: Setting CVar [[r.VolumetricFog.GridSizeZ:128]]
[2020.12.26-05.42.18:485][  0]LogConfig: Setting CVar [[r.VolumetricFog.HistoryMissSupersampleCount:4]]
[2020.12.26-05.42.18:485][  0]LogConfig: Setting CVar [[r.LightMaxDrawDistanceScale:1]]
[2020.12.26-05.42.18:485][  0]LogConfig: Setting CVar [[r.CapsuleShadows:1]]
[2020.12.26-05.42.18:485][  0]LogConfig: Applying CVar settings from Section [PostProcessQuality@3] File [C:/Users/roman/UnrealProjects/Collapse/Saved/Config/Windows/Scalability.ini]
[2020.12.26-05.42.18:485][  0]LogConfig: Setting CVar [[r.MotionBlurQuality:4]]
[2020.12.26-05.42.18:485][  0]LogConfig: Setting CVar [[r.AmbientOcclusionMipLevelFactor:0.4]]
[2020.12.26-05.42.18:485][  0]LogConfig: Setting CVar [[r.AmbientOcclusionMaxQuality:100]]
[2020.12.26-05.42.18:485][  0]LogConfig: Setting CVar [[r.AmbientOcclusionLevels:-1]]
[2020.12.26-05.42.18:485][  0]LogConfig: Setting CVar [[r.AmbientOcclusionRadiusScale:1.0]]
[2020.12.26-05.42.18:485][  0]LogConfig: Setting CVar [[r.DepthOfFieldQuality:2]]
[2020.12.26-05.42.18:485][  0]LogConfig: Setting CVar [[r.RenderTargetPoolMin:400]]
[2020.12.26-05.42.18:485][  0]LogConfig: Setting CVar [[r.LensFlareQuality:2]]
[2020.12.26-05.42.18:485][  0]LogConfig: Setting CVar [[r.SceneColorFringeQuality:1]]
[2020.12.26-05.42.18:485][  0]LogConfig: Setting CVar [[r.EyeAdaptationQuality:2]]
[2020.12.26-05.42.18:485][  0]LogConfig: Setting CVar [[r.BloomQuality:5]]
[2020.12.26-05.42.18:485][  0]LogConfig: Setting CVar [[r.FastBlurThreshold:100]]
[2020.12.26-05.42.18:485][  0]LogConfig: Setting CVar [[r.Upscale.Quality:3]]
[2020.12.26-05.42.18:485][  0]LogConfig: Setting CVar [[r.Tonemapper.GrainQuantization:1]]
[2020.12.26-05.42.18:485][  0]LogConfig: Setting CVar [[r.LightShaftQuality:1]]
[2020.12.26-05.42.18:485][  0]LogConfig: Setting CVar [[r.Filter.SizeScale:1]]
[2020.12.26-05.42.18:485][  0]LogConfig: Setting CVar [[r.Tonemapper.Quality:5]]
[2020.12.26-05.42.18:485][  0]LogConfig: Setting CVar [[r.DOF.Gather.AccumulatorQuality:1        ; higher gathering accumulator quality]]
[2020.12.26-05.42.18:485][  0]LogConfig: Setting CVar [[r.DOF.Gather.PostfilterMethod:1          ; Median3x3 postfilering method]]
[2020.12.26-05.42.18:486][  0]LogConfig: Setting CVar [[r.DOF.Gather.EnableBokehSettings:0       ; no bokeh simulation when gathering]]
[2020.12.26-05.42.18:486][  0]LogConfig: Setting CVar [[r.DOF.Gather.RingCount:4                 ; medium number of samples when gathering]]
[2020.12.26-05.42.18:486][  0]LogConfig: Setting CVar [[r.DOF.Scatter.ForegroundCompositing:1    ; additive foreground scattering]]
[2020.12.26-05.42.18:486][  0]LogConfig: Setting CVar [[r.DOF.Scatter.BackgroundCompositing:2    ; additive background scattering]]
[2020.12.26-05.42.18:486][  0]LogConfig: Setting CVar [[r.DOF.Scatter.EnableBokehSettings:1      ; bokeh simulation when scattering]]
[2020.12.26-05.42.18:486][  0]LogConfig: Setting CVar [[r.DOF.Scatter.MaxSpriteRatio:0.1         ; only a maximum of 10% of scattered bokeh]]
[2020.12.26-05.42.18:486][  0]LogConfig: Setting CVar [[r.DOF.Recombine.Quality:1                ; cheap slight out of focus]]
[2020.12.26-05.42.18:486][  0]LogConfig: Setting CVar [[r.DOF.Recombine.EnableBokehSettings:0    ; no bokeh simulation on slight out of focus]]
[2020.12.26-05.42.18:486][  0]LogConfig: Setting CVar [[r.DOF.TemporalAAQuality:1                ; more stable temporal accumulation]]
[2020.12.26-05.42.18:486][  0]LogConfig: Setting CVar [[r.DOF.Kernel.MaxForegroundRadius:0.025]]
[2020.12.26-05.42.18:486][  0]LogConfig: Setting CVar [[r.DOF.Kernel.MaxBackgroundRadius:0.025]]
[2020.12.26-05.42.18:486][  0]LogConfig: Applying CVar settings from Section [TextureQuality@3] File [C:/Users/roman/UnrealProjects/Collapse/Saved/Config/Windows/Scalability.ini]
[2020.12.26-05.42.18:486][  0]LogConfig: Setting CVar [[r.Streaming.MipBias:0]]
[2020.12.26-05.42.18:486][  0]LogConfig: Setting CVar [[r.Streaming.AmortizeCPUToGPUCopy:0]]
[2020.12.26-05.42.18:486][  0]LogConfig: Setting CVar [[r.Streaming.MaxNumTexturesToStreamPerFrame:0]]
[2020.12.26-05.42.18:486][  0]LogConfig: Setting CVar [[r.Streaming.Boost:1]]
[2020.12.26-05.42.18:486][  0]LogConfig: Setting CVar [[r.MaxAnisotropy:8]]
[2020.12.26-05.42.18:486][  0]LogConfig: Setting CVar [[r.VT.MaxAnisotropy:8]]
[2020.12.26-05.42.18:486][  0]LogConfig: Setting CVar [[r.Streaming.LimitPoolSizeToVRAM:0]]
[2020.12.26-05.42.18:486][  0]LogConfig: Setting CVar [[r.Streaming.PoolSize:1000]]
[2020.12.26-05.42.18:486][  0]LogConfig: Setting CVar [[r.Streaming.MaxEffectiveScreenSize:0]]
[2020.12.26-05.42.18:486][  0]LogConfig: Applying CVar settings from Section [EffectsQuality@3] File [C:/Users/roman/UnrealProjects/Collapse/Saved/Config/Windows/Scalability.ini]
[2020.12.26-05.42.18:486][  0]LogConfig: Setting CVar [[r.TranslucencyLightingVolumeDim:64]]
[2020.12.26-05.42.18:486][  0]LogConfig: Setting CVar [[r.RefractionQuality:2]]
[2020.12.26-05.42.18:486][  0]LogConfig: Setting CVar [[r.SSR.Quality:3]]
[2020.12.26-05.42.18:486][  0]LogConfig: Setting CVar [[r.SSR.HalfResSceneColor:0]]
[2020.12.26-05.42.18:486][  0]LogConfig: Setting CVar [[r.SceneColorFormat:4]]
[2020.12.26-05.42.18:486][  0]LogConfig: Setting CVar [[r.DetailMode:2]]
[2020.12.26-05.42.18:486][  0]LogConfig: Setting CVar [[r.TranslucencyVolumeBlur:1]]
[2020.12.26-05.42.18:486][  0]LogConfig: Setting CVar [[r.MaterialQualityLevel:1 ; High quality]]
[2020.12.26-05.42.18:486][  0]LogConfig: Setting CVar [[r.SSS.Scale:1]]
[2020.12.26-05.42.18:486][  0]LogConfig: Setting CVar [[r.SSS.SampleSet:2]]
[2020.12.26-05.42.18:486][  0]LogConfig: Setting CVar [[r.SSS.Quality:1]]
[2020.12.26-05.42.18:486][  0]LogConfig: Setting CVar [[r.SSS.HalfRes:0]]
[2020.12.26-05.42.18:486][  0]LogConfig: Setting CVar [[r.SSGI.Quality:3]]
[2020.12.26-05.42.18:486][  0]LogConfig: Setting CVar [[r.EmitterSpawnRateScale:1.0]]
[2020.12.26-05.42.18:486][  0]LogConfig: Setting CVar [[r.ParticleLightQuality:2]]
[2020.12.26-05.42.18:486][  0]LogConfig: Setting CVar [[r.SkyAtmosphere.AerialPerspectiveLUT.FastApplyOnOpaque:1 ; Always have FastSkyLUT 1 in this case to avoid wrong sky]]
[2020.12.26-05.42.18:487][  0]LogConfig: Setting CVar [[r.SkyAtmosphere.AerialPerspectiveLUT.SampleCountPerSlice:1]]
[2020.12.26-05.42.18:487][  0]LogConfig: Setting CVar [[r.SkyAtmosphere.AerialPerspectiveLUT.DepthResolution:16.0]]
[2020.12.26-05.42.18:487][  0]LogConfig: Setting CVar [[r.SkyAtmosphere.FastSkyLUT:1]]
[2020.12.26-05.42.18:487][  0]LogConfig: Setting CVar [[r.SkyAtmosphere.FastSkyLUT.SampleCountMin:4.0]]
[2020.12.26-05.42.18:487][  0]LogConfig: Setting CVar [[r.SkyAtmosphere.FastSkyLUT.SampleCountMax:32.0]]
[2020.12.26-05.42.18:487][  0]LogConfig: Setting CVar [[r.SkyAtmosphere.SampleCountMin:4.0]]
[2020.12.26-05.42.18:487][  0]LogConfig: Setting CVar [[r.SkyAtmosphere.SampleCountMax:32.0]]
[2020.12.26-05.42.18:487][  0]LogConfig: Setting CVar [[r.SkyAtmosphere.TransmittanceLUT.UseSmallFormat:0]]
[2020.12.26-05.42.18:487][  0]LogConfig: Setting CVar [[r.SkyAtmosphere.TransmittanceLUT.SampleCount:10.0]]
[2020.12.26-05.42.18:487][  0]LogConfig: Setting CVar [[r.SkyAtmosphere.MultiScatteringLUT.SampleCount:15.0]]
[2020.12.26-05.42.18:487][  0]LogConfig: Applying CVar settings from Section [FoliageQuality@3] File [C:/Users/roman/UnrealProjects/Collapse/Saved/Config/Windows/Scalability.ini]
[2020.12.26-05.42.18:487][  0]LogConfig: Setting CVar [[foliage.DensityScale:1.0]]
[2020.12.26-05.42.18:487][  0]LogConfig: Setting CVar [[grass.DensityScale:1.0]]
[2020.12.26-05.42.18:487][  0]LogConfig: Applying CVar settings from Section [ShadingQuality@3] File [C:/Users/roman/UnrealProjects/Collapse/Saved/Config/Windows/Scalability.ini]
[2020.12.26-05.42.18:487][  0]LogConfig: Setting CVar [[r.HairStrands.SkyLighting.SampleCount:16]]
[2020.12.26-05.42.18:487][  0]LogConfig: Setting CVar [[r.HairStrands.SkyLighting.JitterIntegration:0]]
[2020.12.26-05.42.18:487][  0]LogConfig: Setting CVar [[r.HairStrands.SkyAO.SampleCount:16]]
[2020.12.26-05.42.18:487][  0]LogConfig: Setting CVar [[r.HairStrands.DeepShadow.SuperSampling:0]]
[2020.12.26-05.42.18:487][  0]LogConfig: Setting CVar [[r.HairStrands.VisibilityPPLL:0]]
[2020.12.26-05.42.18:487][  0]LogConfig: Setting CVar [[r.HairStrands.RasterizationScale:0.5]]
[2020.12.26-05.42.18:487][  0]LogConfig: Setting CVar [[r.HairStrands.VelocityRasterizationScale:1]]
[2020.12.26-05.42.18:487][  0]LogConfig: Applying CVar settings from Section [Startup] File [../../../Engine/Config/ConsoleVariables.ini]
[2020.12.26-05.42.18:488][  0]LogConfig: Setting CVar [[net.UseAdaptiveNetUpdateFrequency:0]]
[2020.12.26-05.42.18:488][  0]LogConfig: Setting CVar [[p.chaos.AllowCreatePhysxBodies:1]]
[2020.12.26-05.42.18:488][  0]LogConfig: Setting CVar [[fx.SkipVectorVMBackendOptimizations:1]]
[2020.12.26-05.42.18:488][  0]LogConfig: Applying CVar settings from Section [ConsoleVariables] File [C:/Users/roman/UnrealProjects/Collapse/Saved/Config/Windows/Engine.ini]
[2020.12.26-05.42.18:489][  0]LogInit: Computer: DESKTOP-GE6EI2B
[2020.12.26-05.42.18:489][  0]LogInit: User: roman
[2020.12.26-05.42.18:489][  0]LogInit: CPU Page size=4096, Cores=6
[2020.12.26-05.42.18:489][  0]LogInit: High frequency timer resolution =10.000000 MHz
[2020.12.26-05.42.18:489][  0]LogMemory: Memory total: Physical=7.8GB (8GB approx)
[2020.12.26-05.42.18:489][  0]LogMemory: Platform Memory Stats for Windows
[2020.12.26-05.42.18:489][  0]LogMemory: Process Physical Memory: 116.61 MB used, 116.61 MB peak
[2020.12.26-05.42.18:489][  0]LogMemory: Process Virtual Memory: 113.26 MB used, 113.26 MB peak
[2020.12.26-05.42.18:489][  0]LogMemory: Physical Memory: 6529.14 MB used,  1499.91 MB free, 8029.05 MB total
[2020.12.26-05.42.18:489][  0]LogMemory: Virtual Memory: 5182.97 MB used,  134212544.00 MB free, 134217728.00 MB total
[2020.12.26-05.42.18:507][  0]LogWindows: WindowsPlatformFeatures enabled
[2020.12.26-05.42.18:609][  0]LogInit: Physics initialised using underlying interface: PhysX
[2020.12.26-05.42.18:609][  0]LogInit: Using OS detected language (ru-RU).
[2020.12.26-05.42.18:609][  0]LogInit: Using OS detected locale (ru-RU).
[2020.12.26-05.42.18:614][  0]LogTextLocalizationManager: No specific localization for 'ru-RU' exists, so the 'ru' localization will be used.
[2020.12.26-05.42.18:623][  0]LogTextLocalizationResource: LocRes '../../../Engine/Content/Localization/Editor/ru/Editor.locres' could not be opened for reading!
[2020.12.26-05.42.18:623][  0]LogTextLocalizationResource: LocRes '../../../Engine/Content/Localization/EditorTutorials/ru/EditorTutorials.locres' could not be opened for reading!
[2020.12.26-05.42.18:624][  0]LogTextLocalizationResource: LocRes '../../../Engine/Content/Localization/Keywords/ru/Keywords.locres' could not be opened for reading!
[2020.12.26-05.42.18:624][  0]LogTextLocalizationResource: LocRes '../../../Engine/Content/Localization/Category/ru/Category.locres' could not be opened for reading!
[2020.12.26-05.42.18:624][  0]LogTextLocalizationResource: LocRes '../../../Engine/Content/Localization/ToolTips/ru/ToolTips.locres' could not be opened for reading!
[2020.12.26-05.42.18:624][  0]LogTextLocalizationResource: LocRes '../../../Engine/Content/Localization/PropertyNames/ru/PropertyNames.locres' could not be opened for reading!
[2020.12.26-05.42.18:625][  0]LogTextLocalizationResource: LocRes '../../../Engine/Content/Localization/Engine/ru/Engine.locres' could not be opened for reading!
[2020.12.26-05.42.18:701][  0]LogSlate: New Slate User Created.  User Index 0, Is Virtual User: 0
[2020.12.26-05.42.18:701][  0]LogSlate: Slate User Registered.  User Index 0, Is Virtual User: 0
[2020.12.26-05.42.18:795][  0]LogHMD: Failed to initialize OpenVR with code 110
[2020.12.26-05.42.18:795][  0]LogD3D11RHI: D3D11 min allowed feature level: 11_0
[2020.12.26-05.42.18:795][  0]LogD3D11RHI: D3D11 max allowed feature level: 11_0
[2020.12.26-05.42.18:795][  0]LogD3D11RHI: D3D11 adapters:
[2020.12.26-05.42.18:978][  0]LogD3D11RHI:    0. 'NVIDIA GeForce GTX 1650 Ti' (Feature Level 11_0)
[2020.12.26-05.42.18:978][  0]LogD3D11RHI:       3962/0/4014 MB DedicatedVideo/DedicatedSystem/SharedSystem, Outputs:1, VendorId:0x10de
[2020.12.26-05.42.19:035][  0]LogD3D11RHI:    1. 'Intel(R) UHD Graphics 630' (Feature Level 11_0)
[2020.12.26-05.42.19:035][  0]LogD3D11RHI:       128/0/4014 MB DedicatedVideo/DedicatedSystem/SharedSystem, Outputs:0, VendorId:0x8086
[2020.12.26-05.42.19:039][  0]LogD3D11RHI:    2. 'Microsoft Basic Render Driver' (Feature Level 11_0)
[2020.12.26-05.42.19:039][  0]LogD3D11RHI:       0/0/4014 MB DedicatedVideo/DedicatedSystem/SharedSystem, Outputs:0, VendorId:0x1414
[2020.12.26-05.42.19:039][  0]LogD3D11RHI: Chosen D3D11 Adapter: 0
[2020.12.26-05.42.19:127][  0]LogD3D11RHI: Creating new Direct3DDevice
[2020.12.26-05.42.19:127][  0]LogD3D11RHI:     GPU DeviceId: 0x1f95 (for the marketing name, search the web for "GPU Device Id")
[2020.12.26-05.42.19:127][  0]LogWindows: EnumDisplayDevices:
[2020.12.26-05.42.19:127][  0]LogWindows:    0. 'Intel(R) UHD Graphics 630' (P:1 D:1)
[2020.12.26-05.42.19:127][  0]LogWindows:    1. 'Intel(R) UHD Graphics 630' (P:0 D:0)
[2020.12.26-05.42.19:128][  0]LogWindows:    2. 'Intel(R) UHD Graphics 630' (P:0 D:0)
[2020.12.26-05.42.19:128][  0]LogWindows:    3. 'NVIDIA GeForce GTX 1650 Ti' (P:0 D:0)
[2020.12.26-05.42.19:129][  0]LogWindows: DebugString: PrimaryIsNotTheChoosenAdapter PrimaryIsNotTheChoosenAdapter PrimaryIsNotTheChoosenAdapter 
[2020.12.26-05.42.19:129][  0]LogD3D11RHI:     Adapter Name: NVIDIA GeForce GTX 1650 Ti
[2020.12.26-05.42.19:129][  0]LogD3D11RHI:   Driver Version: 452.06 (internal:27.21.14.5206, unified:452.06)
[2020.12.26-05.42.19:129][  0]LogD3D11RHI:      Driver Date: 8-12-2020
[2020.12.26-05.42.19:129][  0]LogRHI: Texture pool is 2773 MB (70% of 3962 MB)
[2020.12.26-05.42.19:249][  0]LogD3D11RHI: RHI has support for 64 bit atomics
[2020.12.26-05.42.19:250][  0]LogD3D11RHI: Async texture creation enabled
[2020.12.26-05.42.19:250][  0]LogD3D11RHI: Array index from any shader is supported
[2020.12.26-05.42.19:286][  0]LogD3D11RHI: GPU Timing Frequency: 1000.000000 (Debug: 2 1)
[2020.12.26-05.42.19:929][  0]LogTargetPlatformManager: Display: Loaded TargetPlatform 'WindowsNoEditor'
[2020.12.26-05.42.19:939][  0]LogTargetPlatformManager: Display: Loaded TargetPlatform 'Windows'
[2020.12.26-05.42.19:958][  0]LogTargetPlatformManager: Display: Loaded TargetPlatform 'WindowsClient'
[2020.12.26-05.42.19:976][  0]LogTargetPlatformManager: Display: Loaded TargetPlatform 'WindowsServer'
[2020.12.26-05.42.19:977][  0]LogTargetPlatformManager: Display: Building Assets For Windows
[2020.12.26-05.42.19:994][  0]LogAudioDebug: Display: Lib vorbis DLL was dynamically loaded.
[2020.12.26-05.42.20:115][  0]LogShaderCompilers: Guid format shader working directory is -8 characters bigger than the processId version (../../../../../../Users/roman/UnrealProjects/Collapse/Intermediate/Shaders/WorkingDirectory/11432/).
[2020.12.26-05.42.20:115][  0]LogShaderCompilers: Cleaned the shader compiler working directory 'C:/Users/roman/AppData/Local/Temp/UnrealShaderWorkingDir/61B5FA314C398AD602C701925B1660E2/'.
[2020.12.26-05.42.20:116][  0]LogXGEController: Cannot use XGE Controller as Incredibuild is not installed on this machine.
[2020.12.26-05.42.20:116][  0]LogShaderCompilers: Cannot use XGE Shader Compiler as Incredibuild is not installed on this machine.
[2020.12.26-05.42.20:116][  0]LogShaderCompilers: Display: Using Local Shader Compiler.
[2020.12.26-05.42.21:647][  0]LogDerivedDataCache: Display: Max Cache Size: 512 MB
[2020.12.26-05.42.21:769][  0]LogDerivedDataCache: Loaded boot cache 0.12s 92MB C:/Users/roman/AppData/Local/UnrealEngine/4.25/DerivedDataCache/Boot.ddc.
[2020.12.26-05.42.21:769][  0]LogDerivedDataCache: Display: Loaded Boot cache: C:/Users/roman/AppData/Local/UnrealEngine/4.25/DerivedDataCache/Boot.ddc
[2020.12.26-05.42.21:769][  0]LogDerivedDataCache: FDerivedDataBackendGraph:  Pak pak cache file ../../../../../../Users/roman/UnrealProjects/Collapse/DerivedDataCache/DDC.ddp not found, will not use a pak cache.
[2020.12.26-05.42.21:769][  0]LogDerivedDataCache: Unable to find inner node Pak for hierarchical cache Hierarchy.
[2020.12.26-05.42.21:769][  0]LogDerivedDataCache: FDerivedDataBackendGraph:  CompressedPak pak cache file ../../../../../../Users/roman/UnrealProjects/Collapse/DerivedDataCache/Compressed.ddp not found, will not use a pak cache.
[2020.12.26-05.42.21:769][  0]LogDerivedDataCache: Unable to find inner node CompressedPak for hierarchical cache Hierarchy.
[2020.12.26-05.42.21:789][  0]LogDerivedDataCache: Display: Pak cache opened for reading ../../../Engine/DerivedDataCache/Compressed.ddp.
[2020.12.26-05.42.21:789][  0]LogDerivedDataCache: FDerivedDataBackendGraph:  EnterprisePak pak cache file ../../../Enterprise/DerivedDataCache/Compressed.ddp not found, will not use a pak cache.
[2020.12.26-05.42.21:789][  0]LogDerivedDataCache: Unable to find inner node EnterprisePak for hierarchical cache Hierarchy.
[2020.12.26-05.42.21:792][  0]LogDerivedDataCache: Using Local data cache path C:/Users/roman/AppData/Local/UnrealEngine/Common/DerivedDataCache: Writable
[2020.12.26-05.42.21:792][  0]LogDerivedDataCache: Shared data cache path not found in *engine.ini, will not use an Shared cache.
[2020.12.26-05.42.21:792][  0]LogDerivedDataCache: Unable to find inner node Shared for hierarchical cache Hierarchy.
[2020.12.26-05.42.21:877][  0]LogSlate: Using FreeType 2.10.0
[2020.12.26-05.42.21:878][  0]LogSlate: SlateFontServices - WITH_FREETYPE: 1, WITH_HARFBUZZ: 1
[2020.12.26-05.42.22:121][  0]LogInit: Using OS detected language (ru-RU).
[2020.12.26-05.42.22:121][  0]LogInit: Using OS detected locale (ru-RU).
[2020.12.26-05.42.22:122][  0]LogTextLocalizationManager: No localization for 'ru-RU' exists, so 'en' will be used for the language.
[2020.12.26-05.42.22:122][  0]LogTextLocalizationManager: No localization for 'ru-RU' exists, so 'en' will be used for the locale.
[2020.12.26-05.42.22:122][  0]LogSlate: FontCache flush requested. Reason: Culture for localization was changed
[2020.12.26-05.42.22:122][  0]LogSlate: FontCache flush requested. Reason: Culture for localization was changed
[2020.12.26-05.42.22:123][  0]LogTextLocalizationManager: Compacting localization data took   0.00ms
[2020.12.26-05.42.22:128][  0]LogAssetRegistry: FAssetRegistry took 0.0037 seconds to start up
[2020.12.26-05.42.22:522][  0]LogPackageLocalizationCache: Processed 22 localized package path(s) for 1 prioritized culture(s) in 0.002382 seconds
[2020.12.26-05.42.22:613][  0]LogInit: Selected Device Profile: [Windows]
[2020.12.26-05.42.22:830][  0]LogMeshReduction: Using QuadricMeshReduction for automatic static mesh reduction
[2020.12.26-05.42.22:830][  0]LogMeshReduction: Using SimplygonMeshReduction for automatic skeletal mesh reduction
[2020.12.26-05.42.22:830][  0]LogMeshReduction: Using ProxyLODMeshReduction for automatic mesh merging
[2020.12.26-05.42.22:830][  0]LogMeshReduction: No distributed automatic mesh merging module available
[2020.12.26-05.42.22:830][  0]LogMeshMerging: No distributed automatic mesh merging module available
[2020.12.26-05.42.22:860][  0]LogNetVersion: AIShooter 1.0.0, NetCL: 13144385, EngineNetVer: 14, GameNetVer: 0 (Checksum: 2332029690)
[2020.12.26-05.42.23:460][  0]LogAISub: UAISubsystem::UAISubsystem AISubsystem (0000022FBE98BBC0), frame # 0
[2020.12.26-05.42.23:460][  0]LogAISub: UAISubsystem::UAISubsystem AIPerceptionSystem (0000022FBE9A56C0), frame # 0
[2020.12.26-05.42.23:462][  0]LogAISub: UAISubsystem::UAISubsystem EnvQueryManager (0000022FBE9ABC00), frame # 0
[2020.12.26-05.42.23:751][  0]LogMoviePlayer: Initializing movie player
[2020.12.26-05.42.24:054][  0]LogTcpMessaging: Initializing TcpMessaging bridge
[2020.12.26-05.42.24:062][  0]LogUdpMessaging: Initializing bridge on interface 0.0.0.0:0 to multicast group 230.0.0.1:6666.
[2020.12.26-05.42.24:142][  0]SourceControl: Source control is disabled
[2020.12.26-05.42.24:142][  0]SourceControl: Source control is disabled
[2020.12.26-05.42.26:046][  0]SourceControl: Source control is disabled
[2020.12.26-05.42.26:423][  0]LogAndroidPermission: UAndroidPermissionCallbackProxy::GetInstance
[2020.12.26-05.42.26:458][  0]LogAudioCaptureCore: Display: No Audio Capture implementations found. Audio input will be silent.
[2020.12.26-05.42.26:458][  0]LogAudioCaptureCore: Display: No Audio Capture implementations found. Audio input will be silent.
[2020.12.26-05.42.26:547][  0]LogOcInput: OculusInput pre-init called
[2020.12.26-05.42.26:587][  0]LogUObjectArray: 19735 objects as part of root set at end of initial load.
[2020.12.26-05.42.26:587][  0]LogUObjectAllocator: 5235376 out of 0 bytes used by permanent object pool.
[2020.12.26-05.42.26:587][  0]LogUObjectArray: CloseDisregardForGC: 0/0 objects in disregard for GC pool
[2020.12.26-05.42.26:663][  0]LogEngine: Initializing Engine...
[2020.12.26-05.42.26:666][  0]LogHMD: Failed to initialize OpenVR with code 110
[2020.12.26-05.42.26:666][  0]LogMagicLeap: Warning: VR disabled because ZI is not enabled.  To enable, in the editor, Edit -> Project Settings -> Plugins -> Magic Leap Plugin -> Enable Zero Iteration
[2020.12.26-05.42.26:668][  0]LogStats: UGameplayTagsManager::InitializeManager -  0.000 s
[2020.12.26-05.42.26:908][  0]LogInit: Initializing FReadOnlyCVARCache
[2020.12.26-05.42.26:920][  0]LogAudioMixer: Display: Audio Mixer Platform Settings:
[2020.12.26-05.42.26:920][  0]LogAudioMixer: Display: 	Sample Rate:						  48000
[2020.12.26-05.42.26:920][  0]LogAudioMixer: Display: 	Callback Buffer Frame Size Requested: 1024
[2020.12.26-05.42.26:920][  0]LogAudioMixer: Display: 	Callback Buffer Frame Size To Use:	  1024
[2020.12.26-05.42.26:921][  0]LogAudioMixer: Display: 	Number of buffers to queue:			  2
[2020.12.26-05.42.26:921][  0]LogAudioMixer: Display: 	Max Channels (voices):				  32
[2020.12.26-05.42.26:921][  0]LogAudioMixer: Display: 	Number of Async Source Workers:		  0
[2020.12.26-05.42.26:921][  0]LogAudio: Display: AudioDevice MaxSources: 32
[2020.12.26-05.42.26:922][  0]LogAudio: Display: Using built-in audio occlusion.
[2020.12.26-05.42.26:922][  0]LogAudioMixer: Display: Initializing audio mixer.
[2020.12.26-05.42.26:954][  0]LogAudioMixer: Display: 0: FrontLeft
[2020.12.26-05.42.26:954][  0]LogAudioMixer: Display: 1: FrontRight
[2020.12.26-05.42.27:028][  0]LogAudioMixer: Display: Using Audio Device Динамики (Realtek(R) Audio)
[2020.12.26-05.42.27:041][  0]LogAudioMixer: Display: Initializing Sound Submixes...
[2020.12.26-05.42.27:044][  0]LogAudioMixer: Display: Creating Master Submix 'MasterSubmixDefault'
[2020.12.26-05.42.27:045][  0]LogAudioMixer: Display: Creating Master Submix 'MasterReverbSubmixDefault'
[2020.12.26-05.42.27:047][  0]LogAudioMixer: Display: Creating Master Submix 'MasterEQSubmixDefault'
[2020.12.26-05.42.27:048][  0]LogInit: FAudioDevice initialized.
[2020.12.26-05.42.27:051][  0]LogNetVersion: Set ProjectVersion to 1.0.0.0. Version Checksum will be recalculated on next use.
[2020.12.26-05.42.27:053][  0]LogInit: Texture streaming: Enabled
[2020.12.26-05.42.27:862][  0]LogSlate: Updating window title bar state: overlay mode, drag disabled, window buttons hidden, title bar hidden
[2020.12.26-05.42.27:863][  0]LogInit: Display: Game Engine Initialized.
[2020.12.26-05.42.27:864][  0]LogNiagaraEditor: Warning: GEditor isn't valid! Particle reset commands will not work for Niagara components!
[2020.12.26-05.42.27:917][  0]LogInit: Display: Starting Game.
[2020.12.26-05.42.27:917][  0]LogNet: Browse: /Game/Maps/MenuLevel?Name=Player
[2020.12.26-05.42.27:917][  0]LogLoad: LoadMap: /Game/Maps/MenuLevel?Name=Player
[2020.12.26-05.42.27:917][  0]LogWorld: BeginTearingDown for /Temp/Untitled_0
[2020.12.26-05.42.27:920][  0]LogWorld: UWorld::CleanupWorld for Untitled, bSessionEnded=true, bCleanupResources=true
[2020.12.26-05.42.27:921][  0]LogSlate: InvalidateAllWidgets triggered.  All widgets were invalidated
[2020.12.26-05.42.27:945][  0]LogUObjectHash: Compacting FUObjectHashTables data took   1.32ms
[2020.12.26-05.42.27:978][  0]LogAIModule: Creating AISystem for world MenuLevel
[2020.12.26-05.42.27:978][  0]LogAISub: UAISubsystem::UAISubsystem EnvQueryManager (0000022FC4610400), frame # 0
[2020.12.26-05.42.27:978][  0]LogAISub: UAISubsystem::UAISubsystem AIPerceptionSystem (0000022FC45EE200), frame # 0
[2020.12.26-05.42.27:979][  0]LogUObjectGlobals: Warning: Failed to load '/Game/FirstPersonBP/Blueprints/FirstPersonGameMode': Can't find file.
[2020.12.26-05.42.27:979][  0]LogUObjectGlobals: Warning: Failed to load '/Game/FirstPersonBP/Blueprints/FirstPersonGameMode': Can't find file.
[2020.12.26-05.42.27:979][  0]LogUObjectGlobals: Warning: Failed to find object 'Class /Game/FirstPersonBP/Blueprints/FirstPersonGameMode.FirstPersonGameMode_C'
[2020.12.26-05.42.27:979][  0]LogLoad: Game class is 'GameModeBase'
[2020.12.26-05.42.27:981][  0]LogWorld: Bringing World /Game/Maps/MenuLevel.MenuLevel up for play (max tick rate 0) at 2020.12.26-08.42.27
[2020.12.26-05.42.27:981][  0]LogWorld: Bringing up level for play took: 0.000647
[2020.12.26-05.42.27:982][  0]LogGameMode: FindPlayerStart: PATHS NOT DEFINED or NO PLAYERSTART with positive rating
[2020.12.26-05.42.27:985][  0]LogLoad: Took 0.067562 seconds to LoadMap(/Game/Maps/MenuLevel)
[2020.12.26-05.42.28:044][  0]LogRenderer: Reallocating scene render targets to support 1280x720 Format 10 NumSamples 1 (Frame:1).
[2020.12.26-05.42.28:044][  0]LogLoad: (Engine Initialization) Total time: 13.78 seconds
[2020.12.26-05.42.28:044][  0]LogLoad: (Engine Initialization) Total Blueprint compile time: 0.00 seconds
[2020.12.26-05.42.28:079][  0]LogContentStreaming: Texture pool size now 1000 MB
[2020.12.26-05.42.28:089][  0]LogSlate: InvalidateAllWidgets triggered.  All widgets were invalidated
[2020.12.26-05.42.38:059][609]LogPackageName: SearchForPackageOnDisk took   0.252s to resolve NewMap.umap.
[2020.12.26-05.42.38:291][609]LogPackageName: SearchForPackageOnDisk took   0.231s to resolve NewMap.umap.
[2020.12.26-05.42.38:291][609]LogNet: Browse: /Game/Maps/NewMap
[2020.12.26-05.42.38:291][609]LogLoad: LoadMap: /Game/Maps/NewMap
[2020.12.26-05.42.38:291][609]LogWorld: BeginTearingDown for /Game/Maps/MenuLevel
[2020.12.26-05.42.38:292][609]LogWorld: UWorld::CleanupWorld for MenuLevel, bSessionEnded=true, bCleanupResources=true
[2020.12.26-05.42.38:292][609]LogSlate: InvalidateAllWidgets triggered.  All widgets were invalidated
[2020.12.26-05.42.38:331][609]LogAudio: Display: Waited 38.777401 ms for audio thread.
[2020.12.26-05.42.38:357][609]LogAISub: UAISubsystem::~UAISubsystem AIPerceptionSystem (0000022FC45EE200), frame # 1609
[2020.12.26-05.42.38:357][609]LogAISub: UAISubsystem::~UAISubsystem EnvQueryManager (0000022FC4610400), frame # 1609
[2020.12.26-05.42.38:358][609]LogUObjectHash: Compacting FUObjectHashTables data took   1.17ms
[2020.12.26-05.42.40:016][609]LogAIModule: Creating AISystem for world NewMap
[2020.12.26-05.42.40:016][609]LogAISub: UAISubsystem::UAISubsystem EnvQueryManager (0000022FD075F000), frame # 1609
[2020.12.26-05.42.40:016][609]LogAISub: UAISubsystem::UAISubsystem AIPerceptionSystem (0000022FB8D81580), frame # 1609
[2020.12.26-05.42.40:017][609]LogLoad: Game class is 'GM_Player_C'
[2020.12.26-05.42.40:061][609]LogWorld: Bringing World /Game/Maps/NewMap.NewMap up for play (max tick rate 0) at 2020.12.26-08.42.40
[2020.12.26-05.42.40:061][609]LogGameMode: Error: Mixing AGameStateBase with AGameMode is not compatible. Change AGameStateBase subclass (GameStateBase) to derive from AGameState, or make both derive from Base
[2020.12.26-05.42.40:068][609]LogWorld: Bringing up level for play took: 0.049731
[2020.12.26-05.42.40:070][609]LogGameMode: Display: Match State Changed from EnteringMap to WaitingToStart
[2020.12.26-05.42.40:070][609]LogGameMode: Display: Match State Changed from WaitingToStart to InProgress
[2020.12.26-05.42.40:088][609]LogLoad: Took 1.796333 seconds to LoadMap(/Game/Maps/NewMap)
[2020.12.26-05.42.40:103][610]LogCharacterMovement: Warning: GetSimulationTimeStep() - Max iterations 8 hit while remaining time 0.081162 > MaxSimulationTimeStep (0.050) for 'CH_Enemy2', movement 'Walking'
[2020.12.26-05.42.40:104][610]LogCharacterMovement: Warning: GetSimulationTimeStep() - Max iterations 8 hit while remaining time 0.094380 > MaxSimulationTimeStep (0.050) for 'CH_Enemy3', movement 'Walking'
[2020.12.26-05.42.40:104][610]LogCharacterMovement: Warning: GetSimulationTimeStep() - Max iterations 8 hit while remaining time 0.074192 > MaxSimulationTimeStep (0.050) for 'CH_Enemy_5', movement 'Walking'
[2020.12.26-05.42.40:104][610]LogCharacterMovement: Warning: GetSimulationTimeStep() - Max iterations 8 hit while remaining time 0.098385 > MaxSimulationTimeStep (0.050) for 'CH_Enemy5', movement 'Walking'
[2020.12.26-05.42.50:241][179]LogScript: Warning: Accessed None trying to read property CallFunc_GetPlayerPawn_ReturnValue
	BTT_FindLocationAroundPlayer_C /Game/Maps/NewMap.NewMap:PersistentLevel.AIC_Teammate_C_1.BTComponent.BTT_FindLocationAroundPlayer_C_1
	Function /Game/AI/Teammates/BTT_FindLocationAroundPlayer.BTT_FindLocationAroundPlayer_C:ExecuteUbergraph_BTT_FindLocationAroundPlayer:0050
[2020.12.26-05.42.50:241][179]LogScript: Warning: Script call stack:
	Function /Game/AI/Teammates/BTT_FindLocationAroundPlayer.BTT_FindLocationAroundPlayer_C:ReceiveExecuteAI
	Function /Game/AI/Teammates/BTT_FindLocationAroundPlayer.BTT_FindLocationAroundPlayer_C:ExecuteUbergraph_BTT_FindLocationAroundPlayer

[2020.12.26-05.42.50:282][181]LogCharacterMovement: CH_Teammate2_14 is stuck and failed to move! Velocity: X=261.89 Y=539.83 Z=0.00 Location: X=-13084.44 Y=-1483.64 Z=184.82 Normal: X=0.01 Y=-0.06 Z=-1.00 PenetrationDepth:0.000 Actor:Drzewo_A_1_2 Component:StaticMeshComponent0 BoneName:None (0 other events since notify)
[2020.12.26-05.42.50:319][183]LogScript: Warning: Accessed None trying to read property CallFunc_GetPlayerPawn_ReturnValue
	BTT_FindLocationAroundPlayer_C /Game/Maps/NewMap.NewMap:PersistentLevel.AIC_Teammate_C_2.BTComponent.BTT_FindLocationAroundPlayer_C_1
	Function /Game/AI/Teammates/BTT_FindLocationAroundPlayer.BTT_FindLocationAroundPlayer_C:ExecuteUbergraph_BTT_FindLocationAroundPlayer:0050
[2020.12.26-05.42.50:319][183]LogScript: Warning: Script call stack:
	Function /Game/AI/Teammates/BTT_FindLocationAroundPlayer.BTT_FindLocationAroundPlayer_C:ReceiveExecuteAI
	Function /Game/AI/Teammates/BTT_FindLocationAroundPlayer.BTT_FindLocationAroundPlayer_C:ExecuteUbergraph_BTT_FindLocationAroundPlayer

[2020.12.26-05.42.50:796][205]LogScript: Warning: Accessed None trying to read property CallFunc_GetPlayerPawn_ReturnValue
	BTT_FindLocationAroundPlayer_C /Game/Maps/NewMap.NewMap:PersistentLevel.AIC_Teammate_C_0.BTComponent.BTT_FindLocationAroundPlayer_C_4
	Function /Game/AI/Teammates/BTT_FindLocationAroundPlayer.BTT_FindLocationAroundPlayer_C:ExecuteUbergraph_BTT_FindLocationAroundPlayer:0050
[2020.12.26-05.42.50:796][205]LogScript: Warning: Script call stack:
	Function /Game/AI/Teammates/BTT_FindLocationAroundPlayer.BTT_FindLocationAroundPlayer_C:ReceiveExecuteAI
	Function /Game/AI/Teammates/BTT_FindLocationAroundPlayer.BTT_FindLocationAroundPlayer_C:ExecuteUbergraph_BTT_FindLocationAroundPlayer

[2020.12.26-05.42.50:838][207]LogScript: Warning: Accessed None trying to read property CallFunc_GetPlayerPawn_ReturnValue
	BTT_FindLocationAroundPlayer_C /Game/Maps/NewMap.NewMap:PersistentLevel.AIC_Teammate_C_3.BTComponent.BTT_FindLocationAroundPlayer_C_1
	Function /Game/AI/Teammates/BTT_FindLocationAroundPlayer.BTT_FindLocationAroundPlayer_C:ExecuteUbergraph_BTT_FindLocationAroundPlayer:0050
[2020.12.26-05.42.50:838][207]LogScript: Warning: Script call stack:
	Function /Game/AI/Teammates/BTT_FindLocationAroundPlayer.BTT_FindLocationAroundPlayer_C:ReceiveExecuteAI
	Function /Game/AI/Teammates/BTT_FindLocationAroundPlayer.BTT_FindLocationAroundPlayer_C:ExecuteUbergraph_BTT_FindLocationAroundPlayer

[2020.12.26-05.42.54:959][399]LogGameMode: Display: Match State Changed from InProgress to LeavingMap
[2020.12.26-05.42.54:962][399]LogNet: Browse: /Game/Maps/NewMap
[2020.12.26-05.42.54:963][399]LogLoad: LoadMap: /Game/Maps/NewMap
[2020.12.26-05.42.54:963][399]LogWorld: BeginTearingDown for /Game/Maps/NewMap
[2020.12.26-05.42.54:968][399]LogWorld: UWorld::CleanupWorld for NewMap, bSessionEnded=true, bCleanupResources=true
[2020.12.26-05.42.54:976][399]LogSlate: InvalidateAllWidgets triggered.  All widgets were invalidated
[2020.12.26-05.42.55:169][399]LogAISub: UAISubsystem::~UAISubsystem EnvQueryManager (0000022FD075F000), frame # 2399
[2020.12.26-05.42.55:169][399]LogAISub: UAISubsystem::~UAISubsystem AIPerceptionSystem (0000022FB8D81580), frame # 2399
[2020.12.26-05.42.55:174][399]LogUObjectHash: Compacting FUObjectHashTables data took   4.15ms
[2020.12.26-05.42.57:750][399]LogAIModule: Creating AISystem for world NewMap
[2020.12.26-05.42.57:750][399]LogAISub: UAISubsystem::UAISubsystem EnvQueryManager (0000022FB58C3C00), frame # 2399
[2020.12.26-05.42.57:750][399]LogAISub: UAISubsystem::UAISubsystem AIPerceptionSystem (0000022FB95EA340), frame # 2399
[2020.12.26-05.42.57:752][399]LogLoad: Game class is 'GM_Player_C'
[2020.12.26-05.42.57:826][399]LogWorld: Bringing World /Game/Maps/NewMap.NewMap up for play (max tick rate 0) at 2020.12.26-08.42.57
[2020.12.26-05.42.57:828][399]LogGameMode: Error: Mixing AGameStateBase with AGameMode is not compatible. Change AGameStateBase subclass (GameStateBase) to derive from AGameState, or make both derive from Base
[2020.12.26-05.42.57:838][399]LogWorld: Bringing up level for play took: 0.082190
[2020.12.26-05.42.57:843][399]LogGameMode: Display: Match State Changed from EnteringMap to WaitingToStart
[2020.12.26-05.42.57:843][399]LogGameMode: Display: Match State Changed from WaitingToStart to InProgress
[2020.12.26-05.42.57:866][399]LogLoad: Took 2.903212 seconds to LoadMap(/Game/Maps/NewMap)
[2020.12.26-05.42.57:888][400]LogCharacterMovement: Warning: GetSimulationTimeStep() - Max iterations 8 hit while remaining time 0.100000 > MaxSimulationTimeStep (0.050) for 'CH_Enemy2', movement 'Walking'
[2020.12.26-05.42.57:889][400]LogCharacterMovement: Warning: GetSimulationTimeStep() - Max iterations 8 hit while remaining time 0.095123 > MaxSimulationTimeStep (0.050) for 'CH_Enemy_5', movement 'Walking'
[2020.12.26-05.42.57:890][400]LogCharacterMovement: Warning: GetSimulationTimeStep() - Max iterations 8 hit while remaining time 0.066382 > MaxSimulationTimeStep (0.050) for 'CH_Enemy4', movement 'Walking'
[2020.12.26-05.43.00:084][467]LogCharacterMovement: CH_Enemy2 is stuck and failed to move! Velocity: X=-248.03 Y=-57.12 Z=0.00 Location: X=-9478.37 Y=1002.20 Z=196.63 Normal: X=0.98 Y=-0.21 Z=0.00 PenetrationDepth:4.626 Actor:CH_Enemy4 Component:CharacterMesh0 BoneName:LeftArm (0 other events since notify)
[2020.12.26-05.43.06:246][691]LogCharacterMovement: CH_Enemy3 is stuck and failed to move! Velocity: X=14.65 Y=52.20 Z=0.00 Location: X=-8846.09 Y=-391.10 Z=167.41 Normal: X=0.36 Y=-0.93 Z=0.00 PenetrationDepth:5.206 Actor:CH_Enemy2 Component:CharacterMesh0 BoneName:LeftArm (0 other events since notify)
[2020.12.26-05.43.17:112][ 49]LogCharacterMovement: CH_Enemy4 is stuck and failed to move! Velocity: X=-222.67 Y=-557.15 Z=0.00 Location: X=-9856.29 Y=59.18 Z=187.79 Normal: X=0.02 Y=0.05 Z=-1.00 PenetrationDepth:0.000 Actor:Drzewo_A_1 Component:StaticMeshComponent0 BoneName:None (0 other events since notify)
[2020.12.26-05.43.22:210][199]LogCharacterMovement: CH_Enemy4 is stuck and failed to move! Velocity: X=-358.12 Y=-481.40 Z=0.00 Location: X=-10180.25 Y=27.55 Z=189.70 Normal: X=-0.00 Y=-0.02 Z=1.00 PenetrationDepth:0.000 Actor:Drzewo_A_1 Component:StaticMeshComponent0 BoneName:None (0 other events since notify)
[2020.12.26-05.43.23:226][224]LogCharacterMovement: CH_Enemy4 is stuck and failed to move! Velocity: X=-357.49 Y=-481.87 Z=0.00 Location: X=-10180.41 Y=28.58 Z=189.71 Normal: X=-0.00 Y=-0.02 Z=1.00 PenetrationDepth:0.000 Actor:Drzewo_A_1 Component:StaticMeshComponent0 BoneName:None (26 other events since notify)
[2020.12.26-05.43.24:243][252]LogCharacterMovement: CH_Enemy4 is stuck and failed to move! Velocity: X=-356.84 Y=-482.36 Z=0.00 Location: X=-10180.58 Y=29.65 Z=189.73 Normal: X=-0.00 Y=-0.02 Z=1.00 PenetrationDepth:0.000 Actor:Drzewo_A_1 Component:StaticMeshComponent0 BoneName:None (27 other events since notify)
[2020.12.26-05.43.25:261][281]LogCharacterMovement: CH_Enemy4 is stuck and failed to move! Velocity: X=-356.14 Y=-482.87 Z=0.00 Location: X=-10180.75 Y=30.79 Z=189.75 Normal: X=-0.00 Y=-0.02 Z=1.00 PenetrationDepth:0.000 Actor:Drzewo_A_1 Component:StaticMeshComponent0 BoneName:None (29 other events since notify)
[2020.12.26-05.43.26:277][310]LogCharacterMovement: CH_Enemy4 is stuck and failed to move! Velocity: X=-355.46 Y=-483.37 Z=0.00 Location: X=-10180.92 Y=31.90 Z=189.77 Normal: X=-0.00 Y=-0.02 Z=1.00 PenetrationDepth:0.000 Actor:Drzewo_A_1 Component:StaticMeshComponent0 BoneName:None (28 other events since notify)
[2020.12.26-05.43.30:587][471]LogCharacterMovement: CH_Enemy3 is stuck and failed to move! Velocity: X=53.66 Y=-597.60 Z=0.00 Location: X=-9794.34 Y=-113.33 Z=185.17 Normal: X=-0.02 Y=-0.01 Z=1.00 PenetrationDepth:0.000 Actor:Drzewo_A_1 Component:StaticMeshComponent0 BoneName:None (0 other events since notify)
[2020.12.26-05.43.31:607][503]LogCharacterMovement: CH_Enemy3 is stuck and failed to move! Velocity: X=53.12 Y=-597.64 Z=0.00 Location: X=-9793.53 Y=-112.74 Z=185.19 Normal: X=-0.02 Y=-0.01 Z=1.00 PenetrationDepth:0.000 Actor:Drzewo_A_1 Component:StaticMeshComponent0 BoneName:None (31 other events since notify)
[2020.12.26-05.43.32:636][533]LogCharacterMovement: CH_Enemy3 is stuck and failed to move! Velocity: X=52.62 Y=-597.69 Z=0.00 Location: X=-9792.77 Y=-112.20 Z=185.21 Normal: X=-0.02 Y=-0.01 Z=1.00 PenetrationDepth:0.000 Actor:Drzewo_A_1 Component:StaticMeshComponent0 BoneName:None (29 other events since notify)
[2020.12.26-05.43.33:643][563]LogCharacterMovement: CH_Enemy3 is stuck and failed to move! Velocity: X=52.11 Y=-597.73 Z=0.00 Location: X=-9792.00 Y=-111.65 Z=185.24 Normal: X=-0.02 Y=-0.01 Z=1.00 PenetrationDepth:0.000 Actor:Drzewo_A_1 Component:StaticMeshComponent0 BoneName:None (29 other events since notify)
[2020.12.26-05.43.34:676][591]LogCharacterMovement: CH_Enemy3 is stuck and failed to move! Velocity: X=51.63 Y=-597.77 Z=0.00 Location: X=-9791.27 Y=-111.12 Z=185.26 Normal: X=-0.02 Y=-0.01 Z=1.00 PenetrationDepth:0.000 Actor:Drzewo_A_1 Component:StaticMeshComponent0 BoneName:None (28 other events since notify)
[2020.12.26-05.43.42:017][901]LogCharacterMovement: CH_Enemy_5 is stuck and failed to move! Velocity: X=-209.58 Y=-37.09 Z=0.00 Location: X=-8958.78 Y=998.69 Z=194.87 Normal: X=0.83 Y=-0.56 Z=0.00 PenetrationDepth:4.474 Actor:CH_Enemy2 Component:CharacterMesh0 BoneName:LeftArm (0 other events since notify)
