Log file open, 12/05/20 00:37:45
LogInit: Display: Running engine for game: AIShooter
LogPlatformFile: Not using cached read wrapper
LogTaskGraph: Started task graph with 5 named threads and 35 total threads with 3 sets of task threads.
LogStats: Stats thread started at 0.326282
LogD3D11RHI: Loaded GFSDK_Aftermath_Lib.x64.dll
LogICUInternationalization: ICU TimeZone Detection - Raw Offset: +3:00, Platform Override: ''
LogPluginManager: Mounting plugin Paper2D
LogPluginManager: Mounting plugin AISupport
LogPluginManager: Mounting plugin LightPropagationVolume
LogPluginManager: Mounting plugin CameraShakePreviewer
LogPluginManager: Mounting plugin ActorLayerUtilities
LogPluginManager: Mounting plugin AnimationSharing
LogPluginManager: Mounting plugin CLionSourceCodeAccess
LogPluginManager: Mounting plugin CodeLiteSourceCodeAccess
LogPluginManager: Mounting plugin GitSourceControl
LogPluginManager: Mounting plugin KDevelopSourceCodeAccess
LogPluginManager: Mounting plugin NullSourceCodeAccess
LogPluginManager: Mounting plugin PerforceSourceControl
LogPluginManager: Mounting plugin PlasticSourceControl
LogPluginManager: Mounting plugin RiderSourceCodeAccess
LogPluginManager: Mounting plugin SubversionSourceControl
LogPluginManager: Mounting plugin UObjectPlugin
LogPluginManager: Mounting plugin VisualStudioCodeSourceCodeAccess
LogPluginManager: Mounting plugin VisualStudioSourceCodeAccess
LogPluginManager: Mounting plugin XCodeSourceCodeAccess
LogPluginManager: Mounting plugin AssetManagerEditor
LogPluginManager: Mounting plugin CryptoKeys
LogPluginManager: Mounting plugin CurveEditorTools
LogPluginManager: Mounting plugin DataValidation
LogPluginManager: Mounting plugin EditorScriptingUtilities
LogPluginManager: Mounting plugin FacialAnimation
LogPluginManager: Mounting plugin GameplayTagsEditor
LogPluginManager: Mounting plugin GeometryMode
LogPluginManager: Mounting plugin MacGraphicsSwitching
LogPluginManager: Mounting plugin MaterialAnalyzer
LogPluginManager: Mounting plugin MobileLauncherProfileWizard
LogPluginManager: Mounting plugin PluginBrowser
LogPluginManager: Mounting plugin SpeedTreeImporter
LogPluginManager: Mounting plugin DatasmithContent
LogPluginManager: Mounting plugin VariantManagerContent
LogPluginManager: Mounting plugin AlembicImporter
LogPluginManager: Mounting plugin AutomationUtils
LogPluginManager: Mounting plugin BackChannel
LogPluginManager: Mounting plugin ChaosCloth
LogPluginManager: Mounting plugin ChaosClothEditor
LogPluginManager: Mounting plugin ChaosEditor
LogPluginManager: Mounting plugin ChaosNiagara
LogPluginManager: Mounting plugin ChaosSolverPlugin
LogPluginManager: Mounting plugin CharacterAI
LogPluginManager: Mounting plugin GeometryCache
LogPluginManager: Mounting plugin GeometryCollectionPlugin
LogPluginManager: Mounting plugin GeometryProcessing
LogPluginManager: Mounting plugin PlanarCut
LogPluginManager: Mounting plugin PlatformCrypto
LogPluginManager: Mounting plugin ProxyLODPlugin
LogPluginManager: Mounting plugin SkeletalReduction
LogPluginManager: Mounting plugin Niagara
LogPluginManager: Mounting plugin MagicLeap
LogPluginManager: Mounting plugin MagicLeapLightEstimation
LogPluginManager: Mounting plugin MagicLeapMedia
LogPluginManager: Mounting plugin MagicLeapPassableWorld
LogPluginManager: Mounting plugin MLSDK
LogPluginManager: Mounting plugin AndroidMedia
LogPluginManager: Mounting plugin AvfMedia
LogPluginManager: Mounting plugin ImgMedia
LogPluginManager: Mounting plugin MediaCompositing
LogPluginManager: Mounting plugin MediaPlayerEditor
LogPluginManager: Mounting plugin WebMMedia
LogPluginManager: Mounting plugin WmfMedia
LogPluginManager: Mounting plugin MeshPainting
LogPluginManager: Mounting plugin TcpMessaging
LogPluginManager: Mounting plugin UdpMessaging
LogPluginManager: Mounting plugin ActorSequence
LogPluginManager: Mounting plugin LevelSequenceEditor
LogPluginManager: Mounting plugin MatineeToLevelSequence
LogPluginManager: Mounting plugin MovieRenderPipeline
LogPluginManager: Mounting plugin TemplateSequence
LogPluginManager: Mounting plugin NetcodeUnitTest
LogPluginManager: Mounting plugin NUTUnrealEngine4
LogPluginManager: Mounting plugin OnlineSubsystemGooglePlay
LogPluginManager: Mounting plugin OnlineSubsystemIOS
LogPluginManager: Mounting plugin OnlineSubsystem
LogPluginManager: Mounting plugin OnlineSubsystemNull
LogPluginManager: Mounting plugin OnlineSubsystemUtils
LogPluginManager: Mounting plugin LauncherChunkInstaller
LogPluginManager: Mounting plugin AndroidDeviceProfileSelector
LogPluginManager: Mounting plugin AndroidMoviePlayer
LogPluginManager: Mounting plugin AndroidPermission
LogPluginManager: Mounting plugin AppleImageUtils
LogPluginManager: Mounting plugin AppleMoviePlayer
LogPluginManager: Mounting plugin ArchVisCharacter
LogPluginManager: Mounting plugin AssetTags
LogPluginManager: Mounting plugin AudioCapture
LogPluginManager: Mounting plugin CableComponent
LogPluginManager: Mounting plugin CustomMeshComponent
LogPluginManager: Mounting plugin EditableMesh
LogPluginManager: Mounting plugin ExampleDeviceProfileSelector
LogPluginManager: Mounting plugin GoogleCloudMessaging
LogPluginManager: Mounting plugin GooglePAD
LogPluginManager: Mounting plugin IOSDeviceProfileSelector
LogPluginManager: Mounting plugin LinuxDeviceProfileSelector
LogPluginManager: Mounting plugin LocationServicesBPLibrary
LogPluginManager: Mounting plugin MobilePatchingUtils
LogPluginManager: Mounting plugin OculusVR
LogPluginManager: Mounting plugin PhysXVehicles
LogPluginManager: Mounting plugin PostSplashScreen
LogPluginManager: Mounting plugin ProceduralMeshComponent
LogPluginManager: Mounting plugin RuntimePhysXCooking
LogPluginManager: Mounting plugin SignificanceManager
LogPluginManager: Mounting plugin SoundFields
LogPluginManager: Mounting plugin SteamVR
LogPluginManager: Mounting plugin Synthesis
LogPluginManager: Mounting plugin WebMMoviePlayer
LogPluginManager: Mounting plugin WindowsMoviePlayer
LogPluginManager: Mounting plugin ScreenshotTools
LogInit: Using libcurl 7.55.1-DEV
LogInit:  - built for x86_64-pc-win32
LogInit:  - supports SSL with OpenSSL/1.1.1
LogInit:  - supports HTTP deflate (compression) using libz 1.2.8
LogInit:  - other features:
LogInit:      CURL_VERSION_SSL
LogInit:      CURL_VERSION_LIBZ
LogInit:      CURL_VERSION_IPV6
LogInit:      CURL_VERSION_ASYNCHDNS
LogInit:      CURL_VERSION_LARGEFILE
LogInit:      CURL_VERSION_IDN
LogInit:  CurlRequestOptions (configurable via config and command line):
LogInit:  - bVerifyPeer = true  - Libcurl will verify peer certificate
LogInit:  - bUseHttpProxy = false  - Libcurl will NOT use HTTP proxy
LogInit:  - bDontReuseConnections = false  - Libcurl will reuse connections
LogInit:  - MaxHostConnections = 16  - Libcurl will limit the number of connections to a host
LogInit:  - LocalHostAddr = Default
LogInit:  - BufferSize = 65536
LogOnline: OSS: Creating online subsystem instance for: NULL
LogInit: WinSock: version 1.1 (2.2), MaxSocks=32767, MaxUdp=65467
LogOnline: OSS: TryLoadSubsystemAndSetDefault: Loaded subsystem for module [NULL]
LogInit: Build: ++UE4+Release-4.25-CL-14469661
LogInit: Engine Version: 4.25.4-14469661+++UE4+Release-4.25
LogInit: Compatible Engine Version: 4.25.0-13144385+++UE4+Release-4.25
LogInit: Net CL: 13144385
LogInit: OS: Windows 10 (Release 2004) (), CPU: Intel(R) Core(TM) i7-9750H CPU @ 2.60GHz, GPU: Intel(R) UHD Graphics 630
LogInit: Compiled (64-bit): Oct 11 2020 08:10:49
LogInit: Compiled with Visual C++: 19.24.28315.00
LogInit: Build Configuration: Development
LogInit: Branch Name: ++UE4+Release-4.25
LogInit: Command Line: 
LogInit: Base Directory: C:/Program Files/Epic Games/UE_4.25/Engine/Binaries/Win64/
LogInit: Allocator: TBB
LogInit: Installed Engine Build: 1
LogDevObjectVersion: Number of dev versions registered: 26
LogDevObjectVersion:   Dev-Blueprints (B0D832E4-1F89-4F0D-ACCF-7EB736FD4AA2): 10
LogDevObjectVersion:   Dev-Build (E1C64328-A22C-4D53-A36C-8E866417BD8C): 0
LogDevObjectVersion:   Dev-Core (375EC13C-06E4-48FB-B500-84F0262A717E): 4
LogDevObjectVersion:   Dev-Editor (E4B068ED-F494-42E9-A231-DA0B2E46BB41): 38
LogDevObjectVersion:   Dev-Framework (CFFC743F-43B0-4480-9391-14DF171D2073): 37
LogDevObjectVersion:   Dev-Mobile (B02B49B5-BB20-44E9-A304-32B752E40360): 2
LogDevObjectVersion:   Dev-Networking (A4E4105C-59A1-49B5-A7C5-40C4547EDFEE): 0
LogDevObjectVersion:   Dev-Online (39C831C9-5AE6-47DC-9A44-9C173E1C8E7C): 0
LogDevObjectVersion:   Dev-Physics (78F01B33-EBEA-4F98-B9B4-84EACCB95AA2): 4
LogDevObjectVersion:   Dev-Platform (6631380F-2D4D-43E0-8009-CF276956A95A): 0
LogDevObjectVersion:   Dev-Rendering (12F88B9F-8875-4AFC-A67C-D90C383ABD29): 43
LogDevObjectVersion:   Dev-Sequencer (7B5AE74C-D270-4C10-A958-57980B212A5A): 12
LogDevObjectVersion:   Dev-VR (D7296918-1DD6-4BDD-9DE2-64A83CC13884): 3
LogDevObjectVersion:   Dev-LoadTimes (C2A15278-BFE7-4AFE-6C17-90FF531DF755): 1
LogDevObjectVersion:   Private-Geometry (6EACA3D4-40EC-4CC1-B786-8BED09428FC5): 3
LogDevObjectVersion:   Dev-AnimPhys (29E575DD-E0A3-4627-9D10-D276232CDCEA): 17
LogDevObjectVersion:   Dev-Anim (AF43A65D-7FD3-4947-9873-3E8ED9C1BB05): 7
LogDevObjectVersion:   Dev-ReflectionCapture (6B266CEC-1EC7-4B8F-A30B-E4D90942FC07): 1
LogDevObjectVersion:   Dev-Automation (0DF73D61-A23F-47EA-B727-89E90C41499A): 1
LogDevObjectVersion:   FortniteMain (601D1886-AC64-4F84-AA16-D3DE0DEAC7D6): 31
LogDevObjectVersion:   Dev-Enterprise (9DFFBCD6-494F-0158-E221-12823C92A888): 10
LogDevObjectVersion:   Dev-Niagara (F2AED0AC-9AFE-416F-8664-AA7FFA26D6FC): 1
LogDevObjectVersion:   Dev-Destruction (174F1F0B-B4C6-45A5-B13F-2EE8D0FB917D): 10
LogDevObjectVersion:   Dev-Physics-Ext (35F94A83-E258-406C-A318-09F59610247C): 37
LogDevObjectVersion:   Dev-PhysicsMaterial-Chaos (B68FC16E-8B1B-42E2-B453-215C058844FE): 1
LogDevObjectVersion:   Dev-CineCamera (B2E18506-4273-CFC2-A54E-F4BB758BBA07): 1
LogInit: Presizing for max 25165824 objects, including 0 objects not considered by GC, pre-allocating 0 bytes for permanent pool.
LogConfig: Applying CVar settings from Section [/Script/Engine.StreamingSettings] File [C:/Users/roman/Documents/GitHub/Collapse/Saved/Config/Windows/Engine.ini]
LogConfig: Setting CVar [[s.MinBulkDataSizeForAsyncLoading:131072]]
LogConfig: Setting CVar [[s.AsyncLoadingThreadEnabled:0]]
LogConfig: Setting CVar [[s.EventDrivenLoaderEnabled:1]]
LogConfig: Setting CVar [[s.WarnIfTimeLimitExceeded:0]]
LogConfig: Setting CVar [[s.TimeLimitExceededMultiplier:1.5]]
LogConfig: Setting CVar [[s.TimeLimitExceededMinTime:0.005]]
LogConfig: Setting CVar [[s.UseBackgroundLevelStreaming:1]]
LogConfig: Setting CVar [[s.PriorityAsyncLoadingExtraTime:15.0]]
LogConfig: Setting CVar [[s.LevelStreamingActorsUpdateTimeLimit:5.0]]
LogConfig: Setting CVar [[s.PriorityLevelStreamingActorsUpdateExtraTime:5.0]]
LogConfig: Setting CVar [[s.LevelStreamingComponentsRegistrationGranularity:10]]
LogConfig: Setting CVar [[s.UnregisterComponentsTimeLimit:1.0]]
LogConfig: Setting CVar [[s.LevelStreamingComponentsUnregistrationGranularity:5]]
LogConfig: Setting CVar [[s.FlushStreamingOnExit:1]]
LogInit: Object subsystem initialized
LogConfig: Setting CVar [[con.DebugEarlyDefault:1]]
LogConfig: Setting CVar [[r.setres:1280x720]]
[2020.12.04-21.37.46:026][  0]LogConfig: Setting CVar [[r.VSync:0]]
[2020.12.04-21.37.46:026][  0]LogConfig: Setting CVar [[r.RHICmdBypass:0]]
[2020.12.04-21.37.46:026][  0]LogConfig: Applying CVar settings from Section [/Script/Engine.RendererSettings] File [C:/Users/roman/Documents/GitHub/Collapse/Saved/Config/Windows/Engine.ini]
[2020.12.04-21.37.46:026][  0]LogConfig: Setting CVar [[r.GPUCrashDebugging:0]]
[2020.12.04-21.37.46:026][  0]LogConfig: Applying CVar settings from Section [/Script/Engine.RendererOverrideSettings] File [C:/Users/roman/Documents/GitHub/Collapse/Saved/Config/Windows/Engine.ini]
[2020.12.04-21.37.46:026][  0]LogConfig: Applying CVar settings from Section [/Script/Engine.StreamingSettings] File [C:/Users/roman/Documents/GitHub/Collapse/Saved/Config/Windows/Engine.ini]
[2020.12.04-21.37.46:026][  0]LogConfig: Setting CVar [[s.MinBulkDataSizeForAsyncLoading:131072]]
[2020.12.04-21.37.46:026][  0]LogConfig: Setting CVar [[s.AsyncLoadingThreadEnabled:0]]
[2020.12.04-21.37.46:026][  0]LogConfig: Setting CVar [[s.EventDrivenLoaderEnabled:1]]
[2020.12.04-21.37.46:026][  0]LogConfig: Setting CVar [[s.WarnIfTimeLimitExceeded:0]]
[2020.12.04-21.37.46:026][  0]LogConfig: Setting CVar [[s.TimeLimitExceededMultiplier:1.5]]
[2020.12.04-21.37.46:026][  0]LogConfig: Setting CVar [[s.TimeLimitExceededMinTime:0.005]]
[2020.12.04-21.37.46:026][  0]LogConfig: Setting CVar [[s.UseBackgroundLevelStreaming:1]]
[2020.12.04-21.37.46:026][  0]LogConfig: Setting CVar [[s.PriorityAsyncLoadingExtraTime:15.0]]
[2020.12.04-21.37.46:026][  0]LogConfig: Setting CVar [[s.LevelStreamingActorsUpdateTimeLimit:5.0]]
[2020.12.04-21.37.46:026][  0]LogConfig: Setting CVar [[s.PriorityLevelStreamingActorsUpdateExtraTime:5.0]]
[2020.12.04-21.37.46:026][  0]LogConfig: Setting CVar [[s.LevelStreamingComponentsRegistrationGranularity:10]]
[2020.12.04-21.37.46:026][  0]LogConfig: Setting CVar [[s.UnregisterComponentsTimeLimit:1.0]]
[2020.12.04-21.37.46:026][  0]LogConfig: Setting CVar [[s.LevelStreamingComponentsUnregistrationGranularity:5]]
[2020.12.04-21.37.46:027][  0]LogConfig: Setting CVar [[s.FlushStreamingOnExit:1]]
[2020.12.04-21.37.46:027][  0]LogConfig: Applying CVar settings from Section [/Script/Engine.GarbageCollectionSettings] File [C:/Users/roman/Documents/GitHub/Collapse/Saved/Config/Windows/Engine.ini]
[2020.12.04-21.37.46:027][  0]LogConfig: Setting CVar [[gc.MaxObjectsNotConsideredByGC:1]]
[2020.12.04-21.37.46:027][  0]LogConfig: Setting CVar [[gc.SizeOfPermanentObjectPool:0]]
[2020.12.04-21.37.46:027][  0]LogConfig: Setting CVar [[gc.FlushStreamingOnGC:0]]
[2020.12.04-21.37.46:027][  0]LogConfig: Setting CVar [[gc.NumRetriesBeforeForcingGC:10]]
[2020.12.04-21.37.46:027][  0]LogConfig: Setting CVar [[gc.AllowParallelGC:1]]
[2020.12.04-21.37.46:027][  0]LogConfig: Setting CVar [[gc.TimeBetweenPurgingPendingKillObjects:61.1]]
[2020.12.04-21.37.46:027][  0]LogConfig: Setting CVar [[gc.MaxObjectsInEditor:25165824]]
[2020.12.04-21.37.46:027][  0]LogConfig: Setting CVar [[gc.IncrementalBeginDestroyEnabled:1]]
[2020.12.04-21.37.46:027][  0]LogConfig: Setting CVar [[gc.CreateGCClusters:1]]
[2020.12.04-21.37.46:027][  0]LogConfig: Setting CVar [[gc.MinGCClusterSize:5]]
[2020.12.04-21.37.46:027][  0]LogConfig: Setting CVar [[gc.ActorClusteringEnabled:0]]
[2020.12.04-21.37.46:027][  0]LogConfig: Setting CVar [[gc.BlueprintClusteringEnabled:0]]
[2020.12.04-21.37.46:027][  0]LogConfig: Setting CVar [[gc.UseDisregardForGCOnDedicatedServers:0]]
[2020.12.04-21.37.46:027][  0]LogConfig: Applying CVar settings from Section [/Script/Engine.NetworkSettings] File [C:/Users/roman/Documents/GitHub/Collapse/Saved/Config/Windows/Engine.ini]
[2020.12.04-21.37.46:027][  0]LogConfig: Applying CVar settings from Section [/Script/UnrealEd.CookerSettings] File [C:/Users/roman/Documents/GitHub/Collapse/Saved/Config/Windows/Engine.ini]
[2020.12.04-21.37.46:030][  0]LogConfig: Applying CVar settings from Section [ViewDistanceQuality@3] File [C:/Users/roman/Documents/GitHub/Collapse/Saved/Config/Windows/Scalability.ini]
[2020.12.04-21.37.46:030][  0]LogConfig: Setting CVar [[r.SkeletalMeshLODBias:0]]
[2020.12.04-21.37.46:031][  0]LogConfig: Setting CVar [[r.ViewDistanceScale:1.0]]
[2020.12.04-21.37.46:031][  0]LogConfig: Applying CVar settings from Section [AntiAliasingQuality@3] File [C:/Users/roman/Documents/GitHub/Collapse/Saved/Config/Windows/Scalability.ini]
[2020.12.04-21.37.46:031][  0]LogConfig: Setting CVar [[r.PostProcessAAQuality:4]]
[2020.12.04-21.37.46:031][  0]LogConfig: Applying CVar settings from Section [ShadowQuality@3] File [C:/Users/roman/Documents/GitHub/Collapse/Saved/Config/Windows/Scalability.ini]
[2020.12.04-21.37.46:031][  0]LogConfig: Setting CVar [[r.LightFunctionQuality:1]]
[2020.12.04-21.37.46:031][  0]LogConfig: Setting CVar [[r.ShadowQuality:5]]
[2020.12.04-21.37.46:031][  0]LogConfig: Setting CVar [[r.Shadow.CSM.MaxCascades:10]]
[2020.12.04-21.37.46:031][  0]LogConfig: Setting CVar [[r.Shadow.MaxResolution:2048]]
[2020.12.04-21.37.46:031][  0]LogConfig: Setting CVar [[r.Shadow.MaxCSMResolution:2048]]
[2020.12.04-21.37.46:031][  0]LogConfig: Setting CVar [[r.Shadow.RadiusThreshold:0.01]]
[2020.12.04-21.37.46:031][  0]LogConfig: Setting CVar [[r.Shadow.DistanceScale:1.0]]
[2020.12.04-21.37.46:031][  0]LogConfig: Setting CVar [[r.Shadow.CSM.TransitionScale:1.0]]
[2020.12.04-21.37.46:031][  0]LogConfig: Setting CVar [[r.Shadow.PreShadowResolutionFactor:1.0]]
[2020.12.04-21.37.46:031][  0]LogConfig: Setting CVar [[r.DistanceFieldShadowing:1]]
[2020.12.04-21.37.46:031][  0]LogConfig: Setting CVar [[r.DistanceFieldAO:1]]
[2020.12.04-21.37.46:031][  0]LogConfig: Setting CVar [[r.AOQuality:2]]
[2020.12.04-21.37.46:031][  0]LogConfig: Setting CVar [[r.VolumetricFog:1]]
[2020.12.04-21.37.46:031][  0]LogConfig: Setting CVar [[r.VolumetricFog.GridPixelSize:8]]
[2020.12.04-21.37.46:031][  0]LogConfig: Setting CVar [[r.VolumetricFog.GridSizeZ:128]]
[2020.12.04-21.37.46:031][  0]LogConfig: Setting CVar [[r.VolumetricFog.HistoryMissSupersampleCount:4]]
[2020.12.04-21.37.46:031][  0]LogConfig: Setting CVar [[r.LightMaxDrawDistanceScale:1]]
[2020.12.04-21.37.46:031][  0]LogConfig: Setting CVar [[r.CapsuleShadows:1]]
[2020.12.04-21.37.46:031][  0]LogConfig: Applying CVar settings from Section [PostProcessQuality@3] File [C:/Users/roman/Documents/GitHub/Collapse/Saved/Config/Windows/Scalability.ini]
[2020.12.04-21.37.46:031][  0]LogConfig: Setting CVar [[r.MotionBlurQuality:4]]
[2020.12.04-21.37.46:031][  0]LogConfig: Setting CVar [[r.AmbientOcclusionMipLevelFactor:0.4]]
[2020.12.04-21.37.46:031][  0]LogConfig: Setting CVar [[r.AmbientOcclusionMaxQuality:100]]
[2020.12.04-21.37.46:031][  0]LogConfig: Setting CVar [[r.AmbientOcclusionLevels:-1]]
[2020.12.04-21.37.46:031][  0]LogConfig: Setting CVar [[r.AmbientOcclusionRadiusScale:1.0]]
[2020.12.04-21.37.46:031][  0]LogConfig: Setting CVar [[r.DepthOfFieldQuality:2]]
[2020.12.04-21.37.46:031][  0]LogConfig: Setting CVar [[r.RenderTargetPoolMin:400]]
[2020.12.04-21.37.46:031][  0]LogConfig: Setting CVar [[r.LensFlareQuality:2]]
[2020.12.04-21.37.46:031][  0]LogConfig: Setting CVar [[r.SceneColorFringeQuality:1]]
[2020.12.04-21.37.46:031][  0]LogConfig: Setting CVar [[r.EyeAdaptationQuality:2]]
[2020.12.04-21.37.46:031][  0]LogConfig: Setting CVar [[r.BloomQuality:5]]
[2020.12.04-21.37.46:031][  0]LogConfig: Setting CVar [[r.FastBlurThreshold:100]]
[2020.12.04-21.37.46:031][  0]LogConfig: Setting CVar [[r.Upscale.Quality:3]]
[2020.12.04-21.37.46:031][  0]LogConfig: Setting CVar [[r.Tonemapper.GrainQuantization:1]]
[2020.12.04-21.37.46:031][  0]LogConfig: Setting CVar [[r.LightShaftQuality:1]]
[2020.12.04-21.37.46:031][  0]LogConfig: Setting CVar [[r.Filter.SizeScale:1]]
[2020.12.04-21.37.46:031][  0]LogConfig: Setting CVar [[r.Tonemapper.Quality:5]]
[2020.12.04-21.37.46:031][  0]LogConfig: Setting CVar [[r.DOF.Gather.AccumulatorQuality:1        ; higher gathering accumulator quality]]
[2020.12.04-21.37.46:031][  0]LogConfig: Setting CVar [[r.DOF.Gather.PostfilterMethod:1          ; Median3x3 postfilering method]]
[2020.12.04-21.37.46:031][  0]LogConfig: Setting CVar [[r.DOF.Gather.EnableBokehSettings:0       ; no bokeh simulation when gathering]]
[2020.12.04-21.37.46:031][  0]LogConfig: Setting CVar [[r.DOF.Gather.RingCount:4                 ; medium number of samples when gathering]]
[2020.12.04-21.37.46:032][  0]LogConfig: Setting CVar [[r.DOF.Scatter.ForegroundCompositing:1    ; additive foreground scattering]]
[2020.12.04-21.37.46:032][  0]LogConfig: Setting CVar [[r.DOF.Scatter.BackgroundCompositing:2    ; additive background scattering]]
[2020.12.04-21.37.46:032][  0]LogConfig: Setting CVar [[r.DOF.Scatter.EnableBokehSettings:1      ; bokeh simulation when scattering]]
[2020.12.04-21.37.46:032][  0]LogConfig: Setting CVar [[r.DOF.Scatter.MaxSpriteRatio:0.1         ; only a maximum of 10% of scattered bokeh]]
[2020.12.04-21.37.46:032][  0]LogConfig: Setting CVar [[r.DOF.Recombine.Quality:1                ; cheap slight out of focus]]
[2020.12.04-21.37.46:032][  0]LogConfig: Setting CVar [[r.DOF.Recombine.EnableBokehSettings:0    ; no bokeh simulation on slight out of focus]]
[2020.12.04-21.37.46:032][  0]LogConfig: Setting CVar [[r.DOF.TemporalAAQuality:1                ; more stable temporal accumulation]]
[2020.12.04-21.37.46:032][  0]LogConfig: Setting CVar [[r.DOF.Kernel.MaxForegroundRadius:0.025]]
[2020.12.04-21.37.46:032][  0]LogConfig: Setting CVar [[r.DOF.Kernel.MaxBackgroundRadius:0.025]]
[2020.12.04-21.37.46:032][  0]LogConfig: Applying CVar settings from Section [TextureQuality@3] File [C:/Users/roman/Documents/GitHub/Collapse/Saved/Config/Windows/Scalability.ini]
[2020.12.04-21.37.46:032][  0]LogConfig: Setting CVar [[r.Streaming.MipBias:0]]
[2020.12.04-21.37.46:032][  0]LogConfig: Setting CVar [[r.Streaming.AmortizeCPUToGPUCopy:0]]
[2020.12.04-21.37.46:032][  0]LogConfig: Setting CVar [[r.Streaming.MaxNumTexturesToStreamPerFrame:0]]
[2020.12.04-21.37.46:032][  0]LogConfig: Setting CVar [[r.Streaming.Boost:1]]
[2020.12.04-21.37.46:032][  0]LogConfig: Setting CVar [[r.MaxAnisotropy:8]]
[2020.12.04-21.37.46:032][  0]LogConfig: Setting CVar [[r.VT.MaxAnisotropy:8]]
[2020.12.04-21.37.46:032][  0]LogConfig: Setting CVar [[r.Streaming.LimitPoolSizeToVRAM:0]]
[2020.12.04-21.37.46:032][  0]LogConfig: Setting CVar [[r.Streaming.PoolSize:1000]]
[2020.12.04-21.37.46:032][  0]LogConfig: Setting CVar [[r.Streaming.MaxEffectiveScreenSize:0]]
[2020.12.04-21.37.46:032][  0]LogConfig: Applying CVar settings from Section [EffectsQuality@3] File [C:/Users/roman/Documents/GitHub/Collapse/Saved/Config/Windows/Scalability.ini]
[2020.12.04-21.37.46:032][  0]LogConfig: Setting CVar [[r.TranslucencyLightingVolumeDim:64]]
[2020.12.04-21.37.46:032][  0]LogConfig: Setting CVar [[r.RefractionQuality:2]]
[2020.12.04-21.37.46:032][  0]LogConfig: Setting CVar [[r.SSR.Quality:3]]
[2020.12.04-21.37.46:032][  0]LogConfig: Setting CVar [[r.SSR.HalfResSceneColor:0]]
[2020.12.04-21.37.46:032][  0]LogConfig: Setting CVar [[r.SceneColorFormat:4]]
[2020.12.04-21.37.46:032][  0]LogConfig: Setting CVar [[r.DetailMode:2]]
[2020.12.04-21.37.46:032][  0]LogConfig: Setting CVar [[r.TranslucencyVolumeBlur:1]]
[2020.12.04-21.37.46:032][  0]LogConfig: Setting CVar [[r.MaterialQualityLevel:1 ; High quality]]
[2020.12.04-21.37.46:032][  0]LogConfig: Setting CVar [[r.SSS.Scale:1]]
[2020.12.04-21.37.46:032][  0]LogConfig: Setting CVar [[r.SSS.SampleSet:2]]
[2020.12.04-21.37.46:032][  0]LogConfig: Setting CVar [[r.SSS.Quality:1]]
[2020.12.04-21.37.46:032][  0]LogConfig: Setting CVar [[r.SSS.HalfRes:0]]
[2020.12.04-21.37.46:032][  0]LogConfig: Setting CVar [[r.SSGI.Quality:3]]
[2020.12.04-21.37.46:032][  0]LogConfig: Setting CVar [[r.EmitterSpawnRateScale:1.0]]
[2020.12.04-21.37.46:032][  0]LogConfig: Setting CVar [[r.ParticleLightQuality:2]]
[2020.12.04-21.37.46:032][  0]LogConfig: Setting CVar [[r.SkyAtmosphere.AerialPerspectiveLUT.FastApplyOnOpaque:1 ; Always have FastSkyLUT 1 in this case to avoid wrong sky]]
[2020.12.04-21.37.46:032][  0]LogConfig: Setting CVar [[r.SkyAtmosphere.AerialPerspectiveLUT.SampleCountPerSlice:1]]
[2020.12.04-21.37.46:032][  0]LogConfig: Setting CVar [[r.SkyAtmosphere.AerialPerspectiveLUT.DepthResolution:16.0]]
[2020.12.04-21.37.46:032][  0]LogConfig: Setting CVar [[r.SkyAtmosphere.FastSkyLUT:1]]
[2020.12.04-21.37.46:033][  0]LogConfig: Setting CVar [[r.SkyAtmosphere.FastSkyLUT.SampleCountMin:4.0]]
[2020.12.04-21.37.46:033][  0]LogConfig: Setting CVar [[r.SkyAtmosphere.FastSkyLUT.SampleCountMax:32.0]]
[2020.12.04-21.37.46:033][  0]LogConfig: Setting CVar [[r.SkyAtmosphere.SampleCountMin:4.0]]
[2020.12.04-21.37.46:033][  0]LogConfig: Setting CVar [[r.SkyAtmosphere.SampleCountMax:32.0]]
[2020.12.04-21.37.46:033][  0]LogConfig: Setting CVar [[r.SkyAtmosphere.TransmittanceLUT.UseSmallFormat:0]]
[2020.12.04-21.37.46:033][  0]LogConfig: Setting CVar [[r.SkyAtmosphere.TransmittanceLUT.SampleCount:10.0]]
[2020.12.04-21.37.46:033][  0]LogConfig: Setting CVar [[r.SkyAtmosphere.MultiScatteringLUT.SampleCount:15.0]]
[2020.12.04-21.37.46:033][  0]LogConfig: Applying CVar settings from Section [FoliageQuality@3] File [C:/Users/roman/Documents/GitHub/Collapse/Saved/Config/Windows/Scalability.ini]
[2020.12.04-21.37.46:033][  0]LogConfig: Setting CVar [[foliage.DensityScale:1.0]]
[2020.12.04-21.37.46:033][  0]LogConfig: Setting CVar [[grass.DensityScale:1.0]]
[2020.12.04-21.37.46:033][  0]LogConfig: Applying CVar settings from Section [ShadingQuality@3] File [C:/Users/roman/Documents/GitHub/Collapse/Saved/Config/Windows/Scalability.ini]
[2020.12.04-21.37.46:033][  0]LogConfig: Setting CVar [[r.HairStrands.SkyLighting.SampleCount:16]]
[2020.12.04-21.37.46:033][  0]LogConfig: Setting CVar [[r.HairStrands.SkyLighting.JitterIntegration:0]]
[2020.12.04-21.37.46:033][  0]LogConfig: Setting CVar [[r.HairStrands.SkyAO.SampleCount:16]]
[2020.12.04-21.37.46:033][  0]LogConfig: Setting CVar [[r.HairStrands.DeepShadow.SuperSampling:0]]
[2020.12.04-21.37.46:033][  0]LogConfig: Setting CVar [[r.HairStrands.VisibilityPPLL:0]]
[2020.12.04-21.37.46:033][  0]LogConfig: Setting CVar [[r.HairStrands.RasterizationScale:0.5]]
[2020.12.04-21.37.46:033][  0]LogConfig: Setting CVar [[r.HairStrands.VelocityRasterizationScale:1]]
[2020.12.04-21.37.46:033][  0]LogInit: Selected Device Profile: [Windows]
[2020.12.04-21.37.46:033][  0]LogInit: Applying CVar settings loaded from the selected device profile: [Windows]
[2020.12.04-21.37.46:033][  0]LogHAL: Display: Platform has ~ 8 GB [8419069952 / 8589934592 / 8], which maps to Default [LargestMinGB=32, LargerMinGB=12, DefaultMinGB=8, SmallerMinGB=6, SmallestMinGB=0)
[2020.12.04-21.37.46:033][  0]LogInit: Going up to parent DeviceProfile []
[2020.12.04-21.37.46:033][  0]LogConfig: Applying CVar settings from Section [ViewDistanceQuality@3] File [C:/Users/roman/Documents/GitHub/Collapse/Saved/Config/Windows/Scalability.ini]
[2020.12.04-21.37.46:033][  0]LogConfig: Setting CVar [[r.SkeletalMeshLODBias:0]]
[2020.12.04-21.37.46:034][  0]LogConfig: Setting CVar [[r.ViewDistanceScale:1.0]]
[2020.12.04-21.37.46:034][  0]LogConfig: Applying CVar settings from Section [AntiAliasingQuality@3] File [C:/Users/roman/Documents/GitHub/Collapse/Saved/Config/Windows/Scalability.ini]
[2020.12.04-21.37.46:034][  0]LogConfig: Setting CVar [[r.PostProcessAAQuality:4]]
[2020.12.04-21.37.46:034][  0]LogConfig: Applying CVar settings from Section [ShadowQuality@3] File [C:/Users/roman/Documents/GitHub/Collapse/Saved/Config/Windows/Scalability.ini]
[2020.12.04-21.37.46:034][  0]LogConfig: Setting CVar [[r.LightFunctionQuality:1]]
[2020.12.04-21.37.46:034][  0]LogConfig: Setting CVar [[r.ShadowQuality:5]]
[2020.12.04-21.37.46:034][  0]LogConfig: Setting CVar [[r.Shadow.CSM.MaxCascades:10]]
[2020.12.04-21.37.46:034][  0]LogConfig: Setting CVar [[r.Shadow.MaxResolution:2048]]
[2020.12.04-21.37.46:034][  0]LogConfig: Setting CVar [[r.Shadow.MaxCSMResolution:2048]]
[2020.12.04-21.37.46:034][  0]LogConfig: Setting CVar [[r.Shadow.RadiusThreshold:0.01]]
[2020.12.04-21.37.46:034][  0]LogConfig: Setting CVar [[r.Shadow.DistanceScale:1.0]]
[2020.12.04-21.37.46:034][  0]LogConfig: Setting CVar [[r.Shadow.CSM.TransitionScale:1.0]]
[2020.12.04-21.37.46:034][  0]LogConfig: Setting CVar [[r.Shadow.PreShadowResolutionFactor:1.0]]
[2020.12.04-21.37.46:034][  0]LogConfig: Setting CVar [[r.DistanceFieldShadowing:1]]
[2020.12.04-21.37.46:034][  0]LogConfig: Setting CVar [[r.DistanceFieldAO:1]]
[2020.12.04-21.37.46:034][  0]LogConfig: Setting CVar [[r.AOQuality:2]]
[2020.12.04-21.37.46:034][  0]LogConfig: Setting CVar [[r.VolumetricFog:1]]
[2020.12.04-21.37.46:034][  0]LogConfig: Setting CVar [[r.VolumetricFog.GridPixelSize:8]]
[2020.12.04-21.37.46:034][  0]LogConfig: Setting CVar [[r.VolumetricFog.GridSizeZ:128]]
[2020.12.04-21.37.46:034][  0]LogConfig: Setting CVar [[r.VolumetricFog.HistoryMissSupersampleCount:4]]
[2020.12.04-21.37.46:034][  0]LogConfig: Setting CVar [[r.LightMaxDrawDistanceScale:1]]
[2020.12.04-21.37.46:034][  0]LogConfig: Setting CVar [[r.CapsuleShadows:1]]
[2020.12.04-21.37.46:035][  0]LogConfig: Applying CVar settings from Section [PostProcessQuality@3] File [C:/Users/roman/Documents/GitHub/Collapse/Saved/Config/Windows/Scalability.ini]
[2020.12.04-21.37.46:035][  0]LogConfig: Setting CVar [[r.MotionBlurQuality:4]]
[2020.12.04-21.37.46:035][  0]LogConfig: Setting CVar [[r.AmbientOcclusionMipLevelFactor:0.4]]
[2020.12.04-21.37.46:035][  0]LogConfig: Setting CVar [[r.AmbientOcclusionMaxQuality:100]]
[2020.12.04-21.37.46:035][  0]LogConfig: Setting CVar [[r.AmbientOcclusionLevels:-1]]
[2020.12.04-21.37.46:035][  0]LogConfig: Setting CVar [[r.AmbientOcclusionRadiusScale:1.0]]
[2020.12.04-21.37.46:035][  0]LogConfig: Setting CVar [[r.DepthOfFieldQuality:2]]
[2020.12.04-21.37.46:035][  0]LogConfig: Setting CVar [[r.RenderTargetPoolMin:400]]
[2020.12.04-21.37.46:035][  0]LogConfig: Setting CVar [[r.LensFlareQuality:2]]
[2020.12.04-21.37.46:035][  0]LogConfig: Setting CVar [[r.SceneColorFringeQuality:1]]
[2020.12.04-21.37.46:035][  0]LogConfig: Setting CVar [[r.EyeAdaptationQuality:2]]
[2020.12.04-21.37.46:035][  0]LogConfig: Setting CVar [[r.BloomQuality:5]]
[2020.12.04-21.37.46:035][  0]LogConfig: Setting CVar [[r.FastBlurThreshold:100]]
[2020.12.04-21.37.46:035][  0]LogConfig: Setting CVar [[r.Upscale.Quality:3]]
[2020.12.04-21.37.46:035][  0]LogConfig: Setting CVar [[r.Tonemapper.GrainQuantization:1]]
[2020.12.04-21.37.46:035][  0]LogConfig: Setting CVar [[r.LightShaftQuality:1]]
[2020.12.04-21.37.46:035][  0]LogConfig: Setting CVar [[r.Filter.SizeScale:1]]
[2020.12.04-21.37.46:035][  0]LogConfig: Setting CVar [[r.Tonemapper.Quality:5]]
[2020.12.04-21.37.46:035][  0]LogConfig: Setting CVar [[r.DOF.Gather.AccumulatorQuality:1        ; higher gathering accumulator quality]]
[2020.12.04-21.37.46:035][  0]LogConfig: Setting CVar [[r.DOF.Gather.PostfilterMethod:1          ; Median3x3 postfilering method]]
[2020.12.04-21.37.46:035][  0]LogConfig: Setting CVar [[r.DOF.Gather.EnableBokehSettings:0       ; no bokeh simulation when gathering]]
[2020.12.04-21.37.46:035][  0]LogConfig: Setting CVar [[r.DOF.Gather.RingCount:4                 ; medium number of samples when gathering]]
[2020.12.04-21.37.46:035][  0]LogConfig: Setting CVar [[r.DOF.Scatter.ForegroundCompositing:1    ; additive foreground scattering]]
[2020.12.04-21.37.46:035][  0]LogConfig: Setting CVar [[r.DOF.Scatter.BackgroundCompositing:2    ; additive background scattering]]
[2020.12.04-21.37.46:035][  0]LogConfig: Setting CVar [[r.DOF.Scatter.EnableBokehSettings:1      ; bokeh simulation when scattering]]
[2020.12.04-21.37.46:035][  0]LogConfig: Setting CVar [[r.DOF.Scatter.MaxSpriteRatio:0.1         ; only a maximum of 10% of scattered bokeh]]
[2020.12.04-21.37.46:035][  0]LogConfig: Setting CVar [[r.DOF.Recombine.Quality:1                ; cheap slight out of focus]]
[2020.12.04-21.37.46:035][  0]LogConfig: Setting CVar [[r.DOF.Recombine.EnableBokehSettings:0    ; no bokeh simulation on slight out of focus]]
[2020.12.04-21.37.46:035][  0]LogConfig: Setting CVar [[r.DOF.TemporalAAQuality:1                ; more stable temporal accumulation]]
[2020.12.04-21.37.46:035][  0]LogConfig: Setting CVar [[r.DOF.Kernel.MaxForegroundRadius:0.025]]
[2020.12.04-21.37.46:035][  0]LogConfig: Setting CVar [[r.DOF.Kernel.MaxBackgroundRadius:0.025]]
[2020.12.04-21.37.46:035][  0]LogConfig: Applying CVar settings from Section [TextureQuality@3] File [C:/Users/roman/Documents/GitHub/Collapse/Saved/Config/Windows/Scalability.ini]
[2020.12.04-21.37.46:036][  0]LogConfig: Setting CVar [[r.Streaming.MipBias:0]]
[2020.12.04-21.37.46:036][  0]LogConfig: Setting CVar [[r.Streaming.AmortizeCPUToGPUCopy:0]]
[2020.12.04-21.37.46:036][  0]LogConfig: Setting CVar [[r.Streaming.MaxNumTexturesToStreamPerFrame:0]]
[2020.12.04-21.37.46:036][  0]LogConfig: Setting CVar [[r.Streaming.Boost:1]]
[2020.12.04-21.37.46:036][  0]LogConfig: Setting CVar [[r.MaxAnisotropy:8]]
[2020.12.04-21.37.46:036][  0]LogConfig: Setting CVar [[r.VT.MaxAnisotropy:8]]
[2020.12.04-21.37.46:036][  0]LogConfig: Setting CVar [[r.Streaming.LimitPoolSizeToVRAM:0]]
[2020.12.04-21.37.46:036][  0]LogConfig: Setting CVar [[r.Streaming.PoolSize:1000]]
[2020.12.04-21.37.46:036][  0]LogConfig: Setting CVar [[r.Streaming.MaxEffectiveScreenSize:0]]
[2020.12.04-21.37.46:036][  0]LogConfig: Applying CVar settings from Section [EffectsQuality@3] File [C:/Users/roman/Documents/GitHub/Collapse/Saved/Config/Windows/Scalability.ini]
[2020.12.04-21.37.46:036][  0]LogConfig: Setting CVar [[r.TranslucencyLightingVolumeDim:64]]
[2020.12.04-21.37.46:036][  0]LogConfig: Setting CVar [[r.RefractionQuality:2]]
[2020.12.04-21.37.46:036][  0]LogConfig: Setting CVar [[r.SSR.Quality:3]]
[2020.12.04-21.37.46:036][  0]LogConfig: Setting CVar [[r.SSR.HalfResSceneColor:0]]
[2020.12.04-21.37.46:036][  0]LogConfig: Setting CVar [[r.SceneColorFormat:4]]
[2020.12.04-21.37.46:036][  0]LogConfig: Setting CVar [[r.DetailMode:2]]
[2020.12.04-21.37.46:036][  0]LogConfig: Setting CVar [[r.TranslucencyVolumeBlur:1]]
[2020.12.04-21.37.46:036][  0]LogConfig: Setting CVar [[r.MaterialQualityLevel:1 ; High quality]]
[2020.12.04-21.37.46:036][  0]LogConfig: Setting CVar [[r.SSS.Scale:1]]
[2020.12.04-21.37.46:036][  0]LogConfig: Setting CVar [[r.SSS.SampleSet:2]]
[2020.12.04-21.37.46:036][  0]LogConfig: Setting CVar [[r.SSS.Quality:1]]
[2020.12.04-21.37.46:036][  0]LogConfig: Setting CVar [[r.SSS.HalfRes:0]]
[2020.12.04-21.37.46:036][  0]LogConfig: Setting CVar [[r.SSGI.Quality:3]]
[2020.12.04-21.37.46:036][  0]LogConfig: Setting CVar [[r.EmitterSpawnRateScale:1.0]]
[2020.12.04-21.37.46:036][  0]LogConfig: Setting CVar [[r.ParticleLightQuality:2]]
[2020.12.04-21.37.46:036][  0]LogConfig: Setting CVar [[r.SkyAtmosphere.AerialPerspectiveLUT.FastApplyOnOpaque:1 ; Always have FastSkyLUT 1 in this case to avoid wrong sky]]
[2020.12.04-21.37.46:036][  0]LogConfig: Setting CVar [[r.SkyAtmosphere.AerialPerspectiveLUT.SampleCountPerSlice:1]]
[2020.12.04-21.37.46:036][  0]LogConfig: Setting CVar [[r.SkyAtmosphere.AerialPerspectiveLUT.DepthResolution:16.0]]
[2020.12.04-21.37.46:036][  0]LogConfig: Setting CVar [[r.SkyAtmosphere.FastSkyLUT:1]]
[2020.12.04-21.37.46:036][  0]LogConfig: Setting CVar [[r.SkyAtmosphere.FastSkyLUT.SampleCountMin:4.0]]
[2020.12.04-21.37.46:036][  0]LogConfig: Setting CVar [[r.SkyAtmosphere.FastSkyLUT.SampleCountMax:32.0]]
[2020.12.04-21.37.46:036][  0]LogConfig: Setting CVar [[r.SkyAtmosphere.SampleCountMin:4.0]]
[2020.12.04-21.37.46:036][  0]LogConfig: Setting CVar [[r.SkyAtmosphere.SampleCountMax:32.0]]
[2020.12.04-21.37.46:036][  0]LogConfig: Setting CVar [[r.SkyAtmosphere.TransmittanceLUT.UseSmallFormat:0]]
[2020.12.04-21.37.46:036][  0]LogConfig: Setting CVar [[r.SkyAtmosphere.TransmittanceLUT.SampleCount:10.0]]
[2020.12.04-21.37.46:036][  0]LogConfig: Setting CVar [[r.SkyAtmosphere.MultiScatteringLUT.SampleCount:15.0]]
[2020.12.04-21.37.46:036][  0]LogConfig: Applying CVar settings from Section [FoliageQuality@3] File [C:/Users/roman/Documents/GitHub/Collapse/Saved/Config/Windows/Scalability.ini]
[2020.12.04-21.37.46:036][  0]LogConfig: Setting CVar [[foliage.DensityScale:1.0]]
[2020.12.04-21.37.46:036][  0]LogConfig: Setting CVar [[grass.DensityScale:1.0]]
[2020.12.04-21.37.46:036][  0]LogConfig: Applying CVar settings from Section [ShadingQuality@3] File [C:/Users/roman/Documents/GitHub/Collapse/Saved/Config/Windows/Scalability.ini]
[2020.12.04-21.37.46:036][  0]LogConfig: Setting CVar [[r.HairStrands.SkyLighting.SampleCount:16]]
[2020.12.04-21.37.46:037][  0]LogConfig: Setting CVar [[r.HairStrands.SkyLighting.JitterIntegration:0]]
[2020.12.04-21.37.46:037][  0]LogConfig: Setting CVar [[r.HairStrands.SkyAO.SampleCount:16]]
[2020.12.04-21.37.46:037][  0]LogConfig: Setting CVar [[r.HairStrands.DeepShadow.SuperSampling:0]]
[2020.12.04-21.37.46:037][  0]LogConfig: Setting CVar [[r.HairStrands.VisibilityPPLL:0]]
[2020.12.04-21.37.46:037][  0]LogConfig: Setting CVar [[r.HairStrands.RasterizationScale:0.5]]
[2020.12.04-21.37.46:037][  0]LogConfig: Setting CVar [[r.HairStrands.VelocityRasterizationScale:1]]
[2020.12.04-21.37.46:037][  0]LogConfig: Applying CVar settings from Section [Startup] File [../../../Engine/Config/ConsoleVariables.ini]
[2020.12.04-21.37.46:037][  0]LogConfig: Setting CVar [[net.UseAdaptiveNetUpdateFrequency:0]]
[2020.12.04-21.37.46:037][  0]LogConfig: Setting CVar [[p.chaos.AllowCreatePhysxBodies:1]]
[2020.12.04-21.37.46:037][  0]LogConfig: Setting CVar [[fx.SkipVectorVMBackendOptimizations:1]]
[2020.12.04-21.37.46:037][  0]LogConfig: Applying CVar settings from Section [ConsoleVariables] File [C:/Users/roman/Documents/GitHub/Collapse/Saved/Config/Windows/Engine.ini]
[2020.12.04-21.37.46:037][  0]LogInit: Computer: DESKTOP-GE6EI2B
[2020.12.04-21.37.46:037][  0]LogInit: User: roman
[2020.12.04-21.37.46:037][  0]LogInit: CPU Page size=4096, Cores=6
[2020.12.04-21.37.46:037][  0]LogInit: High frequency timer resolution =10.000000 MHz
[2020.12.04-21.37.46:038][  0]LogMemory: Memory total: Physical=7.8GB (8GB approx)
[2020.12.04-21.37.46:038][  0]LogMemory: Platform Memory Stats for Windows
[2020.12.04-21.37.46:038][  0]LogMemory: Process Physical Memory: 115.93 MB used, 115.94 MB peak
[2020.12.04-21.37.46:038][  0]LogMemory: Process Virtual Memory: 97.31 MB used, 97.31 MB peak
[2020.12.04-21.37.46:038][  0]LogMemory: Physical Memory: 4446.61 MB used,  3582.45 MB free, 8029.05 MB total
[2020.12.04-21.37.46:038][  0]LogMemory: Virtual Memory: 5166.69 MB used,  134212560.00 MB free, 134217728.00 MB total
[2020.12.04-21.37.46:048][  0]LogWindows: WindowsPlatformFeatures enabled
[2020.12.04-21.37.46:136][  0]LogInit: Physics initialised using underlying interface: PhysX
[2020.12.04-21.37.46:143][  0]LogInit: Using OS detected language (ru-RU).
[2020.12.04-21.37.46:143][  0]LogInit: Using OS detected locale (ru-RU).
[2020.12.04-21.37.46:156][  0]LogTextLocalizationManager: No specific localization for 'ru-RU' exists, so the 'ru' localization will be used.
[2020.12.04-21.37.46:156][  0]LogTextLocalizationResource: LocRes '../../../Engine/Content/Localization/Editor/ru/Editor.locres' could not be opened for reading!
[2020.12.04-21.37.46:156][  0]LogTextLocalizationResource: LocRes '../../../Engine/Content/Localization/EditorTutorials/ru/EditorTutorials.locres' could not be opened for reading!
[2020.12.04-21.37.46:157][  0]LogTextLocalizationResource: LocRes '../../../Engine/Content/Localization/Keywords/ru/Keywords.locres' could not be opened for reading!
[2020.12.04-21.37.46:157][  0]LogTextLocalizationResource: LocRes '../../../Engine/Content/Localization/Category/ru/Category.locres' could not be opened for reading!
[2020.12.04-21.37.46:157][  0]LogTextLocalizationResource: LocRes '../../../Engine/Content/Localization/ToolTips/ru/ToolTips.locres' could not be opened for reading!
[2020.12.04-21.37.46:157][  0]LogTextLocalizationResource: LocRes '../../../Engine/Content/Localization/PropertyNames/ru/PropertyNames.locres' could not be opened for reading!
[2020.12.04-21.37.46:157][  0]LogTextLocalizationResource: LocRes '../../../Engine/Content/Localization/Engine/ru/Engine.locres' could not be opened for reading!
[2020.12.04-21.37.46:160][  0]LogInit: Setting process to per monitor DPI aware
[2020.12.04-21.37.46:230][  0]LogSlate: New Slate User Created.  User Index 0, Is Virtual User: 0
[2020.12.04-21.37.46:230][  0]LogSlate: Slate User Registered.  User Index 0, Is Virtual User: 0
[2020.12.04-21.37.46:756][  0]LogHMD: Failed to initialize OpenVR with code 110
[2020.12.04-21.37.46:756][  0]LogD3D11RHI: D3D11 min allowed feature level: 11_0
[2020.12.04-21.37.46:756][  0]LogD3D11RHI: D3D11 max allowed feature level: 11_0
[2020.12.04-21.37.46:756][  0]LogD3D11RHI: D3D11 adapters:
[2020.12.04-21.37.46:913][  0]LogD3D11RHI:    0. 'NVIDIA GeForce GTX 1650 Ti' (Feature Level 11_0)
[2020.12.04-21.37.46:914][  0]LogD3D11RHI:       3962/0/4014 MB DedicatedVideo/DedicatedSystem/SharedSystem, Outputs:1, VendorId:0x10de
[2020.12.04-21.37.46:979][  0]LogD3D11RHI:    1. 'Intel(R) UHD Graphics 630' (Feature Level 11_0)
[2020.12.04-21.37.46:979][  0]LogD3D11RHI:       128/0/4014 MB DedicatedVideo/DedicatedSystem/SharedSystem, Outputs:0, VendorId:0x8086
[2020.12.04-21.37.46:982][  0]LogD3D11RHI:    2. 'Microsoft Basic Render Driver' (Feature Level 11_0)
[2020.12.04-21.37.46:982][  0]LogD3D11RHI:       0/0/4014 MB DedicatedVideo/DedicatedSystem/SharedSystem, Outputs:0, VendorId:0x1414
[2020.12.04-21.37.46:982][  0]LogD3D11RHI: Chosen D3D11 Adapter: 0
[2020.12.04-21.37.47:060][  0]LogD3D11RHI: Creating new Direct3DDevice
[2020.12.04-21.37.47:060][  0]LogD3D11RHI:     GPU DeviceId: 0x1f95 (for the marketing name, search the web for "GPU Device Id")
[2020.12.04-21.37.47:060][  0]LogWindows: EnumDisplayDevices:
[2020.12.04-21.37.47:061][  0]LogWindows:    0. 'Intel(R) UHD Graphics 630' (P:1 D:1)
[2020.12.04-21.37.47:061][  0]LogWindows:    1. 'Intel(R) UHD Graphics 630' (P:0 D:0)
[2020.12.04-21.37.47:062][  0]LogWindows:    2. 'Intel(R) UHD Graphics 630' (P:0 D:0)
[2020.12.04-21.37.47:062][  0]LogWindows:    3. 'NVIDIA GeForce GTX 1650 Ti' (P:0 D:0)
[2020.12.04-21.37.47:063][  0]LogWindows: DebugString: PrimaryIsNotTheChoosenAdapter PrimaryIsNotTheChoosenAdapter PrimaryIsNotTheChoosenAdapter 
[2020.12.04-21.37.47:063][  0]LogD3D11RHI:     Adapter Name: NVIDIA GeForce GTX 1650 Ti
[2020.12.04-21.37.47:063][  0]LogD3D11RHI:   Driver Version: 452.06 (internal:27.21.14.5206, unified:452.06)
[2020.12.04-21.37.47:063][  0]LogD3D11RHI:      Driver Date: 8-12-2020
[2020.12.04-21.37.47:063][  0]LogRHI: Texture pool is 2773 MB (70% of 3962 MB)
[2020.12.04-21.37.47:163][  0]LogD3D11RHI: RHI has support for 64 bit atomics
[2020.12.04-21.37.47:164][  0]LogD3D11RHI: Async texture creation enabled
[2020.12.04-21.37.47:164][  0]LogD3D11RHI: Array index from any shader is supported
[2020.12.04-21.37.47:210][  0]LogD3D11RHI: GPU Timing Frequency: 1000.000000 (Debug: 2 1)
[2020.12.04-21.37.47:817][  0]LogTargetPlatformManager: Display: Loaded TargetPlatform 'AllDesktop'
[2020.12.04-21.37.47:857][  0]LogTargetPlatformManager: Display: Loaded TargetPlatform 'Android'
[2020.12.04-21.37.47:857][  0]LogTargetPlatformManager: Display: Loaded TargetPlatform 'Android_ASTC'
[2020.12.04-21.37.47:857][  0]LogTargetPlatformManager: Display: Loaded TargetPlatform 'Android_DXT'
[2020.12.04-21.37.47:857][  0]LogTargetPlatformManager: Display: Loaded TargetPlatform 'Android_ETC2'
[2020.12.04-21.37.47:857][  0]LogTargetPlatformManager: Display: Loaded TargetPlatform 'AndroidClient'
[2020.12.04-21.37.47:857][  0]LogTargetPlatformManager: Display: Loaded TargetPlatform 'Android_ASTCClient'
[2020.12.04-21.37.47:857][  0]LogTargetPlatformManager: Display: Loaded TargetPlatform 'Android_DXTClient'
[2020.12.04-21.37.47:857][  0]LogTargetPlatformManager: Display: Loaded TargetPlatform 'Android_ETC2Client'
[2020.12.04-21.37.47:857][  0]LogTargetPlatformManager: Display: Loaded TargetPlatform 'Android_Multi'
[2020.12.04-21.37.47:857][  0]LogTargetPlatformManager: Display: Loaded TargetPlatform 'Android_MultiClient'
[2020.12.04-21.37.47:904][  0]LogTargetPlatformManager: Display: Loaded TargetPlatform 'IOSClient'
[2020.12.04-21.37.47:904][  0]LogTargetPlatformManager: Display: Loaded TargetPlatform 'IOS'
[2020.12.04-21.37.47:924][  0]LogTargetPlatformManager: Display: Loaded TargetPlatform 'Linux'
[2020.12.04-21.37.47:942][  0]LogTargetPlatformManager: Display: Loaded TargetPlatform 'LinuxNoEditor'
[2020.12.04-21.37.47:961][  0]LogTargetPlatformManager: Display: Loaded TargetPlatform 'LinuxClient'
[2020.12.04-21.37.47:979][  0]LogTargetPlatformManager: Display: Loaded TargetPlatform 'LinuxServer'
[2020.12.04-21.37.47:996][  0]LogTargetPlatformManager: Display: Loaded TargetPlatform 'LinuxAArch64NoEditor'
[2020.12.04-21.37.48:013][  0]LogTargetPlatformManager: Display: Loaded TargetPlatform 'LinuxAArch64Client'
[2020.12.04-21.37.48:031][  0]LogTargetPlatformManager: Display: Loaded TargetPlatform 'LinuxAArch64Server'
[2020.12.04-21.37.48:083][  0]LogTargetPlatformManager: Display: Loaded TargetPlatform 'Lumin'
[2020.12.04-21.37.48:083][  0]LogTargetPlatformManager: Display: Loaded TargetPlatform 'LuminClient'
[2020.12.04-21.37.48:111][  0]LogTargetPlatformManager: Display: Loaded TargetPlatform 'TVOSClient'
[2020.12.04-21.37.48:111][  0]LogTargetPlatformManager: Display: Loaded TargetPlatform 'TVOS'
[2020.12.04-21.37.48:128][  0]LogTargetPlatformManager: Display: Loaded TargetPlatform 'WindowsNoEditor'
[2020.12.04-21.37.48:147][  0]LogTargetPlatformManager: Display: Loaded TargetPlatform 'Windows'
[2020.12.04-21.37.48:164][  0]LogTargetPlatformManager: Display: Loaded TargetPlatform 'WindowsClient'
[2020.12.04-21.37.48:182][  0]LogTargetPlatformManager: Display: Loaded TargetPlatform 'WindowsServer'
[2020.12.04-21.37.48:182][  0]LogTargetPlatformManager: Display: Building Assets For Windows
[2020.12.04-21.37.48:200][  0]LogAudioDebug: Display: Lib vorbis DLL was dynamically loaded.
[2020.12.04-21.37.48:331][  0]LogShaderCompilers: Guid format shader working directory is -10 characters bigger than the processId version (../../../../../../Users/roman/Documents/GitHub/Collapse/Intermediate/Shaders/WorkingDirectory/21192/).
[2020.12.04-21.37.48:331][  0]LogShaderCompilers: Cleaned the shader compiler working directory 'C:/Users/roman/AppData/Local/Temp/UnrealShaderWorkingDir/556F1FCE41F9512B0C86D9AF52FFD762/'.
[2020.12.04-21.37.48:333][  0]LogXGEController: Cleaning working directory: C:/Users/roman/AppData/Local/Temp/UnrealXGEWorkingDir/
[2020.12.04-21.37.48:333][  0]LogXGEController: Cannot use XGE Controller as Incredibuild is not installed on this machine.
[2020.12.04-21.37.48:333][  0]LogShaderCompilers: Cannot use XGE Shader Compiler as Incredibuild is not installed on this machine.
[2020.12.04-21.37.48:334][  0]LogShaderCompilers: Display: Using Local Shader Compiler.
[2020.12.04-21.37.49:855][  0]LogDerivedDataCache: Display: Max Cache Size: 512 MB
[2020.12.04-21.37.49:954][  0]LogDerivedDataCache: Loaded boot cache 0.10s 75MB C:/Users/roman/AppData/Local/UnrealEngine/4.25/DerivedDataCache/Boot.ddc.
[2020.12.04-21.37.49:955][  0]LogDerivedDataCache: Display: Loaded Boot cache: C:/Users/roman/AppData/Local/UnrealEngine/4.25/DerivedDataCache/Boot.ddc
[2020.12.04-21.37.49:955][  0]LogDerivedDataCache: FDerivedDataBackendGraph:  Pak pak cache file ../../../../../../Users/roman/Documents/GitHub/Collapse/DerivedDataCache/DDC.ddp not found, will not use a pak cache.
[2020.12.04-21.37.49:955][  0]LogDerivedDataCache: Unable to find inner node Pak for hierarchical cache Hierarchy.
[2020.12.04-21.37.49:955][  0]LogDerivedDataCache: FDerivedDataBackendGraph:  CompressedPak pak cache file ../../../../../../Users/roman/Documents/GitHub/Collapse/DerivedDataCache/Compressed.ddp not found, will not use a pak cache.
[2020.12.04-21.37.49:955][  0]LogDerivedDataCache: Unable to find inner node CompressedPak for hierarchical cache Hierarchy.
[2020.12.04-21.37.49:973][  0]LogDerivedDataCache: Display: Pak cache opened for reading ../../../Engine/DerivedDataCache/Compressed.ddp.
[2020.12.04-21.37.49:974][  0]LogDerivedDataCache: FDerivedDataBackendGraph:  EnterprisePak pak cache file ../../../Enterprise/DerivedDataCache/Compressed.ddp not found, will not use a pak cache.
[2020.12.04-21.37.49:974][  0]LogDerivedDataCache: Unable to find inner node EnterprisePak for hierarchical cache Hierarchy.
[2020.12.04-21.37.49:975][  0]LogDerivedDataCache: Using Local data cache path C:/Users/roman/AppData/Local/UnrealEngine/Common/DerivedDataCache: Writable
[2020.12.04-21.37.49:975][  0]LogDerivedDataCache: Shared data cache path not found in *engine.ini, will not use an Shared cache.
[2020.12.04-21.37.49:975][  0]LogDerivedDataCache: Unable to find inner node Shared for hierarchical cache Hierarchy.
[2020.12.04-21.37.50:066][  0]LogSlate: Using FreeType 2.10.0
[2020.12.04-21.37.50:067][  0]LogSlate: SlateFontServices - WITH_FREETYPE: 1, WITH_HARFBUZZ: 1
[2020.12.04-21.37.50:118][  0]LogAssetRegistry: FAssetRegistry took 0.0042 seconds to start up
[2020.12.04-21.37.50:539][  0]LogInit: Selected Device Profile: [Windows]
[2020.12.04-21.37.50:764][  0]LogMeshReduction: Using QuadricMeshReduction for automatic static mesh reduction
[2020.12.04-21.37.50:764][  0]LogMeshReduction: Using SimplygonMeshReduction for automatic skeletal mesh reduction
[2020.12.04-21.37.50:764][  0]LogMeshReduction: Using ProxyLODMeshReduction for automatic mesh merging
[2020.12.04-21.37.50:764][  0]LogMeshReduction: No distributed automatic mesh merging module available
[2020.12.04-21.37.50:765][  0]LogMeshMerging: No distributed automatic mesh merging module available
[2020.12.04-21.37.50:793][  0]LogNetVersion: AIShooter 1.0.0, NetCL: 13144385, EngineNetVer: 14, GameNetVer: 0 (Checksum: 2332029690)
[2020.12.04-21.37.51:570][  0]LogAISub: UAISubsystem::UAISubsystem AISubsystem (0000019E90295880), frame # 0
[2020.12.04-21.37.51:570][  0]LogAISub: UAISubsystem::UAISubsystem AIPerceptionSystem (0000019E901D6AC0), frame # 0
[2020.12.04-21.37.51:572][  0]LogAISub: UAISubsystem::UAISubsystem EnvQueryManager (0000019E9021DE00), frame # 0
[2020.12.04-21.37.51:662][  0]LogPackageLocalizationCache: Processed 19 localized package path(s) for 1 prioritized culture(s) in 0.080267 seconds
[2020.12.04-21.37.51:672][  0]LogUObjectArray: 15917 objects as part of root set at end of initial load.
[2020.12.04-21.37.51:672][  0]LogUObjectAllocator: 3965568 out of 0 bytes used by permanent object pool.
[2020.12.04-21.37.51:672][  0]LogUObjectArray: CloseDisregardForGC: 0/0 objects in disregard for GC pool
[2020.12.04-21.37.52:399][  0]LogTcpMessaging: Initializing TcpMessaging bridge
[2020.12.04-21.37.52:409][  0]LogUdpMessaging: Initializing bridge on interface 0.0.0.0:0 to multicast group 230.0.0.1:6666.
[2020.12.04-21.37.52:495][  0]LogLinker: Warning: Failed to load '/Game/ThirdPersonBP/ThirdPersonOverview': Can't find file.
[2020.12.04-21.37.52:495][  0]LogLinker: Warning: Failed to load '/Game/ThirdPersonBP/ThirdPersonOverview': Can't find file.
[2020.12.04-21.37.52:495][  0]LogUObjectGlobals: Warning: Failed to find object 'Class /Game/ThirdPersonBP/ThirdPersonOverview.ThirdPersonOverview_C'
[2020.12.04-21.37.52:569][  0]SourceControl: Source control is disabled
[2020.12.04-21.37.52:569][  0]SourceControl: Source control is disabled
[2020.12.04-21.37.52:577][  0]SourceControl: Source control is disabled
[2020.12.04-21.37.52:584][  0]SourceControl: Source control is disabled
[2020.12.04-21.37.55:658][  0]SourceControl: Source control is disabled
[2020.12.04-21.37.56:171][  0]LogAndroidPermission: UAndroidPermissionCallbackProxy::GetInstance
[2020.12.04-21.37.56:221][  0]LogAudioCaptureCore: Display: No Audio Capture implementations found. Audio input will be silent.
[2020.12.04-21.37.56:221][  0]LogAudioCaptureCore: Display: No Audio Capture implementations found. Audio input will be silent.
[2020.12.04-21.37.56:345][  0]LogOcInput: OculusInput pre-init called
[2020.12.04-21.37.56:368][  0]LogWindows: Failed to load 'OVRPlugin.dll' (GetLastError=126)
[2020.12.04-21.37.56:368][  0]LogWindows: File 'OVRPlugin.dll' does not exist
[2020.12.04-21.37.56:481][  0]LogEngine: Initializing Engine...
[2020.12.04-21.37.56:483][  0]LogHMD: Failed to initialize OpenVR with code 110
[2020.12.04-21.37.56:483][  0]LogMagicLeap: Warning: VR disabled because ZI is not enabled.  To enable, in the editor, Edit -> Project Settings -> Plugins -> Magic Leap Plugin -> Enable Zero Iteration
[2020.12.04-21.37.56:484][  0]LogStats: UGameplayTagsManager::InitializeManager -  0.000 s
[2020.12.04-21.37.56:685][  0]LogInit: Initializing FReadOnlyCVARCache
[2020.12.04-21.37.56:705][  0]LogAIModule: Creating AISystem for world Untitled
[2020.12.04-21.37.56:705][  0]LogAISub: UAISubsystem::UAISubsystem EnvQueryManager (0000019E972A0600), frame # 0
[2020.12.04-21.37.56:705][  0]LogAISub: UAISubsystem::UAISubsystem AIPerceptionSystem (0000019E97286480), frame # 0
[2020.12.04-21.37.56:740][  0]LogAudioMixer: Display: Audio Mixer Platform Settings:
[2020.12.04-21.37.56:740][  0]LogAudioMixer: Display: 	Sample Rate:						  48000
[2020.12.04-21.37.56:740][  0]LogAudioMixer: Display: 	Callback Buffer Frame Size Requested: 1024
[2020.12.04-21.37.56:740][  0]LogAudioMixer: Display: 	Callback Buffer Frame Size To Use:	  1024
[2020.12.04-21.37.56:740][  0]LogAudioMixer: Display: 	Number of buffers to queue:			  2
[2020.12.04-21.37.56:740][  0]LogAudioMixer: Display: 	Max Channels (voices):				  32
[2020.12.04-21.37.56:740][  0]LogAudioMixer: Display: 	Number of Async Source Workers:		  0
[2020.12.04-21.37.56:740][  0]LogAudio: Display: AudioDevice MaxSources: 32
[2020.12.04-21.37.56:741][  0]LogAudio: Display: Using built-in audio occlusion.
[2020.12.04-21.37.56:741][  0]LogAudioMixer: Display: Initializing audio mixer.
[2020.12.04-21.37.56:765][  0]LogAudioMixer: Display: 0: FrontLeft
[2020.12.04-21.37.56:765][  0]LogAudioMixer: Display: 1: FrontRight
[2020.12.04-21.37.56:836][  0]LogAudioMixer: Display: Using Audio Device Динамики (Realtek(R) Audio)
[2020.12.04-21.37.56:841][  0]LogAudioMixer: Display: Initializing Sound Submixes...
[2020.12.04-21.37.56:845][  0]LogAudioMixer: Display: Creating Master Submix 'MasterSubmixDefault'
[2020.12.04-21.37.56:845][  0]LogAudioMixer: Display: Creating Master Submix 'MasterReverbSubmixDefault'
[2020.12.04-21.37.56:847][  0]LogAudioMixer: Display: Creating Master Submix 'MasterEQSubmixDefault'
[2020.12.04-21.37.56:848][  0]LogInit: FAudioDevice initialized.
[2020.12.04-21.37.56:848][  0]LogNetVersion: Set ProjectVersion to 1.0.0.0. Version Checksum will be recalculated on next use.
[2020.12.04-21.37.56:960][  0]LogDerivedDataCache: Saved boot cache 0.11s 75MB C:/Users/roman/AppData/Local/UnrealEngine/4.25/DerivedDataCache/Boot.ddc.
[2020.12.04-21.37.56:968][  0]LogInit: Texture streaming: Enabled
[2020.12.04-21.37.57:003][  0]LogEngineSessionManager: EngineSessionManager initialized
[2020.12.04-21.37.57:004][  0]LogEngineSessionManager: EngineSessionManager sent abnormal shutdown report. Type=AbnormalShutdown, SessionId={850B06C6-4F7C-FAB4-A5C3-84A274E0D942}
[2020.12.04-21.37.57:004][  0]LogEditorSessionSummary: Verbose: Initializing EditorSessionSummaryWriter for editor session tracking
[2020.12.04-21.37.57:008][  0]LogEditorSessionSummary: EditorSessionSummaryWriter initialized
[2020.12.04-21.37.57:142][  0]LogInit: Transaction tracking system initialized
[2020.12.04-21.37.57:194][  0]BlueprintLog: New page: Editor Load
[2020.12.04-21.37.57:351][  0]LocalizationService: Localization service is disabled
[2020.12.04-21.37.57:678][  0]LogCook: Display: Max memory allowance for cook 16384mb min free memory 0mb
[2020.12.04-21.37.57:678][  0]LogCook: Display: Mobile HDR setting 1
[2020.12.04-21.37.57:792][  0]LogFileCache: Scanning file cache for directory 'C:/Users/roman/Documents/GitHub/Collapse/Content/' took 0.04s
[2020.12.04-21.37.58:336][  0]SourceControl: Source control is disabled
[2020.12.04-21.37.58:336][  0]LogUnrealEdMisc: Loading editor; pre map load, took 17.598
[2020.12.04-21.37.58:336][  0]Cmd: MAP LOAD FILE="../../../../../../Users/roman/Documents/GitHub/Collapse/Content/Maps/NewMap.umap" TEMPLATE=0 SHOWPROGRESS=1 FEATURELEVEL=3
[2020.12.04-21.37.58:337][  0]LightingResults: New page: Lighting Build
[2020.12.04-21.37.58:340][  0]LogWorld: UWorld::CleanupWorld for Untitled, bSessionEnded=true, bCleanupResources=true
[2020.12.04-21.37.58:340][  0]LogSlate: InvalidateAllWidgets triggered.  All widgets were invalidated
[2020.12.04-21.37.58:340][  0]MapCheck: New page: Map Check
[2020.12.04-21.37.58:340][  0]LightingResults: New page: Lighting Build
[2020.12.04-21.37.58:359][  0]LogAISub: UAISubsystem::~UAISubsystem EnvQueryManager (0000019E972A0600), frame # 0
[2020.12.04-21.37.58:359][  0]LogAISub: UAISubsystem::~UAISubsystem AIPerceptionSystem (0000019E97286480), frame # 0
[2020.12.04-21.37.58:360][  0]LogUObjectHash: Compacting FUObjectHashTables data took   1.17ms
[2020.12.04-21.37.58:800][  0]LogAIModule: Creating AISystem for world NewMap
[2020.12.04-21.37.58:800][  0]LogAISub: UAISubsystem::UAISubsystem EnvQueryManager (0000019E8BFE8E00), frame # 0
[2020.12.04-21.37.58:800][  0]LogAISub: UAISubsystem::UAISubsystem AIPerceptionSystem (0000019E89422840), frame # 0
[2020.12.04-21.37.58:822][  0]LogEditorServer: Finished looking for orphan Actors (0.000 secs)
[2020.12.04-21.37.58:846][  0]LogUObjectHash: Compacting FUObjectHashTables data took   1.26ms
[2020.12.04-21.37.58:847][  0]Cmd: MAP CHECKDEP NOCLEARLOG
[2020.12.04-21.37.58:847][  0]MapCheck: Map check complete: 0 Error(s), 0 Warning(s), took 0,249ms to complete.
[2020.12.04-21.37.58:847][  0]LogFileHelpers: Loading map 'NewMap' took 0.511
[2020.12.04-21.37.58:850][  0]LogUnrealEdMisc: Total Editor Startup Time, took 18.112
[2020.12.04-21.37.59:050][  0]LogSlate: Updating window title bar state: overlay mode, drag disabled, window buttons hidden, title bar hidden
[2020.12.04-21.37.59:062][  0]LogSlate: Updating window title bar state: overlay mode, drag disabled, window buttons hidden, title bar hidden
[2020.12.04-21.37.59:075][  0]LogSlate: Updating window title bar state: overlay mode, drag disabled, window buttons hidden, title bar hidden
[2020.12.04-21.37.59:087][  0]LogSlate: Updating window title bar state: overlay mode, drag disabled, window buttons hidden, title bar hidden
[2020.12.04-21.37.59:099][  0]LogCollectionManager: Loaded 0 collections in 0.003831 seconds
[2020.12.04-21.37.59:122][  0]LogFileCache: Scanning file cache for directory 'C:/Users/roman/Documents/GitHub/Collapse/Saved/Collections/' took 0.00s
[2020.12.04-21.37.59:122][  0]LogFileCache: Scanning file cache for directory 'C:/Users/roman/Documents/GitHub/Collapse/Content/Developers/roman/Collections/' took 0.00s
[2020.12.04-21.37.59:122][  0]LogFileCache: Scanning file cache for directory 'C:/Users/roman/Documents/GitHub/Collapse/Content/Collections/' took 0.00s
[2020.12.04-21.37.59:122][  0]LogContentBrowser: Native class hierarchy populated in 0.0154 seconds. Added 3427 classes and 821 folders.
[2020.12.04-21.37.59:126][  0]LogContentBrowser: Native class hierarchy updated for 'WidgetCarousel' in 0.0004 seconds. Added 0 classes and 0 folders.
[2020.12.04-21.37.59:222][  0]LogContentBrowser: Native class hierarchy updated for 'AddContentDialog' in 0.0004 seconds. Added 0 classes and 0 folders.
[2020.12.04-21.37.59:224][  0]LogContentBrowser: Native class hierarchy updated for 'SceneOutliner' in 0.0004 seconds. Added 2 classes and 0 folders.
[2020.12.04-21.37.59:340][  0]LogContentBrowser: Native class hierarchy updated for 'HierarchicalLODOutliner' in 0.0005 seconds. Added 0 classes and 0 folders.
[2020.12.04-21.37.59:340][  0]LogLoad: (Engine Initialization) Total time: 18.60 seconds
[2020.12.04-21.37.59:340][  0]LogLoad: (Engine Initialization) Total Blueprint compile time: 0.00 seconds
[2020.12.04-21.37.59:424][  0]LogContentStreaming: Texture pool size now 1000 MB
[2020.12.04-21.37.59:428][  0]LogSlate: Took 0.000241 seconds to synchronously load lazily loaded font '../../../Engine/Content/Slate/Fonts/Roboto-Regular.ttf' (155K)
[2020.12.04-21.37.59:433][  0]LogSlate: Took 0.000550 seconds to synchronously load lazily loaded font '../../../Engine/Content/Slate/Fonts/Roboto-Bold.ttf' (160K)
[2020.12.04-21.37.59:445][  0]LogSlate: Took 0.000826 seconds to synchronously load lazily loaded font '../../../Engine/Content/Editor/Slate/Fonts/FontAwesome.ttf' (139K)
[2020.12.04-21.37.59:631][  0]LogSlate: Took 0.000253 seconds to synchronously load lazily loaded font '../../../Engine/Content/Slate/Fonts/Roboto-Light.ttf' (167K)
[2020.12.04-21.37.59:675][  0]LogRenderer: Reallocating scene render targets to support 764x356 Format 10 NumSamples 1 (Frame:1).
[2020.12.04-21.37.59:839][  2]LogAssetRegistry: Asset discovery search completed in 9.7220 seconds
[2020.12.04-21.37.59:848][  2]LogCollectionManager: Fixed up redirectors for 0 collections in 0.000005 seconds (updated 0 objects)
[2020.12.04-21.38.03:657][220]LogRenderer: Reallocating scene render targets to support 1156x572 Format 10 NumSamples 1 (Frame:219).
[2020.12.04-21.38.49:594][640]LogSlate: Took 0.000568 seconds to synchronously load lazily loaded font '../../../Engine/Content/Slate/Fonts/Roboto-Light.ttf' (167K)
[2020.12.04-21.38.49:636][640]LogAssetEditorSubsystem: Opening Asset editor for StaticMesh /Game/FoliagePackV1/Meshes/Grass/Ornamental/SM_Ornamental_Grass_1.SM_Ornamental_Grass_1
[2020.12.04-21.38.50:593][640]LogWorld: UWorld::CleanupWorld for World_1, bSessionEnded=true, bCleanupResources=true
[2020.12.04-21.38.50:593][640]LogSlate: InvalidateAllWidgets triggered.  All widgets were invalidated
[2020.12.04-21.38.51:112][640]LogRenderer: Reallocating scene render targets to support 1432x920 Format 10 NumSamples 1 (Frame:1).
[2020.12.04-21.38.51:112][640]LogSlate: Took 0.011653 seconds to synchronously load lazily loaded font '../../../Engine/Content/Slate/Fonts/Roboto-Italic.ttf' (157K)
[2020.12.04-21.38.54:062][732]LogSlate: Window 'SM_Ornamental_Grass_1' being destroyed
[2020.12.04-21.38.54:147][732]LogWorld: UWorld::CleanupWorld for World_2, bSessionEnded=true, bCleanupResources=true
[2020.12.04-21.38.54:148][732]LogSlate: InvalidateAllWidgets triggered.  All widgets were invalidated
[2020.12.04-21.39.30:029][637]LogFactory: FactoryCreateFile: StaticMesh with FbxFactory (0 0 C:\Users\roman\Downloads\character.fbx)
[2020.12.04-21.39.30:116][637]LogFbx: Loading FBX Scene from C:\Users\roman\Downloads\character.fbx
[2020.12.04-21.39.30:239][637]LogFbx: FBX Scene Loaded Succesfully
[2020.12.04-21.39.36:159][637]LogSlate: Window 'FBX Import Options' being destroyed
[2020.12.04-21.39.36:257][637]LogFbx: Warning: Not valid bind pose for Pose (skinCluster1) - Node Dreyar : The relative matrices do not match
[2020.12.04-21.39.36:257][637]LogFbx: Warning: Getting valid bind pose failed. Try to recreate bind pose
[2020.12.04-21.39.36:259][637]LogFbx: Valid bind pose for Pose (FbxSDKBindPose) - Dreyar
[2020.12.04-21.39.36:259][637]LogFbx: Warning: Recreating bind pose succeeded.
[2020.12.04-21.39.36:644][637]LogMaterial: Display: Material /Game/Characters/dreyar_M.dreyar_M needed to have new flag set bUsedWithSkeletalMesh !
[2020.12.04-21.39.36:647][637]LogMaterial: Display: Missing cached shader map for material dreyar_M, compiling. 
[2020.12.04-21.39.36:733][637]LogShaderCompilers: Display: Worker (1/9): shaders left to compile 39
[2020.12.04-21.39.36:733][637]LogShaderCompilers: Display: Worker (2/9): shaders left to compile 34
[2020.12.04-21.39.36:733][637]LogShaderCompilers: Display: Worker (3/9): shaders left to compile 29
[2020.12.04-21.39.36:733][637]LogShaderCompilers: Display: Worker (4/9): shaders left to compile 24
[2020.12.04-21.39.36:733][637]LogShaderCompilers: Display: Worker (5/9): shaders left to compile 19
[2020.12.04-21.39.36:734][637]LogShaderCompilers: Display: Worker (6/9): shaders left to compile 14
[2020.12.04-21.39.36:734][637]LogShaderCompilers: Display: Worker (7/9): shaders left to compile 9
[2020.12.04-21.39.36:734][637]LogShaderCompilers: Display: Worker (8/9): shaders left to compile 4
[2020.12.04-21.39.36:803][637]LogTexture: Display: Building textures: Dreyar_diffuse (AutoDXT, 1024X1024)
[2020.12.04-21.39.37:322][637]LogTexture: Display: Building textures: Dreyar_specular (AutoDXT, 1024X1024)
[2020.12.04-21.39.37:735][637]LogTexture: Display: Building textures: Dreyar_normal (BC5, 1024X1024)
[2020.12.04-21.39.37:823][637]LogMaterial: Display: Missing cached shader map for material dreyar_M, compiling. 
[2020.12.04-21.39.37:877][637]LogFbx: Triangulating skeletal mesh Dreyar
[2020.12.04-21.39.39:033][637]LogFbx: Warning: Bones digested - 65  Depth of hierarchy - 12
[2020.12.04-21.39.40:177][637]LogShaderCompilers: Display: Worker (8/9): shaders left to compile 39
[2020.12.04-21.39.40:178][637]LogSkeletalMesh: Section 0: 8396 vertices, 49 active bones
[2020.12.04-21.39.40:206][637]LogSkeletalMesh: Section 0: Material=0, 14238 triangles
[2020.12.04-21.39.40:254][637]LogSkeletalMesh: Building Skeletal Mesh character...
[2020.12.04-21.39.41:244][637]LogSkeletalMesh: Section 0: 8396 vertices, 49 active bones
[2020.12.04-21.39.41:247][637]LogSkeletalMesh: Section 0: Material=0, 14238 triangles
[2020.12.04-21.39.41:328][637]LogShaderCompilers: Display: Worker (3/9): shaders left to compile 34
[2020.12.04-21.39.41:328][637]LogSkeletalMesh: Built Skeletal Mesh [1.07s] /Game/Characters/character.character
[2020.12.04-21.39.41:380][637]LogWorld: UWorld::CleanupWorld for World_5, bSessionEnded=true, bCleanupResources=true
[2020.12.04-21.39.41:382][637]LogSlate: InvalidateAllWidgets triggered.  All widgets were invalidated
[2020.12.04-21.39.41:411][637]LogFbx: SortedLinks :(0) Hips
[2020.12.04-21.39.41:411][637]LogFbx: SortedLinks :(1) Spine
[2020.12.04-21.39.41:411][637]LogFbx: SortedLinks :(2) Spine1
[2020.12.04-21.39.41:411][637]LogFbx: SortedLinks :(3) Spine2
[2020.12.04-21.39.41:411][637]LogFbx: SortedLinks :(4) Neck
[2020.12.04-21.39.41:411][637]LogFbx: SortedLinks :(5) Head
[2020.12.04-21.39.41:411][637]LogFbx: SortedLinks :(6) HeadTop_End
[2020.12.04-21.39.41:411][637]LogFbx: SortedLinks :(7) LeftShoulder
[2020.12.04-21.39.41:411][637]LogFbx: SortedLinks :(8) LeftArm
[2020.12.04-21.39.41:411][637]LogFbx: SortedLinks :(9) LeftForeArm
[2020.12.04-21.39.41:411][637]LogFbx: SortedLinks :(10) LeftHand
[2020.12.04-21.39.41:411][637]LogFbx: SortedLinks :(11) LeftHandThumb1
[2020.12.04-21.39.41:411][637]LogFbx: SortedLinks :(12) LeftHandThumb2
[2020.12.04-21.39.41:411][637]LogFbx: SortedLinks :(13) LeftHandThumb3
[2020.12.04-21.39.41:411][637]LogFbx: SortedLinks :(14) LeftHandThumb4
[2020.12.04-21.39.41:412][637]LogFbx: SortedLinks :(15) LeftHandIndex1
[2020.12.04-21.39.41:412][637]LogFbx: SortedLinks :(16) LeftHandIndex2
[2020.12.04-21.39.41:412][637]LogFbx: SortedLinks :(17) LeftHandIndex3
[2020.12.04-21.39.41:412][637]LogFbx: SortedLinks :(18) LeftHandIndex4
[2020.12.04-21.39.41:412][637]LogFbx: SortedLinks :(19) LeftHandMiddle1
[2020.12.04-21.39.41:412][637]LogFbx: SortedLinks :(20) LeftHandMiddle2
[2020.12.04-21.39.41:412][637]LogFbx: SortedLinks :(21) LeftHandMiddle3
[2020.12.04-21.39.41:412][637]LogFbx: SortedLinks :(22) LeftHandMiddle4
[2020.12.04-21.39.41:412][637]LogFbx: SortedLinks :(23) LeftHandRing1
[2020.12.04-21.39.41:412][637]LogFbx: SortedLinks :(24) LeftHandRing2
[2020.12.04-21.39.41:412][637]LogFbx: SortedLinks :(25) LeftHandRing3
[2020.12.04-21.39.41:412][637]LogFbx: SortedLinks :(26) LeftHandRing4
[2020.12.04-21.39.41:412][637]LogFbx: SortedLinks :(27) LeftHandPinky1
[2020.12.04-21.39.41:412][637]LogFbx: SortedLinks :(28) LeftHandPinky2
[2020.12.04-21.39.41:412][637]LogFbx: SortedLinks :(29) LeftHandPinky3
[2020.12.04-21.39.41:412][637]LogFbx: SortedLinks :(30) LeftHandPinky4
[2020.12.04-21.39.41:412][637]LogFbx: SortedLinks :(31) RightShoulder
[2020.12.04-21.39.41:412][637]LogFbx: SortedLinks :(32) RightArm
[2020.12.04-21.39.41:412][637]LogFbx: SortedLinks :(33) RightForeArm
[2020.12.04-21.39.41:412][637]LogFbx: SortedLinks :(34) RightHand
[2020.12.04-21.39.41:412][637]LogFbx: SortedLinks :(35) RightHandThumb1
[2020.12.04-21.39.41:412][637]LogFbx: SortedLinks :(36) RightHandThumb2
[2020.12.04-21.39.41:412][637]LogFbx: SortedLinks :(37) RightHandThumb3
[2020.12.04-21.39.41:412][637]LogFbx: SortedLinks :(38) RightHandThumb4
[2020.12.04-21.39.41:412][637]LogFbx: SortedLinks :(39) RightHandIndex1
[2020.12.04-21.39.41:412][637]LogFbx: SortedLinks :(40) RightHandIndex2
[2020.12.04-21.39.41:413][637]LogFbx: SortedLinks :(41) RightHandIndex3
[2020.12.04-21.39.41:413][637]LogFbx: SortedLinks :(42) RightHandIndex4
[2020.12.04-21.39.41:413][637]LogFbx: SortedLinks :(43) RightHandMiddle1
[2020.12.04-21.39.41:413][637]LogFbx: SortedLinks :(44) RightHandMiddle2
[2020.12.04-21.39.41:413][637]LogFbx: SortedLinks :(45) RightHandMiddle3
[2020.12.04-21.39.41:413][637]LogFbx: SortedLinks :(46) RightHandMiddle4
[2020.12.04-21.39.41:413][637]LogFbx: SortedLinks :(47) RightHandRing1
[2020.12.04-21.39.41:413][637]LogFbx: SortedLinks :(48) RightHandRing2
[2020.12.04-21.39.41:413][637]LogFbx: SortedLinks :(49) RightHandRing3
[2020.12.04-21.39.41:413][637]LogFbx: SortedLinks :(50) RightHandRing4
[2020.12.04-21.39.41:413][637]LogFbx: SortedLinks :(51) RightHandPinky1
[2020.12.04-21.39.41:413][637]LogFbx: SortedLinks :(52) RightHandPinky2
[2020.12.04-21.39.41:413][637]LogFbx: SortedLinks :(53) RightHandPinky3
[2020.12.04-21.39.41:413][637]LogFbx: SortedLinks :(54) RightHandPinky4
[2020.12.04-21.39.41:413][637]LogFbx: SortedLinks :(55) LeftUpLeg
[2020.12.04-21.39.41:413][637]LogFbx: SortedLinks :(56) LeftLeg
[2020.12.04-21.39.41:413][637]LogFbx: SortedLinks :(57) LeftFoot
[2020.12.04-21.39.41:413][637]LogFbx: SortedLinks :(58) LeftToeBase
[2020.12.04-21.39.41:413][637]LogFbx: SortedLinks :(59) LeftToe_End
[2020.12.04-21.39.41:413][637]LogFbx: SortedLinks :(60) RightUpLeg
[2020.12.04-21.39.41:413][637]LogFbx: SortedLinks :(61) RightLeg
[2020.12.04-21.39.41:413][637]LogFbx: SortedLinks :(62) RightFoot
[2020.12.04-21.39.41:413][637]LogFbx: SortedLinks :(63) RightToeBase
[2020.12.04-21.39.41:413][637]LogFbx: SortedLinks :(64) RightToe_End
[2020.12.04-21.39.41:415][637]LogFbx: Parsing AnimStack Take 001
[2020.12.04-21.39.42:064][637]LogAnimationCompression: Building Anim DDC data for AnimSequence /Game/Characters/character_Anim.character_Anim
[2020.12.04-21.39.42:129][637]FBXImport: Warning: No smoothing group information was found in this FBX scene.  Please make sure to enable the 'Export Smoothing Groups' option in the FBX Exporter plug-in before exporting the file.  Even for tools that don't support smoothing groups, the FBX Exporter will generate appropriate smoothing data at export-time so that correct vertex normals can be inferred while importing. 
[2020.12.04-21.39.42:130][637]FBXImport: Warning: The following bones are missing from the bind pose:
mixamorig:HeadTop_End  
mixamorig:LeftHandThumb4  
mixamorig:LeftHandIndex4  
mixamorig:LeftHandMiddle4  
mixamorig:LeftHandRing4  
mixamorig:LeftHandPinky4  
mixamorig:RightHandThumb4  
mixamorig:RightHandIndex4  
mixamorig:RightHandMiddle4  
mixamorig:RightHandRing4  
mixamorig:RightHandPinky4  
mixamorig:LeftToe_End  
mixamorig:RightToe_End  

This can happen for bones that are not vert weighted. If they are not in the correct orientation after importing,
please set the "Use T0 as ref pose" option or add them to the bind pose and reimport the skeletal mesh. 
[2020.12.04-21.39.42:326][637]LogShaderCompilers: Display: Worker (2/9): shaders left to compile 29
[2020.12.04-21.39.42:569][637]LogSlate: Took 0.001924 seconds to synchronously load lazily loaded font '../../../Engine/Content/Slate/Fonts/DroidSansMono.ttf' (77K)
[2020.12.04-21.39.43:271][648]LogShaderCompilers: Display: Worker (5/9): shaders left to compile 25
[2020.12.04-21.39.43:704][659]LogShaderCompilers: Display: Worker (4/9): shaders left to compile 21
[2020.12.04-21.39.44:227][672]LogShaderCompilers: Display: Worker (1/9): shaders left to compile 18
[2020.12.04-21.39.45:413][702]LogShaderCompilers: Display: Worker (6/9): shaders left to compile 15
[2020.12.04-21.39.46:299][724]LogSlate: Window 'Message Log' being destroyed
[2020.12.04-21.39.46:334][724]LogSlate: Window 'Message Log' being destroyed
[2020.12.04-21.39.47:204][742]LogShaderCompilers: Display: Worker (7/9): shaders left to compile 13
[2020.12.04-21.39.50:214][813]LogShaderCompilers: Display: Worker (1/9): shaders left to compile 11
[2020.12.04-21.39.50:626][823]LogShaderCompilers: Display: Worker (8/9): shaders left to compile 9
[2020.12.04-21.39.50:752][826]LogShaderCompilers: Display: Worker (6/9): shaders left to compile 7
[2020.12.04-21.39.51:184][836]LogShaderCompilers: Display: Worker (2/9): shaders left to compile 6
[2020.12.04-21.39.51:992][855]LogShaderCompilers: Display: Worker (5/9): shaders left to compile 5
[2020.12.04-21.39.52:044][856]LogShaderCompilers: Display: Worker (7/9): shaders left to compile 4
[2020.12.04-21.39.52:261][862]LogShaderCompilers: Display: Worker (4/9): shaders left to compile 3
[2020.12.04-21.39.53:328][891]LogShaderCompilers: Display: Worker (4/9): shaders left to compile 2
[2020.12.04-21.39.53:744][903]LogShaderCompilers: Display: Worker (3/9): shaders left to compile 1
[2020.12.04-21.40.02:240][234]LogMetaData: Removing '/Game/Characters/NewCharacter/character.character' ref from Metadata '/Game/Characters/character.PackageMetaData'
[2020.12.04-21.40.02:247][234]LogMetaData: Removing '/Game/Characters/NewCharacter/character_Anim.character_Anim' ref from Metadata '/Game/Characters/character_Anim.PackageMetaData'
[2020.12.04-21.40.02:257][234]LogMetaData: Removing '/Game/Characters/NewCharacter/character_Skeleton.character_Skeleton' ref from Metadata '/Game/Characters/character_Skeleton.PackageMetaData'
[2020.12.04-21.40.02:340][234]Cmd: OBJ SAVEPACKAGE PACKAGE="/Game/Characters/NewCharacter/character" FILE="../../../../../../Users/roman/Documents/GitHub/Collapse/Content/Characters/NewCharacter/character.uasset" SILENT=true
[2020.12.04-21.40.02:463][234]LogSavePackage: Moving '../../../../../../Users/roman/Documents/GitHub/Collapse/Saved/character9B0DBC2347BFE911C1267DB718DAF955.tmp' to '../../../../../../Users/roman/Documents/GitHub/Collapse/Content/Characters/NewCharacter/character.uasset'
[2020.12.04-21.40.02:484][234]Cmd: OBJ SAVEPACKAGE PACKAGE="/Game/Characters/NewCharacter/character_Anim" FILE="../../../../../../Users/roman/Documents/GitHub/Collapse/Content/Characters/NewCharacter/character_Anim.uasset" SILENT=true
[2020.12.04-21.40.02:508][234]LogSavePackage: Moving '../../../../../../Users/roman/Documents/GitHub/Collapse/Saved/character_Anim48C3FA1640BFB26F3A87D98D2A4E2B4A.tmp' to '../../../../../../Users/roman/Documents/GitHub/Collapse/Content/Characters/NewCharacter/character_Anim.uasset'
[2020.12.04-21.40.02:579][234]LogSavePackage: Moving '../../../../../../Users/roman/Documents/GitHub/Collapse/Saved/character_PhysicsAsset6F83A30348523F424830AB9488470DB1.tmp' to '../../../../../../Users/roman/Documents/GitHub/Collapse/Content/Characters/NewCharacter/character_PhysicsAsset.uasset'
[2020.12.04-21.40.02:594][234]LogSavePackage: Moving '../../../../../../Users/roman/Documents/GitHub/Collapse/Saved/character_Skeleton158FC7CF4F46F334321BB48889871FAC.tmp' to '../../../../../../Users/roman/Documents/GitHub/Collapse/Content/Characters/NewCharacter/character_Skeleton.uasset'
[2020.12.04-21.40.02:604][234]Cmd: OBJ SAVEPACKAGE PACKAGE="/Game/Characters/NewCharacter/Dreyar_diffuse" FILE="../../../../../../Users/roman/Documents/GitHub/Collapse/Content/Characters/NewCharacter/Dreyar_diffuse.uasset" SILENT=true
[2020.12.04-21.40.02:746][234]LogSavePackage: Moving '../../../../../../Users/roman/Documents/GitHub/Collapse/Saved/Dreyar_diffuseC781264241679737997F1489A1ABF4B2.tmp' to '../../../../../../Users/roman/Documents/GitHub/Collapse/Content/Characters/NewCharacter/Dreyar_diffuse.uasset'
[2020.12.04-21.40.02:764][234]Cmd: OBJ SAVEPACKAGE PACKAGE="/Game/Characters/NewCharacter/dreyar_M" FILE="../../../../../../Users/roman/Documents/GitHub/Collapse/Content/Characters/NewCharacter/dreyar_M.uasset" SILENT=true
[2020.12.04-21.40.02:787][234]LogSavePackage: Moving '../../../../../../Users/roman/Documents/GitHub/Collapse/Saved/dreyar_MD3C0F4B84BBAAEF22E81C682212D8DE0.tmp' to '../../../../../../Users/roman/Documents/GitHub/Collapse/Content/Characters/NewCharacter/dreyar_M.uasset'
[2020.12.04-21.40.02:801][234]Cmd: OBJ SAVEPACKAGE PACKAGE="/Game/Characters/NewCharacter/Dreyar_normal" FILE="../../../../../../Users/roman/Documents/GitHub/Collapse/Content/Characters/NewCharacter/Dreyar_normal.uasset" SILENT=true
[2020.12.04-21.40.02:946][234]LogSavePackage: Moving '../../../../../../Users/roman/Documents/GitHub/Collapse/Saved/Dreyar_normalA775B4964A954E891958F19B2CB175C7.tmp' to '../../../../../../Users/roman/Documents/GitHub/Collapse/Content/Characters/NewCharacter/Dreyar_normal.uasset'
[2020.12.04-21.40.03:051][234]LogSavePackage: Moving '../../../../../../Users/roman/Documents/GitHub/Collapse/Saved/Dreyar_specular69AF204441529794B98471B6B51DD34A.tmp' to '../../../../../../Users/roman/Documents/GitHub/Collapse/Content/Characters/NewCharacter/Dreyar_specular.uasset'
[2020.12.04-21.40.03:636][234]LogUObjectHash: Compacting FUObjectHashTables data took   3.09ms
[2020.12.04-21.40.03:664][234]LogUObjectHash: Compacting FUObjectHashTables data took   0.92ms
[2020.12.04-21.40.03:685][234]LogUObjectHash: Compacting FUObjectHashTables data took   0.36ms
[2020.12.04-21.40.03:706][234]LogUObjectHash: Compacting FUObjectHashTables data took   0.61ms
[2020.12.04-21.40.03:726][234]LogUObjectHash: Compacting FUObjectHashTables data took   0.35ms
[2020.12.04-21.40.03:747][234]LogUObjectHash: Compacting FUObjectHashTables data took   0.36ms
[2020.12.04-21.40.03:767][234]LogUObjectHash: Compacting FUObjectHashTables data took   0.63ms
[2020.12.04-21.40.03:789][234]LogUObjectHash: Compacting FUObjectHashTables data took   0.37ms
[2020.12.04-21.40.03:818][234]LogUObjectHash: Compacting FUObjectHashTables data took   1.01ms
[2020.12.04-21.40.03:837][234]LogUObjectHash: Compacting FUObjectHashTables data took   0.59ms
[2020.12.04-21.40.03:920][234]AssetCheck: New page: Asset Save: multiple assets
[2020.12.04-21.40.03:921][234]LogContentValidation: Display: Validating SkeletalMesh /Game/Characters/NewCharacter/character.character
[2020.12.04-21.40.03:921][234]LogContentValidation: Display: Validating AnimSequence /Game/Characters/NewCharacter/character_Anim.character_Anim
[2020.12.04-21.40.03:921][234]LogContentValidation: Display: Validating PhysicsAsset /Game/Characters/NewCharacter/character_PhysicsAsset.character_PhysicsAsset
[2020.12.04-21.40.03:921][234]LogContentValidation: Display: Validating Skeleton /Game/Characters/NewCharacter/character_Skeleton.character_Skeleton
[2020.12.04-21.40.03:921][234]LogContentValidation: Display: Validating Texture2D /Game/Characters/NewCharacter/Dreyar_diffuse.Dreyar_diffuse
[2020.12.04-21.40.03:921][234]LogContentValidation: Display: Validating Material /Game/Characters/NewCharacter/dreyar_M.dreyar_M
[2020.12.04-21.40.03:921][234]LogContentValidation: Display: Validating Texture2D /Game/Characters/NewCharacter/Dreyar_normal.Dreyar_normal
[2020.12.04-21.40.03:921][234]LogContentValidation: Display: Validating Texture2D /Game/Characters/NewCharacter/Dreyar_specular.Dreyar_specular
[2020.12.04-21.40.53:357][416]LogUObjectHash: Compacting FUObjectHashTables data took   0.40ms
[2020.12.04-21.44.21:342][ 99]LogHttp: Warning: 0000019ED15EC100: invalid HTTP response code received. URL: https://datarouter.ol.epicgames.com/datarouter/api/v1/public/data?SessionID=%7B1723C373-4D7B-47A2-2043-7293A01AE8D0%7D&AppID=UEEditor.Rocket.Release&AppVersion=4.25.4-14469661%2B%2B%2BUE4%2BRelease-4.25&UserID=8c59b28245343c00635fc79820c8a5c3%7C5ee7617cea6f44c68130fcc57dccdc4f%7Cc5dd7fde-c071-421c-a14d-f7a23290233d&AppEnvironment=datacollector-source&UploadType=eteventstream, HTTP code: 0, content length: 0, actual payload size: 0
[2020.12.04-21.44.21:342][ 99]LogHttp: Warning: 0000019ED15EC100: request failed, libcurl error: 56 (Failure when receiving data from the peer)
[2020.12.04-21.44.21:342][ 99]LogHttp: Warning: 0000019ED15EC100: libcurl info message cache 0 (Found bundle for host datarouter.ol.epicgames.com: 0x19ef1867f70 [can pipeline])
[2020.12.04-21.44.21:342][ 99]LogHttp: Warning: 0000019ED15EC100: libcurl info message cache 1 (Re-using existing connection! (#1) with host datarouter.ol.epicgames.com)
[2020.12.04-21.44.21:342][ 99]LogHttp: Warning: 0000019ED15EC100: libcurl info message cache 2 (Connected to datarouter.ol.epicgames.com (34.232.184.191) port 443 (#1))
[2020.12.04-21.44.21:343][ 99]LogHttp: Warning: 0000019ED15EC100: libcurl info message cache 3 (We are completely uploaded and fine)
[2020.12.04-21.44.21:343][ 99]LogHttp: Warning: 0000019ED15EC100: libcurl info message cache 4 (OpenSSL SSL_read: SSL_ERROR_SYSCALL, errno 10054)
[2020.12.04-21.44.21:343][ 99]LogHttp: Warning: 0000019ED15EC100: libcurl info message cache 5 (Connection died, retrying a fresh connect)
[2020.12.04-21.44.21:343][ 99]LogHttp: Warning: 0000019ED15EC100: libcurl info message cache 6 (necessary data rewind wasn't possible)
[2020.12.04-21.44.21:343][ 99]LogHttp: Warning: 0000019ED15EC100: libcurl info message cache 7 (Closing connection 1)
[2020.12.04-21.44.21:656][100]LogHttp: Warning: Retry exhausted on https://datarouter.ol.epicgames.com/datarouter/api/v1/public/data?SessionID=%7B1723C373-4D7B-47A2-2043-7293A01AE8D0%7D&AppID=UEEditor.Rocket.Release&AppVersion=4.25.4-14469661%2B%2B%2BUE4%2BRelease-4.25&UserID=8c59b28245343c00635fc79820c8a5c3%7C5ee7617cea6f44c68130fcc57dccdc4f%7Cc5dd7fde-c071-421c-a14d-f7a23290233d&AppEnvironment=datacollector-source&UploadType=eteventstream
[2020.12.04-21.47.34:140][672]LogWindowsTextInputMethodSystem: Display: IME system now deactivated.
[2020.12.04-21.47.34:140][672]LogWindowsTextInputMethodSystem: Display: IME system now deactivated.
