Log file open, 12/26/20 08:44:13
LogInit: Display: Running engine for game: AIShooter
LogPlatformFile: Not using cached read wrapper
LogTaskGraph: Started task graph with 5 named threads and 35 total threads with 3 sets of task threads.
LogStats: Stats thread started at 0.566145
LogD3D11RHI: Loaded GFSDK_Aftermath_Lib.x64.dll
LogICUInternationalization: ICU TimeZone Detection - Raw Offset: +3:00, Platform Override: ''
LogPluginManager: Mounting plugin Paper2D
LogPluginManager: Mounting plugin AISupport
LogPluginManager: Mounting plugin LightPropagationVolume
LogPluginManager: Mounting plugin CameraShakePreviewer
LogPluginManager: Mounting plugin ActorLayerUtilities
LogPluginManager: Mounting plugin AnimationSharing
LogPluginManager: Mounting plugin CLionSourceCodeAccess
LogPluginManager: Mounting plugin CodeLiteSourceCodeAccess
LogPluginManager: Mounting plugin GitSourceControl
LogPluginManager: Mounting plugin KDevelopSourceCodeAccess
LogPluginManager: Mounting plugin NullSourceCodeAccess
LogPluginManager: Mounting plugin PerforceSourceControl
LogPluginManager: Mounting plugin PlasticSourceControl
LogPluginManager: Mounting plugin RiderSourceCodeAccess
LogPluginManager: Mounting plugin SubversionSourceControl
LogPluginManager: Mounting plugin UObjectPlugin
LogPluginManager: Mounting plugin VisualStudioCodeSourceCodeAccess
LogPluginManager: Mounting plugin VisualStudioSourceCodeAccess
LogPluginManager: Mounting plugin XCodeSourceCodeAccess
LogPluginManager: Mounting plugin AssetManagerEditor
LogPluginManager: Mounting plugin CryptoKeys
LogPluginManager: Mounting plugin CurveEditorTools
LogPluginManager: Mounting plugin DataValidation
LogPluginManager: Mounting plugin EditorScriptingUtilities
LogPluginManager: Mounting plugin FacialAnimation
LogPluginManager: Mounting plugin GameplayTagsEditor
LogPluginManager: Mounting plugin GeometryMode
LogPluginManager: Mounting plugin MacGraphicsSwitching
LogPluginManager: Mounting plugin MaterialAnalyzer
LogPluginManager: Mounting plugin MeshEditor
LogPluginManager: Mounting plugin MobileLauncherProfileWizard
LogPluginManager: Mounting plugin PluginBrowser
LogPluginManager: Mounting plugin SpeedTreeImporter
LogPluginManager: Mounting plugin DataprepEditor
LogPluginManager: Mounting plugin DatasmithC4DImporter
LogPluginManager: Mounting plugin DatasmithContent
LogPluginManager: Mounting plugin DatasmithImporter
LogPluginManager: Mounting plugin StaticMeshEditorExtension
LogPluginManager: Mounting plugin VariantManager
LogPluginManager: Mounting plugin VariantManagerContent
LogPluginManager: Mounting plugin AlembicImporter
LogPluginManager: Mounting plugin AutomationUtils
LogPluginManager: Mounting plugin BackChannel
LogPluginManager: Mounting plugin BlastPlugin
LogPluginManager: Mounting plugin ChaosCloth
LogPluginManager: Mounting plugin ChaosClothEditor
LogPluginManager: Mounting plugin ChaosEditor
LogPluginManager: Mounting plugin ChaosNiagara
LogPluginManager: Mounting plugin ChaosSolverPlugin
LogPluginManager: Mounting plugin CharacterAI
LogPluginManager: Mounting plugin GeometryCache
LogPluginManager: Mounting plugin GeometryCollectionPlugin
LogPluginManager: Mounting plugin GeometryProcessing
LogPluginManager: Mounting plugin PlanarCut
LogPluginManager: Mounting plugin PlatformCrypto
LogPluginManager: Mounting plugin ProxyLODPlugin
LogPluginManager: Mounting plugin SkeletalReduction
LogPluginManager: Mounting plugin Niagara
LogPluginManager: Mounting plugin MagicLeap
LogPluginManager: Mounting plugin MagicLeapLightEstimation
LogPluginManager: Mounting plugin MagicLeapMedia
LogPluginManager: Mounting plugin MagicLeapPassableWorld
LogPluginManager: Mounting plugin MLSDK
LogPluginManager: Mounting plugin AndroidMedia
LogPluginManager: Mounting plugin AvfMedia
LogPluginManager: Mounting plugin ImgMedia
LogPluginManager: Mounting plugin MediaCompositing
LogPluginManager: Mounting plugin MediaPlayerEditor
LogPluginManager: Mounting plugin WebMMedia
LogPluginManager: Mounting plugin WmfMedia
LogPluginManager: Mounting plugin MeshPainting
LogPluginManager: Mounting plugin TcpMessaging
LogPluginManager: Mounting plugin UdpMessaging
LogPluginManager: Mounting plugin ActorSequence
LogPluginManager: Mounting plugin LevelSequenceEditor
LogPluginManager: Mounting plugin MatineeToLevelSequence
LogPluginManager: Mounting plugin MovieRenderPipeline
LogPluginManager: Mounting plugin TemplateSequence
LogPluginManager: Mounting plugin NetcodeUnitTest
LogPluginManager: Mounting plugin NUTUnrealEngine4
LogPluginManager: Mounting plugin OnlineSubsystemGooglePlay
LogPluginManager: Mounting plugin OnlineSubsystemIOS
LogPluginManager: Mounting plugin OnlineSubsystem
LogPluginManager: Mounting plugin OnlineSubsystemNull
LogPluginManager: Mounting plugin OnlineSubsystemUtils
LogPluginManager: Mounting plugin LauncherChunkInstaller
LogPluginManager: Mounting plugin AndroidDeviceProfileSelector
LogPluginManager: Mounting plugin AndroidMoviePlayer
LogPluginManager: Mounting plugin AndroidPermission
LogPluginManager: Mounting plugin AppleImageUtils
LogPluginManager: Mounting plugin AppleMoviePlayer
LogPluginManager: Mounting plugin ArchVisCharacter
LogPluginManager: Mounting plugin AssetTags
LogPluginManager: Mounting plugin AudioCapture
LogPluginManager: Mounting plugin CableComponent
LogPluginManager: Mounting plugin CustomMeshComponent
LogPluginManager: Mounting plugin EditableMesh
LogPluginManager: Mounting plugin ExampleDeviceProfileSelector
LogPluginManager: Mounting plugin GoogleCloudMessaging
LogPluginManager: Mounting plugin GooglePAD
LogPluginManager: Mounting plugin IOSDeviceProfileSelector
LogPluginManager: Mounting plugin LinuxDeviceProfileSelector
LogPluginManager: Mounting plugin LocationServicesBPLibrary
LogPluginManager: Mounting plugin MobilePatchingUtils
LogPluginManager: Mounting plugin OculusVR
LogPluginManager: Mounting plugin PhysXVehicles
LogPluginManager: Mounting plugin PostSplashScreen
LogPluginManager: Mounting plugin ProceduralMeshComponent
LogPluginManager: Mounting plugin RuntimePhysXCooking
LogPluginManager: Mounting plugin SignificanceManager
LogPluginManager: Mounting plugin SoundFields
LogPluginManager: Mounting plugin SteamVR
LogPluginManager: Mounting plugin Synthesis
LogPluginManager: Mounting plugin WebMMoviePlayer
LogPluginManager: Mounting plugin WindowsMoviePlayer
LogPluginManager: Mounting plugin ScreenshotTools
LogInit: Using libcurl 7.55.1-DEV
LogInit:  - built for x86_64-pc-win32
LogInit:  - supports SSL with OpenSSL/1.1.1
LogInit:  - supports HTTP deflate (compression) using libz 1.2.8
LogInit:  - other features:
LogInit:      CURL_VERSION_SSL
LogInit:      CURL_VERSION_LIBZ
LogInit:      CURL_VERSION_IPV6
LogInit:      CURL_VERSION_ASYNCHDNS
LogInit:      CURL_VERSION_LARGEFILE
LogInit:      CURL_VERSION_IDN
LogInit:  CurlRequestOptions (configurable via config and command line):
LogInit:  - bVerifyPeer = true  - Libcurl will verify peer certificate
LogInit:  - bUseHttpProxy = false  - Libcurl will NOT use HTTP proxy
LogInit:  - bDontReuseConnections = false  - Libcurl will reuse connections
LogInit:  - MaxHostConnections = 16  - Libcurl will limit the number of connections to a host
LogInit:  - LocalHostAddr = Default
LogInit:  - BufferSize = 65536
LogOnline: OSS: Creating online subsystem instance for: NULL
LogInit: WinSock: version 1.1 (2.2), MaxSocks=32767, MaxUdp=65467
LogOnline: OSS: TryLoadSubsystemAndSetDefault: Loaded subsystem for module [NULL]
LogInit: Build: ++UE4+Release-4.25-CL-14469661
LogInit: Engine Version: 4.25.4-14469661+++UE4+Release-4.25
LogInit: Compatible Engine Version: 4.25.0-13144385+++UE4+Release-4.25
LogInit: Net CL: 13144385
LogInit: OS: Windows 10 (Release 2004) (), CPU: Intel(R) Core(TM) i7-9750H CPU @ 2.60GHz, GPU: Intel(R) UHD Graphics 630
LogInit: Compiled (64-bit): Oct 11 2020 08:10:49
LogInit: Compiled with Visual C++: 19.24.28315.00
LogInit: Build Configuration: Development
LogInit: Branch Name: ++UE4+Release-4.25
LogInit: Command Line:  /Game/Maps/MenuLevel -game -PIEVIACONSOLE -Multiprocess GameUserSettingsINI=C:/Users/roman/UnrealProjects/Collapse/Saved/Config/Windows/PIEGameUserSettings0.ini -MultiprocessSaveConfig -MultiprocessOSS -messaging -SessionName="Play in Standalone Game" -windowed -ResX=1280 -ResY=720
LogInit: Base Directory: C:/Program Files/Epic Games/UE_4.25/Engine/Binaries/Win64/
LogInit: Allocator: TBB
LogInit: Installed Engine Build: 1
LogDevObjectVersion: Number of dev versions registered: 26
LogDevObjectVersion:   Dev-Blueprints (B0D832E4-1F89-4F0D-ACCF-7EB736FD4AA2): 10
LogDevObjectVersion:   Dev-Build (E1C64328-A22C-4D53-A36C-8E866417BD8C): 0
LogDevObjectVersion:   Dev-Core (375EC13C-06E4-48FB-B500-84F0262A717E): 4
LogDevObjectVersion:   Dev-Editor (E4B068ED-F494-42E9-A231-DA0B2E46BB41): 38
LogDevObjectVersion:   Dev-Framework (CFFC743F-43B0-4480-9391-14DF171D2073): 37
LogDevObjectVersion:   Dev-Mobile (B02B49B5-BB20-44E9-A304-32B752E40360): 2
LogDevObjectVersion:   Dev-Networking (A4E4105C-59A1-49B5-A7C5-40C4547EDFEE): 0
LogDevObjectVersion:   Dev-Online (39C831C9-5AE6-47DC-9A44-9C173E1C8E7C): 0
LogDevObjectVersion:   Dev-Physics (78F01B33-EBEA-4F98-B9B4-84EACCB95AA2): 4
LogDevObjectVersion:   Dev-Platform (6631380F-2D4D-43E0-8009-CF276956A95A): 0
LogDevObjectVersion:   Dev-Rendering (12F88B9F-8875-4AFC-A67C-D90C383ABD29): 43
LogDevObjectVersion:   Dev-Sequencer (7B5AE74C-D270-4C10-A958-57980B212A5A): 12
LogDevObjectVersion:   Dev-VR (D7296918-1DD6-4BDD-9DE2-64A83CC13884): 3
LogDevObjectVersion:   Dev-LoadTimes (C2A15278-BFE7-4AFE-6C17-90FF531DF755): 1
LogDevObjectVersion:   Private-Geometry (6EACA3D4-40EC-4CC1-B786-8BED09428FC5): 3
LogDevObjectVersion:   Dev-AnimPhys (29E575DD-E0A3-4627-9D10-D276232CDCEA): 17
LogDevObjectVersion:   Dev-Anim (AF43A65D-7FD3-4947-9873-3E8ED9C1BB05): 7
LogDevObjectVersion:   Dev-ReflectionCapture (6B266CEC-1EC7-4B8F-A30B-E4D90942FC07): 1
LogDevObjectVersion:   Dev-Automation (0DF73D61-A23F-47EA-B727-89E90C41499A): 1
LogDevObjectVersion:   FortniteMain (601D1886-AC64-4F84-AA16-D3DE0DEAC7D6): 31
LogDevObjectVersion:   Dev-Enterprise (9DFFBCD6-494F-0158-E221-12823C92A888): 10
LogDevObjectVersion:   Dev-Niagara (F2AED0AC-9AFE-416F-8664-AA7FFA26D6FC): 1
LogDevObjectVersion:   Dev-Destruction (174F1F0B-B4C6-45A5-B13F-2EE8D0FB917D): 10
LogDevObjectVersion:   Dev-Physics-Ext (35F94A83-E258-406C-A318-09F59610247C): 37
LogDevObjectVersion:   Dev-PhysicsMaterial-Chaos (B68FC16E-8B1B-42E2-B453-215C058844FE): 1
LogDevObjectVersion:   Dev-CineCamera (B2E18506-4273-CFC2-A54E-F4BB758BBA07): 1
LogInit: Presizing for max 25165824 objects, including 0 objects not considered by GC, pre-allocating 0 bytes for permanent pool.
LogConfig: Applying CVar settings from Section [/Script/Engine.StreamingSettings] File [C:/Users/roman/UnrealProjects/Collapse/Saved/Config/Windows/Engine.ini]
LogConfig: Setting CVar [[s.MinBulkDataSizeForAsyncLoading:131072]]
LogConfig: Setting CVar [[s.AsyncLoadingThreadEnabled:0]]
LogConfig: Setting CVar [[s.EventDrivenLoaderEnabled:1]]
LogConfig: Setting CVar [[s.WarnIfTimeLimitExceeded:0]]
LogConfig: Setting CVar [[s.TimeLimitExceededMultiplier:1.5]]
LogConfig: Setting CVar [[s.TimeLimitExceededMinTime:0.005]]
LogConfig: Setting CVar [[s.UseBackgroundLevelStreaming:1]]
LogConfig: Setting CVar [[s.PriorityAsyncLoadingExtraTime:15.0]]
LogConfig: Setting CVar [[s.LevelStreamingActorsUpdateTimeLimit:5.0]]
LogConfig: Setting CVar [[s.PriorityLevelStreamingActorsUpdateExtraTime:5.0]]
LogConfig: Setting CVar [[s.LevelStreamingComponentsRegistrationGranularity:10]]
LogConfig: Setting CVar [[s.UnregisterComponentsTimeLimit:1.0]]
LogConfig: Setting CVar [[s.LevelStreamingComponentsUnregistrationGranularity:5]]
LogConfig: Setting CVar [[s.FlushStreamingOnExit:1]]
LogInit: Object subsystem initialized
LogConfig: Setting CVar [[con.DebugEarlyDefault:1]]
LogConfig: Setting CVar [[r.setres:1280x720]]
[2020.12.26-05.44.14:826][  0]LogConfig: Setting CVar [[con.DebugEarlyDefault:1]]
[2020.12.26-05.44.14:826][  0]LogConfig: Setting CVar [[r.setres:1280x720]]
[2020.12.26-05.44.14:826][  0]LogConfig: Applying CVar settings from Section [/Script/Engine.RendererSettings] File [C:/Users/roman/UnrealProjects/Collapse/Saved/Config/Windows/Engine.ini]
[2020.12.26-05.44.14:826][  0]LogConfig: Setting CVar [[r.GPUCrashDebugging:0]]
[2020.12.26-05.44.14:826][  0]LogConfig: Applying CVar settings from Section [/Script/Engine.RendererOverrideSettings] File [C:/Users/roman/UnrealProjects/Collapse/Saved/Config/Windows/Engine.ini]
[2020.12.26-05.44.14:826][  0]LogConfig: Applying CVar settings from Section [/Script/Engine.StreamingSettings] File [C:/Users/roman/UnrealProjects/Collapse/Saved/Config/Windows/Engine.ini]
[2020.12.26-05.44.14:826][  0]LogConfig: Setting CVar [[s.MinBulkDataSizeForAsyncLoading:131072]]
[2020.12.26-05.44.14:826][  0]LogConfig: Setting CVar [[s.AsyncLoadingThreadEnabled:0]]
[2020.12.26-05.44.14:826][  0]LogConfig: Setting CVar [[s.EventDrivenLoaderEnabled:1]]
[2020.12.26-05.44.14:826][  0]LogConfig: Setting CVar [[s.WarnIfTimeLimitExceeded:0]]
[2020.12.26-05.44.14:826][  0]LogConfig: Setting CVar [[s.TimeLimitExceededMultiplier:1.5]]
[2020.12.26-05.44.14:827][  0]LogConfig: Setting CVar [[s.TimeLimitExceededMinTime:0.005]]
[2020.12.26-05.44.14:827][  0]LogConfig: Setting CVar [[s.UseBackgroundLevelStreaming:1]]
[2020.12.26-05.44.14:827][  0]LogConfig: Setting CVar [[s.PriorityAsyncLoadingExtraTime:15.0]]
[2020.12.26-05.44.14:827][  0]LogConfig: Setting CVar [[s.LevelStreamingActorsUpdateTimeLimit:5.0]]
[2020.12.26-05.44.14:827][  0]LogConfig: Setting CVar [[s.PriorityLevelStreamingActorsUpdateExtraTime:5.0]]
[2020.12.26-05.44.14:827][  0]LogConfig: Setting CVar [[s.LevelStreamingComponentsRegistrationGranularity:10]]
[2020.12.26-05.44.14:827][  0]LogConfig: Setting CVar [[s.UnregisterComponentsTimeLimit:1.0]]
[2020.12.26-05.44.14:827][  0]LogConfig: Setting CVar [[s.LevelStreamingComponentsUnregistrationGranularity:5]]
[2020.12.26-05.44.14:827][  0]LogConfig: Setting CVar [[s.FlushStreamingOnExit:1]]
[2020.12.26-05.44.14:827][  0]LogConfig: Applying CVar settings from Section [/Script/Engine.GarbageCollectionSettings] File [C:/Users/roman/UnrealProjects/Collapse/Saved/Config/Windows/Engine.ini]
[2020.12.26-05.44.14:827][  0]LogConfig: Setting CVar [[gc.MaxObjectsNotConsideredByGC:1]]
[2020.12.26-05.44.14:827][  0]LogConfig: Setting CVar [[gc.SizeOfPermanentObjectPool:0]]
[2020.12.26-05.44.14:827][  0]LogConfig: Setting CVar [[gc.FlushStreamingOnGC:0]]
[2020.12.26-05.44.14:827][  0]LogConfig: Setting CVar [[gc.NumRetriesBeforeForcingGC:10]]
[2020.12.26-05.44.14:827][  0]LogConfig: Setting CVar [[gc.AllowParallelGC:1]]
[2020.12.26-05.44.14:827][  0]LogConfig: Setting CVar [[gc.TimeBetweenPurgingPendingKillObjects:61.1]]
[2020.12.26-05.44.14:827][  0]LogConfig: Setting CVar [[gc.MaxObjectsInEditor:25165824]]
[2020.12.26-05.44.14:827][  0]LogConfig: Setting CVar [[gc.IncrementalBeginDestroyEnabled:1]]
[2020.12.26-05.44.14:827][  0]LogConfig: Setting CVar [[gc.CreateGCClusters:1]]
[2020.12.26-05.44.14:827][  0]LogConfig: Setting CVar [[gc.MinGCClusterSize:5]]
[2020.12.26-05.44.14:827][  0]LogConfig: Setting CVar [[gc.ActorClusteringEnabled:0]]
[2020.12.26-05.44.14:827][  0]LogConfig: Setting CVar [[gc.BlueprintClusteringEnabled:0]]
[2020.12.26-05.44.14:827][  0]LogConfig: Setting CVar [[gc.UseDisregardForGCOnDedicatedServers:0]]
[2020.12.26-05.44.14:827][  0]LogConfig: Applying CVar settings from Section [/Script/Engine.NetworkSettings] File [C:/Users/roman/UnrealProjects/Collapse/Saved/Config/Windows/Engine.ini]
[2020.12.26-05.44.14:827][  0]LogConfig: Applying CVar settings from Section [/Script/UnrealEd.CookerSettings] File [C:/Users/roman/UnrealProjects/Collapse/Saved/Config/Windows/Engine.ini]
[2020.12.26-05.44.14:837][  0]LogConfig: Applying CVar settings from Section [ViewDistanceQuality@3] File [C:/Users/roman/UnrealProjects/Collapse/Saved/Config/Windows/Scalability.ini]
[2020.12.26-05.44.14:837][  0]LogConfig: Setting CVar [[r.SkeletalMeshLODBias:0]]
[2020.12.26-05.44.14:837][  0]LogConfig: Setting CVar [[r.ViewDistanceScale:1.0]]
[2020.12.26-05.44.14:837][  0]LogConfig: Applying CVar settings from Section [AntiAliasingQuality@3] File [C:/Users/roman/UnrealProjects/Collapse/Saved/Config/Windows/Scalability.ini]
[2020.12.26-05.44.14:837][  0]LogConfig: Setting CVar [[r.PostProcessAAQuality:4]]
[2020.12.26-05.44.14:837][  0]LogConfig: Applying CVar settings from Section [ShadowQuality@3] File [C:/Users/roman/UnrealProjects/Collapse/Saved/Config/Windows/Scalability.ini]
[2020.12.26-05.44.14:837][  0]LogConfig: Setting CVar [[r.LightFunctionQuality:1]]
[2020.12.26-05.44.14:837][  0]LogConfig: Setting CVar [[r.ShadowQuality:5]]
[2020.12.26-05.44.14:837][  0]LogConfig: Setting CVar [[r.Shadow.CSM.MaxCascades:10]]
[2020.12.26-05.44.14:837][  0]LogConfig: Setting CVar [[r.Shadow.MaxResolution:2048]]
[2020.12.26-05.44.14:837][  0]LogConfig: Setting CVar [[r.Shadow.MaxCSMResolution:2048]]
[2020.12.26-05.44.14:837][  0]LogConfig: Setting CVar [[r.Shadow.RadiusThreshold:0.01]]
[2020.12.26-05.44.14:838][  0]LogConfig: Setting CVar [[r.Shadow.DistanceScale:1.0]]
[2020.12.26-05.44.14:838][  0]LogConfig: Setting CVar [[r.Shadow.CSM.TransitionScale:1.0]]
[2020.12.26-05.44.14:838][  0]LogConfig: Setting CVar [[r.Shadow.PreShadowResolutionFactor:1.0]]
[2020.12.26-05.44.14:838][  0]LogConfig: Setting CVar [[r.DistanceFieldShadowing:1]]
[2020.12.26-05.44.14:838][  0]LogConfig: Setting CVar [[r.DistanceFieldAO:1]]
[2020.12.26-05.44.14:838][  0]LogConfig: Setting CVar [[r.AOQuality:2]]
[2020.12.26-05.44.14:838][  0]LogConfig: Setting CVar [[r.VolumetricFog:1]]
[2020.12.26-05.44.14:838][  0]LogConfig: Setting CVar [[r.VolumetricFog.GridPixelSize:8]]
[2020.12.26-05.44.14:838][  0]LogConfig: Setting CVar [[r.VolumetricFog.GridSizeZ:128]]
[2020.12.26-05.44.14:838][  0]LogConfig: Setting CVar [[r.VolumetricFog.HistoryMissSupersampleCount:4]]
[2020.12.26-05.44.14:838][  0]LogConfig: Setting CVar [[r.LightMaxDrawDistanceScale:1]]
[2020.12.26-05.44.14:838][  0]LogConfig: Setting CVar [[r.CapsuleShadows:1]]
[2020.12.26-05.44.14:838][  0]LogConfig: Applying CVar settings from Section [PostProcessQuality@3] File [C:/Users/roman/UnrealProjects/Collapse/Saved/Config/Windows/Scalability.ini]
[2020.12.26-05.44.14:838][  0]LogConfig: Setting CVar [[r.MotionBlurQuality:4]]
[2020.12.26-05.44.14:838][  0]LogConfig: Setting CVar [[r.AmbientOcclusionMipLevelFactor:0.4]]
[2020.12.26-05.44.14:838][  0]LogConfig: Setting CVar [[r.AmbientOcclusionMaxQuality:100]]
[2020.12.26-05.44.14:838][  0]LogConfig: Setting CVar [[r.AmbientOcclusionLevels:-1]]
[2020.12.26-05.44.14:838][  0]LogConfig: Setting CVar [[r.AmbientOcclusionRadiusScale:1.0]]
[2020.12.26-05.44.14:838][  0]LogConfig: Setting CVar [[r.DepthOfFieldQuality:2]]
[2020.12.26-05.44.14:838][  0]LogConfig: Setting CVar [[r.RenderTargetPoolMin:400]]
[2020.12.26-05.44.14:838][  0]LogConfig: Setting CVar [[r.LensFlareQuality:2]]
[2020.12.26-05.44.14:838][  0]LogConfig: Setting CVar [[r.SceneColorFringeQuality:1]]
[2020.12.26-05.44.14:838][  0]LogConfig: Setting CVar [[r.EyeAdaptationQuality:2]]
[2020.12.26-05.44.14:838][  0]LogConfig: Setting CVar [[r.BloomQuality:5]]
[2020.12.26-05.44.14:838][  0]LogConfig: Setting CVar [[r.FastBlurThreshold:100]]
[2020.12.26-05.44.14:838][  0]LogConfig: Setting CVar [[r.Upscale.Quality:3]]
[2020.12.26-05.44.14:838][  0]LogConfig: Setting CVar [[r.Tonemapper.GrainQuantization:1]]
[2020.12.26-05.44.14:838][  0]LogConfig: Setting CVar [[r.LightShaftQuality:1]]
[2020.12.26-05.44.14:838][  0]LogConfig: Setting CVar [[r.Filter.SizeScale:1]]
[2020.12.26-05.44.14:838][  0]LogConfig: Setting CVar [[r.Tonemapper.Quality:5]]
[2020.12.26-05.44.14:838][  0]LogConfig: Setting CVar [[r.DOF.Gather.AccumulatorQuality:1        ; higher gathering accumulator quality]]
[2020.12.26-05.44.14:839][  0]LogConfig: Setting CVar [[r.DOF.Gather.PostfilterMethod:1          ; Median3x3 postfilering method]]
[2020.12.26-05.44.14:839][  0]LogConfig: Setting CVar [[r.DOF.Gather.EnableBokehSettings:0       ; no bokeh simulation when gathering]]
[2020.12.26-05.44.14:839][  0]LogConfig: Setting CVar [[r.DOF.Gather.RingCount:4                 ; medium number of samples when gathering]]
[2020.12.26-05.44.14:839][  0]LogConfig: Setting CVar [[r.DOF.Scatter.ForegroundCompositing:1    ; additive foreground scattering]]
[2020.12.26-05.44.14:839][  0]LogConfig: Setting CVar [[r.DOF.Scatter.BackgroundCompositing:2    ; additive background scattering]]
[2020.12.26-05.44.14:839][  0]LogConfig: Setting CVar [[r.DOF.Scatter.EnableBokehSettings:1      ; bokeh simulation when scattering]]
[2020.12.26-05.44.14:839][  0]LogConfig: Setting CVar [[r.DOF.Scatter.MaxSpriteRatio:0.1         ; only a maximum of 10% of scattered bokeh]]
[2020.12.26-05.44.14:839][  0]LogConfig: Setting CVar [[r.DOF.Recombine.Quality:1                ; cheap slight out of focus]]
[2020.12.26-05.44.14:839][  0]LogConfig: Setting CVar [[r.DOF.Recombine.EnableBokehSettings:0    ; no bokeh simulation on slight out of focus]]
[2020.12.26-05.44.14:839][  0]LogConfig: Setting CVar [[r.DOF.TemporalAAQuality:1                ; more stable temporal accumulation]]
[2020.12.26-05.44.14:839][  0]LogConfig: Setting CVar [[r.DOF.Kernel.MaxForegroundRadius:0.025]]
[2020.12.26-05.44.14:839][  0]LogConfig: Setting CVar [[r.DOF.Kernel.MaxBackgroundRadius:0.025]]
[2020.12.26-05.44.14:839][  0]LogConfig: Applying CVar settings from Section [TextureQuality@3] File [C:/Users/roman/UnrealProjects/Collapse/Saved/Config/Windows/Scalability.ini]
[2020.12.26-05.44.14:839][  0]LogConfig: Setting CVar [[r.Streaming.MipBias:0]]
[2020.12.26-05.44.14:839][  0]LogConfig: Setting CVar [[r.Streaming.AmortizeCPUToGPUCopy:0]]
[2020.12.26-05.44.14:839][  0]LogConfig: Setting CVar [[r.Streaming.MaxNumTexturesToStreamPerFrame:0]]
[2020.12.26-05.44.14:839][  0]LogConfig: Setting CVar [[r.Streaming.Boost:1]]
[2020.12.26-05.44.14:839][  0]LogConfig: Setting CVar [[r.MaxAnisotropy:8]]
[2020.12.26-05.44.14:839][  0]LogConfig: Setting CVar [[r.VT.MaxAnisotropy:8]]
[2020.12.26-05.44.14:839][  0]LogConfig: Setting CVar [[r.Streaming.LimitPoolSizeToVRAM:0]]
[2020.12.26-05.44.14:839][  0]LogConfig: Setting CVar [[r.Streaming.PoolSize:1000]]
[2020.12.26-05.44.14:839][  0]LogConfig: Setting CVar [[r.Streaming.MaxEffectiveScreenSize:0]]
[2020.12.26-05.44.14:839][  0]LogConfig: Applying CVar settings from Section [EffectsQuality@3] File [C:/Users/roman/UnrealProjects/Collapse/Saved/Config/Windows/Scalability.ini]
[2020.12.26-05.44.14:839][  0]LogConfig: Setting CVar [[r.TranslucencyLightingVolumeDim:64]]
[2020.12.26-05.44.14:839][  0]LogConfig: Setting CVar [[r.RefractionQuality:2]]
[2020.12.26-05.44.14:839][  0]LogConfig: Setting CVar [[r.SSR.Quality:3]]
[2020.12.26-05.44.14:839][  0]LogConfig: Setting CVar [[r.SSR.HalfResSceneColor:0]]
[2020.12.26-05.44.14:839][  0]LogConfig: Setting CVar [[r.SceneColorFormat:4]]
[2020.12.26-05.44.14:839][  0]LogConfig: Setting CVar [[r.DetailMode:2]]
[2020.12.26-05.44.14:839][  0]LogConfig: Setting CVar [[r.TranslucencyVolumeBlur:1]]
[2020.12.26-05.44.14:839][  0]LogConfig: Setting CVar [[r.MaterialQualityLevel:1 ; High quality]]
[2020.12.26-05.44.14:839][  0]LogConfig: Setting CVar [[r.SSS.Scale:1]]
[2020.12.26-05.44.14:839][  0]LogConfig: Setting CVar [[r.SSS.SampleSet:2]]
[2020.12.26-05.44.14:839][  0]LogConfig: Setting CVar [[r.SSS.Quality:1]]
[2020.12.26-05.44.14:839][  0]LogConfig: Setting CVar [[r.SSS.HalfRes:0]]
[2020.12.26-05.44.14:839][  0]LogConfig: Setting CVar [[r.SSGI.Quality:3]]
[2020.12.26-05.44.14:840][  0]LogConfig: Setting CVar [[r.EmitterSpawnRateScale:1.0]]
[2020.12.26-05.44.14:840][  0]LogConfig: Setting CVar [[r.ParticleLightQuality:2]]
[2020.12.26-05.44.14:840][  0]LogConfig: Setting CVar [[r.SkyAtmosphere.AerialPerspectiveLUT.FastApplyOnOpaque:1 ; Always have FastSkyLUT 1 in this case to avoid wrong sky]]
[2020.12.26-05.44.14:840][  0]LogConfig: Setting CVar [[r.SkyAtmosphere.AerialPerspectiveLUT.SampleCountPerSlice:1]]
[2020.12.26-05.44.14:840][  0]LogConfig: Setting CVar [[r.SkyAtmosphere.AerialPerspectiveLUT.DepthResolution:16.0]]
[2020.12.26-05.44.14:840][  0]LogConfig: Setting CVar [[r.SkyAtmosphere.FastSkyLUT:1]]
[2020.12.26-05.44.14:840][  0]LogConfig: Setting CVar [[r.SkyAtmosphere.FastSkyLUT.SampleCountMin:4.0]]
[2020.12.26-05.44.14:840][  0]LogConfig: Setting CVar [[r.SkyAtmosphere.FastSkyLUT.SampleCountMax:32.0]]
[2020.12.26-05.44.14:840][  0]LogConfig: Setting CVar [[r.SkyAtmosphere.SampleCountMin:4.0]]
[2020.12.26-05.44.14:840][  0]LogConfig: Setting CVar [[r.SkyAtmosphere.SampleCountMax:32.0]]
[2020.12.26-05.44.14:840][  0]LogConfig: Setting CVar [[r.SkyAtmosphere.TransmittanceLUT.UseSmallFormat:0]]
[2020.12.26-05.44.14:840][  0]LogConfig: Setting CVar [[r.SkyAtmosphere.TransmittanceLUT.SampleCount:10.0]]
[2020.12.26-05.44.14:840][  0]LogConfig: Setting CVar [[r.SkyAtmosphere.MultiScatteringLUT.SampleCount:15.0]]
[2020.12.26-05.44.14:840][  0]LogConfig: Applying CVar settings from Section [FoliageQuality@3] File [C:/Users/roman/UnrealProjects/Collapse/Saved/Config/Windows/Scalability.ini]
[2020.12.26-05.44.14:840][  0]LogConfig: Setting CVar [[foliage.DensityScale:1.0]]
[2020.12.26-05.44.14:840][  0]LogConfig: Setting CVar [[grass.DensityScale:1.0]]
[2020.12.26-05.44.14:840][  0]LogConfig: Applying CVar settings from Section [ShadingQuality@3] File [C:/Users/roman/UnrealProjects/Collapse/Saved/Config/Windows/Scalability.ini]
[2020.12.26-05.44.14:840][  0]LogConfig: Setting CVar [[r.HairStrands.SkyLighting.SampleCount:16]]
[2020.12.26-05.44.14:840][  0]LogConfig: Setting CVar [[r.HairStrands.SkyLighting.JitterIntegration:0]]
[2020.12.26-05.44.14:840][  0]LogConfig: Setting CVar [[r.HairStrands.SkyAO.SampleCount:16]]
[2020.12.26-05.44.14:840][  0]LogConfig: Setting CVar [[r.HairStrands.DeepShadow.SuperSampling:0]]
[2020.12.26-05.44.14:841][  0]LogConfig: Setting CVar [[r.HairStrands.VisibilityPPLL:0]]
[2020.12.26-05.44.14:841][  0]LogConfig: Setting CVar [[r.HairStrands.RasterizationScale:0.5]]
[2020.12.26-05.44.14:841][  0]LogConfig: Setting CVar [[r.HairStrands.VelocityRasterizationScale:1]]
[2020.12.26-05.44.14:841][  0]LogInit: Selected Device Profile: [Windows]
[2020.12.26-05.44.14:841][  0]LogInit: Applying CVar settings loaded from the selected device profile: [Windows]
[2020.12.26-05.44.14:841][  0]LogHAL: Display: Platform has ~ 8 GB [8419069952 / 8589934592 / 8], which maps to Default [LargestMinGB=32, LargerMinGB=12, DefaultMinGB=8, SmallerMinGB=6, SmallestMinGB=0)
[2020.12.26-05.44.14:841][  0]LogInit: Going up to parent DeviceProfile []
[2020.12.26-05.44.14:841][  0]LogConfig: Applying CVar settings from Section [ViewDistanceQuality@3] File [C:/Users/roman/UnrealProjects/Collapse/Saved/Config/Windows/Scalability.ini]
[2020.12.26-05.44.14:841][  0]LogConfig: Setting CVar [[r.SkeletalMeshLODBias:0]]
[2020.12.26-05.44.14:841][  0]LogConfig: Setting CVar [[r.ViewDistanceScale:1.0]]
[2020.12.26-05.44.14:841][  0]LogConfig: Applying CVar settings from Section [AntiAliasingQuality@3] File [C:/Users/roman/UnrealProjects/Collapse/Saved/Config/Windows/Scalability.ini]
[2020.12.26-05.44.14:841][  0]LogConfig: Setting CVar [[r.PostProcessAAQuality:4]]
[2020.12.26-05.44.14:841][  0]LogConfig: Applying CVar settings from Section [ShadowQuality@3] File [C:/Users/roman/UnrealProjects/Collapse/Saved/Config/Windows/Scalability.ini]
[2020.12.26-05.44.14:841][  0]LogConfig: Setting CVar [[r.LightFunctionQuality:1]]
[2020.12.26-05.44.14:841][  0]LogConfig: Setting CVar [[r.ShadowQuality:5]]
[2020.12.26-05.44.14:841][  0]LogConfig: Setting CVar [[r.Shadow.CSM.MaxCascades:10]]
[2020.12.26-05.44.14:841][  0]LogConfig: Setting CVar [[r.Shadow.MaxResolution:2048]]
[2020.12.26-05.44.14:841][  0]LogConfig: Setting CVar [[r.Shadow.MaxCSMResolution:2048]]
[2020.12.26-05.44.14:841][  0]LogConfig: Setting CVar [[r.Shadow.RadiusThreshold:0.01]]
[2020.12.26-05.44.14:841][  0]LogConfig: Setting CVar [[r.Shadow.DistanceScale:1.0]]
[2020.12.26-05.44.14:841][  0]LogConfig: Setting CVar [[r.Shadow.CSM.TransitionScale:1.0]]
[2020.12.26-05.44.14:841][  0]LogConfig: Setting CVar [[r.Shadow.PreShadowResolutionFactor:1.0]]
[2020.12.26-05.44.14:841][  0]LogConfig: Setting CVar [[r.DistanceFieldShadowing:1]]
[2020.12.26-05.44.14:841][  0]LogConfig: Setting CVar [[r.DistanceFieldAO:1]]
[2020.12.26-05.44.14:841][  0]LogConfig: Setting CVar [[r.AOQuality:2]]
[2020.12.26-05.44.14:841][  0]LogConfig: Setting CVar [[r.VolumetricFog:1]]
[2020.12.26-05.44.14:841][  0]LogConfig: Setting CVar [[r.VolumetricFog.GridPixelSize:8]]
[2020.12.26-05.44.14:841][  0]LogConfig: Setting CVar [[r.VolumetricFog.GridSizeZ:128]]
[2020.12.26-05.44.14:842][  0]LogConfig: Setting CVar [[r.VolumetricFog.HistoryMissSupersampleCount:4]]
[2020.12.26-05.44.14:842][  0]LogConfig: Setting CVar [[r.LightMaxDrawDistanceScale:1]]
[2020.12.26-05.44.14:842][  0]LogConfig: Setting CVar [[r.CapsuleShadows:1]]
[2020.12.26-05.44.14:842][  0]LogConfig: Applying CVar settings from Section [PostProcessQuality@3] File [C:/Users/roman/UnrealProjects/Collapse/Saved/Config/Windows/Scalability.ini]
[2020.12.26-05.44.14:842][  0]LogConfig: Setting CVar [[r.MotionBlurQuality:4]]
[2020.12.26-05.44.14:842][  0]LogConfig: Setting CVar [[r.AmbientOcclusionMipLevelFactor:0.4]]
[2020.12.26-05.44.14:842][  0]LogConfig: Setting CVar [[r.AmbientOcclusionMaxQuality:100]]
[2020.12.26-05.44.14:842][  0]LogConfig: Setting CVar [[r.AmbientOcclusionLevels:-1]]
[2020.12.26-05.44.14:842][  0]LogConfig: Setting CVar [[r.AmbientOcclusionRadiusScale:1.0]]
[2020.12.26-05.44.14:842][  0]LogConfig: Setting CVar [[r.DepthOfFieldQuality:2]]
[2020.12.26-05.44.14:842][  0]LogConfig: Setting CVar [[r.RenderTargetPoolMin:400]]
[2020.12.26-05.44.14:842][  0]LogConfig: Setting CVar [[r.LensFlareQuality:2]]
[2020.12.26-05.44.14:842][  0]LogConfig: Setting CVar [[r.SceneColorFringeQuality:1]]
[2020.12.26-05.44.14:842][  0]LogConfig: Setting CVar [[r.EyeAdaptationQuality:2]]
[2020.12.26-05.44.14:842][  0]LogConfig: Setting CVar [[r.BloomQuality:5]]
[2020.12.26-05.44.14:842][  0]LogConfig: Setting CVar [[r.FastBlurThreshold:100]]
[2020.12.26-05.44.14:842][  0]LogConfig: Setting CVar [[r.Upscale.Quality:3]]
[2020.12.26-05.44.14:842][  0]LogConfig: Setting CVar [[r.Tonemapper.GrainQuantization:1]]
[2020.12.26-05.44.14:842][  0]LogConfig: Setting CVar [[r.LightShaftQuality:1]]
[2020.12.26-05.44.14:842][  0]LogConfig: Setting CVar [[r.Filter.SizeScale:1]]
[2020.12.26-05.44.14:842][  0]LogConfig: Setting CVar [[r.Tonemapper.Quality:5]]
[2020.12.26-05.44.14:842][  0]LogConfig: Setting CVar [[r.DOF.Gather.AccumulatorQuality:1        ; higher gathering accumulator quality]]
[2020.12.26-05.44.14:842][  0]LogConfig: Setting CVar [[r.DOF.Gather.PostfilterMethod:1          ; Median3x3 postfilering method]]
[2020.12.26-05.44.14:842][  0]LogConfig: Setting CVar [[r.DOF.Gather.EnableBokehSettings:0       ; no bokeh simulation when gathering]]
[2020.12.26-05.44.14:842][  0]LogConfig: Setting CVar [[r.DOF.Gather.RingCount:4                 ; medium number of samples when gathering]]
[2020.12.26-05.44.14:842][  0]LogConfig: Setting CVar [[r.DOF.Scatter.ForegroundCompositing:1    ; additive foreground scattering]]
[2020.12.26-05.44.14:842][  0]LogConfig: Setting CVar [[r.DOF.Scatter.BackgroundCompositing:2    ; additive background scattering]]
[2020.12.26-05.44.14:842][  0]LogConfig: Setting CVar [[r.DOF.Scatter.EnableBokehSettings:1      ; bokeh simulation when scattering]]
[2020.12.26-05.44.14:842][  0]LogConfig: Setting CVar [[r.DOF.Scatter.MaxSpriteRatio:0.1         ; only a maximum of 10% of scattered bokeh]]
[2020.12.26-05.44.14:842][  0]LogConfig: Setting CVar [[r.DOF.Recombine.Quality:1                ; cheap slight out of focus]]
[2020.12.26-05.44.14:842][  0]LogConfig: Setting CVar [[r.DOF.Recombine.EnableBokehSettings:0    ; no bokeh simulation on slight out of focus]]
[2020.12.26-05.44.14:842][  0]LogConfig: Setting CVar [[r.DOF.TemporalAAQuality:1                ; more stable temporal accumulation]]
[2020.12.26-05.44.14:842][  0]LogConfig: Setting CVar [[r.DOF.Kernel.MaxForegroundRadius:0.025]]
[2020.12.26-05.44.14:842][  0]LogConfig: Setting CVar [[r.DOF.Kernel.MaxBackgroundRadius:0.025]]
[2020.12.26-05.44.14:842][  0]LogConfig: Applying CVar settings from Section [TextureQuality@3] File [C:/Users/roman/UnrealProjects/Collapse/Saved/Config/Windows/Scalability.ini]
[2020.12.26-05.44.14:842][  0]LogConfig: Setting CVar [[r.Streaming.MipBias:0]]
[2020.12.26-05.44.14:842][  0]LogConfig: Setting CVar [[r.Streaming.AmortizeCPUToGPUCopy:0]]
[2020.12.26-05.44.14:843][  0]LogConfig: Setting CVar [[r.Streaming.MaxNumTexturesToStreamPerFrame:0]]
[2020.12.26-05.44.14:843][  0]LogConfig: Setting CVar [[r.Streaming.Boost:1]]
[2020.12.26-05.44.14:843][  0]LogConfig: Setting CVar [[r.MaxAnisotropy:8]]
[2020.12.26-05.44.14:843][  0]LogConfig: Setting CVar [[r.VT.MaxAnisotropy:8]]
[2020.12.26-05.44.14:843][  0]LogConfig: Setting CVar [[r.Streaming.LimitPoolSizeToVRAM:0]]
[2020.12.26-05.44.14:843][  0]LogConfig: Setting CVar [[r.Streaming.PoolSize:1000]]
[2020.12.26-05.44.14:843][  0]LogConfig: Setting CVar [[r.Streaming.MaxEffectiveScreenSize:0]]
[2020.12.26-05.44.14:843][  0]LogConfig: Applying CVar settings from Section [EffectsQuality@3] File [C:/Users/roman/UnrealProjects/Collapse/Saved/Config/Windows/Scalability.ini]
[2020.12.26-05.44.14:843][  0]LogConfig: Setting CVar [[r.TranslucencyLightingVolumeDim:64]]
[2020.12.26-05.44.14:843][  0]LogConfig: Setting CVar [[r.RefractionQuality:2]]
[2020.12.26-05.44.14:843][  0]LogConfig: Setting CVar [[r.SSR.Quality:3]]
[2020.12.26-05.44.14:843][  0]LogConfig: Setting CVar [[r.SSR.HalfResSceneColor:0]]
[2020.12.26-05.44.14:843][  0]LogConfig: Setting CVar [[r.SceneColorFormat:4]]
[2020.12.26-05.44.14:843][  0]LogConfig: Setting CVar [[r.DetailMode:2]]
[2020.12.26-05.44.14:843][  0]LogConfig: Setting CVar [[r.TranslucencyVolumeBlur:1]]
[2020.12.26-05.44.14:843][  0]LogConfig: Setting CVar [[r.MaterialQualityLevel:1 ; High quality]]
[2020.12.26-05.44.14:843][  0]LogConfig: Setting CVar [[r.SSS.Scale:1]]
[2020.12.26-05.44.14:843][  0]LogConfig: Setting CVar [[r.SSS.SampleSet:2]]
[2020.12.26-05.44.14:843][  0]LogConfig: Setting CVar [[r.SSS.Quality:1]]
[2020.12.26-05.44.14:843][  0]LogConfig: Setting CVar [[r.SSS.HalfRes:0]]
[2020.12.26-05.44.14:843][  0]LogConfig: Setting CVar [[r.SSGI.Quality:3]]
[2020.12.26-05.44.14:843][  0]LogConfig: Setting CVar [[r.EmitterSpawnRateScale:1.0]]
[2020.12.26-05.44.14:843][  0]LogConfig: Setting CVar [[r.ParticleLightQuality:2]]
[2020.12.26-05.44.14:843][  0]LogConfig: Setting CVar [[r.SkyAtmosphere.AerialPerspectiveLUT.FastApplyOnOpaque:1 ; Always have FastSkyLUT 1 in this case to avoid wrong sky]]
[2020.12.26-05.44.14:843][  0]LogConfig: Setting CVar [[r.SkyAtmosphere.AerialPerspectiveLUT.SampleCountPerSlice:1]]
[2020.12.26-05.44.14:843][  0]LogConfig: Setting CVar [[r.SkyAtmosphere.AerialPerspectiveLUT.DepthResolution:16.0]]
[2020.12.26-05.44.14:843][  0]LogConfig: Setting CVar [[r.SkyAtmosphere.FastSkyLUT:1]]
[2020.12.26-05.44.14:843][  0]LogConfig: Setting CVar [[r.SkyAtmosphere.FastSkyLUT.SampleCountMin:4.0]]
[2020.12.26-05.44.14:843][  0]LogConfig: Setting CVar [[r.SkyAtmosphere.FastSkyLUT.SampleCountMax:32.0]]
[2020.12.26-05.44.14:843][  0]LogConfig: Setting CVar [[r.SkyAtmosphere.SampleCountMin:4.0]]
[2020.12.26-05.44.14:843][  0]LogConfig: Setting CVar [[r.SkyAtmosphere.SampleCountMax:32.0]]
[2020.12.26-05.44.14:843][  0]LogConfig: Setting CVar [[r.SkyAtmosphere.TransmittanceLUT.UseSmallFormat:0]]
[2020.12.26-05.44.14:843][  0]LogConfig: Setting CVar [[r.SkyAtmosphere.TransmittanceLUT.SampleCount:10.0]]
[2020.12.26-05.44.14:843][  0]LogConfig: Setting CVar [[r.SkyAtmosphere.MultiScatteringLUT.SampleCount:15.0]]
[2020.12.26-05.44.14:844][  0]LogConfig: Applying CVar settings from Section [FoliageQuality@3] File [C:/Users/roman/UnrealProjects/Collapse/Saved/Config/Windows/Scalability.ini]
[2020.12.26-05.44.14:844][  0]LogConfig: Setting CVar [[foliage.DensityScale:1.0]]
[2020.12.26-05.44.14:844][  0]LogConfig: Setting CVar [[grass.DensityScale:1.0]]
[2020.12.26-05.44.14:844][  0]LogConfig: Applying CVar settings from Section [ShadingQuality@3] File [C:/Users/roman/UnrealProjects/Collapse/Saved/Config/Windows/Scalability.ini]
[2020.12.26-05.44.14:844][  0]LogConfig: Setting CVar [[r.HairStrands.SkyLighting.SampleCount:16]]
[2020.12.26-05.44.14:844][  0]LogConfig: Setting CVar [[r.HairStrands.SkyLighting.JitterIntegration:0]]
[2020.12.26-05.44.14:844][  0]LogConfig: Setting CVar [[r.HairStrands.SkyAO.SampleCount:16]]
[2020.12.26-05.44.14:844][  0]LogConfig: Setting CVar [[r.HairStrands.DeepShadow.SuperSampling:0]]
[2020.12.26-05.44.14:844][  0]LogConfig: Setting CVar [[r.HairStrands.VisibilityPPLL:0]]
[2020.12.26-05.44.14:844][  0]LogConfig: Setting CVar [[r.HairStrands.RasterizationScale:0.5]]
[2020.12.26-05.44.14:844][  0]LogConfig: Setting CVar [[r.HairStrands.VelocityRasterizationScale:1]]
[2020.12.26-05.44.14:844][  0]LogConfig: Applying CVar settings from Section [Startup] File [../../../Engine/Config/ConsoleVariables.ini]
[2020.12.26-05.44.14:845][  0]LogConfig: Setting CVar [[net.UseAdaptiveNetUpdateFrequency:0]]
[2020.12.26-05.44.14:845][  0]LogConfig: Setting CVar [[p.chaos.AllowCreatePhysxBodies:1]]
[2020.12.26-05.44.14:845][  0]LogConfig: Setting CVar [[fx.SkipVectorVMBackendOptimizations:1]]
[2020.12.26-05.44.14:845][  0]LogConfig: Applying CVar settings from Section [ConsoleVariables] File [C:/Users/roman/UnrealProjects/Collapse/Saved/Config/Windows/Engine.ini]
[2020.12.26-05.44.14:846][  0]LogInit: Computer: DESKTOP-GE6EI2B
[2020.12.26-05.44.14:846][  0]LogInit: User: roman
[2020.12.26-05.44.14:846][  0]LogInit: CPU Page size=4096, Cores=6
[2020.12.26-05.44.14:846][  0]LogInit: High frequency timer resolution =10.000000 MHz
[2020.12.26-05.44.14:846][  0]LogMemory: Memory total: Physical=7.8GB (8GB approx)
[2020.12.26-05.44.14:846][  0]LogMemory: Platform Memory Stats for Windows
[2020.12.26-05.44.14:846][  0]LogMemory: Process Physical Memory: 116.67 MB used, 116.68 MB peak
[2020.12.26-05.44.14:846][  0]LogMemory: Process Virtual Memory: 113.27 MB used, 113.27 MB peak
[2020.12.26-05.44.14:847][  0]LogMemory: Physical Memory: 6463.98 MB used,  1565.07 MB free, 8029.05 MB total
[2020.12.26-05.44.14:847][  0]LogMemory: Virtual Memory: 5182.97 MB used,  134212544.00 MB free, 134217728.00 MB total
[2020.12.26-05.44.14:873][  0]LogWindows: WindowsPlatformFeatures enabled
[2020.12.26-05.44.15:052][  0]LogInit: Physics initialised using underlying interface: PhysX
[2020.12.26-05.44.15:053][  0]LogInit: Using OS detected language (ru-RU).
[2020.12.26-05.44.15:053][  0]LogInit: Using OS detected locale (ru-RU).
[2020.12.26-05.44.15:068][  0]LogTextLocalizationManager: No specific localization for 'ru-RU' exists, so the 'ru' localization will be used.
[2020.12.26-05.44.15:074][  0]LogTextLocalizationResource: LocRes '../../../Engine/Content/Localization/Editor/ru/Editor.locres' could not be opened for reading!
[2020.12.26-05.44.15:074][  0]LogTextLocalizationResource: LocRes '../../../Engine/Content/Localization/EditorTutorials/ru/EditorTutorials.locres' could not be opened for reading!
[2020.12.26-05.44.15:074][  0]LogTextLocalizationResource: LocRes '../../../Engine/Content/Localization/Keywords/ru/Keywords.locres' could not be opened for reading!
[2020.12.26-05.44.15:075][  0]LogTextLocalizationResource: LocRes '../../../Engine/Content/Localization/Category/ru/Category.locres' could not be opened for reading!
[2020.12.26-05.44.15:075][  0]LogTextLocalizationResource: LocRes '../../../Engine/Content/Localization/ToolTips/ru/ToolTips.locres' could not be opened for reading!
[2020.12.26-05.44.15:075][  0]LogTextLocalizationResource: LocRes '../../../Engine/Content/Localization/PropertyNames/ru/PropertyNames.locres' could not be opened for reading!
[2020.12.26-05.44.15:075][  0]LogTextLocalizationResource: LocRes '../../../Engine/Content/Localization/Engine/ru/Engine.locres' could not be opened for reading!
[2020.12.26-05.44.15:178][  0]LogSlate: New Slate User Created.  User Index 0, Is Virtual User: 0
[2020.12.26-05.44.15:178][  0]LogSlate: Slate User Registered.  User Index 0, Is Virtual User: 0
[2020.12.26-05.44.15:272][  0]LogHMD: Failed to initialize OpenVR with code 110
[2020.12.26-05.44.15:273][  0]LogD3D11RHI: D3D11 min allowed feature level: 11_0
[2020.12.26-05.44.15:273][  0]LogD3D11RHI: D3D11 max allowed feature level: 11_0
[2020.12.26-05.44.15:273][  0]LogD3D11RHI: D3D11 adapters:
[2020.12.26-05.44.15:482][  0]LogD3D11RHI:    0. 'NVIDIA GeForce GTX 1650 Ti' (Feature Level 11_0)
[2020.12.26-05.44.15:482][  0]LogD3D11RHI:       3962/0/4014 MB DedicatedVideo/DedicatedSystem/SharedSystem, Outputs:1, VendorId:0x10de
[2020.12.26-05.44.15:577][  0]LogD3D11RHI:    1. 'Intel(R) UHD Graphics 630' (Feature Level 11_0)
[2020.12.26-05.44.15:577][  0]LogD3D11RHI:       128/0/4014 MB DedicatedVideo/DedicatedSystem/SharedSystem, Outputs:0, VendorId:0x8086
[2020.12.26-05.44.15:582][  0]LogD3D11RHI:    2. 'Microsoft Basic Render Driver' (Feature Level 11_0)
[2020.12.26-05.44.15:582][  0]LogD3D11RHI:       0/0/4014 MB DedicatedVideo/DedicatedSystem/SharedSystem, Outputs:0, VendorId:0x1414
[2020.12.26-05.44.15:582][  0]LogD3D11RHI: Chosen D3D11 Adapter: 0
[2020.12.26-05.44.15:669][  0]LogD3D11RHI: Creating new Direct3DDevice
[2020.12.26-05.44.15:670][  0]LogD3D11RHI:     GPU DeviceId: 0x1f95 (for the marketing name, search the web for "GPU Device Id")
[2020.12.26-05.44.15:670][  0]LogWindows: EnumDisplayDevices:
[2020.12.26-05.44.15:670][  0]LogWindows:    0. 'Intel(R) UHD Graphics 630' (P:1 D:1)
[2020.12.26-05.44.15:671][  0]LogWindows:    1. 'Intel(R) UHD Graphics 630' (P:0 D:0)
[2020.12.26-05.44.15:671][  0]LogWindows:    2. 'Intel(R) UHD Graphics 630' (P:0 D:0)
[2020.12.26-05.44.15:672][  0]LogWindows:    3. 'NVIDIA GeForce GTX 1650 Ti' (P:0 D:0)
[2020.12.26-05.44.15:672][  0]LogWindows: DebugString: PrimaryIsNotTheChoosenAdapter PrimaryIsNotTheChoosenAdapter PrimaryIsNotTheChoosenAdapter 
[2020.12.26-05.44.15:672][  0]LogD3D11RHI:     Adapter Name: NVIDIA GeForce GTX 1650 Ti
[2020.12.26-05.44.15:672][  0]LogD3D11RHI:   Driver Version: 452.06 (internal:27.21.14.5206, unified:452.06)
[2020.12.26-05.44.15:672][  0]LogD3D11RHI:      Driver Date: 8-12-2020
[2020.12.26-05.44.15:672][  0]LogRHI: Texture pool is 2773 MB (70% of 3962 MB)
[2020.12.26-05.44.15:804][  0]LogD3D11RHI: RHI has support for 64 bit atomics
[2020.12.26-05.44.15:804][  0]LogD3D11RHI: Async texture creation enabled
[2020.12.26-05.44.15:804][  0]LogD3D11RHI: Array index from any shader is supported
[2020.12.26-05.44.15:844][  0]LogD3D11RHI: GPU Timing Frequency: 1000.000000 (Debug: 2 1)
[2020.12.26-05.44.16:577][  0]LogTargetPlatformManager: Display: Loaded TargetPlatform 'WindowsNoEditor'
[2020.12.26-05.44.16:587][  0]LogTargetPlatformManager: Display: Loaded TargetPlatform 'Windows'
[2020.12.26-05.44.16:607][  0]LogTargetPlatformManager: Display: Loaded TargetPlatform 'WindowsClient'
[2020.12.26-05.44.16:627][  0]LogTargetPlatformManager: Display: Loaded TargetPlatform 'WindowsServer'
[2020.12.26-05.44.16:627][  0]LogTargetPlatformManager: Display: Building Assets For Windows
[2020.12.26-05.44.16:651][  0]LogAudioDebug: Display: Lib vorbis DLL was dynamically loaded.
[2020.12.26-05.44.16:809][  0]LogShaderCompilers: Guid format shader working directory is -8 characters bigger than the processId version (../../../../../../Users/roman/UnrealProjects/Collapse/Intermediate/Shaders/WorkingDirectory/13740/).
[2020.12.26-05.44.16:809][  0]LogShaderCompilers: Cleaned the shader compiler working directory 'C:/Users/roman/AppData/Local/Temp/UnrealShaderWorkingDir/5F5C075D43CB8EA7E294F4BBB898E657/'.
[2020.12.26-05.44.16:811][  0]LogXGEController: Cannot use XGE Controller as Incredibuild is not installed on this machine.
[2020.12.26-05.44.16:811][  0]LogShaderCompilers: Cannot use XGE Shader Compiler as Incredibuild is not installed on this machine.
[2020.12.26-05.44.16:811][  0]LogShaderCompilers: Display: Using Local Shader Compiler.
[2020.12.26-05.44.18:591][  0]LogDerivedDataCache: Display: Max Cache Size: 512 MB
[2020.12.26-05.44.18:776][  0]LogDerivedDataCache: Loaded boot cache 0.18s 92MB C:/Users/roman/AppData/Local/UnrealEngine/4.25/DerivedDataCache/Boot.ddc.
[2020.12.26-05.44.18:776][  0]LogDerivedDataCache: Display: Loaded Boot cache: C:/Users/roman/AppData/Local/UnrealEngine/4.25/DerivedDataCache/Boot.ddc
[2020.12.26-05.44.18:777][  0]LogDerivedDataCache: FDerivedDataBackendGraph:  Pak pak cache file ../../../../../../Users/roman/UnrealProjects/Collapse/DerivedDataCache/DDC.ddp not found, will not use a pak cache.
[2020.12.26-05.44.18:777][  0]LogDerivedDataCache: Unable to find inner node Pak for hierarchical cache Hierarchy.
[2020.12.26-05.44.18:777][  0]LogDerivedDataCache: FDerivedDataBackendGraph:  CompressedPak pak cache file ../../../../../../Users/roman/UnrealProjects/Collapse/DerivedDataCache/Compressed.ddp not found, will not use a pak cache.
[2020.12.26-05.44.18:777][  0]LogDerivedDataCache: Unable to find inner node CompressedPak for hierarchical cache Hierarchy.
[2020.12.26-05.44.18:797][  0]LogDerivedDataCache: Display: Pak cache opened for reading ../../../Engine/DerivedDataCache/Compressed.ddp.
[2020.12.26-05.44.18:797][  0]LogDerivedDataCache: FDerivedDataBackendGraph:  EnterprisePak pak cache file ../../../Enterprise/DerivedDataCache/Compressed.ddp not found, will not use a pak cache.
[2020.12.26-05.44.18:797][  0]LogDerivedDataCache: Unable to find inner node EnterprisePak for hierarchical cache Hierarchy.
[2020.12.26-05.44.18:799][  0]LogDerivedDataCache: Using Local data cache path C:/Users/roman/AppData/Local/UnrealEngine/Common/DerivedDataCache: Writable
[2020.12.26-05.44.18:799][  0]LogDerivedDataCache: Shared data cache path not found in *engine.ini, will not use an Shared cache.
[2020.12.26-05.44.18:799][  0]LogDerivedDataCache: Unable to find inner node Shared for hierarchical cache Hierarchy.
[2020.12.26-05.44.18:875][  0]LogSlate: Using FreeType 2.10.0
[2020.12.26-05.44.18:877][  0]LogSlate: SlateFontServices - WITH_FREETYPE: 1, WITH_HARFBUZZ: 1
[2020.12.26-05.44.19:102][  0]LogInit: Using OS detected language (ru-RU).
[2020.12.26-05.44.19:102][  0]LogInit: Using OS detected locale (ru-RU).
[2020.12.26-05.44.19:102][  0]LogTextLocalizationManager: No localization for 'ru-RU' exists, so 'en' will be used for the language.
[2020.12.26-05.44.19:102][  0]LogTextLocalizationManager: No localization for 'ru-RU' exists, so 'en' will be used for the locale.
[2020.12.26-05.44.19:103][  0]LogSlate: FontCache flush requested. Reason: Culture for localization was changed
[2020.12.26-05.44.19:103][  0]LogSlate: FontCache flush requested. Reason: Culture for localization was changed
[2020.12.26-05.44.19:103][  0]LogTextLocalizationManager: Compacting localization data took   0.00ms
[2020.12.26-05.44.19:109][  0]LogAssetRegistry: FAssetRegistry took 0.0038 seconds to start up
[2020.12.26-05.44.19:749][  0]LogPackageLocalizationCache: Processed 22 localized package path(s) for 1 prioritized culture(s) in 0.002167 seconds
[2020.12.26-05.44.19:859][  0]LogInit: Selected Device Profile: [Windows]
[2020.12.26-05.44.20:191][  0]LogMeshReduction: Using QuadricMeshReduction for automatic static mesh reduction
[2020.12.26-05.44.20:191][  0]LogMeshReduction: Using SimplygonMeshReduction for automatic skeletal mesh reduction
[2020.12.26-05.44.20:191][  0]LogMeshReduction: Using ProxyLODMeshReduction for automatic mesh merging
[2020.12.26-05.44.20:191][  0]LogMeshReduction: No distributed automatic mesh merging module available
[2020.12.26-05.44.20:192][  0]LogMeshMerging: No distributed automatic mesh merging module available
[2020.12.26-05.44.20:230][  0]LogNetVersion: AIShooter 1.0.0, NetCL: 13144385, EngineNetVer: 14, GameNetVer: 0 (Checksum: 2332029690)
[2020.12.26-05.44.20:849][  0]LogAISub: UAISubsystem::UAISubsystem AISubsystem (000001CE1CDD7C80), frame # 0
[2020.12.26-05.44.20:849][  0]LogAISub: UAISubsystem::UAISubsystem AIPerceptionSystem (000001CE1CDF56C0), frame # 0
[2020.12.26-05.44.20:853][  0]LogAISub: UAISubsystem::UAISubsystem EnvQueryManager (000001CE1CDFBC00), frame # 0
[2020.12.26-05.44.21:347][  0]LogMoviePlayer: Initializing movie player
[2020.12.26-05.44.21:869][  0]LogTcpMessaging: Initializing TcpMessaging bridge
[2020.12.26-05.44.21:878][  0]LogUdpMessaging: Initializing bridge on interface 0.0.0.0:0 to multicast group 230.0.0.1:6666.
[2020.12.26-05.44.22:004][  0]SourceControl: Source control is disabled
[2020.12.26-05.44.22:004][  0]SourceControl: Source control is disabled
[2020.12.26-05.44.25:211][  0]SourceControl: Source control is disabled
[2020.12.26-05.44.25:731][  0]LogAndroidPermission: UAndroidPermissionCallbackProxy::GetInstance
[2020.12.26-05.44.25:782][  0]LogAudioCaptureCore: Display: No Audio Capture implementations found. Audio input will be silent.
[2020.12.26-05.44.25:782][  0]LogAudioCaptureCore: Display: No Audio Capture implementations found. Audio input will be silent.
[2020.12.26-05.44.25:905][  0]LogOcInput: OculusInput pre-init called
[2020.12.26-05.44.25:968][  0]LogUObjectArray: 19735 objects as part of root set at end of initial load.
[2020.12.26-05.44.25:968][  0]LogUObjectAllocator: 5235376 out of 0 bytes used by permanent object pool.
[2020.12.26-05.44.25:969][  0]LogUObjectArray: CloseDisregardForGC: 0/0 objects in disregard for GC pool
[2020.12.26-05.44.26:130][  0]LogEngine: Initializing Engine...
[2020.12.26-05.44.26:135][  0]LogHMD: Failed to initialize OpenVR with code 110
[2020.12.26-05.44.26:135][  0]LogMagicLeap: Warning: VR disabled because ZI is not enabled.  To enable, in the editor, Edit -> Project Settings -> Plugins -> Magic Leap Plugin -> Enable Zero Iteration
[2020.12.26-05.44.26:140][  0]LogStats: UGameplayTagsManager::InitializeManager -  0.002 s
[2020.12.26-05.44.26:350][  0]LogInit: Initializing FReadOnlyCVARCache
[2020.12.26-05.44.26:362][  0]LogAudioMixer: Display: Audio Mixer Platform Settings:
[2020.12.26-05.44.26:362][  0]LogAudioMixer: Display: 	Sample Rate:						  48000
[2020.12.26-05.44.26:362][  0]LogAudioMixer: Display: 	Callback Buffer Frame Size Requested: 1024
[2020.12.26-05.44.26:362][  0]LogAudioMixer: Display: 	Callback Buffer Frame Size To Use:	  1024
[2020.12.26-05.44.26:362][  0]LogAudioMixer: Display: 	Number of buffers to queue:			  2
[2020.12.26-05.44.26:362][  0]LogAudioMixer: Display: 	Max Channels (voices):				  32
[2020.12.26-05.44.26:362][  0]LogAudioMixer: Display: 	Number of Async Source Workers:		  0
[2020.12.26-05.44.26:362][  0]LogAudio: Display: AudioDevice MaxSources: 32
[2020.12.26-05.44.26:363][  0]LogAudio: Display: Using built-in audio occlusion.
[2020.12.26-05.44.26:363][  0]LogAudioMixer: Display: Initializing audio mixer.
[2020.12.26-05.44.26:397][  0]LogAudioMixer: Display: 0: FrontLeft
[2020.12.26-05.44.26:397][  0]LogAudioMixer: Display: 1: FrontRight
[2020.12.26-05.44.26:462][  0]LogAudioMixer: Display: Using Audio Device Динамики (Realtek(R) Audio)
[2020.12.26-05.44.26:468][  0]LogAudioMixer: Display: Initializing Sound Submixes...
[2020.12.26-05.44.26:473][  0]LogAudioMixer: Display: Creating Master Submix 'MasterSubmixDefault'
[2020.12.26-05.44.26:473][  0]LogAudioMixer: Display: Creating Master Submix 'MasterReverbSubmixDefault'
[2020.12.26-05.44.26:475][  0]LogAudioMixer: Display: Creating Master Submix 'MasterEQSubmixDefault'
[2020.12.26-05.44.26:477][  0]LogInit: FAudioDevice initialized.
[2020.12.26-05.44.26:479][  0]LogNetVersion: Set ProjectVersion to 1.0.0.0. Version Checksum will be recalculated on next use.
[2020.12.26-05.44.26:485][  0]LogInit: Texture streaming: Enabled
[2020.12.26-05.44.27:355][  0]LogSlate: Updating window title bar state: overlay mode, drag disabled, window buttons hidden, title bar hidden
[2020.12.26-05.44.27:356][  0]LogInit: Display: Game Engine Initialized.
[2020.12.26-05.44.27:357][  0]LogNiagaraEditor: Warning: GEditor isn't valid! Particle reset commands will not work for Niagara components!
[2020.12.26-05.44.27:424][  0]LogInit: Display: Starting Game.
[2020.12.26-05.44.27:425][  0]LogNet: Browse: /Game/Maps/MenuLevel?Name=Player
[2020.12.26-05.44.27:425][  0]LogLoad: LoadMap: /Game/Maps/MenuLevel?Name=Player
[2020.12.26-05.44.27:425][  0]LogWorld: BeginTearingDown for /Temp/Untitled_0
[2020.12.26-05.44.27:427][  0]LogWorld: UWorld::CleanupWorld for Untitled, bSessionEnded=true, bCleanupResources=true
[2020.12.26-05.44.27:428][  0]LogSlate: InvalidateAllWidgets triggered.  All widgets were invalidated
[2020.12.26-05.44.27:451][  0]LogUObjectHash: Compacting FUObjectHashTables data took   1.21ms
[2020.12.26-05.44.27:493][  0]LogAIModule: Creating AISystem for world MenuLevel
[2020.12.26-05.44.27:493][  0]LogAISub: UAISubsystem::UAISubsystem EnvQueryManager (000001CE234DC400), frame # 0
[2020.12.26-05.44.27:493][  0]LogAISub: UAISubsystem::UAISubsystem AIPerceptionSystem (000001CE234CA200), frame # 0
[2020.12.26-05.44.27:494][  0]LogUObjectGlobals: Warning: Failed to load '/Game/FirstPersonBP/Blueprints/FirstPersonGameMode': Can't find file.
[2020.12.26-05.44.27:494][  0]LogUObjectGlobals: Warning: Failed to load '/Game/FirstPersonBP/Blueprints/FirstPersonGameMode': Can't find file.
[2020.12.26-05.44.27:495][  0]LogUObjectGlobals: Warning: Failed to find object 'Class /Game/FirstPersonBP/Blueprints/FirstPersonGameMode.FirstPersonGameMode_C'
[2020.12.26-05.44.27:495][  0]LogLoad: Game class is 'GameModeBase'
[2020.12.26-05.44.27:497][  0]LogWorld: Bringing World /Game/Maps/MenuLevel.MenuLevel up for play (max tick rate 0) at 2020.12.26-08.44.27
[2020.12.26-05.44.27:497][  0]LogWorld: Bringing up level for play took: 0.000847
[2020.12.26-05.44.27:499][  0]LogGameMode: FindPlayerStart: PATHS NOT DEFINED or NO PLAYERSTART with positive rating
[2020.12.26-05.44.27:506][  0]LogLoad: Took 0.080716 seconds to LoadMap(/Game/Maps/MenuLevel)
[2020.12.26-05.44.27:575][  0]LogRenderer: Reallocating scene render targets to support 1280x720 Format 10 NumSamples 1 (Frame:1).
[2020.12.26-05.44.27:575][  0]LogLoad: (Engine Initialization) Total time: 20.63 seconds
[2020.12.26-05.44.27:575][  0]LogLoad: (Engine Initialization) Total Blueprint compile time: 0.00 seconds
[2020.12.26-05.44.27:603][  0]LogContentStreaming: Texture pool size now 1000 MB
[2020.12.26-05.44.27:608][  0]LogSlate: InvalidateAllWidgets triggered.  All widgets were invalidated
[2020.12.26-05.44.30:948][543]LogPackageName: SearchForPackageOnDisk took   0.696s to resolve NewMap.umap.
[2020.12.26-05.44.31:163][543]LogPackageName: SearchForPackageOnDisk took   0.214s to resolve NewMap.umap.
[2020.12.26-05.44.31:163][543]LogNet: Browse: /Game/Maps/NewMap
[2020.12.26-05.44.31:164][543]LogLoad: LoadMap: /Game/Maps/NewMap
[2020.12.26-05.44.31:164][543]LogWorld: BeginTearingDown for /Game/Maps/MenuLevel
[2020.12.26-05.44.31:164][543]LogWorld: UWorld::CleanupWorld for MenuLevel, bSessionEnded=true, bCleanupResources=true
[2020.12.26-05.44.31:165][543]LogSlate: InvalidateAllWidgets triggered.  All widgets were invalidated
[2020.12.26-05.44.31:211][543]LogAISub: UAISubsystem::~UAISubsystem AIPerceptionSystem (000001CE234CA200), frame # 543
[2020.12.26-05.44.31:211][543]LogAISub: UAISubsystem::~UAISubsystem EnvQueryManager (000001CE234DC400), frame # 543
[2020.12.26-05.44.31:213][543]LogUObjectHash: Compacting FUObjectHashTables data took   1.14ms
[2020.12.26-05.44.33:076][543]LogAIModule: Creating AISystem for world NewMap
[2020.12.26-05.44.33:076][543]LogAISub: UAISubsystem::UAISubsystem EnvQueryManager (000001CE424CB800), frame # 543
[2020.12.26-05.44.33:076][543]LogAISub: UAISubsystem::UAISubsystem AIPerceptionSystem (000001CE42442200), frame # 543
[2020.12.26-05.44.33:076][543]LogLoad: Game class is 'GM_Player_C'
[2020.12.26-05.44.33:117][543]LogWorld: Bringing World /Game/Maps/NewMap.NewMap up for play (max tick rate 0) at 2020.12.26-08.44.33
[2020.12.26-05.44.33:117][543]LogGameMode: Error: Mixing AGameStateBase with AGameMode is not compatible. Change AGameStateBase subclass (GameStateBase) to derive from AGameState, or make both derive from Base
[2020.12.26-05.44.33:123][543]LogWorld: Bringing up level for play took: 0.044509
[2020.12.26-05.44.33:125][543]LogGameMode: Display: Match State Changed from EnteringMap to WaitingToStart
[2020.12.26-05.44.33:125][543]LogGameMode: Display: Match State Changed from WaitingToStart to InProgress
[2020.12.26-05.44.33:141][543]LogLoad: Took 1.977753 seconds to LoadMap(/Game/Maps/NewMap)
[2020.12.26-05.44.33:158][544]LogCharacterMovement: Warning: GetSimulationTimeStep() - Max iterations 8 hit while remaining time 0.076272 > MaxSimulationTimeStep (0.050) for 'CH_Enemy2', movement 'Walking'
[2020.12.26-05.44.33:159][544]LogCharacterMovement: Warning: GetSimulationTimeStep() - Max iterations 8 hit while remaining time 0.089689 > MaxSimulationTimeStep (0.050) for 'CH_Enemy3', movement 'Walking'
[2020.12.26-05.44.33:159][544]LogCharacterMovement: Warning: GetSimulationTimeStep() - Max iterations 8 hit while remaining time 0.069197 > MaxSimulationTimeStep (0.050) for 'CH_Enemy_5', movement 'Walking'
[2020.12.26-05.44.33:160][544]LogCharacterMovement: Warning: GetSimulationTimeStep() - Max iterations 8 hit while remaining time 0.093754 > MaxSimulationTimeStep (0.050) for 'CH_Enemy5', movement 'Walking'
[2020.12.26-05.44.35:057][621]LogCharacterMovement: CH_Teammate4 is stuck and failed to move! Velocity: X=503.43 Y=58.61 Z=0.00 Location: X=-15689.48 Y=-464.63 Z=171.85 Normal: X=-0.38 Y=0.93 Z=0.00 PenetrationDepth:6.134 Actor:CH_Teammate_11 Component:CharacterMesh0 BoneName:RightArm (0 other events since notify)
[2020.12.26-05.44.35:341][637]LogCharacterMovement: CH_Enemy5 is stuck and failed to move! Velocity: X=79.28 Y=-66.27 Z=0.00 Location: X=-9422.83 Y=1037.51 Z=191.32 Normal: X=-0.95 Y=0.30 Z=0.00 PenetrationDepth:1.736 Actor:CH_Enemy2 Component:CharacterMesh0 BoneName:LeftArm (0 other events since notify)
[2020.12.26-05.44.35:774][663]LogCharacterMovement: CH_Enemy2 is stuck and failed to move! Velocity: X=-151.08 Y=258.88 Z=0.00 Location: X=-9393.64 Y=998.47 Z=210.83 Normal: X=0.24 Y=-0.97 Z=-0.00 PenetrationDepth:1.746 Actor:CH_Enemy5 Component:CharacterMesh0 BoneName:Hips (0 other events since notify)
[2020.12.26-05.44.36:066][682]LogCharacterMovement: CH_Teammate4 is stuck and failed to move! Velocity: X=250.90 Y=-63.38 Z=0.00 Location: X=-15682.04 Y=-463.62 Z=171.92 Normal: X=0.23 Y=-0.96 Z=-0.13 PenetrationDepth:0.000 Actor:Car_broken_Ice_Cream_Van_01 Component:StaticMeshComponent0 BoneName:None (35 other events since notify)
[2020.12.26-05.44.37:072][739]LogCharacterMovement: CH_Teammate4 is stuck and failed to move! Velocity: X=573.44 Y=-176.55 Z=0.00 Location: X=-15677.85 Y=-462.42 Z=170.93 Normal: X=-0.91 Y=0.42 Z=0.00 PenetrationDepth:2.769 Actor:CH_Teammate_11 Component:CharacterMesh0 BoneName:RightHand (29 other events since notify)
[2020.12.26-05.44.37:580][771]LogCharacterMovement: CH_Enemy_5 is stuck and failed to move! Velocity: X=-188.06 Y=-569.77 Z=0.00 Location: X=-9543.73 Y=899.40 Z=185.32 Normal: X=-0.24 Y=0.97 Z=0.00 PenetrationDepth:10.009 Actor:CH_Enemy3 Component:CharacterMesh0 BoneName:LeftArm (0 other events since notify)
[2020.12.26-05.44.37:924][793]LogCharacterMovement: CH_Enemy2 is stuck and failed to move! Velocity: X=-39.52 Y=69.32 Z=0.00 Location: X=-9393.07 Y=998.66 Z=211.09 Normal: X=0.45 Y=-0.89 Z=-0.00 PenetrationDepth:2.500 Actor:CH_Enemy5 Component:CharacterMesh0 BoneName:Hips (5 other events since notify)
[2020.12.26-05.44.38:102][805]LogCharacterMovement: CH_Teammate4 is stuck and failed to move! Velocity: X=30.25 Y=-14.04 Z=0.00 Location: X=-15670.29 Y=-459.54 Z=171.71 Normal: X=-0.98 Y=0.20 Z=0.00 PenetrationDepth:0.592 Actor:CH_Teammate_11 Component:CharacterMesh0 BoneName:RightHand (28 other events since notify)
[2020.12.26-05.44.38:651][848]LogCharacterMovement: CH_Enemy_5 is stuck and failed to move! Velocity: X=-153.38 Y=-580.07 Z=0.00 Location: X=-9577.15 Y=919.85 Z=185.51 Normal: X=0.11 Y=0.99 Z=0.00 PenetrationDepth:7.148 Actor:CH_Enemy3 Component:CharacterMesh0 BoneName:LeftHand (57 other events since notify)
[2020.12.26-05.44.38:988][871]LogCharacterMovement: CH_Enemy2 is stuck and failed to move! Velocity: X=-66.55 Y=85.66 Z=0.00 Location: X=-9385.96 Y=998.46 Z=209.42 Normal: X=0.44 Y=-0.90 Z=0.00 PenetrationDepth:2.115 Actor:CH_Enemy5 Component:CharacterMesh0 BoneName:Hips (10 other events since notify)
[2020.12.26-05.44.39:065][876]LogCharacterMovement: CH_Enemy3 is stuck and failed to move! Velocity: X=-8.30 Y=26.29 Z=0.00 Location: X=-9569.31 Y=910.82 Z=185.32 Normal: X=0.84 Y=-0.54 Z=0.00 PenetrationDepth:3.428 Actor:CH_Enemy_5 Component:CharacterMesh0 BoneName:LeftHand (0 other events since notify)
[2020.12.26-05.44.39:112][879]LogCharacterMovement: CH_Teammate4 is stuck and failed to move! Velocity: X=47.30 Y=-42.86 Z=0.00 Location: X=-15661.56 Y=-452.75 Z=170.40 Normal: X=-0.89 Y=0.46 Z=0.00 PenetrationDepth:2.241 Actor:CH_Teammate_11 Component:CharacterMesh0 BoneName:RightHand (38 other events since notify)
[2020.12.26-05.44.39:993][938]LogCharacterMovement: CH_Enemy2 is stuck and failed to move! Velocity: X=-36.27 Y=35.09 Z=0.00 Location: X=-9385.53 Y=998.70 Z=209.42 Normal: X=0.41 Y=-0.91 Z=0.00 PenetrationDepth:2.914 Actor:CH_Enemy5 Component:CharacterMesh0 BoneName:Hips (11 other events since notify)
[2020.12.26-05.44.41:218][ 39]LogCharacterMovement: CH_Enemy4 is stuck and failed to move! Velocity: X=39.31 Y=102.16 Z=0.00 Location: X=-9610.25 Y=955.28 Z=192.21 Normal: X=-0.94 Y=-0.34 Z=-0.04 PenetrationDepth:0.077 Actor:CH_Enemy2 Component:CharacterMesh0 BoneName:LeftArm (0 other events since notify)
[2020.12.26-05.44.41:933][ 78]LogCharacterMovement: CH_Enemy_5 is stuck and failed to move! Velocity: X=-78.70 Y=-594.82 Z=0.00 Location: X=-9622.78 Y=1050.69 Z=185.27 Normal: X=-0.98 Y=0.22 Z=0.00 PenetrationDepth:0.101 Actor:CH_Enemy3 Component:CharacterMesh0 BoneName:RightArm (5 other events since notify)
[2020.12.26-05.44.42:222][ 92]LogCharacterMovement: CH_Enemy4 is stuck and failed to move! Velocity: X=178.45 Y=242.35 Z=0.00 Location: X=-9615.09 Y=960.71 Z=196.19 Normal: X=0.60 Y=-0.80 Z=0.00 PenetrationDepth:4.845 Actor:CH_Enemy_5 Component:CharacterMesh0 BoneName:LeftHand (47 other events since notify)
[2020.12.26-05.44.42:999][134]LogCharacterMovement: CH_Enemy2 is stuck and failed to move! Velocity: X=-171.31 Y=143.52 Z=0.00 Location: X=-9548.35 Y=961.01 Z=240.09 Normal: X=-0.73 Y=-0.68 Z=0.00 PenetrationDepth:2.822 Actor:CH_Enemy5 Component:CharacterMesh0 BoneName:LeftHand (3 other events since notify)
[2020.12.26-05.44.43:218][148]LogCharacterMovement: CH_Enemy5 is stuck and failed to move! Velocity: X=-169.17 Y=-53.54 Z=0.00 Location: X=-9482.37 Y=998.27 Z=192.76 Normal: X=0.67 Y=-0.74 Z=0.00 PenetrationDepth:1.315 Actor:CH_Enemy3 Component:CharacterMesh0 BoneName:LeftArm (0 other events since notify)
[2020.12.26-05.44.44:592][234]LogCharacterMovement: CH_Enemy_5 is stuck and failed to move! Velocity: X=-310.94 Y=-513.14 Z=0.00 Location: X=-9885.23 Y=85.55 Z=187.29 Normal: X=0.02 Y=0.05 Z=-1.00 PenetrationDepth:0.000 Actor:Drzewo_A_1 Component:StaticMeshComponent0 BoneName:None (2 other events since notify)
[2020.12.26-05.44.44:947][256]LogCharacterMovement: CH_Teammate4 is stuck and failed to move! Velocity: X=575.91 Y=-168.30 Z=0.00 Location: X=-13324.82 Y=-918.71 Z=184.82 Normal: X=-0.03 Y=0.04 Z=-1.00 PenetrationDepth:0.000 Actor:Drzewo_A_1_2 Component:StaticMeshComponent0 BoneName:None (24 other events since notify)
[2020.12.26-05.44.45:624][295]LogCharacterMovement: CH_Enemy_5 is stuck and failed to move! Velocity: X=309.93 Y=-377.65 Z=0.00 Location: X=-10046.34 Y=-144.43 Z=196.05 Normal: X=-0.26 Y=-0.11 Z=0.96 PenetrationDepth:0.000 Actor:Drzewo_A_1 Component:StaticMeshComponent0 BoneName:None (21 other events since notify)
[2020.12.26-05.44.45:963][312]LogCharacterMovement: CH_Teammate4 is stuck and failed to move! Velocity: X=575.45 Y=-169.87 Z=0.00 Location: X=-13264.15 Y=-935.27 Z=184.82 Normal: X=-0.01 Y=0.05 Z=-1.00 PenetrationDepth:0.000 Actor:Drzewo_A_1_2 Component:StaticMeshComponent0 BoneName:None (49 other events since notify)
[2020.12.26-05.44.46:639][346]LogCharacterMovement: CH_Enemy_5 is stuck and failed to move! Velocity: X=386.63 Y=-458.82 Z=0.00 Location: X=-9865.16 Y=-372.12 Z=190.58 Normal: X=-0.02 Y=-0.00 Z=1.00 PenetrationDepth:0.000 Actor:Drzewo_A_1 Component:StaticMeshComponent0 BoneName:None (26 other events since notify)
[2020.12.26-05.44.46:983][361]LogCharacterMovement: CH_Teammate4 is stuck and failed to move! Velocity: X=575.03 Y=-171.28 Z=0.00 Location: X=-13253.20 Y=-937.48 Z=184.82 Normal: X=-0.01 Y=0.05 Z=-1.00 PenetrationDepth:0.000 Actor:Drzewo_A_1_2 Component:StaticMeshComponent0 BoneName:None (47 other events since notify)
[2020.12.26-05.44.47:695][391]LogCharacterMovement: CH_Enemy_5 is stuck and failed to move! Velocity: X=-357.88 Y=481.58 Z=0.00 Location: X=-9844.72 Y=-379.80 Z=191.12 Normal: X=0.05 Y=0.02 Z=-1.00 PenetrationDepth:0.000 Actor:Drzewo_A_1 Component:StaticMeshComponent0 BoneName:None (12 other events since notify)
[2020.12.26-05.44.47:987][404]LogCharacterMovement: CH_Teammate4 is stuck and failed to move! Velocity: X=574.64 Y=-172.60 Z=0.00 Location: X=-13253.37 Y=-936.47 Z=184.82 Normal: X=-0.01 Y=0.05 Z=-1.00 PenetrationDepth:0.000 Actor:Drzewo_A_1_2 Component:StaticMeshComponent0 BoneName:None (42 other events since notify)
[2020.12.26-05.44.49:002][451]LogCharacterMovement: CH_Teammate4 is stuck and failed to move! Velocity: X=574.20 Y=-174.04 Z=0.00 Location: X=-13253.55 Y=-935.37 Z=184.82 Normal: X=-0.01 Y=0.05 Z=-1.00 PenetrationDepth:0.000 Actor:Drzewo_A_1_2 Component:StaticMeshComponent0 BoneName:None (46 other events since notify)
[2020.12.26-05.44.49:351][470]LogCharacterMovement: CH_Enemy_5 is stuck and failed to move! Velocity: X=-270.23 Y=-535.70 Z=0.00 Location: X=-10132.24 Y=69.96 Z=194.28 Normal: X=-0.01 Y=0.08 Z=-1.00 PenetrationDepth:0.000 Actor:Drzewo_A_1 Component:StaticMeshComponent0 BoneName:None (1 other events since notify)
[2020.12.26-05.44.56:047][844]LogSlate: Window 'AIShooter (64-bit Development PCD3D_SM5) ' being destroyed
[2020.12.26-05.44.56:049][844]LogWindowsTextInputMethodSystem: Display: IME system now deactivated.
[2020.12.26-05.44.56:069][844]LogSlate: Updating window title bar state: overlay mode, drag disabled, window buttons hidden, title bar hidden
[2020.12.26-05.44.56:070][844]LogEngine: All Windows Closed
[2020.12.26-05.44.56:070][844]LogWindows: FPlatformMisc::RequestExit(0)
[2020.12.26-05.44.56:070][844]LogCore: Engine exit requested (reason: Win RequestExit)
[2020.12.26-05.44.56:072][845]LogCore: Engine exit requested (reason: EngineExit() was called; note: exit was already requested)
[2020.12.26-05.44.56:081][845]LogAudio: Display: Shutting down audio device while 2 references to it are still alive. For more information, compile with INSTRUMENT_AUDIODEVICE_HANDLES.
[2020.12.26-05.44.56:141][845]LogInit: Display: PreExit Game.
[2020.12.26-05.44.56:336][845]LogWorld: BeginTearingDown for /Game/Maps/NewMap
[2020.12.26-05.44.56:337][845]LogWorld: UWorld::CleanupWorld for NewMap, bSessionEnded=true, bCleanupResources=true
[2020.12.26-05.44.56:342][845]LogSlate: InvalidateAllWidgets triggered.  All widgets were invalidated
[2020.12.26-05.44.57:192][845]LogExit: Preparing to exit.
[2020.12.26-05.44.57:905][845]LogMoviePlayer: Shutting down movie player
[2020.12.26-05.44.58:072][845]LogSlate: Updating window title bar state: overlay mode, drag disabled, window buttons hidden, title bar hidden
[2020.12.26-05.44.58:135][845]LogDemo: Cleaned up 0 splitscreen connections with owner deletion
[2020.12.26-05.44.58:138][845]LogExit: Game engine shut down
[2020.12.26-05.44.58:229][845]LogAISub: UAISubsystem::~UAISubsystem AISubsystem (000001CE1CDD7C80), frame # 1845
[2020.12.26-05.44.58:229][845]LogAISub: UAISubsystem::~UAISubsystem AIPerceptionSystem (000001CE1CDF56C0), frame # 1845
[2020.12.26-05.44.58:230][845]LogAISub: UAISubsystem::~UAISubsystem EnvQueryManager (000001CE1CDFBC00), frame # 1845
[2020.12.26-05.44.58:301][845]LogAISub: UAISubsystem::~UAISubsystem EnvQueryManager (000001CE424CB800), frame # 1845
[2020.12.26-05.44.58:301][845]LogAISub: UAISubsystem::~UAISubsystem AIPerceptionSystem (000001CE42442200), frame # 1845
[2020.12.26-05.44.58:378][845]LogExit: Object subsystem successfully closed.
[2020.12.26-05.44.58:437][845]LogShaderCompilers: Display: Shaders left to compile 0
[2020.12.26-05.44.58:526][845]LogModuleManager: Shutting down and abandoning module SequenceRecorderSections (506)
[2020.12.26-05.44.58:526][845]LogModuleManager: Shutting down and abandoning module SequenceRecorder (504)
[2020.12.26-05.44.58:526][845]LogModuleManager: Shutting down and abandoning module AutomationController (502)
[2020.12.26-05.44.58:527][845]LogModuleManager: Shutting down and abandoning module AutomationWorker (500)
[2020.12.26-05.44.58:527][845]LogModuleManager: Shutting down and abandoning module Voice (498)
[2020.12.26-05.44.58:527][845]LogModuleManager: Shutting down and abandoning module AIModule (496)
[2020.12.26-05.44.58:528][845]LogModuleManager: Shutting down and abandoning module GameplayDebugger (495)
[2020.12.26-05.44.58:529][845]LogModuleManager: Shutting down and abandoning module AITestSuite (493)
[2020.12.26-05.44.58:529][845]LogModuleManager: Shutting down and abandoning module NavigationSystem (491)
[2020.12.26-05.44.58:529][845]LogModuleManager: Shutting down and abandoning module OculusMR (488)
[2020.12.26-05.44.58:529][845]LogModuleManager: Shutting down and abandoning module WmfMediaFactory (486)
[2020.12.26-05.44.58:529][845]LogModuleManager: Shutting down and abandoning module WebMMediaFactory (484)
[2020.12.26-05.44.58:529][845]LogModuleManager: Shutting down and abandoning module WebMMedia (482)
[2020.12.26-05.44.58:530][845]LogModuleManager: Shutting down and abandoning module OpenExrWrapper (480)
[2020.12.26-05.44.58:530][845]LogModuleManager: Shutting down and abandoning module ImgMediaFactory (478)
[2020.12.26-05.44.58:530][845]LogModuleManager: Shutting down and abandoning module AvfMediaFactory (476)
[2020.12.26-05.44.58:530][845]LogModuleManager: Shutting down and abandoning module MagicLeapMediaCodecFactory (474)
[2020.12.26-05.44.58:530][845]LogModuleManager: Shutting down and abandoning module MagicLeapMediaFactory (472)
[2020.12.26-05.44.58:530][845]LogModuleManager: Shutting down and abandoning module PlanarCut (470)
[2020.12.26-05.44.58:531][845]LogModuleManager: Shutting down and abandoning module CharacterAI (468)
[2020.12.26-05.44.58:531][845]LogModuleManager: Shutting down and abandoning module SessionServices (466)
[2020.12.26-05.44.58:531][845]LogModuleManager: Shutting down and abandoning module MovieSceneCapture (464)
[2020.12.26-05.44.58:531][845]LogModuleManager: Shutting down and abandoning module LiveCoding (462)
[2020.12.26-05.44.58:531][845]LogModuleManager: Shutting down and abandoning module LevelSequence (460)
[2020.12.26-05.44.58:532][845]LogModuleManager: Shutting down and abandoning module MovieSceneTracks (458)
[2020.12.26-05.44.58:532][845]LogModuleManager: Shutting down and abandoning module MovieScene (456)
[2020.12.26-05.44.58:532][845]LogModuleManager: Shutting down and abandoning module StreamingPauseRendering (454)
[2020.12.26-05.44.58:532][845]LogModuleManager: Shutting down and abandoning module PortalServices (452)
[2020.12.26-05.44.58:532][845]LogModuleManager: Shutting down and abandoning module PortalRpc (450)
[2020.12.26-05.44.58:532][845]LogModuleManager: Shutting down and abandoning module MessagingRpc (448)
[2020.12.26-05.44.58:532][845]LogModuleManager: Shutting down and abandoning module AudioMixerXAudio2 (446)
[2020.12.26-05.44.58:532][845]LogModuleManager: Shutting down and abandoning module AudioMixerCore (445)
[2020.12.26-05.44.58:532][845]LogModuleManager: Shutting down and abandoning module ProfilerService (442)
[2020.12.26-05.44.58:568][845]LogModuleManager: Shutting down and abandoning module TaskGraph (440)
[2020.12.26-05.44.58:569][845]LogModuleManager: Shutting down and abandoning module DatasmithC4DTranslator (438)
[2020.12.26-05.44.58:570][845]LogModuleManager: Shutting down and abandoning module Synthesis (436)
[2020.12.26-05.44.58:571][845]LogModuleManager: Shutting down and abandoning module ProceduralMeshComponent (434)
[2020.12.26-05.44.58:571][845]LogModuleManager: Shutting down and abandoning module OculusInput (432)
[2020.12.26-05.44.58:571][845]LogModuleManager: Shutting down and abandoning module MobilePatchingUtils (430)
[2020.12.26-05.44.58:571][845]LogModuleManager: Shutting down and abandoning module GooglePAD (428)
[2020.12.26-05.44.58:571][845]LogModuleManager: Shutting down and abandoning module EditableMesh (426)
[2020.12.26-05.44.58:571][845]LogModuleManager: Shutting down and abandoning module CustomMeshComponent (424)
[2020.12.26-05.44.58:571][845]LogModuleManager: Shutting down and abandoning module CableComponent (422)
[2020.12.26-05.44.58:571][845]LogModuleManager: Shutting down and abandoning module AudioCapture (420)
[2020.12.26-05.44.58:571][845]LogModuleManager: Shutting down and abandoning module AudioCaptureRtAudio (419)
[2020.12.26-05.44.58:572][845]LogModuleManager: Shutting down and abandoning module AssetTags (416)
[2020.12.26-05.44.58:572][845]LogModuleManager: Shutting down and abandoning module ArchVisCharacter (414)
[2020.12.26-05.44.58:572][845]LogModuleManager: Shutting down and abandoning module AppleImageUtilsBlueprintSupport (412)
[2020.12.26-05.44.58:572][845]LogModuleManager: Shutting down and abandoning module AppleImageUtils (410)
[2020.12.26-05.44.58:572][845]LogModuleManager: Shutting down and abandoning module AndroidPermission (408)
[2020.12.26-05.44.58:572][845]LogModuleManager: Shutting down and abandoning module NUTUnrealEngine4 (406)
[2020.12.26-05.44.58:572][845]LogModuleManager: Shutting down and abandoning module NetcodeUnitTest (404)
[2020.12.26-05.44.58:573][845]LogModuleManager: Shutting down and abandoning module TemplateSequence (402)
[2020.12.26-05.44.58:573][845]LogModuleManager: Shutting down and abandoning module MovieRenderPipelineRenderPasses (400)
[2020.12.26-05.44.58:574][845]LogModuleManager: Shutting down and abandoning module MovieRenderPipelineSettings (398)
[2020.12.26-05.44.58:574][845]LogModuleManager: Shutting down and abandoning module MovieRenderPipelineCore (396)
[2020.12.26-05.44.58:574][845]LogModuleManager: Shutting down and abandoning module ImageWriteQueue (395)
[2020.12.26-05.44.58:579][845]LogModuleManager: Shutting down and abandoning module MediaCompositing (392)
[2020.12.26-05.44.58:579][845]LogModuleManager: Shutting down and abandoning module ImgMedia (390)
[2020.12.26-05.44.58:580][845]LogModuleManager: Shutting down and abandoning module MagicLeapSharedWorld (388)
[2020.12.26-05.44.58:580][845]LogModuleManager: Shutting down and abandoning module MagicLeapLightEstimation (386)
[2020.12.26-05.44.58:580][845]LogModuleManager: Shutting down and abandoning module MagicLeapHelperVulkan (384)
[2020.12.26-05.44.58:580][845]LogModuleManager: Shutting down and abandoning module MagicLeapHelperOpenGL (382)
[2020.12.26-05.44.58:580][845]LogModuleManager: Shutting down and abandoning module MagicLeapAudio (380)
[2020.12.26-05.44.58:580][845]LogModuleManager: Shutting down and abandoning module MeshSolverUtilities (378)
[2020.12.26-05.44.58:581][845]LogModuleManager: Shutting down and abandoning module MeshConversion (376)
[2020.12.26-05.44.58:581][845]LogModuleManager: Shutting down and abandoning module DynamicMesh (374)
[2020.12.26-05.44.58:582][845]LogModuleManager: Shutting down and abandoning module GeometryAlgorithms (372)
[2020.12.26-05.44.58:582][845]LogModuleManager: Shutting down and abandoning module GeometricObjects (370)
[2020.12.26-05.44.58:585][845]LogModuleManager: Shutting down and abandoning module GeometryCollectionTracks (368)
[2020.12.26-05.44.58:585][845]LogModuleManager: Shutting down and abandoning module GeometryCollectionSequencer (367)
[2020.12.26-05.44.58:586][845]LogModuleManager: Shutting down and abandoning module GeometryCacheTracks (364)
[2020.12.26-05.44.58:586][845]LogModuleManager: Shutting down and abandoning module GeometryCacheSequencer (363)
[2020.12.26-05.44.58:586][845]LogModuleManager: Shutting down and abandoning module GeometryCache (360)
[2020.12.26-05.44.58:586][845]LogModuleManager: Shutting down and abandoning module GeometryCacheEd (359)
[2020.12.26-05.44.58:586][845]LogModuleManager: Shutting down and abandoning module ChaosNiagara (356)
[2020.12.26-05.44.58:586][845]LogModuleManager: Shutting down and abandoning module ChaosCloth (354)
[2020.12.26-05.44.58:587][845]LogModuleManager: Shutting down and abandoning module BlastCore (352)
[2020.12.26-05.44.58:587][845]LogModuleManager: Shutting down and abandoning module BackChannel (350)
[2020.12.26-05.44.58:587][845]LogModuleManager: Shutting down and abandoning module AutomationUtils (348)
[2020.12.26-05.44.58:587][845]LogModuleManager: Shutting down and abandoning module DatasmithNativeTranslator (346)
[2020.12.26-05.44.58:587][845]LogModuleManager: Shutting down and abandoning module DatasmithTranslator (344)
[2020.12.26-05.44.58:587][845]LogModuleManager: Shutting down and abandoning module VisualStudioSourceCodeAccess (342)
[2020.12.26-05.44.58:588][845]LogModuleManager: Shutting down and abandoning module HotReload (341)
[2020.12.26-05.44.58:588][845]LogModuleManager: Shutting down and abandoning module DirectoryWatcher (340)
[2020.12.26-05.44.58:588][845]LogModuleManager: Shutting down and abandoning module VisualStudioCodeSourceCodeAccess (336)
[2020.12.26-05.44.58:588][845]LogModuleManager: Shutting down and abandoning module UObjectPlugin (334)
[2020.12.26-05.44.58:589][845]LogModuleManager: Shutting down and abandoning module SubversionSourceControl (332)
[2020.12.26-05.44.58:589][845]LogModuleManager: Shutting down and abandoning module RiderSourceCodeAccess (330)
[2020.12.26-05.44.58:589][845]LogModuleManager: Shutting down and abandoning module PerforceSourceControl (328)
[2020.12.26-05.44.58:591][845]LogModuleManager: Shutting down and abandoning module SourceControl (327)
[2020.12.26-05.44.58:591][845]LogModuleManager: Shutting down and abandoning module CLionSourceCodeAccess (324)
[2020.12.26-05.44.58:591][845]LogModuleManager: Shutting down and abandoning module ActorLayerUtilities (322)
[2020.12.26-05.44.58:591][845]LogModuleManager: Shutting down and abandoning module SoundFields (320)
[2020.12.26-05.44.58:591][845]LogModuleManager: Shutting down and abandoning module SignificanceManager (318)
[2020.12.26-05.44.58:591][845]LogModuleManager: Shutting down and abandoning module RuntimePhysXCooking (316)
[2020.12.26-05.44.58:592][845]LogModuleManager: Shutting down and abandoning module PhysXVehiclesEditor (314)
[2020.12.26-05.44.58:592][845]LogModuleManager: Shutting down and abandoning module LocationServicesBPLibrary (310)
[2020.12.26-05.44.58:592][845]LogModuleManager: Shutting down and abandoning module ActorSequence (308)
[2020.12.26-05.44.58:592][845]LogModuleManager: Shutting down and abandoning module UdpMessaging (306)
[2020.12.26-05.44.58:693][845]LogModuleManager: Shutting down and abandoning module TcpMessaging (304)
[2020.12.26-05.44.58:905][845]LogModuleManager: Shutting down and abandoning module MagicLeapARPin (302)
[2020.12.26-05.44.58:905][845]LogModuleManager: Shutting down and abandoning module MagicLeapHandMeshing (300)
[2020.12.26-05.44.58:905][845]LogModuleManager: Shutting down and abandoning module MagicLeapSecureStorage (298)
[2020.12.26-05.44.58:905][845]LogModuleManager: Shutting down and abandoning module MagicLeapPrivileges (296)
[2020.12.26-05.44.58:905][845]LogModuleManager: Shutting down and abandoning module MagicLeapPlanes (294)
[2020.12.26-05.44.58:905][845]LogMagicLeapPlanes: Planes tracker already destroyed.
[2020.12.26-05.44.58:905][845]LogModuleManager: Shutting down and abandoning module MagicLeapImageTracker (292)
[2020.12.26-05.44.58:905][845]LogModuleManager: Shutting down and abandoning module MagicLeapIdentity (290)
[2020.12.26-05.44.58:906][845]LogModuleManager: Shutting down and abandoning module MagicLeapHandTracking (288)
[2020.12.26-05.44.58:906][845]LogModuleManager: Shutting down and abandoning module MagicLeapEyeTracker (286)
[2020.12.26-05.44.58:906][845]LogModuleManager: Shutting down and abandoning module MagicLeapController (284)
[2020.12.26-05.44.58:906][845]LogSlate: Slate User Destroyed.  User Index 0, Is Virtual User: 0
[2020.12.26-05.44.58:906][845]LogModuleManager: Shutting down and abandoning module MagicLeapARPinImpl (282)
[2020.12.26-05.44.58:906][845]LogModuleManager: Shutting down and abandoning module MagicLeapAR (280)
[2020.12.26-05.44.58:906][845]LogModuleManager: Shutting down and abandoning module AugmentedReality (279)
[2020.12.26-05.44.58:906][845]LogModuleManager: Shutting down and abandoning module NiagaraAnimNotifies (276)
[2020.12.26-05.44.58:907][845]LogModuleManager: Shutting down and abandoning module Niagara (274)
[2020.12.26-05.44.58:907][845]LogModuleManager: Shutting down and abandoning module SignalProcessing (273)
[2020.12.26-05.44.58:907][845]LogModuleManager: Shutting down and abandoning module NiagaraEditor (271)
[2020.12.26-05.44.58:911][845]LogModuleManager: Shutting down and abandoning module NiagaraCore (268)
[2020.12.26-05.44.58:911][845]LogModuleManager: Shutting down and abandoning module GameplayTagsEditor (266)
[2020.12.26-05.44.58:912][845]LogModuleManager: Shutting down and abandoning module FacialAnimation (264)
[2020.12.26-05.44.58:912][845]LogModuleManager: Shutting down and abandoning module AssetManagerEditor (262)
[2020.12.26-05.44.58:914][845]LogModuleManager: Shutting down and abandoning module TreeMap (261)
[2020.12.26-05.44.58:914][845]LogModuleManager: Shutting down and abandoning module AnimationSharing (258)
[2020.12.26-05.44.58:914][845]LogModuleManager: Shutting down and abandoning module LightPropagationVolumeRuntime (256)
[2020.12.26-05.44.58:914][845]LogModuleManager: Shutting down and abandoning module Paper2D (254)
[2020.12.26-05.44.58:914][845]LogModuleManager: Shutting down and abandoning module WindowsMoviePlayer (252)
[2020.12.26-05.44.58:915][845]LogModuleManager: Shutting down and abandoning module WebMMoviePlayer (250)
[2020.12.26-05.44.58:915][845]LogModuleManager: Shutting down and abandoning module NetworkReplayStreaming (248)
[2020.12.26-05.44.58:915][845]LogModuleManager: Shutting down and abandoning module PacketHandler (246)
[2020.12.26-05.44.58:915][845]LogModuleManager: Shutting down and abandoning module ClothingSystemEditor (244)
[2020.12.26-05.44.58:915][845]LogModuleManager: Shutting down and abandoning module ClothingSystemRuntimeNv (242)
[2020.12.26-05.44.58:916][845]LogModuleManager: Shutting down and abandoning module MediaAssets (240)
[2020.12.26-05.44.58:916][845]LogModuleManager: Shutting down and abandoning module Overlay (238)
[2020.12.26-05.44.58:916][845]LogModuleManager: Shutting down and abandoning module OverlayEditor (237)
[2020.12.26-05.44.58:916][845]LogModuleManager: Shutting down and abandoning module VREditor (234)
[2020.12.26-05.44.58:917][845]LogModuleManager: Shutting down and abandoning module StringTableEditor (232)
[2020.12.26-05.44.58:917][845]LogModuleManager: Shutting down and abandoning module GameplayTasksEditor (230)
[2020.12.26-05.44.58:917][845]LogModuleManager: Shutting down and abandoning module BehaviorTreeEditor (228)
[2020.12.26-05.44.58:919][845]LogModuleManager: Shutting down and abandoning module FunctionalTesting (226)
[2020.12.26-05.44.58:919][845]LogModuleManager: Shutting down and abandoning module CollisionAnalyzer (224)
[2020.12.26-05.44.58:921][845]LogModuleManager: Shutting down and abandoning module WorkspaceMenuStructure (223)
[2020.12.26-05.44.58:921][845]LogModuleManager: Shutting down and abandoning module UMG (220)
[2020.12.26-05.44.58:921][845]LogModuleManager: Shutting down and abandoning module UMGEditor (219)
[2020.12.26-05.44.58:921][845]LogModuleManager: Shutting down and abandoning module Sequencer (218)
[2020.12.26-05.44.58:921][845]LogModuleManager: Shutting down and abandoning module MessageLog (215)
[2020.12.26-05.44.58:921][845]LogModuleManager: Shutting down and abandoning module MaterialEditor (213)
[2020.12.26-05.44.58:923][845]LogModuleManager: Shutting down and abandoning module SlateReflector (208)
[2020.12.26-05.44.58:927][845]LogModuleManager: Shutting down and abandoning module Slate (206)
[2020.12.26-05.44.58:927][845]LogModuleManager: Shutting down and abandoning module SlateCore (204)
[2020.12.26-05.44.58:927][845]LogModuleManager: Shutting down and abandoning module LandscapeEditorUtilities (202)
[2020.12.26-05.44.58:927][845]LogModuleManager: Shutting down and abandoning module EditorStyle (200)
[2020.12.26-05.44.58:929][845]LogModuleManager: Shutting down and abandoning module UnrealEd (198)
[2020.12.26-05.44.58:930][845]LogModuleManager: Shutting down and abandoning module MRMesh (196)
[2020.12.26-05.44.58:930][845]LogModuleManager: Shutting down and abandoning module Messaging (194)
[2020.12.26-05.44.58:930][845]LogModuleManager: Shutting down and abandoning module SourceCodeAccess (192)
[2020.12.26-05.44.58:930][845]LogModuleManager: Shutting down and abandoning module HeadMountedDisplay (190)
[2020.12.26-05.44.58:930][845]LogModuleManager: Shutting down and abandoning module XAudio2 (188)
[2020.12.26-05.44.58:931][845]LogModuleManager: Shutting down and abandoning module Networking (186)
[2020.12.26-05.44.58:931][845]LogModuleManager: Shutting down and abandoning module Core (184)
[2020.12.26-05.44.58:931][845]LogModuleManager: Shutting down and abandoning module MovieSceneTools (182)
[2020.12.26-05.44.58:932][845]LogModuleManager: Shutting down and abandoning module KismetCompiler (180)
[2020.12.26-05.44.58:932][845]LogModuleManager: Shutting down and abandoning module MeshBuilder (178)
[2020.12.26-05.44.58:932][845]LogModuleManager: Shutting down and abandoning module MeshUtilities (176)
[2020.12.26-05.44.58:934][845]LogModuleManager: Shutting down and abandoning module MeshMergeUtilities (175)
[2020.12.26-05.44.58:935][845]LogModuleManager: Shutting down and abandoning module MeshReductionInterface (174)
[2020.12.26-05.44.58:935][845]LogModuleManager: Shutting down and abandoning module MeshBoneReduction (173)
[2020.12.26-05.44.58:935][845]LogModuleManager: Shutting down and abandoning module SkeletalMeshReduction (171)
[2020.12.26-05.44.58:936][845]LogModuleManager: Shutting down and abandoning module ProxyLODMeshReduction (169)
[2020.12.26-05.44.58:937][845]LogModuleManager: Shutting down and abandoning module QuadricMeshReduction (167)
[2020.12.26-05.44.58:937][845]LogModuleManager: Shutting down and abandoning module MaterialBaking (163)
[2020.12.26-05.44.58:939][845]LogModuleManager: Shutting down and abandoning module NullInstallBundleManager (158)
[2020.12.26-05.44.58:939][845]LogModuleManager: Shutting down and abandoning module PIEPreviewDeviceProfileSelector (156)
[2020.12.26-05.44.58:940][845]LogModuleManager: Shutting down and abandoning module DerivedDataCache (154)
[2020.12.26-05.44.58:940][845]LogModuleManager: Shutting down and abandoning module XGEController (152)
[2020.12.26-05.44.58:940][845]LogModuleManager: Shutting down and abandoning module TargetPlatform (150)
[2020.12.26-05.44.58:941][845]LogModuleManager: Shutting down and abandoning module VulkanShaderFormat (149)
[2020.12.26-05.44.58:942][845]LogModuleManager: Shutting down and abandoning module ShaderFormatVectorVM (147)
[2020.12.26-05.44.58:942][845]LogModuleManager: Shutting down and abandoning module ShaderFormatOpenGL (145)
[2020.12.26-05.44.58:943][845]LogModuleManager: Shutting down and abandoning module ShaderFormatD3D (143)
[2020.12.26-05.44.58:943][845]LogModuleManager: Shutting down and abandoning module MetalShaderFormat (141)
[2020.12.26-05.44.58:944][845]LogModuleManager: Shutting down and abandoning module TextureFormatUncompressed (139)
[2020.12.26-05.44.58:944][845]LogModuleManager: Shutting down and abandoning module TextureFormatPVR (137)
[2020.12.26-05.44.58:944][845]LogModuleManager: Shutting down and abandoning module TextureFormatDXT (135)
[2020.12.26-05.44.58:945][845]LogModuleManager: Shutting down and abandoning module TextureFormatIntelISPCTexComp (133)
[2020.12.26-05.44.58:946][845]LogModuleManager: Shutting down and abandoning module TextureFormatASTC (131)
[2020.12.26-05.44.58:946][845]LogModuleManager: Shutting down and abandoning module ImageWrapper (130)
[2020.12.26-05.44.58:946][845]LogModuleManager: Shutting down and abandoning module TextureFormatAndroid (127)
[2020.12.26-05.44.58:946][845]LogModuleManager: Shutting down and abandoning module AudioFormatOpus (125)
[2020.12.26-05.44.58:946][845]LogModuleManager: Shutting down and abandoning module AudioFormatOgg (123)
[2020.12.26-05.44.58:946][845]LogModuleManager: Shutting down and abandoning module AudioFormatADPCM (121)
[2020.12.26-05.44.58:947][845]LogModuleManager: Shutting down and abandoning module WindowsServerTargetPlatform (119)
[2020.12.26-05.44.58:947][845]LogModuleManager: Shutting down and abandoning module WindowsClientTargetPlatform (117)
[2020.12.26-05.44.58:947][845]LogModuleManager: Shutting down and abandoning module WindowsTargetPlatform (115)
[2020.12.26-05.44.58:947][845]LogModuleManager: Shutting down and abandoning module WindowsNoEditorTargetPlatform (113)
[2020.12.26-05.44.58:947][845]LogModuleManager: Shutting down and abandoning module InputCore (110)
[2020.12.26-05.44.58:947][845]LogModuleManager: Shutting down and abandoning module Settings (108)
[2020.12.26-05.44.58:947][845]LogModuleManager: Shutting down and abandoning module PhysXCooking (106)
[2020.12.26-05.44.58:947][845]LogModuleManager: Shutting down and abandoning module ChaosSolvers (104)
[2020.12.26-05.44.58:948][845]LogModuleManager: Shutting down and abandoning module FieldSystemEngine (103)
[2020.12.26-05.44.58:948][845]LogModuleManager: Shutting down and abandoning module Chaos (100)
[2020.12.26-05.44.58:948][845]LogModuleManager: Shutting down and abandoning module WindowsPlatformFeatures (98)
[2020.12.26-05.44.58:948][845]LogModuleManager: Shutting down and abandoning module GameplayMediaEncoder (97)
[2020.12.26-05.44.58:948][845]LogModuleManager: Shutting down and abandoning module AVEncoder (96)
[2020.12.26-05.44.58:948][845]LogModuleManager: Shutting down and abandoning module SteamVRInputDevice (92)
[2020.12.26-05.44.58:949][845]LogModuleManager: Shutting down and abandoning module SteamVRInput (90)
[2020.12.26-05.44.58:949][845]LogModuleManager: Shutting down and abandoning module SteamVR (88)
[2020.12.26-05.44.58:949][845]LogHMD: Freeing OpenVRDLLHandle.
[2020.12.26-05.44.58:949][845]LogModuleManager: Shutting down and abandoning module OculusHMD (86)
[2020.12.26-05.44.58:949][845]LogModuleManager: Shutting down and abandoning module ExampleDeviceProfileSelector (84)
[2020.12.26-05.44.58:949][845]LogModuleManager: Shutting down and abandoning module LauncherChunkInstaller (82)
[2020.12.26-05.44.58:949][845]LogModuleManager: Shutting down and abandoning module OnlineBlueprintSupport (80)
[2020.12.26-05.44.58:949][845]LogModuleManager: Shutting down and abandoning module OnlineSubsystem (76)
[2020.12.26-05.44.58:952][845]LogModuleManager: Shutting down and abandoning module XMPP (71)
[2020.12.26-05.44.58:954][845]LogModuleManager: Shutting down and abandoning module WebSockets (70)
[2020.12.26-05.44.58:968][845]LogModuleManager: Shutting down and abandoning module HTTP (67)
[2020.12.26-05.44.59:001][845]LogModuleManager: Shutting down and abandoning module SSL (66)
[2020.12.26-05.44.59:003][845]LogModuleManager: Shutting down and abandoning module WmfMedia (62)
[2020.12.26-05.44.59:006][845]LogModuleManager: Shutting down and abandoning module Media (61)
[2020.12.26-05.44.59:009][845]LogModuleManager: Shutting down and abandoning module MagicLeap (58)
[2020.12.26-05.44.59:009][845]LogModuleManager: Shutting down and abandoning module NiagaraVertexFactories (56)
[2020.12.26-05.44.59:010][845]LogModuleManager: Shutting down and abandoning module NiagaraShader (54)
[2020.12.26-05.44.59:010][845]LogModuleManager: Shutting down and abandoning module VariantManagerContent (52)
[2020.12.26-05.44.59:010][845]LogModuleManager: Shutting down and abandoning module DatasmithContent (50)
[2020.12.26-05.44.59:011][845]LogModuleManager: Shutting down and abandoning module AISupportModule (48)
[2020.12.26-05.44.59:011][845]LogModuleManager: Shutting down and abandoning module DesktopPlatform (46)
[2020.12.26-05.44.59:012][845]LogModuleManager: Shutting down and abandoning module PlatformCryptoOpenSSL (44)
[2020.12.26-05.44.59:012][845]LogModuleManager: Shutting down and abandoning module PlatformCryptoTypes (42)
[2020.12.26-05.44.59:012][845]LogModuleManager: Shutting down and abandoning module PlatformCrypto (40)
[2020.12.26-05.44.59:012][845]LogModuleManager: Shutting down and abandoning module AnimationModifiers (38)
[2020.12.26-05.44.59:014][845]LogModuleManager: Shutting down and abandoning module PropertyEditor (37)
[2020.12.26-05.44.59:014][845]LogModuleManager: Shutting down and abandoning module AudioEditor (34)
[2020.12.26-05.44.59:016][845]LogModuleManager: Shutting down and abandoning module TextureCompressor (32)
[2020.12.26-05.44.59:017][845]LogModuleManager: Shutting down and abandoning module RenderCore (30)
[2020.12.26-05.44.59:017][845]LogModuleManager: Shutting down and abandoning module Landscape (28)
[2020.12.26-05.44.59:017][845]LogModuleManager: Shutting down and abandoning module SlateRHIRenderer (26)
[2020.12.26-05.44.59:018][845]LogModuleManager: Shutting down and abandoning module OpenGLDrv (24)
[2020.12.26-05.44.59:018][845]LogModuleManager: Shutting down and abandoning module D3D11RHI (22)
[2020.12.26-05.44.59:018][845]LogModuleManager: Shutting down and abandoning module AnimGraphRuntime (20)
[2020.12.26-05.44.59:019][845]LogModuleManager: Shutting down and abandoning module Renderer (18)
[2020.12.26-05.44.59:019][845]LogModuleManager: Shutting down and abandoning module Engine (16)
[2020.12.26-05.44.59:019][845]LogModuleManager: Shutting down and abandoning module CoreUObject (14)
[2020.12.26-05.44.59:019][845]LogModuleManager: Shutting down and abandoning module NetworkFile (12)
[2020.12.26-05.44.59:020][845]LogModuleManager: Shutting down and abandoning module CookedIterativeFile (10)
[2020.12.26-05.44.59:020][845]LogModuleManager: Shutting down and abandoning module StreamingFile (8)
[2020.12.26-05.44.59:021][845]LogModuleManager: Shutting down and abandoning module SandboxFile (6)
[2020.12.26-05.44.59:021][845]LogModuleManager: Shutting down and abandoning module PakFile (4)
[2020.12.26-05.44.59:022][845]LogModuleManager: Shutting down and abandoning module RSA (3)
[2020.12.26-05.44.59:442][845]LogContentStreaming: Display: There are 1 unreleased StreamingManagers
[2020.12.26-05.44.59:443][845]LogD3D11RHI: Shutdown
[2020.12.26-05.44.59:443][845]LogD3D11RHI: CleanupD3DDevice
[2020.12.26-05.44.59:467][845]LogExit: Exiting.
[2020.12.26-05.44.59:477][845]Log file closed, 12/26/20 08:44:59
