Log file open, 12/05/20 01:49:19
LogInit: Display: Running engine for game: AIShooter
LogPlatformFile: Not using cached read wrapper
LogTaskGraph: Started task graph with 5 named threads and 14 total threads with 3 sets of task threads.
LogStats: Stats thread started at 0.232920
LogD3D11RHI: Loaded GFSDK_Aftermath_Lib.x64.dll
LogICUInternationalization: ICU TimeZone Detection - Raw Offset: +5:00, Platform Override: ''
LogPluginManager: Mounting plugin Paper2D
LogPluginManager: Mounting plugin AISupport
LogPluginManager: Mounting plugin LightPropagationVolume
LogPluginManager: Mounting plugin CameraShakePreviewer
LogPluginManager: Mounting plugin ActorLayerUtilities
LogPluginManager: Mounting plugin AnimationSharing
LogPluginManager: Mounting plugin CLionSourceCodeAccess
LogPluginManager: Mounting plugin CodeLiteSourceCodeAccess
LogPluginManager: Mounting plugin GitSourceControl
LogPluginManager: Mounting plugin KDevelopSourceCodeAccess
LogPluginManager: Mounting plugin NullSourceCodeAccess
LogPluginManager: Mounting plugin PerforceSourceControl
LogPluginManager: Mounting plugin PlasticSourceControl
LogPluginManager: Mounting plugin RiderSourceCodeAccess
LogPluginManager: Mounting plugin SubversionSourceControl
LogPluginManager: Mounting plugin UObjectPlugin
LogPluginManager: Mounting plugin VisualStudioCodeSourceCodeAccess
LogPluginManager: Mounting plugin VisualStudioSourceCodeAccess
LogPluginManager: Mounting plugin XCodeSourceCodeAccess
LogPluginManager: Mounting plugin AssetManagerEditor
LogPluginManager: Mounting plugin CryptoKeys
LogPluginManager: Mounting plugin CurveEditorTools
LogPluginManager: Mounting plugin DataValidation
LogPluginManager: Mounting plugin EditorScriptingUtilities
LogPluginManager: Mounting plugin FacialAnimation
LogPluginManager: Mounting plugin GameplayTagsEditor
LogPluginManager: Mounting plugin GeometryMode
LogPluginManager: Mounting plugin MacGraphicsSwitching
LogPluginManager: Mounting plugin MaterialAnalyzer
LogPluginManager: Mounting plugin MobileLauncherProfileWizard
LogPluginManager: Mounting plugin PluginBrowser
LogPluginManager: Mounting plugin SpeedTreeImporter
LogPluginManager: Mounting plugin DatasmithContent
LogPluginManager: Mounting plugin VariantManagerContent
LogPluginManager: Mounting plugin AlembicImporter
LogPluginManager: Mounting plugin AutomationUtils
LogPluginManager: Mounting plugin BackChannel
LogPluginManager: Mounting plugin ChaosCloth
LogPluginManager: Mounting plugin ChaosClothEditor
LogPluginManager: Mounting plugin ChaosEditor
LogPluginManager: Mounting plugin ChaosNiagara
LogPluginManager: Mounting plugin ChaosSolverPlugin
LogPluginManager: Mounting plugin CharacterAI
LogPluginManager: Mounting plugin GeometryCache
LogPluginManager: Mounting plugin GeometryCollectionPlugin
LogPluginManager: Mounting plugin GeometryProcessing
LogPluginManager: Mounting plugin PlanarCut
LogPluginManager: Mounting plugin PlatformCrypto
LogPluginManager: Mounting plugin ProxyLODPlugin
LogPluginManager: Mounting plugin SkeletalReduction
LogPluginManager: Mounting plugin Niagara
LogPluginManager: Mounting plugin MagicLeap
LogPluginManager: Mounting plugin MagicLeapLightEstimation
LogPluginManager: Mounting plugin MagicLeapMedia
LogPluginManager: Mounting plugin MagicLeapPassableWorld
LogPluginManager: Mounting plugin MLSDK
LogPluginManager: Mounting plugin AndroidMedia
LogPluginManager: Mounting plugin AvfMedia
LogPluginManager: Mounting plugin ImgMedia
LogPluginManager: Mounting plugin MediaCompositing
LogPluginManager: Mounting plugin MediaPlayerEditor
LogPluginManager: Mounting plugin WebMMedia
LogPluginManager: Mounting plugin WmfMedia
LogPluginManager: Mounting plugin MeshPainting
LogPluginManager: Mounting plugin TcpMessaging
LogPluginManager: Mounting plugin UdpMessaging
LogPluginManager: Mounting plugin ActorSequence
LogPluginManager: Mounting plugin LevelSequenceEditor
LogPluginManager: Mounting plugin MatineeToLevelSequence
LogPluginManager: Mounting plugin MovieRenderPipeline
LogPluginManager: Mounting plugin TemplateSequence
LogPluginManager: Mounting plugin NetcodeUnitTest
LogPluginManager: Mounting plugin NUTUnrealEngine4
LogPluginManager: Mounting plugin OnlineSubsystemGooglePlay
LogPluginManager: Mounting plugin OnlineSubsystemIOS
LogPluginManager: Mounting plugin OnlineSubsystem
LogPluginManager: Mounting plugin OnlineSubsystemNull
LogPluginManager: Mounting plugin OnlineSubsystemUtils
LogPluginManager: Mounting plugin LauncherChunkInstaller
LogPluginManager: Mounting plugin AndroidDeviceProfileSelector
LogPluginManager: Mounting plugin AndroidMoviePlayer
LogPluginManager: Mounting plugin AndroidPermission
LogPluginManager: Mounting plugin AppleImageUtils
LogPluginManager: Mounting plugin AppleMoviePlayer
LogPluginManager: Mounting plugin ArchVisCharacter
LogPluginManager: Mounting plugin AssetTags
LogPluginManager: Mounting plugin AudioCapture
LogPluginManager: Mounting plugin CableComponent
LogPluginManager: Mounting plugin CustomMeshComponent
LogPluginManager: Mounting plugin EditableMesh
LogPluginManager: Mounting plugin ExampleDeviceProfileSelector
LogPluginManager: Mounting plugin GoogleCloudMessaging
LogPluginManager: Mounting plugin GooglePAD
LogPluginManager: Mounting plugin IOSDeviceProfileSelector
LogPluginManager: Mounting plugin LinuxDeviceProfileSelector
LogPluginManager: Mounting plugin LocationServicesBPLibrary
LogPluginManager: Mounting plugin MobilePatchingUtils
LogPluginManager: Mounting plugin OculusVR
LogPluginManager: Mounting plugin PhysXVehicles
LogPluginManager: Mounting plugin PostSplashScreen
LogPluginManager: Mounting plugin ProceduralMeshComponent
LogPluginManager: Mounting plugin RuntimePhysXCooking
LogPluginManager: Mounting plugin SignificanceManager
LogPluginManager: Mounting plugin SoundFields
LogPluginManager: Mounting plugin SteamVR
LogPluginManager: Mounting plugin Synthesis
LogPluginManager: Mounting plugin WebMMoviePlayer
LogPluginManager: Mounting plugin WindowsMoviePlayer
LogPluginManager: Mounting plugin ScreenshotTools
LogInit: Using libcurl 7.55.1-DEV
LogInit:  - built for x86_64-pc-win32
LogInit:  - supports SSL with OpenSSL/1.1.1
LogInit:  - supports HTTP deflate (compression) using libz 1.2.8
LogInit:  - other features:
LogInit:      CURL_VERSION_SSL
LogInit:      CURL_VERSION_LIBZ
LogInit:      CURL_VERSION_IPV6
LogInit:      CURL_VERSION_ASYNCHDNS
LogInit:      CURL_VERSION_LARGEFILE
LogInit:      CURL_VERSION_IDN
LogInit:  CurlRequestOptions (configurable via config and command line):
LogInit:  - bVerifyPeer = true  - Libcurl will verify peer certificate
LogInit:  - bUseHttpProxy = false  - Libcurl will NOT use HTTP proxy
LogInit:  - bDontReuseConnections = false  - Libcurl will reuse connections
LogInit:  - MaxHostConnections = 16  - Libcurl will limit the number of connections to a host
LogInit:  - LocalHostAddr = Default
LogInit:  - BufferSize = 65536
LogOnline: OSS: Creating online subsystem instance for: NULL
LogInit: WinSock: version 1.1 (2.2), MaxSocks=32767, MaxUdp=65467
LogOnline: OSS: TryLoadSubsystemAndSetDefault: Loaded subsystem for module [NULL]
LogInit: Build: ++UE4+Release-4.25-CL-13942748
LogInit: Engine Version: 4.25.3-13942748+++UE4+Release-4.25
LogInit: Compatible Engine Version: 4.25.0-13144385+++UE4+Release-4.25
LogInit: Net CL: 13144385
LogInit: OS: Windows 10 (Release 1909) (), CPU: Intel(R) Core(TM) i5-7300HQ CPU @ 2.50GHz, GPU: Intel(R) HD Graphics 630
LogInit: Compiled (64-bit): Jul 25 2020 02:07:48
LogInit: Compiled with Visual C++: 19.24.28315.00
LogInit: Build Configuration: Development
LogInit: Branch Name: ++UE4+Release-4.25
LogInit: Command Line: 
LogInit: Base Directory: C:/Program Files/Epic Games/UE_4.25/Engine/Binaries/Win64/
LogInit: Allocator: TBB
LogInit: Installed Engine Build: 1
LogDevObjectVersion: Number of dev versions registered: 26
LogDevObjectVersion:   Dev-Blueprints (B0D832E4-1F89-4F0D-ACCF-7EB736FD4AA2): 10
LogDevObjectVersion:   Dev-Build (E1C64328-A22C-4D53-A36C-8E866417BD8C): 0
LogDevObjectVersion:   Dev-Core (375EC13C-06E4-48FB-B500-84F0262A717E): 4
LogDevObjectVersion:   Dev-Editor (E4B068ED-F494-42E9-A231-DA0B2E46BB41): 38
LogDevObjectVersion:   Dev-Framework (CFFC743F-43B0-4480-9391-14DF171D2073): 37
LogDevObjectVersion:   Dev-Mobile (B02B49B5-BB20-44E9-A304-32B752E40360): 2
LogDevObjectVersion:   Dev-Networking (A4E4105C-59A1-49B5-A7C5-40C4547EDFEE): 0
LogDevObjectVersion:   Dev-Online (39C831C9-5AE6-47DC-9A44-9C173E1C8E7C): 0
LogDevObjectVersion:   Dev-Physics (78F01B33-EBEA-4F98-B9B4-84EACCB95AA2): 4
LogDevObjectVersion:   Dev-Platform (6631380F-2D4D-43E0-8009-CF276956A95A): 0
LogDevObjectVersion:   Dev-Rendering (12F88B9F-8875-4AFC-A67C-D90C383ABD29): 43
LogDevObjectVersion:   Dev-Sequencer (7B5AE74C-D270-4C10-A958-57980B212A5A): 12
LogDevObjectVersion:   Dev-VR (D7296918-1DD6-4BDD-9DE2-64A83CC13884): 3
LogDevObjectVersion:   Dev-LoadTimes (C2A15278-BFE7-4AFE-6C17-90FF531DF755): 1
LogDevObjectVersion:   Private-Geometry (6EACA3D4-40EC-4CC1-B786-8BED09428FC5): 3
LogDevObjectVersion:   Dev-AnimPhys (29E575DD-E0A3-4627-9D10-D276232CDCEA): 17
LogDevObjectVersion:   Dev-Anim (AF43A65D-7FD3-4947-9873-3E8ED9C1BB05): 7
LogDevObjectVersion:   Dev-ReflectionCapture (6B266CEC-1EC7-4B8F-A30B-E4D90942FC07): 1
LogDevObjectVersion:   Dev-Automation (0DF73D61-A23F-47EA-B727-89E90C41499A): 1
LogDevObjectVersion:   FortniteMain (601D1886-AC64-4F84-AA16-D3DE0DEAC7D6): 31
LogDevObjectVersion:   Dev-Enterprise (9DFFBCD6-494F-0158-E221-12823C92A888): 10
LogDevObjectVersion:   Dev-Niagara (F2AED0AC-9AFE-416F-8664-AA7FFA26D6FC): 1
LogDevObjectVersion:   Dev-Destruction (174F1F0B-B4C6-45A5-B13F-2EE8D0FB917D): 10
LogDevObjectVersion:   Dev-Physics-Ext (35F94A83-E258-406C-A318-09F59610247C): 37
LogDevObjectVersion:   Dev-PhysicsMaterial-Chaos (B68FC16E-8B1B-42E2-B453-215C058844FE): 1
LogDevObjectVersion:   Dev-CineCamera (B2E18506-4273-CFC2-A54E-F4BB758BBA07): 1
LogInit: Presizing for max 25165824 objects, including 0 objects not considered by GC, pre-allocating 0 bytes for permanent pool.
LogConfig: Applying CVar settings from Section [/Script/Engine.StreamingSettings] File [C:/Users/vadim/OneDrive/Рабочий стол/HSE/Курс3/UE4/Collapse/Saved/Config/Windows/Engine.ini]
LogConfig: Setting CVar [[s.MinBulkDataSizeForAsyncLoading:131072]]
LogConfig: Setting CVar [[s.AsyncLoadingThreadEnabled:0]]
LogConfig: Setting CVar [[s.EventDrivenLoaderEnabled:1]]
LogConfig: Setting CVar [[s.WarnIfTimeLimitExceeded:0]]
LogConfig: Setting CVar [[s.TimeLimitExceededMultiplier:1.5]]
LogConfig: Setting CVar [[s.TimeLimitExceededMinTime:0.005]]
LogConfig: Setting CVar [[s.UseBackgroundLevelStreaming:1]]
LogConfig: Setting CVar [[s.PriorityAsyncLoadingExtraTime:15.0]]
LogConfig: Setting CVar [[s.LevelStreamingActorsUpdateTimeLimit:5.0]]
LogConfig: Setting CVar [[s.PriorityLevelStreamingActorsUpdateExtraTime:5.0]]
LogConfig: Setting CVar [[s.LevelStreamingComponentsRegistrationGranularity:10]]
LogConfig: Setting CVar [[s.UnregisterComponentsTimeLimit:1.0]]
LogConfig: Setting CVar [[s.LevelStreamingComponentsUnregistrationGranularity:5]]
LogConfig: Setting CVar [[s.FlushStreamingOnExit:1]]
LogInit: Object subsystem initialized
LogConfig: Setting CVar [[con.DebugEarlyDefault:1]]
LogConfig: Setting CVar [[r.setres:1280x720]]
[2020.12.04-20.49.19:605][  0]LogConfig: Setting CVar [[r.VSync:0]]
[2020.12.04-20.49.19:605][  0]LogConfig: Setting CVar [[r.RHICmdBypass:0]]
[2020.12.04-20.49.19:605][  0]LogConfig: Applying CVar settings from Section [/Script/Engine.RendererSettings] File [C:/Users/vadim/OneDrive/Рабочий стол/HSE/Курс3/UE4/Collapse/Saved/Config/Windows/Engine.ini]
[2020.12.04-20.49.19:606][  0]LogConfig: Setting CVar [[r.GPUCrashDebugging:0]]
[2020.12.04-20.49.19:606][  0]LogConfig: Applying CVar settings from Section [/Script/Engine.RendererOverrideSettings] File [C:/Users/vadim/OneDrive/Рабочий стол/HSE/Курс3/UE4/Collapse/Saved/Config/Windows/Engine.ini]
[2020.12.04-20.49.19:606][  0]LogConfig: Applying CVar settings from Section [/Script/Engine.StreamingSettings] File [C:/Users/vadim/OneDrive/Рабочий стол/HSE/Курс3/UE4/Collapse/Saved/Config/Windows/Engine.ini]
[2020.12.04-20.49.19:606][  0]LogConfig: Setting CVar [[s.MinBulkDataSizeForAsyncLoading:131072]]
[2020.12.04-20.49.19:606][  0]LogConfig: Setting CVar [[s.AsyncLoadingThreadEnabled:0]]
[2020.12.04-20.49.19:606][  0]LogConfig: Setting CVar [[s.EventDrivenLoaderEnabled:1]]
[2020.12.04-20.49.19:606][  0]LogConfig: Setting CVar [[s.WarnIfTimeLimitExceeded:0]]
[2020.12.04-20.49.19:606][  0]LogConfig: Setting CVar [[s.TimeLimitExceededMultiplier:1.5]]
[2020.12.04-20.49.19:606][  0]LogConfig: Setting CVar [[s.TimeLimitExceededMinTime:0.005]]
[2020.12.04-20.49.19:606][  0]LogConfig: Setting CVar [[s.UseBackgroundLevelStreaming:1]]
[2020.12.04-20.49.19:606][  0]LogConfig: Setting CVar [[s.PriorityAsyncLoadingExtraTime:15.0]]
[2020.12.04-20.49.19:606][  0]LogConfig: Setting CVar [[s.LevelStreamingActorsUpdateTimeLimit:5.0]]
[2020.12.04-20.49.19:606][  0]LogConfig: Setting CVar [[s.PriorityLevelStreamingActorsUpdateExtraTime:5.0]]
[2020.12.04-20.49.19:606][  0]LogConfig: Setting CVar [[s.LevelStreamingComponentsRegistrationGranularity:10]]
[2020.12.04-20.49.19:606][  0]LogConfig: Setting CVar [[s.UnregisterComponentsTimeLimit:1.0]]
[2020.12.04-20.49.19:606][  0]LogConfig: Setting CVar [[s.LevelStreamingComponentsUnregistrationGranularity:5]]
[2020.12.04-20.49.19:606][  0]LogConfig: Setting CVar [[s.FlushStreamingOnExit:1]]
[2020.12.04-20.49.19:606][  0]LogConfig: Applying CVar settings from Section [/Script/Engine.GarbageCollectionSettings] File [C:/Users/vadim/OneDrive/Рабочий стол/HSE/Курс3/UE4/Collapse/Saved/Config/Windows/Engine.ini]
[2020.12.04-20.49.19:606][  0]LogConfig: Setting CVar [[gc.MaxObjectsNotConsideredByGC:1]]
[2020.12.04-20.49.19:606][  0]LogConfig: Setting CVar [[gc.SizeOfPermanentObjectPool:0]]
[2020.12.04-20.49.19:606][  0]LogConfig: Setting CVar [[gc.FlushStreamingOnGC:0]]
[2020.12.04-20.49.19:606][  0]LogConfig: Setting CVar [[gc.NumRetriesBeforeForcingGC:10]]
[2020.12.04-20.49.19:606][  0]LogConfig: Setting CVar [[gc.AllowParallelGC:1]]
[2020.12.04-20.49.19:606][  0]LogConfig: Setting CVar [[gc.TimeBetweenPurgingPendingKillObjects:61.1]]
[2020.12.04-20.49.19:606][  0]LogConfig: Setting CVar [[gc.MaxObjectsInEditor:25165824]]
[2020.12.04-20.49.19:606][  0]LogConfig: Setting CVar [[gc.IncrementalBeginDestroyEnabled:1]]
[2020.12.04-20.49.19:606][  0]LogConfig: Setting CVar [[gc.CreateGCClusters:1]]
[2020.12.04-20.49.19:606][  0]LogConfig: Setting CVar [[gc.MinGCClusterSize:5]]
[2020.12.04-20.49.19:606][  0]LogConfig: Setting CVar [[gc.ActorClusteringEnabled:0]]
[2020.12.04-20.49.19:606][  0]LogConfig: Setting CVar [[gc.BlueprintClusteringEnabled:0]]
[2020.12.04-20.49.19:606][  0]LogConfig: Setting CVar [[gc.UseDisregardForGCOnDedicatedServers:0]]
[2020.12.04-20.49.19:606][  0]LogConfig: Applying CVar settings from Section [/Script/Engine.NetworkSettings] File [C:/Users/vadim/OneDrive/Рабочий стол/HSE/Курс3/UE4/Collapse/Saved/Config/Windows/Engine.ini]
[2020.12.04-20.49.19:606][  0]LogConfig: Applying CVar settings from Section [/Script/UnrealEd.CookerSettings] File [C:/Users/vadim/OneDrive/Рабочий стол/HSE/Курс3/UE4/Collapse/Saved/Config/Windows/Engine.ini]
[2020.12.04-20.49.19:611][  0]LogConfig: Applying CVar settings from Section [ViewDistanceQuality@3] File [C:/Users/vadim/OneDrive/Рабочий стол/HSE/Курс3/UE4/Collapse/Saved/Config/Windows/Scalability.ini]
[2020.12.04-20.49.19:611][  0]LogConfig: Setting CVar [[r.SkeletalMeshLODBias:0]]
[2020.12.04-20.49.19:611][  0]LogConfig: Setting CVar [[r.ViewDistanceScale:1.0]]
[2020.12.04-20.49.19:611][  0]LogConfig: Applying CVar settings from Section [AntiAliasingQuality@3] File [C:/Users/vadim/OneDrive/Рабочий стол/HSE/Курс3/UE4/Collapse/Saved/Config/Windows/Scalability.ini]
[2020.12.04-20.49.19:611][  0]LogConfig: Setting CVar [[r.PostProcessAAQuality:4]]
[2020.12.04-20.49.19:611][  0]LogConfig: Applying CVar settings from Section [ShadowQuality@3] File [C:/Users/vadim/OneDrive/Рабочий стол/HSE/Курс3/UE4/Collapse/Saved/Config/Windows/Scalability.ini]
[2020.12.04-20.49.19:611][  0]LogConfig: Setting CVar [[r.LightFunctionQuality:1]]
[2020.12.04-20.49.19:612][  0]LogConfig: Setting CVar [[r.ShadowQuality:5]]
[2020.12.04-20.49.19:612][  0]LogConfig: Setting CVar [[r.Shadow.CSM.MaxCascades:10]]
[2020.12.04-20.49.19:612][  0]LogConfig: Setting CVar [[r.Shadow.MaxResolution:2048]]
[2020.12.04-20.49.19:612][  0]LogConfig: Setting CVar [[r.Shadow.MaxCSMResolution:2048]]
[2020.12.04-20.49.19:612][  0]LogConfig: Setting CVar [[r.Shadow.RadiusThreshold:0.01]]
[2020.12.04-20.49.19:612][  0]LogConfig: Setting CVar [[r.Shadow.DistanceScale:1.0]]
[2020.12.04-20.49.19:612][  0]LogConfig: Setting CVar [[r.Shadow.CSM.TransitionScale:1.0]]
[2020.12.04-20.49.19:612][  0]LogConfig: Setting CVar [[r.Shadow.PreShadowResolutionFactor:1.0]]
[2020.12.04-20.49.19:612][  0]LogConfig: Setting CVar [[r.DistanceFieldShadowing:1]]
[2020.12.04-20.49.19:612][  0]LogConfig: Setting CVar [[r.DistanceFieldAO:1]]
[2020.12.04-20.49.19:612][  0]LogConfig: Setting CVar [[r.AOQuality:2]]
[2020.12.04-20.49.19:612][  0]LogConfig: Setting CVar [[r.VolumetricFog:1]]
[2020.12.04-20.49.19:612][  0]LogConfig: Setting CVar [[r.VolumetricFog.GridPixelSize:8]]
[2020.12.04-20.49.19:612][  0]LogConfig: Setting CVar [[r.VolumetricFog.GridSizeZ:128]]
[2020.12.04-20.49.19:612][  0]LogConfig: Setting CVar [[r.VolumetricFog.HistoryMissSupersampleCount:4]]
[2020.12.04-20.49.19:612][  0]LogConfig: Setting CVar [[r.LightMaxDrawDistanceScale:1]]
[2020.12.04-20.49.19:612][  0]LogConfig: Setting CVar [[r.CapsuleShadows:1]]
[2020.12.04-20.49.19:612][  0]LogConfig: Applying CVar settings from Section [PostProcessQuality@3] File [C:/Users/vadim/OneDrive/Рабочий стол/HSE/Курс3/UE4/Collapse/Saved/Config/Windows/Scalability.ini]
[2020.12.04-20.49.19:612][  0]LogConfig: Setting CVar [[r.MotionBlurQuality:4]]
[2020.12.04-20.49.19:612][  0]LogConfig: Setting CVar [[r.AmbientOcclusionMipLevelFactor:0.4]]
[2020.12.04-20.49.19:612][  0]LogConfig: Setting CVar [[r.AmbientOcclusionMaxQuality:100]]
[2020.12.04-20.49.19:612][  0]LogConfig: Setting CVar [[r.AmbientOcclusionLevels:-1]]
[2020.12.04-20.49.19:612][  0]LogConfig: Setting CVar [[r.AmbientOcclusionRadiusScale:1.0]]
[2020.12.04-20.49.19:612][  0]LogConfig: Setting CVar [[r.DepthOfFieldQuality:2]]
[2020.12.04-20.49.19:612][  0]LogConfig: Setting CVar [[r.RenderTargetPoolMin:400]]
[2020.12.04-20.49.19:612][  0]LogConfig: Setting CVar [[r.LensFlareQuality:2]]
[2020.12.04-20.49.19:612][  0]LogConfig: Setting CVar [[r.SceneColorFringeQuality:1]]
[2020.12.04-20.49.19:612][  0]LogConfig: Setting CVar [[r.EyeAdaptationQuality:2]]
[2020.12.04-20.49.19:612][  0]LogConfig: Setting CVar [[r.BloomQuality:5]]
[2020.12.04-20.49.19:612][  0]LogConfig: Setting CVar [[r.FastBlurThreshold:100]]
[2020.12.04-20.49.19:612][  0]LogConfig: Setting CVar [[r.Upscale.Quality:3]]
[2020.12.04-20.49.19:612][  0]LogConfig: Setting CVar [[r.Tonemapper.GrainQuantization:1]]
[2020.12.04-20.49.19:612][  0]LogConfig: Setting CVar [[r.LightShaftQuality:1]]
[2020.12.04-20.49.19:612][  0]LogConfig: Setting CVar [[r.Filter.SizeScale:1]]
[2020.12.04-20.49.19:612][  0]LogConfig: Setting CVar [[r.Tonemapper.Quality:5]]
[2020.12.04-20.49.19:612][  0]LogConfig: Setting CVar [[r.DOF.Gather.AccumulatorQuality:1        ; higher gathering accumulator quality]]
[2020.12.04-20.49.19:612][  0]LogConfig: Setting CVar [[r.DOF.Gather.PostfilterMethod:1          ; Median3x3 postfilering method]]
[2020.12.04-20.49.19:612][  0]LogConfig: Setting CVar [[r.DOF.Gather.EnableBokehSettings:0       ; no bokeh simulation when gathering]]
[2020.12.04-20.49.19:612][  0]LogConfig: Setting CVar [[r.DOF.Gather.RingCount:4                 ; medium number of samples when gathering]]
[2020.12.04-20.49.19:612][  0]LogConfig: Setting CVar [[r.DOF.Scatter.ForegroundCompositing:1    ; additive foreground scattering]]
[2020.12.04-20.49.19:612][  0]LogConfig: Setting CVar [[r.DOF.Scatter.BackgroundCompositing:2    ; additive background scattering]]
[2020.12.04-20.49.19:612][  0]LogConfig: Setting CVar [[r.DOF.Scatter.EnableBokehSettings:1      ; bokeh simulation when scattering]]
[2020.12.04-20.49.19:612][  0]LogConfig: Setting CVar [[r.DOF.Scatter.MaxSpriteRatio:0.1         ; only a maximum of 10% of scattered bokeh]]
[2020.12.04-20.49.19:612][  0]LogConfig: Setting CVar [[r.DOF.Recombine.Quality:1                ; cheap slight out of focus]]
[2020.12.04-20.49.19:612][  0]LogConfig: Setting CVar [[r.DOF.Recombine.EnableBokehSettings:0    ; no bokeh simulation on slight out of focus]]
[2020.12.04-20.49.19:612][  0]LogConfig: Setting CVar [[r.DOF.TemporalAAQuality:1                ; more stable temporal accumulation]]
[2020.12.04-20.49.19:612][  0]LogConfig: Setting CVar [[r.DOF.Kernel.MaxForegroundRadius:0.025]]
[2020.12.04-20.49.19:612][  0]LogConfig: Setting CVar [[r.DOF.Kernel.MaxBackgroundRadius:0.025]]
[2020.12.04-20.49.19:612][  0]LogConfig: Applying CVar settings from Section [TextureQuality@3] File [C:/Users/vadim/OneDrive/Рабочий стол/HSE/Курс3/UE4/Collapse/Saved/Config/Windows/Scalability.ini]
[2020.12.04-20.49.19:612][  0]LogConfig: Setting CVar [[r.Streaming.MipBias:0]]
[2020.12.04-20.49.19:613][  0]LogConfig: Setting CVar [[r.Streaming.AmortizeCPUToGPUCopy:0]]
[2020.12.04-20.49.19:613][  0]LogConfig: Setting CVar [[r.Streaming.MaxNumTexturesToStreamPerFrame:0]]
[2020.12.04-20.49.19:613][  0]LogConfig: Setting CVar [[r.Streaming.Boost:1]]
[2020.12.04-20.49.19:613][  0]LogConfig: Setting CVar [[r.MaxAnisotropy:8]]
[2020.12.04-20.49.19:613][  0]LogConfig: Setting CVar [[r.VT.MaxAnisotropy:8]]
[2020.12.04-20.49.19:613][  0]LogConfig: Setting CVar [[r.Streaming.LimitPoolSizeToVRAM:0]]
[2020.12.04-20.49.19:613][  0]LogConfig: Setting CVar [[r.Streaming.PoolSize:1000]]
[2020.12.04-20.49.19:613][  0]LogConfig: Setting CVar [[r.Streaming.MaxEffectiveScreenSize:0]]
[2020.12.04-20.49.19:613][  0]LogConfig: Applying CVar settings from Section [EffectsQuality@3] File [C:/Users/vadim/OneDrive/Рабочий стол/HSE/Курс3/UE4/Collapse/Saved/Config/Windows/Scalability.ini]
[2020.12.04-20.49.19:613][  0]LogConfig: Setting CVar [[r.TranslucencyLightingVolumeDim:64]]
[2020.12.04-20.49.19:613][  0]LogConfig: Setting CVar [[r.RefractionQuality:2]]
[2020.12.04-20.49.19:613][  0]LogConfig: Setting CVar [[r.SSR.Quality:3]]
[2020.12.04-20.49.19:613][  0]LogConfig: Setting CVar [[r.SSR.HalfResSceneColor:0]]
[2020.12.04-20.49.19:613][  0]LogConfig: Setting CVar [[r.SceneColorFormat:4]]
[2020.12.04-20.49.19:613][  0]LogConfig: Setting CVar [[r.DetailMode:2]]
[2020.12.04-20.49.19:613][  0]LogConfig: Setting CVar [[r.TranslucencyVolumeBlur:1]]
[2020.12.04-20.49.19:613][  0]LogConfig: Setting CVar [[r.MaterialQualityLevel:1 ; High quality]]
[2020.12.04-20.49.19:613][  0]LogConfig: Setting CVar [[r.SSS.Scale:1]]
[2020.12.04-20.49.19:613][  0]LogConfig: Setting CVar [[r.SSS.SampleSet:2]]
[2020.12.04-20.49.19:613][  0]LogConfig: Setting CVar [[r.SSS.Quality:1]]
[2020.12.04-20.49.19:613][  0]LogConfig: Setting CVar [[r.SSS.HalfRes:0]]
[2020.12.04-20.49.19:613][  0]LogConfig: Setting CVar [[r.SSGI.Quality:3]]
[2020.12.04-20.49.19:613][  0]LogConfig: Setting CVar [[r.EmitterSpawnRateScale:1.0]]
[2020.12.04-20.49.19:613][  0]LogConfig: Setting CVar [[r.ParticleLightQuality:2]]
[2020.12.04-20.49.19:613][  0]LogConfig: Setting CVar [[r.SkyAtmosphere.AerialPerspectiveLUT.FastApplyOnOpaque:1 ; Always have FastSkyLUT 1 in this case to avoid wrong sky]]
[2020.12.04-20.49.19:613][  0]LogConfig: Setting CVar [[r.SkyAtmosphere.AerialPerspectiveLUT.SampleCountPerSlice:1]]
[2020.12.04-20.49.19:613][  0]LogConfig: Setting CVar [[r.SkyAtmosphere.AerialPerspectiveLUT.DepthResolution:16.0]]
[2020.12.04-20.49.19:613][  0]LogConfig: Setting CVar [[r.SkyAtmosphere.FastSkyLUT:1]]
[2020.12.04-20.49.19:613][  0]LogConfig: Setting CVar [[r.SkyAtmosphere.FastSkyLUT.SampleCountMin:4.0]]
[2020.12.04-20.49.19:613][  0]LogConfig: Setting CVar [[r.SkyAtmosphere.FastSkyLUT.SampleCountMax:32.0]]
[2020.12.04-20.49.19:613][  0]LogConfig: Setting CVar [[r.SkyAtmosphere.SampleCountMin:4.0]]
[2020.12.04-20.49.19:613][  0]LogConfig: Setting CVar [[r.SkyAtmosphere.SampleCountMax:32.0]]
[2020.12.04-20.49.19:613][  0]LogConfig: Setting CVar [[r.SkyAtmosphere.TransmittanceLUT.UseSmallFormat:0]]
[2020.12.04-20.49.19:613][  0]LogConfig: Setting CVar [[r.SkyAtmosphere.TransmittanceLUT.SampleCount:10.0]]
[2020.12.04-20.49.19:613][  0]LogConfig: Setting CVar [[r.SkyAtmosphere.MultiScatteringLUT.SampleCount:15.0]]
[2020.12.04-20.49.19:613][  0]LogConfig: Applying CVar settings from Section [FoliageQuality@3] File [C:/Users/vadim/OneDrive/Рабочий стол/HSE/Курс3/UE4/Collapse/Saved/Config/Windows/Scalability.ini]
[2020.12.04-20.49.19:613][  0]LogConfig: Setting CVar [[foliage.DensityScale:1.0]]
[2020.12.04-20.49.19:613][  0]LogConfig: Setting CVar [[grass.DensityScale:1.0]]
[2020.12.04-20.49.19:613][  0]LogConfig: Applying CVar settings from Section [ShadingQuality@3] File [C:/Users/vadim/OneDrive/Рабочий стол/HSE/Курс3/UE4/Collapse/Saved/Config/Windows/Scalability.ini]
[2020.12.04-20.49.19:613][  0]LogConfig: Setting CVar [[r.HairStrands.SkyLighting.SampleCount:16]]
[2020.12.04-20.49.19:613][  0]LogConfig: Setting CVar [[r.HairStrands.SkyLighting.JitterIntegration:0]]
[2020.12.04-20.49.19:613][  0]LogConfig: Setting CVar [[r.HairStrands.SkyAO.SampleCount:16]]
[2020.12.04-20.49.19:613][  0]LogConfig: Setting CVar [[r.HairStrands.DeepShadow.SuperSampling:0]]
[2020.12.04-20.49.19:613][  0]LogConfig: Setting CVar [[r.HairStrands.VisibilityPPLL:0]]
[2020.12.04-20.49.19:613][  0]LogConfig: Setting CVar [[r.HairStrands.RasterizationScale:0.5]]
[2020.12.04-20.49.19:613][  0]LogConfig: Setting CVar [[r.HairStrands.VelocityRasterizationScale:1]]
[2020.12.04-20.49.19:613][  0]LogInit: Selected Device Profile: [Windows]
[2020.12.04-20.49.19:613][  0]LogInit: Applying CVar settings loaded from the selected device profile: [Windows]
[2020.12.04-20.49.19:613][  0]LogHAL: Display: Platform has ~ 8 GB [8476766208 / 8589934592 / 8], which maps to Default [LargestMinGB=32, LargerMinGB=12, DefaultMinGB=8, SmallerMinGB=6, SmallestMinGB=0)
[2020.12.04-20.49.19:613][  0]LogInit: Going up to parent DeviceProfile []
[2020.12.04-20.49.19:614][  0]LogConfig: Applying CVar settings from Section [ViewDistanceQuality@3] File [C:/Users/vadim/OneDrive/Рабочий стол/HSE/Курс3/UE4/Collapse/Saved/Config/Windows/Scalability.ini]
[2020.12.04-20.49.19:614][  0]LogConfig: Setting CVar [[r.SkeletalMeshLODBias:0]]
[2020.12.04-20.49.19:614][  0]LogConfig: Setting CVar [[r.ViewDistanceScale:1.0]]
[2020.12.04-20.49.19:614][  0]LogConfig: Applying CVar settings from Section [AntiAliasingQuality@3] File [C:/Users/vadim/OneDrive/Рабочий стол/HSE/Курс3/UE4/Collapse/Saved/Config/Windows/Scalability.ini]
[2020.12.04-20.49.19:614][  0]LogConfig: Setting CVar [[r.PostProcessAAQuality:4]]
[2020.12.04-20.49.19:614][  0]LogConfig: Applying CVar settings from Section [ShadowQuality@3] File [C:/Users/vadim/OneDrive/Рабочий стол/HSE/Курс3/UE4/Collapse/Saved/Config/Windows/Scalability.ini]
[2020.12.04-20.49.19:614][  0]LogConfig: Setting CVar [[r.LightFunctionQuality:1]]
[2020.12.04-20.49.19:614][  0]LogConfig: Setting CVar [[r.ShadowQuality:5]]
[2020.12.04-20.49.19:614][  0]LogConfig: Setting CVar [[r.Shadow.CSM.MaxCascades:10]]
[2020.12.04-20.49.19:614][  0]LogConfig: Setting CVar [[r.Shadow.MaxResolution:2048]]
[2020.12.04-20.49.19:614][  0]LogConfig: Setting CVar [[r.Shadow.MaxCSMResolution:2048]]
[2020.12.04-20.49.19:614][  0]LogConfig: Setting CVar [[r.Shadow.RadiusThreshold:0.01]]
[2020.12.04-20.49.19:614][  0]LogConfig: Setting CVar [[r.Shadow.DistanceScale:1.0]]
[2020.12.04-20.49.19:614][  0]LogConfig: Setting CVar [[r.Shadow.CSM.TransitionScale:1.0]]
[2020.12.04-20.49.19:614][  0]LogConfig: Setting CVar [[r.Shadow.PreShadowResolutionFactor:1.0]]
[2020.12.04-20.49.19:614][  0]LogConfig: Setting CVar [[r.DistanceFieldShadowing:1]]
[2020.12.04-20.49.19:614][  0]LogConfig: Setting CVar [[r.DistanceFieldAO:1]]
[2020.12.04-20.49.19:614][  0]LogConfig: Setting CVar [[r.AOQuality:2]]
[2020.12.04-20.49.19:614][  0]LogConfig: Setting CVar [[r.VolumetricFog:1]]
[2020.12.04-20.49.19:614][  0]LogConfig: Setting CVar [[r.VolumetricFog.GridPixelSize:8]]
[2020.12.04-20.49.19:614][  0]LogConfig: Setting CVar [[r.VolumetricFog.GridSizeZ:128]]
[2020.12.04-20.49.19:614][  0]LogConfig: Setting CVar [[r.VolumetricFog.HistoryMissSupersampleCount:4]]
[2020.12.04-20.49.19:614][  0]LogConfig: Setting CVar [[r.LightMaxDrawDistanceScale:1]]
[2020.12.04-20.49.19:614][  0]LogConfig: Setting CVar [[r.CapsuleShadows:1]]
[2020.12.04-20.49.19:614][  0]LogConfig: Applying CVar settings from Section [PostProcessQuality@3] File [C:/Users/vadim/OneDrive/Рабочий стол/HSE/Курс3/UE4/Collapse/Saved/Config/Windows/Scalability.ini]
[2020.12.04-20.49.19:614][  0]LogConfig: Setting CVar [[r.MotionBlurQuality:4]]
[2020.12.04-20.49.19:614][  0]LogConfig: Setting CVar [[r.AmbientOcclusionMipLevelFactor:0.4]]
[2020.12.04-20.49.19:614][  0]LogConfig: Setting CVar [[r.AmbientOcclusionMaxQuality:100]]
[2020.12.04-20.49.19:614][  0]LogConfig: Setting CVar [[r.AmbientOcclusionLevels:-1]]
[2020.12.04-20.49.19:614][  0]LogConfig: Setting CVar [[r.AmbientOcclusionRadiusScale:1.0]]
[2020.12.04-20.49.19:614][  0]LogConfig: Setting CVar [[r.DepthOfFieldQuality:2]]
[2020.12.04-20.49.19:614][  0]LogConfig: Setting CVar [[r.RenderTargetPoolMin:400]]
[2020.12.04-20.49.19:614][  0]LogConfig: Setting CVar [[r.LensFlareQuality:2]]
[2020.12.04-20.49.19:614][  0]LogConfig: Setting CVar [[r.SceneColorFringeQuality:1]]
[2020.12.04-20.49.19:614][  0]LogConfig: Setting CVar [[r.EyeAdaptationQuality:2]]
[2020.12.04-20.49.19:614][  0]LogConfig: Setting CVar [[r.BloomQuality:5]]
[2020.12.04-20.49.19:614][  0]LogConfig: Setting CVar [[r.FastBlurThreshold:100]]
[2020.12.04-20.49.19:614][  0]LogConfig: Setting CVar [[r.Upscale.Quality:3]]
[2020.12.04-20.49.19:614][  0]LogConfig: Setting CVar [[r.Tonemapper.GrainQuantization:1]]
[2020.12.04-20.49.19:614][  0]LogConfig: Setting CVar [[r.LightShaftQuality:1]]
[2020.12.04-20.49.19:614][  0]LogConfig: Setting CVar [[r.Filter.SizeScale:1]]
[2020.12.04-20.49.19:614][  0]LogConfig: Setting CVar [[r.Tonemapper.Quality:5]]
[2020.12.04-20.49.19:614][  0]LogConfig: Setting CVar [[r.DOF.Gather.AccumulatorQuality:1        ; higher gathering accumulator quality]]
[2020.12.04-20.49.19:614][  0]LogConfig: Setting CVar [[r.DOF.Gather.PostfilterMethod:1          ; Median3x3 postfilering method]]
[2020.12.04-20.49.19:614][  0]LogConfig: Setting CVar [[r.DOF.Gather.EnableBokehSettings:0       ; no bokeh simulation when gathering]]
[2020.12.04-20.49.19:614][  0]LogConfig: Setting CVar [[r.DOF.Gather.RingCount:4                 ; medium number of samples when gathering]]
[2020.12.04-20.49.19:614][  0]LogConfig: Setting CVar [[r.DOF.Scatter.ForegroundCompositing:1    ; additive foreground scattering]]
[2020.12.04-20.49.19:614][  0]LogConfig: Setting CVar [[r.DOF.Scatter.BackgroundCompositing:2    ; additive background scattering]]
[2020.12.04-20.49.19:614][  0]LogConfig: Setting CVar [[r.DOF.Scatter.EnableBokehSettings:1      ; bokeh simulation when scattering]]
[2020.12.04-20.49.19:614][  0]LogConfig: Setting CVar [[r.DOF.Scatter.MaxSpriteRatio:0.1         ; only a maximum of 10% of scattered bokeh]]
[2020.12.04-20.49.19:614][  0]LogConfig: Setting CVar [[r.DOF.Recombine.Quality:1                ; cheap slight out of focus]]
[2020.12.04-20.49.19:614][  0]LogConfig: Setting CVar [[r.DOF.Recombine.EnableBokehSettings:0    ; no bokeh simulation on slight out of focus]]
[2020.12.04-20.49.19:614][  0]LogConfig: Setting CVar [[r.DOF.TemporalAAQuality:1                ; more stable temporal accumulation]]
[2020.12.04-20.49.19:614][  0]LogConfig: Setting CVar [[r.DOF.Kernel.MaxForegroundRadius:0.025]]
[2020.12.04-20.49.19:615][  0]LogConfig: Setting CVar [[r.DOF.Kernel.MaxBackgroundRadius:0.025]]
[2020.12.04-20.49.19:615][  0]LogConfig: Applying CVar settings from Section [TextureQuality@3] File [C:/Users/vadim/OneDrive/Рабочий стол/HSE/Курс3/UE4/Collapse/Saved/Config/Windows/Scalability.ini]
[2020.12.04-20.49.19:615][  0]LogConfig: Setting CVar [[r.Streaming.MipBias:0]]
[2020.12.04-20.49.19:615][  0]LogConfig: Setting CVar [[r.Streaming.AmortizeCPUToGPUCopy:0]]
[2020.12.04-20.49.19:615][  0]LogConfig: Setting CVar [[r.Streaming.MaxNumTexturesToStreamPerFrame:0]]
[2020.12.04-20.49.19:615][  0]LogConfig: Setting CVar [[r.Streaming.Boost:1]]
[2020.12.04-20.49.19:615][  0]LogConfig: Setting CVar [[r.MaxAnisotropy:8]]
[2020.12.04-20.49.19:615][  0]LogConfig: Setting CVar [[r.VT.MaxAnisotropy:8]]
[2020.12.04-20.49.19:615][  0]LogConfig: Setting CVar [[r.Streaming.LimitPoolSizeToVRAM:0]]
[2020.12.04-20.49.19:615][  0]LogConfig: Setting CVar [[r.Streaming.PoolSize:1000]]
[2020.12.04-20.49.19:615][  0]LogConfig: Setting CVar [[r.Streaming.MaxEffectiveScreenSize:0]]
[2020.12.04-20.49.19:615][  0]LogConfig: Applying CVar settings from Section [EffectsQuality@3] File [C:/Users/vadim/OneDrive/Рабочий стол/HSE/Курс3/UE4/Collapse/Saved/Config/Windows/Scalability.ini]
[2020.12.04-20.49.19:615][  0]LogConfig: Setting CVar [[r.TranslucencyLightingVolumeDim:64]]
[2020.12.04-20.49.19:615][  0]LogConfig: Setting CVar [[r.RefractionQuality:2]]
[2020.12.04-20.49.19:615][  0]LogConfig: Setting CVar [[r.SSR.Quality:3]]
[2020.12.04-20.49.19:615][  0]LogConfig: Setting CVar [[r.SSR.HalfResSceneColor:0]]
[2020.12.04-20.49.19:615][  0]LogConfig: Setting CVar [[r.SceneColorFormat:4]]
[2020.12.04-20.49.19:615][  0]LogConfig: Setting CVar [[r.DetailMode:2]]
[2020.12.04-20.49.19:615][  0]LogConfig: Setting CVar [[r.TranslucencyVolumeBlur:1]]
[2020.12.04-20.49.19:615][  0]LogConfig: Setting CVar [[r.MaterialQualityLevel:1 ; High quality]]
[2020.12.04-20.49.19:615][  0]LogConfig: Setting CVar [[r.SSS.Scale:1]]
[2020.12.04-20.49.19:615][  0]LogConfig: Setting CVar [[r.SSS.SampleSet:2]]
[2020.12.04-20.49.19:615][  0]LogConfig: Setting CVar [[r.SSS.Quality:1]]
[2020.12.04-20.49.19:615][  0]LogConfig: Setting CVar [[r.SSS.HalfRes:0]]
[2020.12.04-20.49.19:615][  0]LogConfig: Setting CVar [[r.SSGI.Quality:3]]
[2020.12.04-20.49.19:615][  0]LogConfig: Setting CVar [[r.EmitterSpawnRateScale:1.0]]
[2020.12.04-20.49.19:615][  0]LogConfig: Setting CVar [[r.ParticleLightQuality:2]]
[2020.12.04-20.49.19:615][  0]LogConfig: Setting CVar [[r.SkyAtmosphere.AerialPerspectiveLUT.FastApplyOnOpaque:1 ; Always have FastSkyLUT 1 in this case to avoid wrong sky]]
[2020.12.04-20.49.19:615][  0]LogConfig: Setting CVar [[r.SkyAtmosphere.AerialPerspectiveLUT.SampleCountPerSlice:1]]
[2020.12.04-20.49.19:615][  0]LogConfig: Setting CVar [[r.SkyAtmosphere.AerialPerspectiveLUT.DepthResolution:16.0]]
[2020.12.04-20.49.19:615][  0]LogConfig: Setting CVar [[r.SkyAtmosphere.FastSkyLUT:1]]
[2020.12.04-20.49.19:615][  0]LogConfig: Setting CVar [[r.SkyAtmosphere.FastSkyLUT.SampleCountMin:4.0]]
[2020.12.04-20.49.19:615][  0]LogConfig: Setting CVar [[r.SkyAtmosphere.FastSkyLUT.SampleCountMax:32.0]]
[2020.12.04-20.49.19:615][  0]LogConfig: Setting CVar [[r.SkyAtmosphere.SampleCountMin:4.0]]
[2020.12.04-20.49.19:615][  0]LogConfig: Setting CVar [[r.SkyAtmosphere.SampleCountMax:32.0]]
[2020.12.04-20.49.19:615][  0]LogConfig: Setting CVar [[r.SkyAtmosphere.TransmittanceLUT.UseSmallFormat:0]]
[2020.12.04-20.49.19:615][  0]LogConfig: Setting CVar [[r.SkyAtmosphere.TransmittanceLUT.SampleCount:10.0]]
[2020.12.04-20.49.19:615][  0]LogConfig: Setting CVar [[r.SkyAtmosphere.MultiScatteringLUT.SampleCount:15.0]]
[2020.12.04-20.49.19:615][  0]LogConfig: Applying CVar settings from Section [FoliageQuality@3] File [C:/Users/vadim/OneDrive/Рабочий стол/HSE/Курс3/UE4/Collapse/Saved/Config/Windows/Scalability.ini]
[2020.12.04-20.49.19:615][  0]LogConfig: Setting CVar [[foliage.DensityScale:1.0]]
[2020.12.04-20.49.19:615][  0]LogConfig: Setting CVar [[grass.DensityScale:1.0]]
[2020.12.04-20.49.19:615][  0]LogConfig: Applying CVar settings from Section [ShadingQuality@3] File [C:/Users/vadim/OneDrive/Рабочий стол/HSE/Курс3/UE4/Collapse/Saved/Config/Windows/Scalability.ini]
[2020.12.04-20.49.19:615][  0]LogConfig: Setting CVar [[r.HairStrands.SkyLighting.SampleCount:16]]
[2020.12.04-20.49.19:615][  0]LogConfig: Setting CVar [[r.HairStrands.SkyLighting.JitterIntegration:0]]
[2020.12.04-20.49.19:615][  0]LogConfig: Setting CVar [[r.HairStrands.SkyAO.SampleCount:16]]
[2020.12.04-20.49.19:615][  0]LogConfig: Setting CVar [[r.HairStrands.DeepShadow.SuperSampling:0]]
[2020.12.04-20.49.19:615][  0]LogConfig: Setting CVar [[r.HairStrands.VisibilityPPLL:0]]
[2020.12.04-20.49.19:615][  0]LogConfig: Setting CVar [[r.HairStrands.RasterizationScale:0.5]]
[2020.12.04-20.49.19:615][  0]LogConfig: Setting CVar [[r.HairStrands.VelocityRasterizationScale:1]]
[2020.12.04-20.49.19:615][  0]LogConfig: Applying CVar settings from Section [Startup] File [../../../Engine/Config/ConsoleVariables.ini]
[2020.12.04-20.49.19:616][  0]LogConfig: Setting CVar [[net.UseAdaptiveNetUpdateFrequency:0]]
[2020.12.04-20.49.19:616][  0]LogConfig: Setting CVar [[p.chaos.AllowCreatePhysxBodies:1]]
[2020.12.04-20.49.19:616][  0]LogConfig: Setting CVar [[fx.SkipVectorVMBackendOptimizations:1]]
[2020.12.04-20.49.19:616][  0]LogConfig: Applying CVar settings from Section [ConsoleVariables] File [C:/Users/vadim/OneDrive/Рабочий стол/HSE/Курс3/UE4/Collapse/Saved/Config/Windows/Engine.ini]
[2020.12.04-20.49.19:616][  0]LogInit: Computer: PC
[2020.12.04-20.49.19:616][  0]LogInit: User: vadim
[2020.12.04-20.49.19:617][  0]LogInit: CPU Page size=4096, Cores=4
[2020.12.04-20.49.19:617][  0]LogInit: High frequency timer resolution =10.000000 MHz
[2020.12.04-20.49.19:617][  0]LogMemory: Memory total: Physical=7.9GB (8GB approx)
[2020.12.04-20.49.19:617][  0]LogMemory: Platform Memory Stats for Windows
[2020.12.04-20.49.19:617][  0]LogMemory: Process Physical Memory: 114.20 MB used, 114.20 MB peak
[2020.12.04-20.49.19:617][  0]LogMemory: Process Virtual Memory: 103.39 MB used, 103.39 MB peak
[2020.12.04-20.49.19:617][  0]LogMemory: Physical Memory: 4840.45 MB used,  3243.62 MB free, 8084.07 MB total
[2020.12.04-20.49.19:617][  0]LogMemory: Virtual Memory: 5135.03 MB used,  134212592.00 MB free, 134217728.00 MB total
[2020.12.04-20.49.19:628][  0]LogWindows: WindowsPlatformFeatures enabled
[2020.12.04-20.49.19:731][  0]LogInit: Physics initialised using underlying interface: PhysX
[2020.12.04-20.49.19:732][  0]LogInit: Using OS detected language (ru-RU).
[2020.12.04-20.49.19:732][  0]LogInit: Using OS detected locale (ru-RU).
[2020.12.04-20.49.19:736][  0]LogTextLocalizationManager: No specific localization for 'ru-RU' exists, so the 'ru' localization will be used.
[2020.12.04-20.49.19:736][  0]LogTextLocalizationResource: LocRes '../../../Engine/Content/Localization/Editor/ru/Editor.locres' could not be opened for reading!
[2020.12.04-20.49.19:736][  0]LogTextLocalizationResource: LocRes '../../../Engine/Content/Localization/EditorTutorials/ru/EditorTutorials.locres' could not be opened for reading!
[2020.12.04-20.49.19:736][  0]LogTextLocalizationResource: LocRes '../../../Engine/Content/Localization/Keywords/ru/Keywords.locres' could not be opened for reading!
[2020.12.04-20.49.19:736][  0]LogTextLocalizationResource: LocRes '../../../Engine/Content/Localization/Category/ru/Category.locres' could not be opened for reading!
[2020.12.04-20.49.19:736][  0]LogTextLocalizationResource: LocRes '../../../Engine/Content/Localization/ToolTips/ru/ToolTips.locres' could not be opened for reading!
[2020.12.04-20.49.19:737][  0]LogTextLocalizationResource: LocRes '../../../Engine/Content/Localization/PropertyNames/ru/PropertyNames.locres' could not be opened for reading!
[2020.12.04-20.49.19:737][  0]LogTextLocalizationResource: LocRes '../../../Engine/Content/Localization/Engine/ru/Engine.locres' could not be opened for reading!
[2020.12.04-20.49.19:738][  0]LogInit: Setting process to per monitor DPI aware
[2020.12.04-20.49.19:795][  0]LogSlate: New Slate User Created.  User Index 0, Is Virtual User: 0
[2020.12.04-20.49.19:795][  0]LogSlate: Slate User Registered.  User Index 0, Is Virtual User: 0
[2020.12.04-20.49.20:093][  0]LogHMD: Failed to initialize OpenVR with code 110
[2020.12.04-20.49.20:093][  0]LogD3D11RHI: D3D11 min allowed feature level: 11_0
[2020.12.04-20.49.20:093][  0]LogD3D11RHI: D3D11 max allowed feature level: 11_0
[2020.12.04-20.49.20:093][  0]LogD3D11RHI: D3D11 adapters:
[2020.12.04-20.49.20:194][  0]LogD3D11RHI:    0. 'NVIDIA GeForce GTX 1050' (Feature Level 11_0)
[2020.12.04-20.49.20:194][  0]LogD3D11RHI:       1979/0/4042 MB DedicatedVideo/DedicatedSystem/SharedSystem, Outputs:1, VendorId:0x10de
[2020.12.04-20.49.20:217][  0]LogD3D11RHI:    1. 'Intel(R) HD Graphics 630' (Feature Level 11_0)
[2020.12.04-20.49.20:217][  0]LogD3D11RHI:       128/0/4042 MB DedicatedVideo/DedicatedSystem/SharedSystem, Outputs:0, VendorId:0x8086
[2020.12.04-20.49.20:221][  0]LogD3D11RHI:    2. 'Microsoft Basic Render Driver' (Feature Level 11_0)
[2020.12.04-20.49.20:221][  0]LogD3D11RHI:       0/0/4042 MB DedicatedVideo/DedicatedSystem/SharedSystem, Outputs:0, VendorId:0x1414
[2020.12.04-20.49.20:221][  0]LogD3D11RHI: Chosen D3D11 Adapter: 0
[2020.12.04-20.49.20:228][  0]LogD3D11RHI: Creating new Direct3DDevice
[2020.12.04-20.49.20:228][  0]LogD3D11RHI:     GPU DeviceId: 0x1c8d (for the marketing name, search the web for "GPU Device Id")
[2020.12.04-20.49.20:228][  0]LogWindows: EnumDisplayDevices:
[2020.12.04-20.49.20:228][  0]LogWindows:    0. 'Intel(R) HD Graphics 630' (P:1 D:1)
[2020.12.04-20.49.20:228][  0]LogWindows:    1. 'Intel(R) HD Graphics 630' (P:0 D:0)
[2020.12.04-20.49.20:229][  0]LogWindows:    2. 'Intel(R) HD Graphics 630' (P:0 D:0)
[2020.12.04-20.49.20:229][  0]LogWindows: DebugString: PrimaryIsNotTheChoosenAdapter PrimaryIsNotTheChoosenAdapter PrimaryIsNotTheChoosenAdapter FoundDriverCount:0 
[2020.12.04-20.49.20:229][  0]LogD3D11RHI:     Adapter Name: NVIDIA GeForce GTX 1050
[2020.12.04-20.49.20:229][  0]LogD3D11RHI:   Driver Version: Unknown (internal:Unknown, unified:Unknown)
[2020.12.04-20.49.20:229][  0]LogD3D11RHI:      Driver Date: Unknown
[2020.12.04-20.49.20:229][  0]LogRHI: Texture pool is 1385 MB (70% of 1979 MB)
[2020.12.04-20.49.20:307][  0]LogD3D11RHI: RHI has support for 64 bit atomics
[2020.12.04-20.49.20:309][  0]LogD3D11RHI: [Aftermath] Enabled and primed
[2020.12.04-20.49.20:309][  0]LogD3D11RHI: Async texture creation enabled
[2020.12.04-20.49.20:309][  0]LogD3D11RHI: Array index from any shader is supported
[2020.12.04-20.49.20:346][  0]LogD3D11RHI: GPU Timing Frequency: 1000.000000 (Debug: 2 1)
[2020.12.04-20.49.21:165][  0]LogTargetPlatformManager: Display: Loaded TargetPlatform 'AllDesktop'
[2020.12.04-20.49.21:201][  0]LogTargetPlatformManager: Display: Loaded TargetPlatform 'Android'
[2020.12.04-20.49.21:201][  0]LogTargetPlatformManager: Display: Loaded TargetPlatform 'Android_ASTC'
[2020.12.04-20.49.21:201][  0]LogTargetPlatformManager: Display: Loaded TargetPlatform 'Android_DXT'
[2020.12.04-20.49.21:201][  0]LogTargetPlatformManager: Display: Loaded TargetPlatform 'Android_ETC2'
[2020.12.04-20.49.21:201][  0]LogTargetPlatformManager: Display: Loaded TargetPlatform 'AndroidClient'
[2020.12.04-20.49.21:201][  0]LogTargetPlatformManager: Display: Loaded TargetPlatform 'Android_ASTCClient'
[2020.12.04-20.49.21:201][  0]LogTargetPlatformManager: Display: Loaded TargetPlatform 'Android_DXTClient'
[2020.12.04-20.49.21:201][  0]LogTargetPlatformManager: Display: Loaded TargetPlatform 'Android_ETC2Client'
[2020.12.04-20.49.21:201][  0]LogTargetPlatformManager: Display: Loaded TargetPlatform 'Android_Multi'
[2020.12.04-20.49.21:201][  0]LogTargetPlatformManager: Display: Loaded TargetPlatform 'Android_MultiClient'
[2020.12.04-20.49.21:234][  0]LogTargetPlatformManager: Display: Loaded TargetPlatform 'IOSClient'
[2020.12.04-20.49.21:234][  0]LogTargetPlatformManager: Display: Loaded TargetPlatform 'IOS'
[2020.12.04-20.49.21:252][  0]LogTargetPlatformManager: Display: Loaded TargetPlatform 'Linux'
[2020.12.04-20.49.21:266][  0]LogTargetPlatformManager: Display: Loaded TargetPlatform 'LinuxNoEditor'
[2020.12.04-20.49.21:278][  0]LogTargetPlatformManager: Display: Loaded TargetPlatform 'LinuxClient'
[2020.12.04-20.49.21:295][  0]LogTargetPlatformManager: Display: Loaded TargetPlatform 'LinuxServer'
[2020.12.04-20.49.21:308][  0]LogTargetPlatformManager: Display: Loaded TargetPlatform 'LinuxAArch64NoEditor'
[2020.12.04-20.49.21:325][  0]LogTargetPlatformManager: Display: Loaded TargetPlatform 'LinuxAArch64Client'
[2020.12.04-20.49.21:337][  0]LogTargetPlatformManager: Display: Loaded TargetPlatform 'LinuxAArch64Server'
[2020.12.04-20.49.21:377][  0]LogTargetPlatformManager: Display: Loaded TargetPlatform 'Lumin'
[2020.12.04-20.49.21:377][  0]LogTargetPlatformManager: Display: Loaded TargetPlatform 'LuminClient'
[2020.12.04-20.49.21:401][  0]LogTargetPlatformManager: Display: Loaded TargetPlatform 'TVOSClient'
[2020.12.04-20.49.21:401][  0]LogTargetPlatformManager: Display: Loaded TargetPlatform 'TVOS'
[2020.12.04-20.49.21:412][  0]LogTargetPlatformManager: Display: Loaded TargetPlatform 'WindowsNoEditor'
[2020.12.04-20.49.21:428][  0]LogTargetPlatformManager: Display: Loaded TargetPlatform 'Windows'
[2020.12.04-20.49.21:439][  0]LogTargetPlatformManager: Display: Loaded TargetPlatform 'WindowsClient'
[2020.12.04-20.49.21:453][  0]LogTargetPlatformManager: Display: Loaded TargetPlatform 'WindowsServer'
[2020.12.04-20.49.21:453][  0]LogTargetPlatformManager: Display: Building Assets For Windows
[2020.12.04-20.49.21:463][  0]LogAudioDebug: Display: Lib vorbis DLL was dynamically loaded.
[2020.12.04-20.49.21:561][  0]LogShaderCompilers: Guid format shader working directory is -29 characters bigger than the processId version (../../../../../../Users/vadim/OneDrive/Рабочий стол/HSE/Курс3/UE4/Collapse/Intermediate/Shaders/WorkingDirectory/14276/).
[2020.12.04-20.49.21:561][  0]LogShaderCompilers: Cleaned the shader compiler working directory 'C:/Users/vadim/AppData/Local/Temp/UnrealShaderWorkingDir/721F890B483FDCE555706AA736A0774C/'.
[2020.12.04-20.49.21:562][  0]LogXGEController: Cannot use XGE Controller as Incredibuild is not installed on this machine.
[2020.12.04-20.49.21:562][  0]LogShaderCompilers: Cannot use XGE Shader Compiler as Incredibuild is not installed on this machine.
[2020.12.04-20.49.21:562][  0]LogShaderCompilers: Display: Using Local Shader Compiler.
[2020.12.04-20.49.22:633][  0]LogDerivedDataCache: Display: Max Cache Size: 512 MB
[2020.12.04-20.49.22:791][  0]LogDerivedDataCache: Loaded boot cache 0.16s 75MB C:/Users/vadim/AppData/Local/UnrealEngine/4.25/DerivedDataCache/Boot.ddc.
[2020.12.04-20.49.22:792][  0]LogDerivedDataCache: Display: Loaded Boot cache: C:/Users/vadim/AppData/Local/UnrealEngine/4.25/DerivedDataCache/Boot.ddc
[2020.12.04-20.49.22:792][  0]LogDerivedDataCache: FDerivedDataBackendGraph:  Pak pak cache file ../../../../../../Users/vadim/OneDrive/Рабочий стол/HSE/Курс3/UE4/Collapse/DerivedDataCache/DDC.ddp not found, will not use a pak cache.
[2020.12.04-20.49.22:792][  0]LogDerivedDataCache: Unable to find inner node Pak for hierarchical cache Hierarchy.
[2020.12.04-20.49.22:792][  0]LogDerivedDataCache: FDerivedDataBackendGraph:  CompressedPak pak cache file ../../../../../../Users/vadim/OneDrive/Рабочий стол/HSE/Курс3/UE4/Collapse/DerivedDataCache/Compressed.ddp not found, will not use a pak cache.
[2020.12.04-20.49.22:792][  0]LogDerivedDataCache: Unable to find inner node CompressedPak for hierarchical cache Hierarchy.
[2020.12.04-20.49.22:814][  0]LogDerivedDataCache: Display: Pak cache opened for reading ../../../Engine/DerivedDataCache/Compressed.ddp.
[2020.12.04-20.49.22:814][  0]LogDerivedDataCache: FDerivedDataBackendGraph:  EnterprisePak pak cache file ../../../Enterprise/DerivedDataCache/Compressed.ddp not found, will not use a pak cache.
[2020.12.04-20.49.22:814][  0]LogDerivedDataCache: Unable to find inner node EnterprisePak for hierarchical cache Hierarchy.
[2020.12.04-20.49.22:816][  0]LogDerivedDataCache: Using Local data cache path C:/Users/vadim/AppData/Local/UnrealEngine/Common/DerivedDataCache: Writable
[2020.12.04-20.49.22:816][  0]LogDerivedDataCache: Shared data cache path not found in *engine.ini, will not use an Shared cache.
[2020.12.04-20.49.22:816][  0]LogDerivedDataCache: Unable to find inner node Shared for hierarchical cache Hierarchy.
[2020.12.04-20.49.22:903][  0]LogSlate: Using FreeType 2.10.0
[2020.12.04-20.49.22:904][  0]LogSlate: SlateFontServices - WITH_FREETYPE: 1, WITH_HARFBUZZ: 1
[2020.12.04-20.49.22:946][  0]LogAssetRegistry: FAssetRegistry took 0.0039 seconds to start up
[2020.12.04-20.49.23:295][  0]LogInit: Selected Device Profile: [Windows]
[2020.12.04-20.49.23:462][  0]LogMeshReduction: Using QuadricMeshReduction for automatic static mesh reduction
[2020.12.04-20.49.23:462][  0]LogMeshReduction: Using SimplygonMeshReduction for automatic skeletal mesh reduction
[2020.12.04-20.49.23:462][  0]LogMeshReduction: Using ProxyLODMeshReduction for automatic mesh merging
[2020.12.04-20.49.23:462][  0]LogMeshReduction: No distributed automatic mesh merging module available
[2020.12.04-20.49.23:462][  0]LogMeshMerging: No distributed automatic mesh merging module available
[2020.12.04-20.49.23:487][  0]LogNetVersion: AIShooter 1.0.0, NetCL: 13144385, EngineNetVer: 14, GameNetVer: 0 (Checksum: 2332029690)
[2020.12.04-20.49.24:233][  0]LogAISub: UAISubsystem::UAISubsystem AISubsystem (0000016B79125980), frame # 0
[2020.12.04-20.49.24:233][  0]LogAISub: UAISubsystem::UAISubsystem AIPerceptionSystem (0000016B79076AC0), frame # 0
[2020.12.04-20.49.24:235][  0]LogAISub: UAISubsystem::UAISubsystem EnvQueryManager (0000016B7907F200), frame # 0
[2020.12.04-20.49.24:380][  0]LogPackageLocalizationCache: Processed 19 localized package path(s) for 1 prioritized culture(s) in 0.135041 seconds
[2020.12.04-20.49.24:386][  0]LogUObjectArray: 15917 objects as part of root set at end of initial load.
[2020.12.04-20.49.24:386][  0]LogUObjectAllocator: 3965568 out of 0 bytes used by permanent object pool.
[2020.12.04-20.49.24:386][  0]LogUObjectArray: CloseDisregardForGC: 0/0 objects in disregard for GC pool
[2020.12.04-20.49.24:868][  0]LogTcpMessaging: Initializing TcpMessaging bridge
[2020.12.04-20.49.24:877][  0]LogUdpMessaging: Initializing bridge on interface 0.0.0.0:0 to multicast group 230.0.0.1:6666.
[2020.12.04-20.49.24:944][  0]LogLinker: Warning: Failed to load '/Game/SideScrollerBP/SideScrollerOverview': Can't find file.
[2020.12.04-20.49.24:944][  0]LogLinker: Warning: Failed to load '/Game/SideScrollerBP/SideScrollerOverview': Can't find file.
[2020.12.04-20.49.24:945][  0]LogUObjectGlobals: Warning: Failed to find object 'Class /Game/SideScrollerBP/SideScrollerOverview.SideScrollerOverview_C'
[2020.12.04-20.49.24:992][  0]SourceControl: Source control is disabled
[2020.12.04-20.49.24:993][  0]SourceControl: Source control is disabled
[2020.12.04-20.49.24:998][  0]SourceControl: Source control is disabled
[2020.12.04-20.49.25:001][  0]SourceControl: Source control is disabled
[2020.12.04-20.49.25:013][  0]SourceControl: Source control is disabled
[2020.12.04-20.49.25:374][  0]LogAndroidPermission: UAndroidPermissionCallbackProxy::GetInstance
[2020.12.04-20.49.25:404][  0]LogAudioCaptureCore: Display: No Audio Capture implementations found. Audio input will be silent.
[2020.12.04-20.49.25:404][  0]LogAudioCaptureCore: Display: No Audio Capture implementations found. Audio input will be silent.
[2020.12.04-20.49.25:479][  0]LogOcInput: OculusInput pre-init called
[2020.12.04-20.49.25:495][  0]LogWindows: Failed to load 'OVRPlugin.dll' (GetLastError=126)
[2020.12.04-20.49.25:495][  0]LogWindows: File 'OVRPlugin.dll' does not exist
[2020.12.04-20.49.25:580][  0]LogEngine: Initializing Engine...
[2020.12.04-20.49.25:581][  0]LogHMD: Failed to initialize OpenVR with code 110
[2020.12.04-20.49.25:581][  0]LogMagicLeap: Warning: VR disabled because ZI is not enabled.  To enable, in the editor, Edit -> Project Settings -> Plugins -> Magic Leap Plugin -> Enable Zero Iteration
[2020.12.04-20.49.25:582][  0]LogStats: UGameplayTagsManager::InitializeManager -  0.000 s
[2020.12.04-20.49.25:784][  0]LogInit: Initializing FReadOnlyCVARCache
[2020.12.04-20.49.25:796][  0]LogAIModule: Creating AISystem for world Untitled
[2020.12.04-20.49.25:796][  0]LogAISub: UAISubsystem::UAISubsystem EnvQueryManager (0000016B7C7A5600), frame # 0
[2020.12.04-20.49.25:796][  0]LogAISub: UAISubsystem::UAISubsystem AIPerceptionSystem (0000016B7C7BE5C0), frame # 0
[2020.12.04-20.49.25:839][  0]LogAudioMixer: Display: Audio Mixer Platform Settings:
[2020.12.04-20.49.25:839][  0]LogAudioMixer: Display: 	Sample Rate:						  48000
[2020.12.04-20.49.25:839][  0]LogAudioMixer: Display: 	Callback Buffer Frame Size Requested: 1024
[2020.12.04-20.49.25:839][  0]LogAudioMixer: Display: 	Callback Buffer Frame Size To Use:	  1024
[2020.12.04-20.49.25:839][  0]LogAudioMixer: Display: 	Number of buffers to queue:			  2
[2020.12.04-20.49.25:839][  0]LogAudioMixer: Display: 	Max Channels (voices):				  32
[2020.12.04-20.49.25:839][  0]LogAudioMixer: Display: 	Number of Async Source Workers:		  0
[2020.12.04-20.49.25:839][  0]LogAudio: Display: AudioDevice MaxSources: 32
[2020.12.04-20.49.25:840][  0]LogAudio: Display: Using built-in audio occlusion.
[2020.12.04-20.49.25:840][  0]LogAudioMixer: Display: Initializing audio mixer.
[2020.12.04-20.49.25:869][  0]LogAudioMixer: Display: 0: FrontLeft
[2020.12.04-20.49.25:869][  0]LogAudioMixer: Display: 1: FrontRight
[2020.12.04-20.49.25:944][  0]LogAudioMixer: Display: Using Audio Device Headphones (BT-02 Stereo)
[2020.12.04-20.49.25:954][  0]LogAudioMixer: Display: Initializing Sound Submixes...
[2020.12.04-20.49.25:957][  0]LogAudioMixer: Display: Creating Master Submix 'MasterSubmixDefault'
[2020.12.04-20.49.25:957][  0]LogAudioMixer: Display: Creating Master Submix 'MasterReverbSubmixDefault'
[2020.12.04-20.49.25:958][  0]LogAudioMixer: Display: Creating Master Submix 'MasterEQSubmixDefault'
[2020.12.04-20.49.25:960][  0]LogInit: FAudioDevice initialized.
[2020.12.04-20.49.25:961][  0]LogNetVersion: Set ProjectVersion to 1.0.0.0. Version Checksum will be recalculated on next use.
[2020.12.04-20.49.26:191][  0]LogDerivedDataCache: Saved boot cache 0.23s 75MB C:/Users/vadim/AppData/Local/UnrealEngine/4.25/DerivedDataCache/Boot.ddc.
[2020.12.04-20.49.26:203][  0]LogInit: Texture streaming: Enabled
[2020.12.04-20.49.26:230][  0]LogEngineSessionManager: EngineSessionManager initialized
[2020.12.04-20.49.26:230][  0]LogEditorSessionSummary: Verbose: Initializing EditorSessionSummaryWriter for editor session tracking
[2020.12.04-20.49.26:232][  0]LogEditorSessionSummary: EditorSessionSummaryWriter initialized
[2020.12.04-20.49.26:347][  0]LogInit: Transaction tracking system initialized
[2020.12.04-20.49.26:379][  0]BlueprintLog: New page: Editor Load
[2020.12.04-20.49.26:478][  0]LocalizationService: Localization service is disabled
[2020.12.04-20.49.26:698][  0]LogCook: Display: Max memory allowance for cook 16384mb min free memory 0mb
[2020.12.04-20.49.26:698][  0]LogCook: Display: Mobile HDR setting 1
[2020.12.04-20.49.26:869][  0]LogFileCache: Scanning file cache for directory 'C:/Users/vadim/OneDrive/Рабочий стол/HSE/Курс3/UE4/Collapse/Content/' took 0.01s
[2020.12.04-20.49.27:207][  0]SourceControl: Source control is disabled
[2020.12.04-20.49.27:404][  0]LogSlate: Took 0.000185 seconds to synchronously load lazily loaded font '../../../Engine/Content/Slate/Fonts/Roboto-Regular.ttf' (155K)
[2020.12.04-20.49.36:114][  0]LogSlate: Window 'Restore Packages' being destroyed
[2020.12.04-20.49.36:115][  0]LogWindowsTextInputMethodSystem: Display: IME system now deactivated.
[2020.12.04-20.49.36:159][  0]LogWindowsTextInputMethodSystem: Display: IME system now deactivated.
[2020.12.04-20.49.38:423][  0]LogSlate: Window 'Unable to Check Out From Source Control!' being destroyed
[2020.12.04-20.49.38:426][  0]LogWindowsTextInputMethodSystem: Display: IME system now deactivated.
[2020.12.04-20.49.38:432][  0]Message dialog closed, result: Ok, title: Unable to Check Out From Source Control!, text: The following assets could not be successfully checked out from source control:
/Game/AI/AIC_Npc
/Game/AI/BTT_Focus
/Game/Characters/Npc/CH_Npc
/Game/AI/BTT_FindRandomWay
/Game/Characters/FirstPerson/Blueprints/FirstPersonCharacter
/Game/Core/Characters/CH_Base
/Game/AI/BT_Npc
/Game/Characters/Npc/SORTIT/ArcherPlayer
[2020.12.04-20.49.38:656][  0]LogWindowsTextInputMethodSystem: Display: IME system now deactivated.
[2020.12.04-20.49.38:657][  0]LogUnrealEdMisc: Loading editor; pre map load, took 21.098
[2020.12.04-20.49.38:657][  0]Cmd: MAP LOAD FILE="../../../../../../Users/vadim/OneDrive/Рабочий стол/HSE/Курс3/UE4/Collapse/Content/Maps/FirstPersonExampleMap.umap" TEMPLATE=0 SHOWPROGRESS=1 FEATURELEVEL=3
[2020.12.04-20.49.38:658][  0]LogEditorServer: Warning: Can't find file '../../../../../../Users/vadim/OneDrive/Рабочий стол/HSE/Курс3/UE4/Collapse/Content/Maps/FirstPersonExampleMap.umap'
[2020.12.04-20.49.38:658][  0]Cmd: MAP CHECKDEP NOCLEARLOG
[2020.12.04-20.49.38:659][  0]MapCheck: Map check complete: 0 Error(s), 0 Warning(s), took 0,831ms to complete.
[2020.12.04-20.49.38:660][  0]LogFileHelpers: Loading map 'FirstPersonExampleMap' took 0.003
[2020.12.04-20.49.38:665][  0]LogUnrealEdMisc: Total Editor Startup Time, took 21.106
[2020.12.04-20.49.38:872][  0]LogSlate: Updating window title bar state: overlay mode, drag disabled, window buttons hidden, title bar hidden
[2020.12.04-20.49.38:886][  0]LogSlate: Updating window title bar state: overlay mode, drag disabled, window buttons hidden, title bar hidden
[2020.12.04-20.49.38:898][  0]LogSlate: Updating window title bar state: overlay mode, drag disabled, window buttons hidden, title bar hidden
[2020.12.04-20.49.38:906][  0]LogSlate: Updating window title bar state: overlay mode, drag disabled, window buttons hidden, title bar hidden
[2020.12.04-20.49.38:928][  0]LogCollectionManager: Loaded 0 collections in 0.002128 seconds
[2020.12.04-20.49.38:955][  0]LogFileCache: Scanning file cache for directory 'C:/Users/vadim/OneDrive/Рабочий стол/HSE/Курс3/UE4/Collapse/Saved/Collections/' took 0.00s
[2020.12.04-20.49.38:955][  0]LogFileCache: Scanning file cache for directory 'C:/Users/vadim/OneDrive/Рабочий стол/HSE/Курс3/UE4/Collapse/Content/Developers/vadim/Collections/' took 0.00s
[2020.12.04-20.49.38:955][  0]LogFileCache: Scanning file cache for directory 'C:/Users/vadim/OneDrive/Рабочий стол/HSE/Курс3/UE4/Collapse/Content/Collections/' took 0.00s
[2020.12.04-20.49.38:955][  0]LogContentBrowser: Native class hierarchy populated in 0.0153 seconds. Added 3427 classes and 821 folders.
[2020.12.04-20.49.38:962][  0]LogContentBrowser: Native class hierarchy updated for 'WidgetCarousel' in 0.0004 seconds. Added 0 classes and 0 folders.
[2020.12.04-20.49.39:156][  0]LogContentBrowser: Native class hierarchy updated for 'AddContentDialog' in 0.0009 seconds. Added 0 classes and 0 folders.
[2020.12.04-20.49.39:159][  0]LogContentBrowser: Native class hierarchy updated for 'SceneOutliner' in 0.0003 seconds. Added 2 classes and 0 folders.
[2020.12.04-20.49.39:295][  0]LogContentBrowser: Native class hierarchy updated for 'HierarchicalLODOutliner' in 0.0004 seconds. Added 0 classes and 0 folders.
[2020.12.04-20.49.39:295][  0]LogLoad: (Engine Initialization) Total time: 21.74 seconds
[2020.12.04-20.49.39:295][  0]LogLoad: (Engine Initialization) Total Blueprint compile time: 0.00 seconds
[2020.12.04-20.49.39:376][  0]LogContentStreaming: Texture pool size now 1000 MB
[2020.12.04-20.49.39:382][  0]LogSlate: Took 0.000243 seconds to synchronously load lazily loaded font '../../../Engine/Content/Slate/Fonts/Roboto-Bold.ttf' (160K)
[2020.12.04-20.49.39:420][  0]LogSlate: Took 0.025540 seconds to synchronously load lazily loaded font '../../../Engine/Content/Editor/Slate/Fonts/FontAwesome.ttf' (139K)
[2020.12.04-20.49.39:593][  0]LogRenderer: Reallocating scene render targets to support 760x364 Format 10 NumSamples 1 (Frame:1).
[2020.12.04-20.49.39:593][  0]LogSlate: Took 0.004177 seconds to synchronously load lazily loaded font '../../../Engine/Content/Slate/Fonts/Roboto-Light.ttf' (167K)
[2020.12.04-20.49.39:638][  1]LogAssetRegistry: Asset discovery search completed in 16.6947 seconds
[2020.12.04-20.49.39:649][  1]LogCollectionManager: Fixed up redirectors for 0 collections in 0.000010 seconds (updated 0 objects)
[2020.12.04-20.50.32:700][ 78]LogRenderer: Reallocating scene render targets to support 916x448 Format 10 NumSamples 1 (Frame:303).
[2020.12.04-20.50.39:442][489]LogSlate: Took 0.000168 seconds to synchronously load lazily loaded font '../../../Engine/Content/Slate/Fonts/Roboto-Light.ttf' (167K)
[2020.12.04-20.50.40:077][489]LogAssetEditorSubsystem: Opening Asset editor for World /Game/Maps/NewMap.NewMap
[2020.12.04-20.50.40:122][489]LogUObjectHash: Compacting FUObjectHashTables data took   1.23ms
[2020.12.04-20.50.40:126][489]Cmd: MAP LOAD FILE="../../../../../../Users/vadim/OneDrive/Рабочий стол/HSE/Курс3/UE4/Collapse/Content/Maps/NewMap.umap" TEMPLATE=0 SHOWPROGRESS=1 FEATURELEVEL=3
[2020.12.04-20.50.40:126][489]LightingResults: New page: Lighting Build
[2020.12.04-20.50.40:127][489]LogContentBrowser: Native class hierarchy updated for 'StatsViewer' in 0.0004 seconds. Added 6 classes and 0 folders.
[2020.12.04-20.50.40:127][489]LoadErrors: New page: Loading map: NewMap.umap
[2020.12.04-20.50.40:155][489]LogWorld: UWorld::CleanupWorld for Untitled, bSessionEnded=true, bCleanupResources=true
[2020.12.04-20.50.40:155][489]LogSlate: InvalidateAllWidgets triggered.  All widgets were invalidated
[2020.12.04-20.50.40:155][489]MapCheck: New page: Map Check
[2020.12.04-20.50.40:155][489]LightingResults: New page: Lighting Build
[2020.12.04-20.50.40:166][489]LogAISub: UAISubsystem::~UAISubsystem EnvQueryManager (0000016B7C7A5600), frame # 6489
[2020.12.04-20.50.40:166][489]LogAISub: UAISubsystem::~UAISubsystem AIPerceptionSystem (0000016B7C7BE5C0), frame # 6489
[2020.12.04-20.50.40:166][489]LogUObjectHash: Compacting FUObjectHashTables data took   0.73ms
[2020.12.04-20.50.40:317][489]LogEditorServer: Finished looking for orphan Actors (0.000 secs)
[2020.12.04-20.50.40:317][489]LogAIModule: Creating AISystem for world NewMap
[2020.12.04-20.50.40:317][489]LogAISub: UAISubsystem::UAISubsystem EnvQueryManager (0000016B18D76000), frame # 6489
[2020.12.04-20.50.40:317][489]LogAISub: UAISubsystem::UAISubsystem AIPerceptionSystem (0000016B0C477600), frame # 6489
[2020.12.04-20.50.40:334][489]LogUObjectHash: Compacting FUObjectHashTables data took   1.02ms
[2020.12.04-20.50.40:399][489]Cmd: MAP CHECKDEP NOCLEARLOG
[2020.12.04-20.50.40:400][489]MapCheck: Map check complete: 0 Error(s), 0 Warning(s), took 0,32ms to complete.
[2020.12.04-20.50.40:400][489]LogFileHelpers: Loading map 'NewMap' took 0.275
[2020.12.04-20.51.05:662][626]LogSlate: Window 'Project Settings' being destroyed
[2020.12.04-20.51.05:674][626]LogSlate: Window 'Project Settings' being destroyed
[2020.12.04-20.51.07:863][745]Cmd: OBJ SAVEPACKAGE PACKAGE="/Game/Maps/NewMap" FILE="../../../../../../Users/vadim/OneDrive/Рабочий стол/HSE/Курс3/UE4/Collapse/Content/Maps/NewMap.umap" SILENT=true AUTOSAVING=false KEEPDIRTY=false
[2020.12.04-20.51.07:877][745]LogUObjectHash: Compacting FUObjectHashTables data took   0.91ms
[2020.12.04-20.51.07:949][745]LogSavePackage: Moving '../../../../../../Users/vadim/OneDrive/Рабочий стол/HSE/Курс3/UE4/Collapse/Saved/NewMap260DF4824546A9F87C19A489DCE2C2F1.tmp' to '../../../../../../Users/vadim/OneDrive/Рабочий стол/HSE/Курс3/UE4/Collapse/Content/Maps/NewMap.umap'
[2020.12.04-20.51.08:011][745]Cmd: OBJ SAVEPACKAGE PACKAGE="/Game/Maps/NewMap_BuiltData" FILE="../../../../../../Users/vadim/OneDrive/Рабочий стол/HSE/Курс3/UE4/Collapse/Content/Maps/NewMap_BuiltData.uasset" SILENT=true
[2020.12.04-20.51.08:056][745]LogSavePackage: Moving '../../../../../../Users/vadim/OneDrive/Рабочий стол/HSE/Курс3/UE4/Collapse/Saved/NewMap_BuiltDataAD63F74044FCBA4B0ACAA28126A7AA9E.tmp' to '../../../../../../Users/vadim/OneDrive/Рабочий стол/HSE/Курс3/UE4/Collapse/Content/Maps/NewMap_BuiltData.uasset'
[2020.12.04-20.51.08:072][745]AssetCheck: New page: Asset Save: multiple assets
[2020.12.04-20.51.08:072][745]LogContentValidation: Display: Validating World /Game/Maps/NewMap.NewMap
[2020.12.04-20.51.08:072][745]LogContentValidation: Display: Validating MapBuildDataRegistry /Game/Maps/NewMap_BuiltData.NewMap_BuiltData
[2020.12.04-20.53.27:058][443]LogAssetEditorSubsystem: Opening Asset editor for Blueprint /Game/Characters/Npc/CH_Npc.CH_Npc
[2020.12.04-20.53.27:355][443]LogContentBrowser: Native class hierarchy updated for 'BlueprintGraph' in 0.0009 seconds. Added 125 classes and 0 folders.
[2020.12.04-20.53.28:471][443]LogSlate: Took 0.000253 seconds to synchronously load lazily loaded font '../../../Engine/Content/Slate/Fonts/Roboto-BoldCondensed.ttf' (158K)
[2020.12.04-20.53.28:880][444]LogSlate: Took 0.000238 seconds to synchronously load lazily loaded font '../../../Engine/Content/Slate/Fonts/Roboto-Italic.ttf' (157K)
[2020.12.04-20.53.32:476][638]LogSlate: Window 'CH_Npc' being destroyed
[2020.12.04-20.53.32:482][638]LogSlate: Window 'CH_Npc' being destroyed
[2020.12.04-20.53.32:518][638]LogWorld: UWorld::CleanupWorld for World_2, bSessionEnded=true, bCleanupResources=true
[2020.12.04-20.53.32:518][638]LogSlate: InvalidateAllWidgets triggered.  All widgets were invalidated
[2020.12.04-20.53.58:567][735]LogUObjectHash: Compacting FUObjectHashTables data took   3.24ms
[2020.12.04-20.54.05:021][190]LogAssetEditorSubsystem: Opening Asset editor for Blueprint /Game/Core/Characters/CH_Npc.CH_Npc
[2020.12.04-20.54.09:613][378]LogRenderer: Reallocating scene render targets to support 916x544 Format 10 NumSamples 1 (Frame:1).
[2020.12.04-20.55.06:594][ 90]BlueprintLog: New page: Compile CH_Npc
[2020.12.04-20.55.06:660][ 90]LogUObjectHash: Compacting FUObjectHashTables data took   2.16ms
[2020.12.04-20.55.06:708][ 90]LogSlate: Took 0.010813 seconds to synchronously load lazily loaded font '../../../Engine/Content/Slate/Fonts/DroidSansMono.ttf' (77K)
[2020.12.04-20.55.07:634][143]LogSlate: Window 'CH_Npc' being destroyed
[2020.12.04-20.55.07:643][143]LogSlate: Window 'CH_Npc' being destroyed
[2020.12.04-20.55.07:656][143]LogWorld: UWorld::CleanupWorld for World_3, bSessionEnded=true, bCleanupResources=true
[2020.12.04-20.55.07:656][143]LogSlate: InvalidateAllWidgets triggered.  All widgets were invalidated
[2020.12.04-20.55.14:383][681]LogUObjectHash: Compacting FUObjectHashTables data took   2.27ms
[2020.12.04-20.55.14:387][681]LogMetaData: Removing '/Game/Core/Characters/CH_NpcBase.SKEL_CH_NpcBase_C' ref from Metadata '/Game/Core/Characters/CH_Npc.PackageMetaData'
[2020.12.04-20.55.14:387][681]LogMetaData: Removing '/Game/Core/Characters/CH_NpcBase.CH_NpcBase_C' ref from Metadata '/Game/Core/Characters/CH_Npc.PackageMetaData'
[2020.12.04-20.55.14:425][681]Cmd: OBJ SAVEPACKAGE PACKAGE="/Game/Core/Characters/CH_NpcBase" FILE="../../../../../../Users/vadim/OneDrive/Рабочий стол/HSE/Курс3/UE4/Collapse/Content/Core/Characters/CH_NpcBase.uasset" SILENT=true
[2020.12.04-20.55.14:450][681]LogSavePackage: Moving '../../../../../../Users/vadim/OneDrive/Рабочий стол/HSE/Курс3/UE4/Collapse/Saved/CH_NpcBaseA2EE9201408C637F104A0F97825F690C.tmp' to '../../../../../../Users/vadim/OneDrive/Рабочий стол/HSE/Курс3/UE4/Collapse/Content/Core/Characters/CH_NpcBase.uasset'
[2020.12.04-20.55.14:747][681]LogUObjectHash: Compacting FUObjectHashTables data took   2.10ms
[2020.12.04-20.55.14:779][681]LogUObjectHash: Compacting FUObjectHashTables data took   1.44ms
[2020.12.04-20.55.14:799][681]LogUObjectHash: Compacting FUObjectHashTables data took   0.51ms
[2020.12.04-20.55.14:849][681]AssetCheck: New page: Asset Save: CH_NpcBase
[2020.12.04-20.55.14:849][681]LogContentValidation: Display: Validating Blueprint /Game/Core/Characters/CH_NpcBase.CH_NpcBase
[2020.12.04-20.55.24:001][434]LogUObjectHash: Compacting FUObjectHashTables data took   2.38ms
[2020.12.04-20.55.26:859][434]LogSlate: Window 'Delete Assets' being destroyed
[2020.12.04-20.55.27:738][489]LogAssetEditorSubsystem: Opening Asset editor for Blueprint /Game/Characters/Npc/CH_Npc.CH_Npc
[2020.12.04-20.56.17:905][592]LogAssetEditorSubsystem: Opening Asset editor for Blueprint /Game/Core/Characters/CH_NpcBase.CH_NpcBase
[2020.12.04-20.57.48:958][904]BlueprintLog: New page: Compile CH_NpcBase
[2020.12.04-20.57.49:012][904]LogUObjectHash: Compacting FUObjectHashTables data took   2.65ms
[2020.12.04-20.57.59:987][397]LogSlate: Prevented a slow task dialog from being summoned while a context menu was open
[2020.12.04-20.58.03:735][622]LogBlueprint: Warning: Reparenting blueprint Blueprint /Game/Characters/Npc/CH_Npc.CH_Npc from CH_Base_C to CH_NpcBase_C...
[2020.12.04-20.58.03:760][622]BlueprintLog: New page: Compile CH_Npc
[2020.12.04-20.58.03:872][622]LogUObjectHash: Compacting FUObjectHashTables data took   2.45ms
[2020.12.04-20.58.22:510][488]BlueprintLog: New page: Compile CH_Npc
[2020.12.04-20.58.22:588][488]LogUObjectHash: Compacting FUObjectHashTables data took   2.24ms
[2020.12.04-20.59.04:975][816]LogSlate: Window 'CH_NpcBase' being destroyed
[2020.12.04-20.59.04:983][816]LogSlate: Window 'CH_NpcBase' being destroyed
[2020.12.04-20.59.05:025][816]LogWorld: UWorld::CleanupWorld for World_5, bSessionEnded=true, bCleanupResources=true
[2020.12.04-20.59.05:026][816]LogSlate: InvalidateAllWidgets triggered.  All widgets were invalidated
[2020.12.04-20.59.05:128][816]LogActorComponent: UnregisterComponent: (/Engine/Transient.EditorFloorComp) Not registered. Aborting.
[2020.12.04-20.59.05:128][816]LogWorld: UWorld::CleanupWorld for World_6, bSessionEnded=true, bCleanupResources=true
[2020.12.04-20.59.05:128][816]LogSlate: InvalidateAllWidgets triggered.  All widgets were invalidated
[2020.12.04-20.59.38:479][719]LogTemp: Repeating last play command: Selected Viewport
[2020.12.04-20.59.38:517][719]LogPlayLevel: PlayLevel: No blueprints needed recompiling
[2020.12.04-20.59.38:543][719]PIE: New page: PIE session: NewMap (5 дек. 2020 г., 06:59:38)
[2020.12.04-20.59.38:544][719]LogOnline: OSS: Creating online subsystem instance for: NULL
[2020.12.04-20.59.38:546][719]LogOnline: OSS: TryLoadSubsystemAndSetDefault: Loaded subsystem for module [NULL]
[2020.12.04-20.59.38:546][719]LogPlayLevel: Creating play world package: /Game/Maps/UEDPIE_0_NewMap
[2020.12.04-20.59.38:551][719]LogPlayLevel: PIE: StaticDuplicateObject took: (0.004885s)
[2020.12.04-20.59.38:552][719]LogAIModule: Creating AISystem for world NewMap
[2020.12.04-20.59.38:552][719]LogAISub: UAISubsystem::UAISubsystem EnvQueryManager (0000016B8E97B000), frame # 35719
[2020.12.04-20.59.38:553][719]LogAISub: UAISubsystem::UAISubsystem AIPerceptionSystem (0000016B682FA700), frame # 35719
[2020.12.04-20.59.38:553][719]LogPlayLevel: PIE: World Init took: (0.001968s)
[2020.12.04-20.59.38:553][719]LogPlayLevel: PIE: Created PIE world by copying editor world from /Game/Maps/NewMap.NewMap to /Game/Maps/UEDPIE_0_NewMap.NewMap (0.007033s)
[2020.12.04-20.59.38:577][719]LogUObjectHash: Compacting FUObjectHashTables data took   2.95ms
[2020.12.04-20.59.38:582][719]LogAudioMixer: Display: Audio Mixer Platform Settings:
[2020.12.04-20.59.38:582][719]LogAudioMixer: Display: 	Sample Rate:						  48000
[2020.12.04-20.59.38:582][719]LogAudioMixer: Display: 	Callback Buffer Frame Size Requested: 1024
[2020.12.04-20.59.38:582][719]LogAudioMixer: Display: 	Callback Buffer Frame Size To Use:	  1024
[2020.12.04-20.59.38:582][719]LogAudioMixer: Display: 	Number of buffers to queue:			  2
[2020.12.04-20.59.38:582][719]LogAudioMixer: Display: 	Max Channels (voices):				  32
[2020.12.04-20.59.38:582][719]LogAudioMixer: Display: 	Number of Async Source Workers:		  0
[2020.12.04-20.59.38:582][719]LogAudio: Display: AudioDevice MaxSources: 32
[2020.12.04-20.59.38:582][719]LogAudio: Display: Using built-in audio occlusion.
[2020.12.04-20.59.38:582][719]LogAudioMixer: Display: Initializing audio mixer.
[2020.12.04-20.59.38:590][719]LogAudioMixer: Display: 0: FrontLeft
[2020.12.04-20.59.38:590][719]LogAudioMixer: Display: 1: FrontRight
[2020.12.04-20.59.38:615][719]LogAudioMixer: Display: Using Audio Device Headphones (BT-02 Stereo)
[2020.12.04-20.59.38:616][719]LogAudioMixer: Display: Initializing Sound Submixes...
[2020.12.04-20.59.38:616][719]LogAudioMixer: Display: Creating Master Submix 'MasterSubmixDefault'
[2020.12.04-20.59.38:616][719]LogAudioMixer: Display: Creating Master Submix 'MasterReverbSubmixDefault'
[2020.12.04-20.59.38:616][719]LogAudioMixer: Display: Creating Master Submix 'MasterEQSubmixDefault'
[2020.12.04-20.59.38:617][719]LogInit: FAudioDevice initialized.
[2020.12.04-20.59.38:638][719]LogLoad: Game class is 'GameModeBase'
[2020.12.04-20.59.38:643][719]LogWorld: Bringing World /Game/Maps/UEDPIE_0_NewMap.NewMap up for play (max tick rate 0) at 2020.12.05-01.59.38
[2020.12.04-20.59.38:647][719]LogWorld: Bringing up level for play took: 0.008201
[2020.12.04-20.59.38:648][719]LogOnline: OSS: Creating online subsystem instance for: :Context_8
[2020.12.04-20.59.38:653][719]LogContentBrowser: Native class hierarchy updated for 'MovieSceneCapture' in 0.0003 seconds. Added 20 classes and 0 folders.
[2020.12.04-20.59.38:658][719]PIE: Server logged in
[2020.12.04-20.59.38:659][719]PIE: Play in editor total start time 0,147 seconds.
[2020.12.04-20.59.41:255][893]LogScript: Warning: Attempted to access CH_Npc_2 via property Character, but CH_Npc_2 is pending kill
	CH_Npc_C /Game/Maps/UEDPIE_0_NewMap.NewMap:PersistentLevel.CH_Npc7
	Function /Game/Core/Characters/CH_Base.CH_Base_C:IsEnemy:0028
[2020.12.04-20.59.41:255][893]PIE: Error: Blueprint Runtime Error: "Attempted to access CH_Npc_2 via property Character, but CH_Npc_2 is pending kill". Blueprint:  CH_Base Function:  Is Enemy Graph:  IsEnemy Node:  Return Node
[2020.12.04-20.59.41:256][893]LogScript: Warning: Attempted to access CH_Npc_2 via property Character, but CH_Npc_2 is pending kill
	CH_Npc_C /Game/Maps/UEDPIE_0_NewMap.NewMap:PersistentLevel.CH_Npc8
	Function /Game/Core/Characters/CH_Base.CH_Base_C:IsEnemy:0028
[2020.12.04-20.59.41:256][893]PIE: Error: Blueprint Runtime Error: "Attempted to access CH_Npc_2 via property Character, but CH_Npc_2 is pending kill". Blueprint:  CH_Base Function:  Is Enemy Graph:  IsEnemy Node:  Return Node
[2020.12.04-20.59.49:670][581]LogScript: Warning: Attempted to access CH_Npc8 via property Character, but CH_Npc8 is pending kill
	CH_Npc_C /Game/Maps/UEDPIE_0_NewMap.NewMap:PersistentLevel.CH_Npc3
	Function /Game/Core/Characters/CH_Base.CH_Base_C:IsEnemy:0028
[2020.12.04-20.59.49:670][581]PIE: Error: Blueprint Runtime Error: "Attempted to access CH_Npc8 via property Character, but CH_Npc8 is pending kill". Blueprint:  CH_Base Function:  Is Enemy Graph:  IsEnemy Node:  Return Node
[2020.12.04-20.59.49:670][581]LogScript: Warning: Attempted to access CH_Npc8 via property Character, but CH_Npc8 is pending kill
	CH_Npc_C /Game/Maps/UEDPIE_0_NewMap.NewMap:PersistentLevel.CH_Npc5
	Function /Game/Core/Characters/CH_Base.CH_Base_C:IsEnemy:0028
[2020.12.04-20.59.49:670][581]PIE: Error: Blueprint Runtime Error: "Attempted to access CH_Npc8 via property Character, but CH_Npc8 is pending kill". Blueprint:  CH_Base Function:  Is Enemy Graph:  IsEnemy Node:  Return Node
[2020.12.04-20.59.50:219][621]LogScript: Warning: Attempted to access CH_Npc3 via property Character, but CH_Npc3 is pending kill
	CH_Npc_C /Game/Maps/UEDPIE_0_NewMap.NewMap:PersistentLevel.CH_Npc5
	Function /Game/Core/Characters/CH_Base.CH_Base_C:IsEnemy:0028
[2020.12.04-20.59.50:219][621]PIE: Error: Blueprint Runtime Error: "Attempted to access CH_Npc3 via property Character, but CH_Npc3 is pending kill". Blueprint:  CH_Base Function:  Is Enemy Graph:  IsEnemy Node:  Return Node
[2020.12.04-20.59.54:176][945]LogSlate: Updating window title bar state: overlay mode, drag disabled, window buttons hidden, title bar hidden
[2020.12.04-20.59.54:176][945]LogWorld: BeginTearingDown for /Game/Maps/UEDPIE_0_NewMap
[2020.12.04-20.59.54:176][945]LogWorld: UWorld::CleanupWorld for NewMap, bSessionEnded=true, bCleanupResources=true
[2020.12.04-20.59.54:177][945]LogSlate: InvalidateAllWidgets triggered.  All widgets were invalidated
[2020.12.04-20.59.54:183][945]LogPlayLevel: Display: Shutting down PIE online subsystems
[2020.12.04-20.59.54:188][945]LogSlate: InvalidateAllWidgets triggered.  All widgets were invalidated
[2020.12.04-20.59.54:234][945]LogSlate: Updating window title bar state: overlay mode, drag disabled, window buttons hidden, title bar hidden
[2020.12.04-20.59.54:248][945]LogAISub: UAISubsystem::~UAISubsystem AIPerceptionSystem (0000016B682FA700), frame # 36945
[2020.12.04-20.59.54:248][945]LogAISub: UAISubsystem::~UAISubsystem EnvQueryManager (0000016B8E97B000), frame # 36945
[2020.12.04-20.59.54:287][945]LogUObjectHash: Compacting FUObjectHashTables data took   3.73ms
[2020.12.04-20.59.54:470][946]LogPlayLevel: Display: Destroying online subsystem :Context_8
[2020.12.04-21.00.19:903][231]LogSlate: Window 'Message Log' being destroyed
[2020.12.04-21.00.19:912][231]LogSlate: Window 'Message Log' being destroyed
